ERROR - 2025-11-19 06:28:12 --> mysqli_sql_exception: Column count doesn't match value count at row 1 in C:\xampp\htdocs\WebSystemITE-G9\system\Database\MySQLi\Connection.php:327
Stack trace:
#0 C:\xampp\htdocs\WebSystemITE-G9\system\Database\MySQLi\Connection.php(327): mysqli->query('INSERT INTO `ph...', 0)
#1 C:\xampp\htdocs\WebSystemITE-G9\system\Database\BaseConnection.php(729): CodeIgniter\Database\MySQLi\Connection->execute('INSERT INTO `ph...')
#2 C:\xampp\htdocs\WebSystemITE-G9\system\Database\BaseConnection.php(646): CodeIgniter\Database\BaseConnection->simpleQuery('INSERT INTO `ph...')
#3 C:\xampp\htdocs\WebSystemITE-G9\system\Database\BaseBuilder.php(1841): CodeIgniter\Database\BaseConnection->query('INSERT INTO `ph...', NULL, false)
#4 C:\xampp\htdocs\WebSystemITE-G9\system\Database\BaseBuilder.php(2230): CodeIgniter\Database\BaseBuilder->batchExecute('_insertBatch', 100)
#5 C:\xampp\htdocs\WebSystemITE-G9\app\Database\Seeds\PhilHealthCaseRatesSeeder.php(390): CodeIgniter\Database\BaseBuilder->insertBatch(Array)
#6 C:\xampp\htdocs\WebSystemITE-G9\system\Database\Seeder.php(149): App\Database\Seeds\PhilHealthCaseRatesSeeder->run()
#7 C:\xampp\htdocs\WebSystemITE-G9\system\Commands\Database\Seed.php(79): CodeIgniter\Database\Seeder->call('App\\Database\\Se...')
#8 C:\xampp\htdocs\WebSystemITE-G9\system\CLI\Commands.php(74): CodeIgniter\Commands\Database\Seed->run(Array)
#9 C:\xampp\htdocs\WebSystemITE-G9\system\CLI\Console.php(47): CodeIgniter\CLI\Commands->run('db:seed', Array)
#10 C:\xampp\htdocs\WebSystemITE-G9\system\Boot.php(388): CodeIgniter\CLI\Console->run()
#11 C:\xampp\htdocs\WebSystemITE-G9\system\Boot.php(133): CodeIgniter\Boot::runCommand(Object(CodeIgniter\CLI\Console))
#12 C:\xampp\htdocs\WebSystemITE-G9\spark(87): CodeIgniter\Boot::bootSpark(Object(Config\Paths))
#13 {main}
ERROR - 2025-11-19 06:29:58 --> mysqli_sql_exception: Column count doesn't match value count at row 1 in C:\xampp\htdocs\WebSystemITE-G9\system\Database\MySQLi\Connection.php:327
Stack trace:
#0 C:\xampp\htdocs\WebSystemITE-G9\system\Database\MySQLi\Connection.php(327): mysqli->query('INSERT INTO `ph...', 0)
#1 C:\xampp\htdocs\WebSystemITE-G9\system\Database\BaseConnection.php(729): CodeIgniter\Database\MySQLi\Connection->execute('INSERT INTO `ph...')
#2 C:\xampp\htdocs\WebSystemITE-G9\system\Database\BaseConnection.php(646): CodeIgniter\Database\BaseConnection->simpleQuery('INSERT INTO `ph...')
#3 C:\xampp\htdocs\WebSystemITE-G9\system\Database\BaseBuilder.php(1841): CodeIgniter\Database\BaseConnection->query('INSERT INTO `ph...', NULL, false)
#4 C:\xampp\htdocs\WebSystemITE-G9\system\Database\BaseBuilder.php(2230): CodeIgniter\Database\BaseBuilder->batchExecute('_insertBatch', 100)
#5 C:\xampp\htdocs\WebSystemITE-G9\app\Database\Seeds\PhilHealthCaseRatesSeeder.php(390): CodeIgniter\Database\BaseBuilder->insertBatch(Array)
#6 C:\xampp\htdocs\WebSystemITE-G9\system\Database\Seeder.php(149): App\Database\Seeds\PhilHealthCaseRatesSeeder->run()
#7 C:\xampp\htdocs\WebSystemITE-G9\system\Commands\Database\Seed.php(79): CodeIgniter\Database\Seeder->call('App\\Database\\Se...')
#8 C:\xampp\htdocs\WebSystemITE-G9\system\CLI\Commands.php(74): CodeIgniter\Commands\Database\Seed->run(Array)
#9 C:\xampp\htdocs\WebSystemITE-G9\system\CLI\Console.php(47): CodeIgniter\CLI\Commands->run('db:seed', Array)
#10 C:\xampp\htdocs\WebSystemITE-G9\system\Boot.php(388): CodeIgniter\CLI\Console->run()
#11 C:\xampp\htdocs\WebSystemITE-G9\system\Boot.php(133): CodeIgniter\Boot::runCommand(Object(CodeIgniter\CLI\Console))
#12 C:\xampp\htdocs\WebSystemITE-G9\spark(87): CodeIgniter\Boot::bootSpark(Object(Config\Paths))
#13 {main}
ERROR - 2025-11-19 06:38:37 --> mysqli_sql_exception: Column count doesn't match value count at row 1 in C:\xampp\htdocs\WebSystemITE-G9\system\Database\MySQLi\Connection.php:327
Stack trace:
#0 C:\xampp\htdocs\WebSystemITE-G9\system\Database\MySQLi\Connection.php(327): mysqli->query('INSERT INTO `ph...', 0)
#1 C:\xampp\htdocs\WebSystemITE-G9\system\Database\BaseConnection.php(729): CodeIgniter\Database\MySQLi\Connection->execute('INSERT INTO `ph...')
#2 C:\xampp\htdocs\WebSystemITE-G9\system\Database\BaseConnection.php(646): CodeIgniter\Database\BaseConnection->simpleQuery('INSERT INTO `ph...')
#3 C:\xampp\htdocs\WebSystemITE-G9\system\Database\BaseBuilder.php(1841): CodeIgniter\Database\BaseConnection->query('INSERT INTO `ph...', NULL, false)
#4 C:\xampp\htdocs\WebSystemITE-G9\system\Database\BaseBuilder.php(2230): CodeIgniter\Database\BaseBuilder->batchExecute('_insertBatch', 100)
#5 C:\xampp\htdocs\WebSystemITE-G9\app\Database\Seeds\PhilHealthCaseRatesSeeder.php(390): CodeIgniter\Database\BaseBuilder->insertBatch(Array)
#6 C:\xampp\htdocs\WebSystemITE-G9\system\Database\Seeder.php(149): App\Database\Seeds\PhilHealthCaseRatesSeeder->run()
#7 C:\xampp\htdocs\WebSystemITE-G9\system\Commands\Database\Seed.php(79): CodeIgniter\Database\Seeder->call('App\\Database\\Se...')
#8 C:\xampp\htdocs\WebSystemITE-G9\system\CLI\Commands.php(74): CodeIgniter\Commands\Database\Seed->run(Array)
#9 C:\xampp\htdocs\WebSystemITE-G9\system\CLI\Console.php(47): CodeIgniter\CLI\Commands->run('db:seed', Array)
#10 C:\xampp\htdocs\WebSystemITE-G9\system\Boot.php(388): CodeIgniter\CLI\Console->run()
#11 C:\xampp\htdocs\WebSystemITE-G9\system\Boot.php(133): CodeIgniter\Boot::runCommand(Object(CodeIgniter\CLI\Console))
#12 C:\xampp\htdocs\WebSystemITE-G9\spark(87): CodeIgniter\Boot::bootSpark(Object(Config\Paths))
#13 {main}
ERROR - 2025-11-19 13:39:22 --> mysqli_sql_exception: Unknown column 'image' in 'field list' in C:\xampp\htdocs\WebSystemITE-G9\system\Database\MySQLi\Connection.php:327
Stack trace:
#0 C:\xampp\htdocs\WebSystemITE-G9\system\Database\MySQLi\Connection.php(327): mysqli->query('SELECT `id`, `n...', 0)
#1 C:\xampp\htdocs\WebSystemITE-G9\system\Database\BaseConnection.php(729): CodeIgniter\Database\MySQLi\Connection->execute('SELECT `id`, `n...')
#2 C:\xampp\htdocs\WebSystemITE-G9\system\Database\BaseConnection.php(646): CodeIgniter\Database\BaseConnection->simpleQuery('SELECT `id`, `n...')
#3 C:\xampp\htdocs\WebSystemITE-G9\system\Database\BaseBuilder.php(1649): CodeIgniter\Database\BaseConnection->query('SELECT `id`, `n...', Array, false)
#4 C:\xampp\htdocs\WebSystemITE-G9\app\Controllers\Pharmacy.php(316): CodeIgniter\Database\BaseBuilder->get()
#5 C:\xampp\htdocs\WebSystemITE-G9\system\CodeIgniter.php(933): App\Controllers\Pharmacy->getMedications()
#6 C:\xampp\htdocs\WebSystemITE-G9\system\CodeIgniter.php(507): CodeIgniter\CodeIgniter->runController(Object(App\Controllers\Pharmacy))
#7 C:\xampp\htdocs\WebSystemITE-G9\system\CodeIgniter.php(354): CodeIgniter\CodeIgniter->handleRequest(NULL, Object(Config\Cache), false)
#8 C:\xampp\htdocs\WebSystemITE-G9\system\Boot.php(363): CodeIgniter\CodeIgniter->run()
#9 C:\xampp\htdocs\WebSystemITE-G9\system\Boot.php(68): CodeIgniter\Boot::runCodeIgniter(Object(CodeIgniter\CodeIgniter))
#10 C:\xampp\htdocs\WebSystemITE-G9\public\index.php(59): CodeIgniter\Boot::bootWeb(Object(Config\Paths))
#11 {main}
CRITICAL - 2025-11-19 13:39:22 --> CodeIgniter\Database\Exceptions\DatabaseException: Unknown column 'image' in 'field list'
[Method: GET, Route: api/pharmacy/medications]
in SYSTEMPATH\Database\BaseConnection.php on line 684.
 1 SYSTEMPATH\Database\BaseBuilder.php(1649): CodeIgniter\Database\BaseConnection->query('SELECT `id`, `name`, `brand`, `price`, `stock`, `expiry_date`, `image`
FROM `medicines`
WHERE   (
`expiry_date` > :expiry_date:
OR expiry_date IS NULL
 )
ORDER BY `id` DESC
 LIMIT 50', [...], false)
 2 APPPATH\Controllers\Pharmacy.php(316): CodeIgniter\Database\BaseBuilder->get()
 3 SYSTEMPATH\CodeIgniter.php(933): App\Controllers\Pharmacy->getMedications()
 4 SYSTEMPATH\CodeIgniter.php(507): CodeIgniter\CodeIgniter->runController(Object(App\Controllers\Pharmacy))
 5 SYSTEMPATH\CodeIgniter.php(354): CodeIgniter\CodeIgniter->handleRequest(null, Object(Config\Cache), false)
 6 SYSTEMPATH\Boot.php(363): CodeIgniter\CodeIgniter->run()
 7 SYSTEMPATH\Boot.php(68): CodeIgniter\Boot::runCodeIgniter(Object(CodeIgniter\CodeIgniter))
 8 FCPATH\index.php(59): CodeIgniter\Boot::bootWeb(Object(Config\Paths))
CRITICAL - 2025-11-19 13:39:22 --> [Caused by] CodeIgniter\Database\Exceptions\DatabaseException: Unknown column 'image' in 'field list'
in SYSTEMPATH\Database\MySQLi\Connection.php on line 332.
 1 SYSTEMPATH\Database\BaseConnection.php(729): CodeIgniter\Database\MySQLi\Connection->execute('SELECT `id`, `name`, `brand`, `price`, `stock`, `expiry_date`, `image`
FROM `medicines`
WHERE   (
`expiry_date` > \'2025-12-19\'
OR expiry_date IS NULL
 )
ORDER BY `id` DESC
 LIMIT 50')
 2 SYSTEMPATH\Database\BaseConnection.php(646): CodeIgniter\Database\BaseConnection->simpleQuery('SELECT `id`, `name`, `brand`, `price`, `stock`, `expiry_date`, `image`
FROM `medicines`
WHERE   (
`expiry_date` > \'2025-12-19\'
OR expiry_date IS NULL
 )
ORDER BY `id` DESC
 LIMIT 50')
 3 SYSTEMPATH\Database\BaseBuilder.php(1649): CodeIgniter\Database\BaseConnection->query('SELECT `id`, `name`, `brand`, `price`, `stock`, `expiry_date`, `image`
FROM `medicines`
WHERE   (
`expiry_date` > :expiry_date:
OR expiry_date IS NULL
 )
ORDER BY `id` DESC
 LIMIT 50', [...], false)
 4 APPPATH\Controllers\Pharmacy.php(316): CodeIgniter\Database\BaseBuilder->get()
 5 SYSTEMPATH\CodeIgniter.php(933): App\Controllers\Pharmacy->getMedications()
 6 SYSTEMPATH\CodeIgniter.php(507): CodeIgniter\CodeIgniter->runController(Object(App\Controllers\Pharmacy))
 7 SYSTEMPATH\CodeIgniter.php(354): CodeIgniter\CodeIgniter->handleRequest(null, Object(Config\Cache), false)
 8 SYSTEMPATH\Boot.php(363): CodeIgniter\CodeIgniter->run()
 9 SYSTEMPATH\Boot.php(68): CodeIgniter\Boot::runCodeIgniter(Object(CodeIgniter\CodeIgniter))
10 FCPATH\index.php(59): CodeIgniter\Boot::bootWeb(Object(Config\Paths))
CRITICAL - 2025-11-19 13:39:22 --> [Caused by] mysqli_sql_exception: Unknown column 'image' in 'field list'
in SYSTEMPATH\Database\MySQLi\Connection.php on line 327.
 1 SYSTEMPATH\Database\MySQLi\Connection.php(327): mysqli->query('SELECT `id`, `name`, `brand`, `price`, `stock`, `expiry_date`, `image`
FROM `medicines`
WHERE   (
`expiry_date` > \'2025-12-19\'
OR expiry_date IS NULL
 )
ORDER BY `id` DESC
 LIMIT 50', 0)
 2 SYSTEMPATH\Database\BaseConnection.php(729): CodeIgniter\Database\MySQLi\Connection->execute('SELECT `id`, `name`, `brand`, `price`, `stock`, `expiry_date`, `image`
FROM `medicines`
WHERE   (
`expiry_date` > \'2025-12-19\'
OR expiry_date IS NULL
 )
ORDER BY `id` DESC
 LIMIT 50')
 3 SYSTEMPATH\Database\BaseConnection.php(646): CodeIgniter\Database\BaseConnection->simpleQuery('SELECT `id`, `name`, `brand`, `price`, `stock`, `expiry_date`, `image`
FROM `medicines`
WHERE   (
`expiry_date` > \'2025-12-19\'
OR expiry_date IS NULL
 )
ORDER BY `id` DESC
 LIMIT 50')
 4 SYSTEMPATH\Database\BaseBuilder.php(1649): CodeIgniter\Database\BaseConnection->query('SELECT `id`, `name`, `brand`, `price`, `stock`, `expiry_date`, `image`
FROM `medicines`
WHERE   (
`expiry_date` > :expiry_date:
OR expiry_date IS NULL
 )
ORDER BY `id` DESC
 LIMIT 50', [...], false)
 5 APPPATH\Controllers\Pharmacy.php(316): CodeIgniter\Database\BaseBuilder->get()
 6 SYSTEMPATH\CodeIgniter.php(933): App\Controllers\Pharmacy->getMedications()
 7 SYSTEMPATH\CodeIgniter.php(507): CodeIgniter\CodeIgniter->runController(Object(App\Controllers\Pharmacy))
 8 SYSTEMPATH\CodeIgniter.php(354): CodeIgniter\CodeIgniter->handleRequest(null, Object(Config\Cache), false)
 9 SYSTEMPATH\Boot.php(363): CodeIgniter\CodeIgniter->run()
10 SYSTEMPATH\Boot.php(68): CodeIgniter\Boot::runCodeIgniter(Object(CodeIgniter\CodeIgniter))
11 FCPATH\index.php(59): CodeIgniter\Boot::bootWeb(Object(Config\Paths))
ERROR - 2025-11-19 13:41:39 --> mysqli_sql_exception: Unknown column 'image' in 'field list' in C:\xampp\htdocs\WebSystemITE-G9\system\Database\MySQLi\Connection.php:327
Stack trace:
#0 C:\xampp\htdocs\WebSystemITE-G9\system\Database\MySQLi\Connection.php(327): mysqli->query('INSERT INTO `me...', 0)
#1 C:\xampp\htdocs\WebSystemITE-G9\system\Database\BaseConnection.php(729): CodeIgniter\Database\MySQLi\Connection->execute('INSERT INTO `me...')
#2 C:\xampp\htdocs\WebSystemITE-G9\system\Database\BaseConnection.php(646): CodeIgniter\Database\BaseConnection->simpleQuery('INSERT INTO `me...')
#3 C:\xampp\htdocs\WebSystemITE-G9\system\Database\BaseBuilder.php(2345): CodeIgniter\Database\BaseConnection->query('INSERT INTO `me...', Array, false)
#4 C:\xampp\htdocs\WebSystemITE-G9\system\Model.php(394): CodeIgniter\Database\BaseBuilder->insert()
#5 C:\xampp\htdocs\WebSystemITE-G9\system\BaseModel.php(838): CodeIgniter\Model->doInsert(Array)
#6 C:\xampp\htdocs\WebSystemITE-G9\system\Model.php(797): CodeIgniter\BaseModel->insert(Array, true)
#7 C:\xampp\htdocs\WebSystemITE-G9\app\Controllers\Medicine.php(101): CodeIgniter\Model->insert(Array)
#8 C:\xampp\htdocs\WebSystemITE-G9\system\CodeIgniter.php(933): App\Controllers\Medicine->store()
#9 C:\xampp\htdocs\WebSystemITE-G9\system\CodeIgniter.php(507): CodeIgniter\CodeIgniter->runController(Object(App\Controllers\Medicine))
#10 C:\xampp\htdocs\WebSystemITE-G9\system\CodeIgniter.php(354): CodeIgniter\CodeIgniter->handleRequest(NULL, Object(Config\Cache), false)
#11 C:\xampp\htdocs\WebSystemITE-G9\system\Boot.php(363): CodeIgniter\CodeIgniter->run()
#12 C:\xampp\htdocs\WebSystemITE-G9\system\Boot.php(68): CodeIgniter\Boot::runCodeIgniter(Object(CodeIgniter\CodeIgniter))
#13 C:\xampp\htdocs\WebSystemITE-G9\public\index.php(59): CodeIgniter\Boot::bootWeb(Object(Config\Paths))
#14 {main}
CRITICAL - 2025-11-19 13:41:39 --> CodeIgniter\Database\Exceptions\DatabaseException: Unknown column 'image' in 'field list'
[Method: POST, Route: medicines/store]
in SYSTEMPATH\Database\BaseConnection.php on line 684.
 1 SYSTEMPATH\Database\BaseBuilder.php(2345): CodeIgniter\Database\BaseConnection->query('INSERT INTO `medicines` (`name`, `brand`, `category`, `stock`, `price`, `expiry_date`, `image`, `id`) VALUES (:name:, :brand:, :category:, :stock:, :price:, :expiry_date:, :image:, :id:)', [...], false)
 2 SYSTEMPATH\Model.php(394): CodeIgniter\Database\BaseBuilder->insert()
 3 SYSTEMPATH\BaseModel.php(838): CodeIgniter\Model->doInsert([...])
 4 SYSTEMPATH\Model.php(797): CodeIgniter\BaseModel->insert([...], true)
 5 APPPATH\Controllers\Medicine.php(101): CodeIgniter\Model->insert([...])
 6 SYSTEMPATH\CodeIgniter.php(933): App\Controllers\Medicine->store()
 7 SYSTEMPATH\CodeIgniter.php(507): CodeIgniter\CodeIgniter->runController(Object(App\Controllers\Medicine))
 8 SYSTEMPATH\CodeIgniter.php(354): CodeIgniter\CodeIgniter->handleRequest(null, Object(Config\Cache), false)
 9 SYSTEMPATH\Boot.php(363): CodeIgniter\CodeIgniter->run()
10 SYSTEMPATH\Boot.php(68): CodeIgniter\Boot::runCodeIgniter(Object(CodeIgniter\CodeIgniter))
11 FCPATH\index.php(59): CodeIgniter\Boot::bootWeb(Object(Config\Paths))
CRITICAL - 2025-11-19 13:41:39 --> [Caused by] CodeIgniter\Database\Exceptions\DatabaseException: Unknown column 'image' in 'field list'
in SYSTEMPATH\Database\MySQLi\Connection.php on line 332.
 1 SYSTEMPATH\Database\BaseConnection.php(729): CodeIgniter\Database\MySQLi\Connection->execute('INSERT INTO `medicines` (`name`, `brand`, `category`, `stock`, `price`, `expiry_date`, `image`, `id`) VALUES (\'Amoxicillin 500mg\', \'Amoxil\', \'Pain Relief\', 2, 23, \'2027-08-19\', \'1763559699_2d7db9f9f10fdf05c16d.png\', \'MED-001\')')
 2 SYSTEMPATH\Database\BaseConnection.php(646): CodeIgniter\Database\BaseConnection->simpleQuery('INSERT INTO `medicines` (`name`, `brand`, `category`, `stock`, `price`, `expiry_date`, `image`, `id`) VALUES (\'Amoxicillin 500mg\', \'Amoxil\', \'Pain Relief\', 2, 23, \'2027-08-19\', \'1763559699_2d7db9f9f10fdf05c16d.png\', \'MED-001\')')
 3 SYSTEMPATH\Database\BaseBuilder.php(2345): CodeIgniter\Database\BaseConnection->query('INSERT INTO `medicines` (`name`, `brand`, `category`, `stock`, `price`, `expiry_date`, `image`, `id`) VALUES (:name:, :brand:, :category:, :stock:, :price:, :expiry_date:, :image:, :id:)', [...], false)
 4 SYSTEMPATH\Model.php(394): CodeIgniter\Database\BaseBuilder->insert()
 5 SYSTEMPATH\BaseModel.php(838): CodeIgniter\Model->doInsert([...])
 6 SYSTEMPATH\Model.php(797): CodeIgniter\BaseModel->insert([...], true)
 7 APPPATH\Controllers\Medicine.php(101): CodeIgniter\Model->insert([...])
 8 SYSTEMPATH\CodeIgniter.php(933): App\Controllers\Medicine->store()
 9 SYSTEMPATH\CodeIgniter.php(507): CodeIgniter\CodeIgniter->runController(Object(App\Controllers\Medicine))
10 SYSTEMPATH\CodeIgniter.php(354): CodeIgniter\CodeIgniter->handleRequest(null, Object(Config\Cache), false)
11 SYSTEMPATH\Boot.php(363): CodeIgniter\CodeIgniter->run()
12 SYSTEMPATH\Boot.php(68): CodeIgniter\Boot::runCodeIgniter(Object(CodeIgniter\CodeIgniter))
13 FCPATH\index.php(59): CodeIgniter\Boot::bootWeb(Object(Config\Paths))
CRITICAL - 2025-11-19 13:41:39 --> [Caused by] mysqli_sql_exception: Unknown column 'image' in 'field list'
in SYSTEMPATH\Database\MySQLi\Connection.php on line 327.
 1 SYSTEMPATH\Database\MySQLi\Connection.php(327): mysqli->query('INSERT INTO `medicines` (`name`, `brand`, `category`, `stock`, `price`, `expiry_date`, `image`, `id`) VALUES (\'Amoxicillin 500mg\', \'Amoxil\', \'Pain Relief\', 2, 23, \'2027-08-19\', \'1763559699_2d7db9f9f10fdf05c16d.png\', \'MED-001\')', 0)
 2 SYSTEMPATH\Database\BaseConnection.php(729): CodeIgniter\Database\MySQLi\Connection->execute('INSERT INTO `medicines` (`name`, `brand`, `category`, `stock`, `price`, `expiry_date`, `image`, `id`) VALUES (\'Amoxicillin 500mg\', \'Amoxil\', \'Pain Relief\', 2, 23, \'2027-08-19\', \'1763559699_2d7db9f9f10fdf05c16d.png\', \'MED-001\')')
 3 SYSTEMPATH\Database\BaseConnection.php(646): CodeIgniter\Database\BaseConnection->simpleQuery('INSERT INTO `medicines` (`name`, `brand`, `category`, `stock`, `price`, `expiry_date`, `image`, `id`) VALUES (\'Amoxicillin 500mg\', \'Amoxil\', \'Pain Relief\', 2, 23, \'2027-08-19\', \'1763559699_2d7db9f9f10fdf05c16d.png\', \'MED-001\')')
 4 SYSTEMPATH\Database\BaseBuilder.php(2345): CodeIgniter\Database\BaseConnection->query('INSERT INTO `medicines` (`name`, `brand`, `category`, `stock`, `price`, `expiry_date`, `image`, `id`) VALUES (:name:, :brand:, :category:, :stock:, :price:, :expiry_date:, :image:, :id:)', [...], false)
 5 SYSTEMPATH\Model.php(394): CodeIgniter\Database\BaseBuilder->insert()
 6 SYSTEMPATH\BaseModel.php(838): CodeIgniter\Model->doInsert([...])
 7 SYSTEMPATH\Model.php(797): CodeIgniter\BaseModel->insert([...], true)
 8 APPPATH\Controllers\Medicine.php(101): CodeIgniter\Model->insert([...])
 9 SYSTEMPATH\CodeIgniter.php(933): App\Controllers\Medicine->store()
10 SYSTEMPATH\CodeIgniter.php(507): CodeIgniter\CodeIgniter->runController(Object(App\Controllers\Medicine))
11 SYSTEMPATH\CodeIgniter.php(354): CodeIgniter\CodeIgniter->handleRequest(null, Object(Config\Cache), false)
12 SYSTEMPATH\Boot.php(363): CodeIgniter\CodeIgniter->run()
13 SYSTEMPATH\Boot.php(68): CodeIgniter\Boot::runCodeIgniter(Object(CodeIgniter\CodeIgniter))
14 FCPATH\index.php(59): CodeIgniter\Boot::bootWeb(Object(Config\Paths))
ERROR - 2025-11-19 13:44:02 --> mysqli_sql_exception: Unknown column 'image' in 'field list' in C:\xampp\htdocs\WebSystemITE-G9\system\Database\MySQLi\Connection.php:327
Stack trace:
#0 C:\xampp\htdocs\WebSystemITE-G9\system\Database\MySQLi\Connection.php(327): mysqli->query('INSERT INTO `me...', 0)
#1 C:\xampp\htdocs\WebSystemITE-G9\system\Database\BaseConnection.php(729): CodeIgniter\Database\MySQLi\Connection->execute('INSERT INTO `me...')
#2 C:\xampp\htdocs\WebSystemITE-G9\system\Database\BaseConnection.php(646): CodeIgniter\Database\BaseConnection->simpleQuery('INSERT INTO `me...')
#3 C:\xampp\htdocs\WebSystemITE-G9\system\Database\BaseBuilder.php(2345): CodeIgniter\Database\BaseConnection->query('INSERT INTO `me...', Array, false)
#4 C:\xampp\htdocs\WebSystemITE-G9\system\Model.php(394): CodeIgniter\Database\BaseBuilder->insert()
#5 C:\xampp\htdocs\WebSystemITE-G9\system\BaseModel.php(838): CodeIgniter\Model->doInsert(Array)
#6 C:\xampp\htdocs\WebSystemITE-G9\system\Model.php(797): CodeIgniter\BaseModel->insert(Array, true)
#7 C:\xampp\htdocs\WebSystemITE-G9\app\Controllers\Medicine.php(101): CodeIgniter\Model->insert(Array)
#8 C:\xampp\htdocs\WebSystemITE-G9\system\CodeIgniter.php(933): App\Controllers\Medicine->store()
#9 C:\xampp\htdocs\WebSystemITE-G9\system\CodeIgniter.php(507): CodeIgniter\CodeIgniter->runController(Object(App\Controllers\Medicine))
#10 C:\xampp\htdocs\WebSystemITE-G9\system\CodeIgniter.php(354): CodeIgniter\CodeIgniter->handleRequest(NULL, Object(Config\Cache), false)
#11 C:\xampp\htdocs\WebSystemITE-G9\system\Boot.php(363): CodeIgniter\CodeIgniter->run()
#12 C:\xampp\htdocs\WebSystemITE-G9\system\Boot.php(68): CodeIgniter\Boot::runCodeIgniter(Object(CodeIgniter\CodeIgniter))
#13 C:\xampp\htdocs\WebSystemITE-G9\public\index.php(59): CodeIgniter\Boot::bootWeb(Object(Config\Paths))
#14 {main}
CRITICAL - 2025-11-19 13:44:02 --> CodeIgniter\Database\Exceptions\DatabaseException: Unknown column 'image' in 'field list'
[Method: POST, Route: medicines/store]
in SYSTEMPATH\Database\BaseConnection.php on line 684.
 1 SYSTEMPATH\Database\BaseBuilder.php(2345): CodeIgniter\Database\BaseConnection->query('INSERT INTO `medicines` (`name`, `brand`, `category`, `stock`, `price`, `expiry_date`, `image`, `id`) VALUES (:name:, :brand:, :category:, :stock:, :price:, :expiry_date:, :image:, :id:)', [...], false)
 2 SYSTEMPATH\Model.php(394): CodeIgniter\Database\BaseBuilder->insert()
 3 SYSTEMPATH\BaseModel.php(838): CodeIgniter\Model->doInsert([...])
 4 SYSTEMPATH\Model.php(797): CodeIgniter\BaseModel->insert([...], true)
 5 APPPATH\Controllers\Medicine.php(101): CodeIgniter\Model->insert([...])
 6 SYSTEMPATH\CodeIgniter.php(933): App\Controllers\Medicine->store()
 7 SYSTEMPATH\CodeIgniter.php(507): CodeIgniter\CodeIgniter->runController(Object(App\Controllers\Medicine))
 8 SYSTEMPATH\CodeIgniter.php(354): CodeIgniter\CodeIgniter->handleRequest(null, Object(Config\Cache), false)
 9 SYSTEMPATH\Boot.php(363): CodeIgniter\CodeIgniter->run()
10 SYSTEMPATH\Boot.php(68): CodeIgniter\Boot::runCodeIgniter(Object(CodeIgniter\CodeIgniter))
11 FCPATH\index.php(59): CodeIgniter\Boot::bootWeb(Object(Config\Paths))
CRITICAL - 2025-11-19 13:44:02 --> [Caused by] CodeIgniter\Database\Exceptions\DatabaseException: Unknown column 'image' in 'field list'
in SYSTEMPATH\Database\MySQLi\Connection.php on line 332.
 1 SYSTEMPATH\Database\BaseConnection.php(729): CodeIgniter\Database\MySQLi\Connection->execute('INSERT INTO `medicines` (`name`, `brand`, `category`, `stock`, `price`, `expiry_date`, `image`, `id`) VALUES (\'Amlodipine 5mg\', \'wq\', \'Pain Relief\', 12, 12, \'2027-11-17\', \'1763559842_55b5e61f9b17c6c91cc6.png\', \'MED-001\')')
 2 SYSTEMPATH\Database\BaseConnection.php(646): CodeIgniter\Database\BaseConnection->simpleQuery('INSERT INTO `medicines` (`name`, `brand`, `category`, `stock`, `price`, `expiry_date`, `image`, `id`) VALUES (\'Amlodipine 5mg\', \'wq\', \'Pain Relief\', 12, 12, \'2027-11-17\', \'1763559842_55b5e61f9b17c6c91cc6.png\', \'MED-001\')')
 3 SYSTEMPATH\Database\BaseBuilder.php(2345): CodeIgniter\Database\BaseConnection->query('INSERT INTO `medicines` (`name`, `brand`, `category`, `stock`, `price`, `expiry_date`, `image`, `id`) VALUES (:name:, :brand:, :category:, :stock:, :price:, :expiry_date:, :image:, :id:)', [...], false)
 4 SYSTEMPATH\Model.php(394): CodeIgniter\Database\BaseBuilder->insert()
 5 SYSTEMPATH\BaseModel.php(838): CodeIgniter\Model->doInsert([...])
 6 SYSTEMPATH\Model.php(797): CodeIgniter\BaseModel->insert([...], true)
 7 APPPATH\Controllers\Medicine.php(101): CodeIgniter\Model->insert([...])
 8 SYSTEMPATH\CodeIgniter.php(933): App\Controllers\Medicine->store()
 9 SYSTEMPATH\CodeIgniter.php(507): CodeIgniter\CodeIgniter->runController(Object(App\Controllers\Medicine))
10 SYSTEMPATH\CodeIgniter.php(354): CodeIgniter\CodeIgniter->handleRequest(null, Object(Config\Cache), false)
11 SYSTEMPATH\Boot.php(363): CodeIgniter\CodeIgniter->run()
12 SYSTEMPATH\Boot.php(68): CodeIgniter\Boot::runCodeIgniter(Object(CodeIgniter\CodeIgniter))
13 FCPATH\index.php(59): CodeIgniter\Boot::bootWeb(Object(Config\Paths))
CRITICAL - 2025-11-19 13:44:02 --> [Caused by] mysqli_sql_exception: Unknown column 'image' in 'field list'
in SYSTEMPATH\Database\MySQLi\Connection.php on line 327.
 1 SYSTEMPATH\Database\MySQLi\Connection.php(327): mysqli->query('INSERT INTO `medicines` (`name`, `brand`, `category`, `stock`, `price`, `expiry_date`, `image`, `id`) VALUES (\'Amlodipine 5mg\', \'wq\', \'Pain Relief\', 12, 12, \'2027-11-17\', \'1763559842_55b5e61f9b17c6c91cc6.png\', \'MED-001\')', 0)
 2 SYSTEMPATH\Database\BaseConnection.php(729): CodeIgniter\Database\MySQLi\Connection->execute('INSERT INTO `medicines` (`name`, `brand`, `category`, `stock`, `price`, `expiry_date`, `image`, `id`) VALUES (\'Amlodipine 5mg\', \'wq\', \'Pain Relief\', 12, 12, \'2027-11-17\', \'1763559842_55b5e61f9b17c6c91cc6.png\', \'MED-001\')')
 3 SYSTEMPATH\Database\BaseConnection.php(646): CodeIgniter\Database\BaseConnection->simpleQuery('INSERT INTO `medicines` (`name`, `brand`, `category`, `stock`, `price`, `expiry_date`, `image`, `id`) VALUES (\'Amlodipine 5mg\', \'wq\', \'Pain Relief\', 12, 12, \'2027-11-17\', \'1763559842_55b5e61f9b17c6c91cc6.png\', \'MED-001\')')
 4 SYSTEMPATH\Database\BaseBuilder.php(2345): CodeIgniter\Database\BaseConnection->query('INSERT INTO `medicines` (`name`, `brand`, `category`, `stock`, `price`, `expiry_date`, `image`, `id`) VALUES (:name:, :brand:, :category:, :stock:, :price:, :expiry_date:, :image:, :id:)', [...], false)
 5 SYSTEMPATH\Model.php(394): CodeIgniter\Database\BaseBuilder->insert()
 6 SYSTEMPATH\BaseModel.php(838): CodeIgniter\Model->doInsert([...])
 7 SYSTEMPATH\Model.php(797): CodeIgniter\BaseModel->insert([...], true)
 8 APPPATH\Controllers\Medicine.php(101): CodeIgniter\Model->insert([...])
 9 SYSTEMPATH\CodeIgniter.php(933): App\Controllers\Medicine->store()
10 SYSTEMPATH\CodeIgniter.php(507): CodeIgniter\CodeIgniter->runController(Object(App\Controllers\Medicine))
11 SYSTEMPATH\CodeIgniter.php(354): CodeIgniter\CodeIgniter->handleRequest(null, Object(Config\Cache), false)
12 SYSTEMPATH\Boot.php(363): CodeIgniter\CodeIgniter->run()
13 SYSTEMPATH\Boot.php(68): CodeIgniter\Boot::runCodeIgniter(Object(CodeIgniter\CodeIgniter))
14 FCPATH\index.php(59): CodeIgniter\Boot::bootWeb(Object(Config\Paths))
ERROR - 2025-11-19 13:44:20 --> mysqli_sql_exception: Unknown column 'image' in 'field list' in C:\xampp\htdocs\WebSystemITE-G9\system\Database\MySQLi\Connection.php:327
Stack trace:
#0 C:\xampp\htdocs\WebSystemITE-G9\system\Database\MySQLi\Connection.php(327): mysqli->query('SELECT `id`, `n...', 0)
#1 C:\xampp\htdocs\WebSystemITE-G9\system\Database\BaseConnection.php(729): CodeIgniter\Database\MySQLi\Connection->execute('SELECT `id`, `n...')
#2 C:\xampp\htdocs\WebSystemITE-G9\system\Database\BaseConnection.php(646): CodeIgniter\Database\BaseConnection->simpleQuery('SELECT `id`, `n...')
#3 C:\xampp\htdocs\WebSystemITE-G9\system\Database\BaseBuilder.php(1649): CodeIgniter\Database\BaseConnection->query('SELECT `id`, `n...', Array, false)
#4 C:\xampp\htdocs\WebSystemITE-G9\app\Controllers\Pharmacy.php(316): CodeIgniter\Database\BaseBuilder->get()
#5 C:\xampp\htdocs\WebSystemITE-G9\system\CodeIgniter.php(933): App\Controllers\Pharmacy->getMedications()
#6 C:\xampp\htdocs\WebSystemITE-G9\system\CodeIgniter.php(507): CodeIgniter\CodeIgniter->runController(Object(App\Controllers\Pharmacy))
#7 C:\xampp\htdocs\WebSystemITE-G9\system\CodeIgniter.php(354): CodeIgniter\CodeIgniter->handleRequest(NULL, Object(Config\Cache), false)
#8 C:\xampp\htdocs\WebSystemITE-G9\system\Boot.php(363): CodeIgniter\CodeIgniter->run()
#9 C:\xampp\htdocs\WebSystemITE-G9\system\Boot.php(68): CodeIgniter\Boot::runCodeIgniter(Object(CodeIgniter\CodeIgniter))
#10 C:\xampp\htdocs\WebSystemITE-G9\public\index.php(59): CodeIgniter\Boot::bootWeb(Object(Config\Paths))
#11 {main}
CRITICAL - 2025-11-19 13:44:20 --> CodeIgniter\Database\Exceptions\DatabaseException: Unknown column 'image' in 'field list'
[Method: GET, Route: api/pharmacy/medications]
in SYSTEMPATH\Database\BaseConnection.php on line 684.
 1 SYSTEMPATH\Database\BaseBuilder.php(1649): CodeIgniter\Database\BaseConnection->query('SELECT `id`, `name`, `brand`, `price`, `stock`, `expiry_date`, `image`
FROM `medicines`
WHERE   (
`expiry_date` > :expiry_date:
OR expiry_date IS NULL
 )
ORDER BY `id` DESC
 LIMIT 50', [...], false)
 2 APPPATH\Controllers\Pharmacy.php(316): CodeIgniter\Database\BaseBuilder->get()
 3 SYSTEMPATH\CodeIgniter.php(933): App\Controllers\Pharmacy->getMedications()
 4 SYSTEMPATH\CodeIgniter.php(507): CodeIgniter\CodeIgniter->runController(Object(App\Controllers\Pharmacy))
 5 SYSTEMPATH\CodeIgniter.php(354): CodeIgniter\CodeIgniter->handleRequest(null, Object(Config\Cache), false)
 6 SYSTEMPATH\Boot.php(363): CodeIgniter\CodeIgniter->run()
 7 SYSTEMPATH\Boot.php(68): CodeIgniter\Boot::runCodeIgniter(Object(CodeIgniter\CodeIgniter))
 8 FCPATH\index.php(59): CodeIgniter\Boot::bootWeb(Object(Config\Paths))
CRITICAL - 2025-11-19 13:44:20 --> [Caused by] CodeIgniter\Database\Exceptions\DatabaseException: Unknown column 'image' in 'field list'
in SYSTEMPATH\Database\MySQLi\Connection.php on line 332.
 1 SYSTEMPATH\Database\BaseConnection.php(729): CodeIgniter\Database\MySQLi\Connection->execute('SELECT `id`, `name`, `brand`, `price`, `stock`, `expiry_date`, `image`
FROM `medicines`
WHERE   (
`expiry_date` > \'2025-12-19\'
OR expiry_date IS NULL
 )
ORDER BY `id` DESC
 LIMIT 50')
 2 SYSTEMPATH\Database\BaseConnection.php(646): CodeIgniter\Database\BaseConnection->simpleQuery('SELECT `id`, `name`, `brand`, `price`, `stock`, `expiry_date`, `image`
FROM `medicines`
WHERE   (
`expiry_date` > \'2025-12-19\'
OR expiry_date IS NULL
 )
ORDER BY `id` DESC
 LIMIT 50')
 3 SYSTEMPATH\Database\BaseBuilder.php(1649): CodeIgniter\Database\BaseConnection->query('SELECT `id`, `name`, `brand`, `price`, `stock`, `expiry_date`, `image`
FROM `medicines`
WHERE   (
`expiry_date` > :expiry_date:
OR expiry_date IS NULL
 )
ORDER BY `id` DESC
 LIMIT 50', [...], false)
 4 APPPATH\Controllers\Pharmacy.php(316): CodeIgniter\Database\BaseBuilder->get()
 5 SYSTEMPATH\CodeIgniter.php(933): App\Controllers\Pharmacy->getMedications()
 6 SYSTEMPATH\CodeIgniter.php(507): CodeIgniter\CodeIgniter->runController(Object(App\Controllers\Pharmacy))
 7 SYSTEMPATH\CodeIgniter.php(354): CodeIgniter\CodeIgniter->handleRequest(null, Object(Config\Cache), false)
 8 SYSTEMPATH\Boot.php(363): CodeIgniter\CodeIgniter->run()
 9 SYSTEMPATH\Boot.php(68): CodeIgniter\Boot::runCodeIgniter(Object(CodeIgniter\CodeIgniter))
10 FCPATH\index.php(59): CodeIgniter\Boot::bootWeb(Object(Config\Paths))
CRITICAL - 2025-11-19 13:44:20 --> [Caused by] mysqli_sql_exception: Unknown column 'image' in 'field list'
in SYSTEMPATH\Database\MySQLi\Connection.php on line 327.
 1 SYSTEMPATH\Database\MySQLi\Connection.php(327): mysqli->query('SELECT `id`, `name`, `brand`, `price`, `stock`, `expiry_date`, `image`
FROM `medicines`
WHERE   (
`expiry_date` > \'2025-12-19\'
OR expiry_date IS NULL
 )
ORDER BY `id` DESC
 LIMIT 50', 0)
 2 SYSTEMPATH\Database\BaseConnection.php(729): CodeIgniter\Database\MySQLi\Connection->execute('SELECT `id`, `name`, `brand`, `price`, `stock`, `expiry_date`, `image`
FROM `medicines`
WHERE   (
`expiry_date` > \'2025-12-19\'
OR expiry_date IS NULL
 )
ORDER BY `id` DESC
 LIMIT 50')
 3 SYSTEMPATH\Database\BaseConnection.php(646): CodeIgniter\Database\BaseConnection->simpleQuery('SELECT `id`, `name`, `brand`, `price`, `stock`, `expiry_date`, `image`
FROM `medicines`
WHERE   (
`expiry_date` > \'2025-12-19\'
OR expiry_date IS NULL
 )
ORDER BY `id` DESC
 LIMIT 50')
 4 SYSTEMPATH\Database\BaseBuilder.php(1649): CodeIgniter\Database\BaseConnection->query('SELECT `id`, `name`, `brand`, `price`, `stock`, `expiry_date`, `image`
FROM `medicines`
WHERE   (
`expiry_date` > :expiry_date:
OR expiry_date IS NULL
 )
ORDER BY `id` DESC
 LIMIT 50', [...], false)
 5 APPPATH\Controllers\Pharmacy.php(316): CodeIgniter\Database\BaseBuilder->get()
 6 SYSTEMPATH\CodeIgniter.php(933): App\Controllers\Pharmacy->getMedications()
 7 SYSTEMPATH\CodeIgniter.php(507): CodeIgniter\CodeIgniter->runController(Object(App\Controllers\Pharmacy))
 8 SYSTEMPATH\CodeIgniter.php(354): CodeIgniter\CodeIgniter->handleRequest(null, Object(Config\Cache), false)
 9 SYSTEMPATH\Boot.php(363): CodeIgniter\CodeIgniter->run()
10 SYSTEMPATH\Boot.php(68): CodeIgniter\Boot::runCodeIgniter(Object(CodeIgniter\CodeIgniter))
11 FCPATH\index.php(59): CodeIgniter\Boot::bootWeb(Object(Config\Paths))
ERROR - 2025-11-19 13:44:23 --> mysqli_sql_exception: Unknown column 'image' in 'field list' in C:\xampp\htdocs\WebSystemITE-G9\system\Database\MySQLi\Connection.php:327
Stack trace:
#0 C:\xampp\htdocs\WebSystemITE-G9\system\Database\MySQLi\Connection.php(327): mysqli->query('SELECT `id`, `n...', 0)
#1 C:\xampp\htdocs\WebSystemITE-G9\system\Database\BaseConnection.php(729): CodeIgniter\Database\MySQLi\Connection->execute('SELECT `id`, `n...')
#2 C:\xampp\htdocs\WebSystemITE-G9\system\Database\BaseConnection.php(646): CodeIgniter\Database\BaseConnection->simpleQuery('SELECT `id`, `n...')
#3 C:\xampp\htdocs\WebSystemITE-G9\system\Database\BaseBuilder.php(1649): CodeIgniter\Database\BaseConnection->query('SELECT `id`, `n...', Array, false)
#4 C:\xampp\htdocs\WebSystemITE-G9\app\Controllers\Pharmacy.php(316): CodeIgniter\Database\BaseBuilder->get()
#5 C:\xampp\htdocs\WebSystemITE-G9\system\CodeIgniter.php(933): App\Controllers\Pharmacy->getMedications()
#6 C:\xampp\htdocs\WebSystemITE-G9\system\CodeIgniter.php(507): CodeIgniter\CodeIgniter->runController(Object(App\Controllers\Pharmacy))
#7 C:\xampp\htdocs\WebSystemITE-G9\system\CodeIgniter.php(354): CodeIgniter\CodeIgniter->handleRequest(NULL, Object(Config\Cache), false)
#8 C:\xampp\htdocs\WebSystemITE-G9\system\Boot.php(363): CodeIgniter\CodeIgniter->run()
#9 C:\xampp\htdocs\WebSystemITE-G9\system\Boot.php(68): CodeIgniter\Boot::runCodeIgniter(Object(CodeIgniter\CodeIgniter))
#10 C:\xampp\htdocs\WebSystemITE-G9\public\index.php(59): CodeIgniter\Boot::bootWeb(Object(Config\Paths))
#11 {main}
CRITICAL - 2025-11-19 13:44:23 --> CodeIgniter\Database\Exceptions\DatabaseException: Unknown column 'image' in 'field list'
[Method: GET, Route: api/pharmacy/medications]
in SYSTEMPATH\Database\BaseConnection.php on line 684.
 1 SYSTEMPATH\Database\BaseBuilder.php(1649): CodeIgniter\Database\BaseConnection->query('SELECT `id`, `name`, `brand`, `price`, `stock`, `expiry_date`, `image`
FROM `medicines`
WHERE   (
`expiry_date` > :expiry_date:
OR expiry_date IS NULL
 )
ORDER BY `id` DESC
 LIMIT 50', [...], false)
 2 APPPATH\Controllers\Pharmacy.php(316): CodeIgniter\Database\BaseBuilder->get()
 3 SYSTEMPATH\CodeIgniter.php(933): App\Controllers\Pharmacy->getMedications()
 4 SYSTEMPATH\CodeIgniter.php(507): CodeIgniter\CodeIgniter->runController(Object(App\Controllers\Pharmacy))
 5 SYSTEMPATH\CodeIgniter.php(354): CodeIgniter\CodeIgniter->handleRequest(null, Object(Config\Cache), false)
 6 SYSTEMPATH\Boot.php(363): CodeIgniter\CodeIgniter->run()
 7 SYSTEMPATH\Boot.php(68): CodeIgniter\Boot::runCodeIgniter(Object(CodeIgniter\CodeIgniter))
 8 FCPATH\index.php(59): CodeIgniter\Boot::bootWeb(Object(Config\Paths))
CRITICAL - 2025-11-19 13:44:23 --> [Caused by] CodeIgniter\Database\Exceptions\DatabaseException: Unknown column 'image' in 'field list'
in SYSTEMPATH\Database\MySQLi\Connection.php on line 332.
 1 SYSTEMPATH\Database\BaseConnection.php(729): CodeIgniter\Database\MySQLi\Connection->execute('SELECT `id`, `name`, `brand`, `price`, `stock`, `expiry_date`, `image`
FROM `medicines`
WHERE   (
`expiry_date` > \'2025-12-19\'
OR expiry_date IS NULL
 )
ORDER BY `id` DESC
 LIMIT 50')
 2 SYSTEMPATH\Database\BaseConnection.php(646): CodeIgniter\Database\BaseConnection->simpleQuery('SELECT `id`, `name`, `brand`, `price`, `stock`, `expiry_date`, `image`
FROM `medicines`
WHERE   (
`expiry_date` > \'2025-12-19\'
OR expiry_date IS NULL
 )
ORDER BY `id` DESC
 LIMIT 50')
 3 SYSTEMPATH\Database\BaseBuilder.php(1649): CodeIgniter\Database\BaseConnection->query('SELECT `id`, `name`, `brand`, `price`, `stock`, `expiry_date`, `image`
FROM `medicines`
WHERE   (
`expiry_date` > :expiry_date:
OR expiry_date IS NULL
 )
ORDER BY `id` DESC
 LIMIT 50', [...], false)
 4 APPPATH\Controllers\Pharmacy.php(316): CodeIgniter\Database\BaseBuilder->get()
 5 SYSTEMPATH\CodeIgniter.php(933): App\Controllers\Pharmacy->getMedications()
 6 SYSTEMPATH\CodeIgniter.php(507): CodeIgniter\CodeIgniter->runController(Object(App\Controllers\Pharmacy))
 7 SYSTEMPATH\CodeIgniter.php(354): CodeIgniter\CodeIgniter->handleRequest(null, Object(Config\Cache), false)
 8 SYSTEMPATH\Boot.php(363): CodeIgniter\CodeIgniter->run()
 9 SYSTEMPATH\Boot.php(68): CodeIgniter\Boot::runCodeIgniter(Object(CodeIgniter\CodeIgniter))
10 FCPATH\index.php(59): CodeIgniter\Boot::bootWeb(Object(Config\Paths))
CRITICAL - 2025-11-19 13:44:23 --> [Caused by] mysqli_sql_exception: Unknown column 'image' in 'field list'
in SYSTEMPATH\Database\MySQLi\Connection.php on line 327.
 1 SYSTEMPATH\Database\MySQLi\Connection.php(327): mysqli->query('SELECT `id`, `name`, `brand`, `price`, `stock`, `expiry_date`, `image`
FROM `medicines`
WHERE   (
`expiry_date` > \'2025-12-19\'
OR expiry_date IS NULL
 )
ORDER BY `id` DESC
 LIMIT 50', 0)
 2 SYSTEMPATH\Database\BaseConnection.php(729): CodeIgniter\Database\MySQLi\Connection->execute('SELECT `id`, `name`, `brand`, `price`, `stock`, `expiry_date`, `image`
FROM `medicines`
WHERE   (
`expiry_date` > \'2025-12-19\'
OR expiry_date IS NULL
 )
ORDER BY `id` DESC
 LIMIT 50')
 3 SYSTEMPATH\Database\BaseConnection.php(646): CodeIgniter\Database\BaseConnection->simpleQuery('SELECT `id`, `name`, `brand`, `price`, `stock`, `expiry_date`, `image`
FROM `medicines`
WHERE   (
`expiry_date` > \'2025-12-19\'
OR expiry_date IS NULL
 )
ORDER BY `id` DESC
 LIMIT 50')
 4 SYSTEMPATH\Database\BaseBuilder.php(1649): CodeIgniter\Database\BaseConnection->query('SELECT `id`, `name`, `brand`, `price`, `stock`, `expiry_date`, `image`
FROM `medicines`
WHERE   (
`expiry_date` > :expiry_date:
OR expiry_date IS NULL
 )
ORDER BY `id` DESC
 LIMIT 50', [...], false)
 5 APPPATH\Controllers\Pharmacy.php(316): CodeIgniter\Database\BaseBuilder->get()
 6 SYSTEMPATH\CodeIgniter.php(933): App\Controllers\Pharmacy->getMedications()
 7 SYSTEMPATH\CodeIgniter.php(507): CodeIgniter\CodeIgniter->runController(Object(App\Controllers\Pharmacy))
 8 SYSTEMPATH\CodeIgniter.php(354): CodeIgniter\CodeIgniter->handleRequest(null, Object(Config\Cache), false)
 9 SYSTEMPATH\Boot.php(363): CodeIgniter\CodeIgniter->run()
10 SYSTEMPATH\Boot.php(68): CodeIgniter\Boot::runCodeIgniter(Object(CodeIgniter\CodeIgniter))
11 FCPATH\index.php(59): CodeIgniter\Boot::bootWeb(Object(Config\Paths))
ERROR - 2025-11-19 13:49:44 --> mysqli_sql_exception: Unknown column 'image' in 'field list' in C:\xampp\htdocs\WebSystemITE-G9\system\Database\MySQLi\Connection.php:327
Stack trace:
#0 C:\xampp\htdocs\WebSystemITE-G9\system\Database\MySQLi\Connection.php(327): mysqli->query('SELECT `id`, `n...', 0)
#1 C:\xampp\htdocs\WebSystemITE-G9\system\Database\BaseConnection.php(729): CodeIgniter\Database\MySQLi\Connection->execute('SELECT `id`, `n...')
#2 C:\xampp\htdocs\WebSystemITE-G9\system\Database\BaseConnection.php(646): CodeIgniter\Database\BaseConnection->simpleQuery('SELECT `id`, `n...')
#3 C:\xampp\htdocs\WebSystemITE-G9\system\Database\BaseBuilder.php(1649): CodeIgniter\Database\BaseConnection->query('SELECT `id`, `n...', Array, false)
#4 C:\xampp\htdocs\WebSystemITE-G9\app\Controllers\Pharmacy.php(316): CodeIgniter\Database\BaseBuilder->get()
#5 C:\xampp\htdocs\WebSystemITE-G9\system\CodeIgniter.php(933): App\Controllers\Pharmacy->getMedications()
#6 C:\xampp\htdocs\WebSystemITE-G9\system\CodeIgniter.php(507): CodeIgniter\CodeIgniter->runController(Object(App\Controllers\Pharmacy))
#7 C:\xampp\htdocs\WebSystemITE-G9\system\CodeIgniter.php(354): CodeIgniter\CodeIgniter->handleRequest(NULL, Object(Config\Cache), false)
#8 C:\xampp\htdocs\WebSystemITE-G9\system\Boot.php(363): CodeIgniter\CodeIgniter->run()
#9 C:\xampp\htdocs\WebSystemITE-G9\system\Boot.php(68): CodeIgniter\Boot::runCodeIgniter(Object(CodeIgniter\CodeIgniter))
#10 C:\xampp\htdocs\WebSystemITE-G9\public\index.php(59): CodeIgniter\Boot::bootWeb(Object(Config\Paths))
#11 {main}
CRITICAL - 2025-11-19 13:49:44 --> CodeIgniter\Database\Exceptions\DatabaseException: Unknown column 'image' in 'field list'
[Method: GET, Route: api/pharmacy/medications]
in SYSTEMPATH\Database\BaseConnection.php on line 684.
 1 SYSTEMPATH\Database\BaseBuilder.php(1649): CodeIgniter\Database\BaseConnection->query('SELECT `id`, `name`, `brand`, `price`, `stock`, `expiry_date`, `image`
FROM `medicines`
WHERE   (
`expiry_date` > :expiry_date:
OR expiry_date IS NULL
 )
ORDER BY `id` DESC
 LIMIT 50', [...], false)
 2 APPPATH\Controllers\Pharmacy.php(316): CodeIgniter\Database\BaseBuilder->get()
 3 SYSTEMPATH\CodeIgniter.php(933): App\Controllers\Pharmacy->getMedications()
 4 SYSTEMPATH\CodeIgniter.php(507): CodeIgniter\CodeIgniter->runController(Object(App\Controllers\Pharmacy))
 5 SYSTEMPATH\CodeIgniter.php(354): CodeIgniter\CodeIgniter->handleRequest(null, Object(Config\Cache), false)
 6 SYSTEMPATH\Boot.php(363): CodeIgniter\CodeIgniter->run()
 7 SYSTEMPATH\Boot.php(68): CodeIgniter\Boot::runCodeIgniter(Object(CodeIgniter\CodeIgniter))
 8 FCPATH\index.php(59): CodeIgniter\Boot::bootWeb(Object(Config\Paths))
CRITICAL - 2025-11-19 13:49:44 --> [Caused by] CodeIgniter\Database\Exceptions\DatabaseException: Unknown column 'image' in 'field list'
in SYSTEMPATH\Database\MySQLi\Connection.php on line 332.
 1 SYSTEMPATH\Database\BaseConnection.php(729): CodeIgniter\Database\MySQLi\Connection->execute('SELECT `id`, `name`, `brand`, `price`, `stock`, `expiry_date`, `image`
FROM `medicines`
WHERE   (
`expiry_date` > \'2025-12-19\'
OR expiry_date IS NULL
 )
ORDER BY `id` DESC
 LIMIT 50')
 2 SYSTEMPATH\Database\BaseConnection.php(646): CodeIgniter\Database\BaseConnection->simpleQuery('SELECT `id`, `name`, `brand`, `price`, `stock`, `expiry_date`, `image`
FROM `medicines`
WHERE   (
`expiry_date` > \'2025-12-19\'
OR expiry_date IS NULL
 )
ORDER BY `id` DESC
 LIMIT 50')
 3 SYSTEMPATH\Database\BaseBuilder.php(1649): CodeIgniter\Database\BaseConnection->query('SELECT `id`, `name`, `brand`, `price`, `stock`, `expiry_date`, `image`
FROM `medicines`
WHERE   (
`expiry_date` > :expiry_date:
OR expiry_date IS NULL
 )
ORDER BY `id` DESC
 LIMIT 50', [...], false)
 4 APPPATH\Controllers\Pharmacy.php(316): CodeIgniter\Database\BaseBuilder->get()
 5 SYSTEMPATH\CodeIgniter.php(933): App\Controllers\Pharmacy->getMedications()
 6 SYSTEMPATH\CodeIgniter.php(507): CodeIgniter\CodeIgniter->runController(Object(App\Controllers\Pharmacy))
 7 SYSTEMPATH\CodeIgniter.php(354): CodeIgniter\CodeIgniter->handleRequest(null, Object(Config\Cache), false)
 8 SYSTEMPATH\Boot.php(363): CodeIgniter\CodeIgniter->run()
 9 SYSTEMPATH\Boot.php(68): CodeIgniter\Boot::runCodeIgniter(Object(CodeIgniter\CodeIgniter))
10 FCPATH\index.php(59): CodeIgniter\Boot::bootWeb(Object(Config\Paths))
CRITICAL - 2025-11-19 13:49:44 --> [Caused by] mysqli_sql_exception: Unknown column 'image' in 'field list'
in SYSTEMPATH\Database\MySQLi\Connection.php on line 327.
 1 SYSTEMPATH\Database\MySQLi\Connection.php(327): mysqli->query('SELECT `id`, `name`, `brand`, `price`, `stock`, `expiry_date`, `image`
FROM `medicines`
WHERE   (
`expiry_date` > \'2025-12-19\'
OR expiry_date IS NULL
 )
ORDER BY `id` DESC
 LIMIT 50', 0)
 2 SYSTEMPATH\Database\BaseConnection.php(729): CodeIgniter\Database\MySQLi\Connection->execute('SELECT `id`, `name`, `brand`, `price`, `stock`, `expiry_date`, `image`
FROM `medicines`
WHERE   (
`expiry_date` > \'2025-12-19\'
OR expiry_date IS NULL
 )
ORDER BY `id` DESC
 LIMIT 50')
 3 SYSTEMPATH\Database\BaseConnection.php(646): CodeIgniter\Database\BaseConnection->simpleQuery('SELECT `id`, `name`, `brand`, `price`, `stock`, `expiry_date`, `image`
FROM `medicines`
WHERE   (
`expiry_date` > \'2025-12-19\'
OR expiry_date IS NULL
 )
ORDER BY `id` DESC
 LIMIT 50')
 4 SYSTEMPATH\Database\BaseBuilder.php(1649): CodeIgniter\Database\BaseConnection->query('SELECT `id`, `name`, `brand`, `price`, `stock`, `expiry_date`, `image`
FROM `medicines`
WHERE   (
`expiry_date` > :expiry_date:
OR expiry_date IS NULL
 )
ORDER BY `id` DESC
 LIMIT 50', [...], false)
 5 APPPATH\Controllers\Pharmacy.php(316): CodeIgniter\Database\BaseBuilder->get()
 6 SYSTEMPATH\CodeIgniter.php(933): App\Controllers\Pharmacy->getMedications()
 7 SYSTEMPATH\CodeIgniter.php(507): CodeIgniter\CodeIgniter->runController(Object(App\Controllers\Pharmacy))
 8 SYSTEMPATH\CodeIgniter.php(354): CodeIgniter\CodeIgniter->handleRequest(null, Object(Config\Cache), false)
 9 SYSTEMPATH\Boot.php(363): CodeIgniter\CodeIgniter->run()
10 SYSTEMPATH\Boot.php(68): CodeIgniter\Boot::runCodeIgniter(Object(CodeIgniter\CodeIgniter))
11 FCPATH\index.php(59): CodeIgniter\Boot::bootWeb(Object(Config\Paths))
ERROR - 2025-11-19 13:50:12 --> mysqli_sql_exception: Unknown column 'image' in 'field list' in C:\xampp\htdocs\WebSystemITE-G9\system\Database\MySQLi\Connection.php:327
Stack trace:
#0 C:\xampp\htdocs\WebSystemITE-G9\system\Database\MySQLi\Connection.php(327): mysqli->query('INSERT INTO `me...', 0)
#1 C:\xampp\htdocs\WebSystemITE-G9\system\Database\BaseConnection.php(729): CodeIgniter\Database\MySQLi\Connection->execute('INSERT INTO `me...')
#2 C:\xampp\htdocs\WebSystemITE-G9\system\Database\BaseConnection.php(646): CodeIgniter\Database\BaseConnection->simpleQuery('INSERT INTO `me...')
#3 C:\xampp\htdocs\WebSystemITE-G9\system\Database\BaseBuilder.php(2345): CodeIgniter\Database\BaseConnection->query('INSERT INTO `me...', Array, false)
#4 C:\xampp\htdocs\WebSystemITE-G9\system\Model.php(394): CodeIgniter\Database\BaseBuilder->insert()
#5 C:\xampp\htdocs\WebSystemITE-G9\system\BaseModel.php(838): CodeIgniter\Model->doInsert(Array)
#6 C:\xampp\htdocs\WebSystemITE-G9\system\Model.php(797): CodeIgniter\BaseModel->insert(Array, true)
#7 C:\xampp\htdocs\WebSystemITE-G9\app\Controllers\Medicine.php(101): CodeIgniter\Model->insert(Array)
#8 C:\xampp\htdocs\WebSystemITE-G9\system\CodeIgniter.php(933): App\Controllers\Medicine->store()
#9 C:\xampp\htdocs\WebSystemITE-G9\system\CodeIgniter.php(507): CodeIgniter\CodeIgniter->runController(Object(App\Controllers\Medicine))
#10 C:\xampp\htdocs\WebSystemITE-G9\system\CodeIgniter.php(354): CodeIgniter\CodeIgniter->handleRequest(NULL, Object(Config\Cache), false)
#11 C:\xampp\htdocs\WebSystemITE-G9\system\Boot.php(363): CodeIgniter\CodeIgniter->run()
#12 C:\xampp\htdocs\WebSystemITE-G9\system\Boot.php(68): CodeIgniter\Boot::runCodeIgniter(Object(CodeIgniter\CodeIgniter))
#13 C:\xampp\htdocs\WebSystemITE-G9\public\index.php(59): CodeIgniter\Boot::bootWeb(Object(Config\Paths))
#14 {main}
CRITICAL - 2025-11-19 13:50:12 --> CodeIgniter\Database\Exceptions\DatabaseException: Unknown column 'image' in 'field list'
[Method: POST, Route: medicines/store]
in SYSTEMPATH\Database\BaseConnection.php on line 684.
 1 SYSTEMPATH\Database\BaseBuilder.php(2345): CodeIgniter\Database\BaseConnection->query('INSERT INTO `medicines` (`name`, `brand`, `category`, `stock`, `price`, `expiry_date`, `image`, `id`) VALUES (:name:, :brand:, :category:, :stock:, :price:, :expiry_date:, :image:, :id:)', [...], false)
 2 SYSTEMPATH\Model.php(394): CodeIgniter\Database\BaseBuilder->insert()
 3 SYSTEMPATH\BaseModel.php(838): CodeIgniter\Model->doInsert([...])
 4 SYSTEMPATH\Model.php(797): CodeIgniter\BaseModel->insert([...], true)
 5 APPPATH\Controllers\Medicine.php(101): CodeIgniter\Model->insert([...])
 6 SYSTEMPATH\CodeIgniter.php(933): App\Controllers\Medicine->store()
 7 SYSTEMPATH\CodeIgniter.php(507): CodeIgniter\CodeIgniter->runController(Object(App\Controllers\Medicine))
 8 SYSTEMPATH\CodeIgniter.php(354): CodeIgniter\CodeIgniter->handleRequest(null, Object(Config\Cache), false)
 9 SYSTEMPATH\Boot.php(363): CodeIgniter\CodeIgniter->run()
10 SYSTEMPATH\Boot.php(68): CodeIgniter\Boot::runCodeIgniter(Object(CodeIgniter\CodeIgniter))
11 FCPATH\index.php(59): CodeIgniter\Boot::bootWeb(Object(Config\Paths))
CRITICAL - 2025-11-19 13:50:12 --> [Caused by] CodeIgniter\Database\Exceptions\DatabaseException: Unknown column 'image' in 'field list'
in SYSTEMPATH\Database\MySQLi\Connection.php on line 332.
 1 SYSTEMPATH\Database\BaseConnection.php(729): CodeIgniter\Database\MySQLi\Connection->execute('INSERT INTO `medicines` (`name`, `brand`, `category`, `stock`, `price`, `expiry_date`, `image`, `id`) VALUES (\'Amlodipine 5mg\', \'Biogesic\', \'Pain Relief\', 2, 34, \'2027-11-17\', \'1763560212_a414d6a55d97e7fd74aa.png\', \'MED-001\')')
 2 SYSTEMPATH\Database\BaseConnection.php(646): CodeIgniter\Database\BaseConnection->simpleQuery('INSERT INTO `medicines` (`name`, `brand`, `category`, `stock`, `price`, `expiry_date`, `image`, `id`) VALUES (\'Amlodipine 5mg\', \'Biogesic\', \'Pain Relief\', 2, 34, \'2027-11-17\', \'1763560212_a414d6a55d97e7fd74aa.png\', \'MED-001\')')
 3 SYSTEMPATH\Database\BaseBuilder.php(2345): CodeIgniter\Database\BaseConnection->query('INSERT INTO `medicines` (`name`, `brand`, `category`, `stock`, `price`, `expiry_date`, `image`, `id`) VALUES (:name:, :brand:, :category:, :stock:, :price:, :expiry_date:, :image:, :id:)', [...], false)
 4 SYSTEMPATH\Model.php(394): CodeIgniter\Database\BaseBuilder->insert()
 5 SYSTEMPATH\BaseModel.php(838): CodeIgniter\Model->doInsert([...])
 6 SYSTEMPATH\Model.php(797): CodeIgniter\BaseModel->insert([...], true)
 7 APPPATH\Controllers\Medicine.php(101): CodeIgniter\Model->insert([...])
 8 SYSTEMPATH\CodeIgniter.php(933): App\Controllers\Medicine->store()
 9 SYSTEMPATH\CodeIgniter.php(507): CodeIgniter\CodeIgniter->runController(Object(App\Controllers\Medicine))
10 SYSTEMPATH\CodeIgniter.php(354): CodeIgniter\CodeIgniter->handleRequest(null, Object(Config\Cache), false)
11 SYSTEMPATH\Boot.php(363): CodeIgniter\CodeIgniter->run()
12 SYSTEMPATH\Boot.php(68): CodeIgniter\Boot::runCodeIgniter(Object(CodeIgniter\CodeIgniter))
13 FCPATH\index.php(59): CodeIgniter\Boot::bootWeb(Object(Config\Paths))
CRITICAL - 2025-11-19 13:50:12 --> [Caused by] mysqli_sql_exception: Unknown column 'image' in 'field list'
in SYSTEMPATH\Database\MySQLi\Connection.php on line 327.
 1 SYSTEMPATH\Database\MySQLi\Connection.php(327): mysqli->query('INSERT INTO `medicines` (`name`, `brand`, `category`, `stock`, `price`, `expiry_date`, `image`, `id`) VALUES (\'Amlodipine 5mg\', \'Biogesic\', \'Pain Relief\', 2, 34, \'2027-11-17\', \'1763560212_a414d6a55d97e7fd74aa.png\', \'MED-001\')', 0)
 2 SYSTEMPATH\Database\BaseConnection.php(729): CodeIgniter\Database\MySQLi\Connection->execute('INSERT INTO `medicines` (`name`, `brand`, `category`, `stock`, `price`, `expiry_date`, `image`, `id`) VALUES (\'Amlodipine 5mg\', \'Biogesic\', \'Pain Relief\', 2, 34, \'2027-11-17\', \'1763560212_a414d6a55d97e7fd74aa.png\', \'MED-001\')')
 3 SYSTEMPATH\Database\BaseConnection.php(646): CodeIgniter\Database\BaseConnection->simpleQuery('INSERT INTO `medicines` (`name`, `brand`, `category`, `stock`, `price`, `expiry_date`, `image`, `id`) VALUES (\'Amlodipine 5mg\', \'Biogesic\', \'Pain Relief\', 2, 34, \'2027-11-17\', \'1763560212_a414d6a55d97e7fd74aa.png\', \'MED-001\')')
 4 SYSTEMPATH\Database\BaseBuilder.php(2345): CodeIgniter\Database\BaseConnection->query('INSERT INTO `medicines` (`name`, `brand`, `category`, `stock`, `price`, `expiry_date`, `image`, `id`) VALUES (:name:, :brand:, :category:, :stock:, :price:, :expiry_date:, :image:, :id:)', [...], false)
 5 SYSTEMPATH\Model.php(394): CodeIgniter\Database\BaseBuilder->insert()
 6 SYSTEMPATH\BaseModel.php(838): CodeIgniter\Model->doInsert([...])
 7 SYSTEMPATH\Model.php(797): CodeIgniter\BaseModel->insert([...], true)
 8 APPPATH\Controllers\Medicine.php(101): CodeIgniter\Model->insert([...])
 9 SYSTEMPATH\CodeIgniter.php(933): App\Controllers\Medicine->store()
10 SYSTEMPATH\CodeIgniter.php(507): CodeIgniter\CodeIgniter->runController(Object(App\Controllers\Medicine))
11 SYSTEMPATH\CodeIgniter.php(354): CodeIgniter\CodeIgniter->handleRequest(null, Object(Config\Cache), false)
12 SYSTEMPATH\Boot.php(363): CodeIgniter\CodeIgniter->run()
13 SYSTEMPATH\Boot.php(68): CodeIgniter\Boot::runCodeIgniter(Object(CodeIgniter\CodeIgniter))
14 FCPATH\index.php(59): CodeIgniter\Boot::bootWeb(Object(Config\Paths))
ERROR - 2025-11-19 14:04:53 --> mysqli_sql_exception: Duplicate entry '' for key 'PRIMARY' in C:\xampp\htdocs\WebSystemITE-G9\system\Database\MySQLi\Connection.php:327
Stack trace:
#0 C:\xampp\htdocs\WebSystemITE-G9\system\Database\MySQLi\Connection.php(327): mysqli->query('INSERT INTO `pa...', 0)
#1 C:\xampp\htdocs\WebSystemITE-G9\system\Database\BaseConnection.php(729): CodeIgniter\Database\MySQLi\Connection->execute('INSERT INTO `pa...')
#2 C:\xampp\htdocs\WebSystemITE-G9\system\Database\BaseConnection.php(646): CodeIgniter\Database\BaseConnection->simpleQuery('INSERT INTO `pa...')
#3 C:\xampp\htdocs\WebSystemITE-G9\system\Database\BaseBuilder.php(2345): CodeIgniter\Database\BaseConnection->query('INSERT INTO `pa...', Array, false)
#4 C:\xampp\htdocs\WebSystemITE-G9\app\Controllers\Pharmacy.php(470): CodeIgniter\Database\BaseBuilder->insert(Array)
#5 C:\xampp\htdocs\WebSystemITE-G9\system\CodeIgniter.php(933): App\Controllers\Pharmacy->createTransaction()
#6 C:\xampp\htdocs\WebSystemITE-G9\system\CodeIgniter.php(507): CodeIgniter\CodeIgniter->runController(Object(App\Controllers\Pharmacy))
#7 C:\xampp\htdocs\WebSystemITE-G9\system\CodeIgniter.php(354): CodeIgniter\CodeIgniter->handleRequest(NULL, Object(Config\Cache), false)
#8 C:\xampp\htdocs\WebSystemITE-G9\system\Boot.php(363): CodeIgniter\CodeIgniter->run()
#9 C:\xampp\htdocs\WebSystemITE-G9\system\Boot.php(68): CodeIgniter\Boot::runCodeIgniter(Object(CodeIgniter\CodeIgniter))
#10 C:\xampp\htdocs\WebSystemITE-G9\public\index.php(59): CodeIgniter\Boot::bootWeb(Object(Config\Paths))
#11 {main}
CRITICAL - 2025-11-19 14:04:53 --> CodeIgniter\Database\Exceptions\DatabaseException: Duplicate entry '' for key 'PRIMARY'
[Method: POST, Route: api/pharmacy/transaction/create]
in SYSTEMPATH\Database\BaseConnection.php on line 684.
 1 SYSTEMPATH\Database\BaseBuilder.php(2345): CodeIgniter\Database\BaseConnection->query('INSERT INTO `patients` (`first_name`, `last_name`, `email`, `phone`, `date_of_birth`, `gender`, `address`, `status`, `type`, `created_at`, `updated_at`) VALUES (:first_name:, :last_name:, :email:, :phone:, :date_of_birth:, :gender:, :address:, :status:, :type:, :created_at:, :updated_at:)', [...], false)
 2 APPPATH\Controllers\Pharmacy.php(470): CodeIgniter\Database\BaseBuilder->insert([...])
 3 SYSTEMPATH\CodeIgniter.php(933): App\Controllers\Pharmacy->createTransaction()
 4 SYSTEMPATH\CodeIgniter.php(507): CodeIgniter\CodeIgniter->runController(Object(App\Controllers\Pharmacy))
 5 SYSTEMPATH\CodeIgniter.php(354): CodeIgniter\CodeIgniter->handleRequest(null, Object(Config\Cache), false)
 6 SYSTEMPATH\Boot.php(363): CodeIgniter\CodeIgniter->run()
 7 SYSTEMPATH\Boot.php(68): CodeIgniter\Boot::runCodeIgniter(Object(CodeIgniter\CodeIgniter))
 8 FCPATH\index.php(59): CodeIgniter\Boot::bootWeb(Object(Config\Paths))
CRITICAL - 2025-11-19 14:04:53 --> [Caused by] CodeIgniter\Database\Exceptions\DatabaseException: Duplicate entry '' for key 'PRIMARY'
in SYSTEMPATH\Database\MySQLi\Connection.php on line 332.
 1 SYSTEMPATH\Database\BaseConnection.php(729): CodeIgniter\Database\MySQLi\Connection->execute('INSERT INTO `patients` (`first_name`, `last_name`, `email`, `phone`, `date_of_birth`, `gender`, `address`, `status`, `type`, `created_at`, `updated_at`) VALUES (\'sff\', \'Unknown\', \'sff.unknown5582@temp.com\', \'09993879342\', \'1990-01-01\', \'other\', \'Not provided\', \'active\', \'walkin\', \'2025-11-19 14:04:53\', \'2025-11-19 14:04:53\')')
 2 SYSTEMPATH\Database\BaseConnection.php(646): CodeIgniter\Database\BaseConnection->simpleQuery('INSERT INTO `patients` (`first_name`, `last_name`, `email`, `phone`, `date_of_birth`, `gender`, `address`, `status`, `type`, `created_at`, `updated_at`) VALUES (\'sff\', \'Unknown\', \'sff.unknown5582@temp.com\', \'09993879342\', \'1990-01-01\', \'other\', \'Not provided\', \'active\', \'walkin\', \'2025-11-19 14:04:53\', \'2025-11-19 14:04:53\')')
 3 SYSTEMPATH\Database\BaseBuilder.php(2345): CodeIgniter\Database\BaseConnection->query('INSERT INTO `patients` (`first_name`, `last_name`, `email`, `phone`, `date_of_birth`, `gender`, `address`, `status`, `type`, `created_at`, `updated_at`) VALUES (:first_name:, :last_name:, :email:, :phone:, :date_of_birth:, :gender:, :address:, :status:, :type:, :created_at:, :updated_at:)', [...], false)
 4 APPPATH\Controllers\Pharmacy.php(470): CodeIgniter\Database\BaseBuilder->insert([...])
 5 SYSTEMPATH\CodeIgniter.php(933): App\Controllers\Pharmacy->createTransaction()
 6 SYSTEMPATH\CodeIgniter.php(507): CodeIgniter\CodeIgniter->runController(Object(App\Controllers\Pharmacy))
 7 SYSTEMPATH\CodeIgniter.php(354): CodeIgniter\CodeIgniter->handleRequest(null, Object(Config\Cache), false)
 8 SYSTEMPATH\Boot.php(363): CodeIgniter\CodeIgniter->run()
 9 SYSTEMPATH\Boot.php(68): CodeIgniter\Boot::runCodeIgniter(Object(CodeIgniter\CodeIgniter))
10 FCPATH\index.php(59): CodeIgniter\Boot::bootWeb(Object(Config\Paths))
CRITICAL - 2025-11-19 14:04:53 --> [Caused by] mysqli_sql_exception: Duplicate entry '' for key 'PRIMARY'
in SYSTEMPATH\Database\MySQLi\Connection.php on line 327.
 1 SYSTEMPATH\Database\MySQLi\Connection.php(327): mysqli->query('INSERT INTO `patients` (`first_name`, `last_name`, `email`, `phone`, `date_of_birth`, `gender`, `address`, `status`, `type`, `created_at`, `updated_at`) VALUES (\'sff\', \'Unknown\', \'sff.unknown5582@temp.com\', \'09993879342\', \'1990-01-01\', \'other\', \'Not provided\', \'active\', \'walkin\', \'2025-11-19 14:04:53\', \'2025-11-19 14:04:53\')', 0)
 2 SYSTEMPATH\Database\BaseConnection.php(729): CodeIgniter\Database\MySQLi\Connection->execute('INSERT INTO `patients` (`first_name`, `last_name`, `email`, `phone`, `date_of_birth`, `gender`, `address`, `status`, `type`, `created_at`, `updated_at`) VALUES (\'sff\', \'Unknown\', \'sff.unknown5582@temp.com\', \'09993879342\', \'1990-01-01\', \'other\', \'Not provided\', \'active\', \'walkin\', \'2025-11-19 14:04:53\', \'2025-11-19 14:04:53\')')
 3 SYSTEMPATH\Database\BaseConnection.php(646): CodeIgniter\Database\BaseConnection->simpleQuery('INSERT INTO `patients` (`first_name`, `last_name`, `email`, `phone`, `date_of_birth`, `gender`, `address`, `status`, `type`, `created_at`, `updated_at`) VALUES (\'sff\', \'Unknown\', \'sff.unknown5582@temp.com\', \'09993879342\', \'1990-01-01\', \'other\', \'Not provided\', \'active\', \'walkin\', \'2025-11-19 14:04:53\', \'2025-11-19 14:04:53\')')
 4 SYSTEMPATH\Database\BaseBuilder.php(2345): CodeIgniter\Database\BaseConnection->query('INSERT INTO `patients` (`first_name`, `last_name`, `email`, `phone`, `date_of_birth`, `gender`, `address`, `status`, `type`, `created_at`, `updated_at`) VALUES (:first_name:, :last_name:, :email:, :phone:, :date_of_birth:, :gender:, :address:, :status:, :type:, :created_at:, :updated_at:)', [...], false)
 5 APPPATH\Controllers\Pharmacy.php(470): CodeIgniter\Database\BaseBuilder->insert([...])
 6 SYSTEMPATH\CodeIgniter.php(933): App\Controllers\Pharmacy->createTransaction()
 7 SYSTEMPATH\CodeIgniter.php(507): CodeIgniter\CodeIgniter->runController(Object(App\Controllers\Pharmacy))
 8 SYSTEMPATH\CodeIgniter.php(354): CodeIgniter\CodeIgniter->handleRequest(null, Object(Config\Cache), false)
 9 SYSTEMPATH\Boot.php(363): CodeIgniter\CodeIgniter->run()
10 SYSTEMPATH\Boot.php(68): CodeIgniter\Boot::runCodeIgniter(Object(CodeIgniter\CodeIgniter))
11 FCPATH\index.php(59): CodeIgniter\Boot::bootWeb(Object(Config\Paths))
ERROR - 2025-11-19 14:05:25 --> mysqli_sql_exception: Duplicate entry '' for key 'PRIMARY' in C:\xampp\htdocs\WebSystemITE-G9\system\Database\MySQLi\Connection.php:327
Stack trace:
#0 C:\xampp\htdocs\WebSystemITE-G9\system\Database\MySQLi\Connection.php(327): mysqli->query('INSERT INTO `pa...', 0)
#1 C:\xampp\htdocs\WebSystemITE-G9\system\Database\BaseConnection.php(729): CodeIgniter\Database\MySQLi\Connection->execute('INSERT INTO `pa...')
#2 C:\xampp\htdocs\WebSystemITE-G9\system\Database\BaseConnection.php(646): CodeIgniter\Database\BaseConnection->simpleQuery('INSERT INTO `pa...')
#3 C:\xampp\htdocs\WebSystemITE-G9\system\Database\BaseBuilder.php(2345): CodeIgniter\Database\BaseConnection->query('INSERT INTO `pa...', Array, false)
#4 C:\xampp\htdocs\WebSystemITE-G9\app\Controllers\Pharmacy.php(470): CodeIgniter\Database\BaseBuilder->insert(Array)
#5 C:\xampp\htdocs\WebSystemITE-G9\system\CodeIgniter.php(933): App\Controllers\Pharmacy->createTransaction()
#6 C:\xampp\htdocs\WebSystemITE-G9\system\CodeIgniter.php(507): CodeIgniter\CodeIgniter->runController(Object(App\Controllers\Pharmacy))
#7 C:\xampp\htdocs\WebSystemITE-G9\system\CodeIgniter.php(354): CodeIgniter\CodeIgniter->handleRequest(NULL, Object(Config\Cache), false)
#8 C:\xampp\htdocs\WebSystemITE-G9\system\Boot.php(363): CodeIgniter\CodeIgniter->run()
#9 C:\xampp\htdocs\WebSystemITE-G9\system\Boot.php(68): CodeIgniter\Boot::runCodeIgniter(Object(CodeIgniter\CodeIgniter))
#10 C:\xampp\htdocs\WebSystemITE-G9\public\index.php(59): CodeIgniter\Boot::bootWeb(Object(Config\Paths))
#11 {main}
CRITICAL - 2025-11-19 14:05:25 --> CodeIgniter\Database\Exceptions\DatabaseException: Duplicate entry '' for key 'PRIMARY'
[Method: POST, Route: api/pharmacy/transaction/create]
in SYSTEMPATH\Database\BaseConnection.php on line 684.
 1 SYSTEMPATH\Database\BaseBuilder.php(2345): CodeIgniter\Database\BaseConnection->query('INSERT INTO `patients` (`first_name`, `last_name`, `email`, `phone`, `date_of_birth`, `gender`, `address`, `status`, `type`, `created_at`, `updated_at`) VALUES (:first_name:, :last_name:, :email:, :phone:, :date_of_birth:, :gender:, :address:, :status:, :type:, :created_at:, :updated_at:)', [...], false)
 2 APPPATH\Controllers\Pharmacy.php(470): CodeIgniter\Database\BaseBuilder->insert([...])
 3 SYSTEMPATH\CodeIgniter.php(933): App\Controllers\Pharmacy->createTransaction()
 4 SYSTEMPATH\CodeIgniter.php(507): CodeIgniter\CodeIgniter->runController(Object(App\Controllers\Pharmacy))
 5 SYSTEMPATH\CodeIgniter.php(354): CodeIgniter\CodeIgniter->handleRequest(null, Object(Config\Cache), false)
 6 SYSTEMPATH\Boot.php(363): CodeIgniter\CodeIgniter->run()
 7 SYSTEMPATH\Boot.php(68): CodeIgniter\Boot::runCodeIgniter(Object(CodeIgniter\CodeIgniter))
 8 FCPATH\index.php(59): CodeIgniter\Boot::bootWeb(Object(Config\Paths))
CRITICAL - 2025-11-19 14:05:25 --> [Caused by] CodeIgniter\Database\Exceptions\DatabaseException: Duplicate entry '' for key 'PRIMARY'
in SYSTEMPATH\Database\MySQLi\Connection.php on line 332.
 1 SYSTEMPATH\Database\BaseConnection.php(729): CodeIgniter\Database\MySQLi\Connection->execute('INSERT INTO `patients` (`first_name`, `last_name`, `email`, `phone`, `date_of_birth`, `gender`, `address`, `status`, `type`, `created_at`, `updated_at`) VALUES (\'jjkhk\', \'Unknown\', \'jjkhk.unknown1177@temp.com\', \'09677822077\', \'1990-01-01\', \'other\', \'Not provided\', \'active\', \'walkin\', \'2025-11-19 14:05:25\', \'2025-11-19 14:05:25\')')
 2 SYSTEMPATH\Database\BaseConnection.php(646): CodeIgniter\Database\BaseConnection->simpleQuery('INSERT INTO `patients` (`first_name`, `last_name`, `email`, `phone`, `date_of_birth`, `gender`, `address`, `status`, `type`, `created_at`, `updated_at`) VALUES (\'jjkhk\', \'Unknown\', \'jjkhk.unknown1177@temp.com\', \'09677822077\', \'1990-01-01\', \'other\', \'Not provided\', \'active\', \'walkin\', \'2025-11-19 14:05:25\', \'2025-11-19 14:05:25\')')
 3 SYSTEMPATH\Database\BaseBuilder.php(2345): CodeIgniter\Database\BaseConnection->query('INSERT INTO `patients` (`first_name`, `last_name`, `email`, `phone`, `date_of_birth`, `gender`, `address`, `status`, `type`, `created_at`, `updated_at`) VALUES (:first_name:, :last_name:, :email:, :phone:, :date_of_birth:, :gender:, :address:, :status:, :type:, :created_at:, :updated_at:)', [...], false)
 4 APPPATH\Controllers\Pharmacy.php(470): CodeIgniter\Database\BaseBuilder->insert([...])
 5 SYSTEMPATH\CodeIgniter.php(933): App\Controllers\Pharmacy->createTransaction()
 6 SYSTEMPATH\CodeIgniter.php(507): CodeIgniter\CodeIgniter->runController(Object(App\Controllers\Pharmacy))
 7 SYSTEMPATH\CodeIgniter.php(354): CodeIgniter\CodeIgniter->handleRequest(null, Object(Config\Cache), false)
 8 SYSTEMPATH\Boot.php(363): CodeIgniter\CodeIgniter->run()
 9 SYSTEMPATH\Boot.php(68): CodeIgniter\Boot::runCodeIgniter(Object(CodeIgniter\CodeIgniter))
10 FCPATH\index.php(59): CodeIgniter\Boot::bootWeb(Object(Config\Paths))
CRITICAL - 2025-11-19 14:05:25 --> [Caused by] mysqli_sql_exception: Duplicate entry '' for key 'PRIMARY'
in SYSTEMPATH\Database\MySQLi\Connection.php on line 327.
 1 SYSTEMPATH\Database\MySQLi\Connection.php(327): mysqli->query('INSERT INTO `patients` (`first_name`, `last_name`, `email`, `phone`, `date_of_birth`, `gender`, `address`, `status`, `type`, `created_at`, `updated_at`) VALUES (\'jjkhk\', \'Unknown\', \'jjkhk.unknown1177@temp.com\', \'09677822077\', \'1990-01-01\', \'other\', \'Not provided\', \'active\', \'walkin\', \'2025-11-19 14:05:25\', \'2025-11-19 14:05:25\')', 0)
 2 SYSTEMPATH\Database\BaseConnection.php(729): CodeIgniter\Database\MySQLi\Connection->execute('INSERT INTO `patients` (`first_name`, `last_name`, `email`, `phone`, `date_of_birth`, `gender`, `address`, `status`, `type`, `created_at`, `updated_at`) VALUES (\'jjkhk\', \'Unknown\', \'jjkhk.unknown1177@temp.com\', \'09677822077\', \'1990-01-01\', \'other\', \'Not provided\', \'active\', \'walkin\', \'2025-11-19 14:05:25\', \'2025-11-19 14:05:25\')')
 3 SYSTEMPATH\Database\BaseConnection.php(646): CodeIgniter\Database\BaseConnection->simpleQuery('INSERT INTO `patients` (`first_name`, `last_name`, `email`, `phone`, `date_of_birth`, `gender`, `address`, `status`, `type`, `created_at`, `updated_at`) VALUES (\'jjkhk\', \'Unknown\', \'jjkhk.unknown1177@temp.com\', \'09677822077\', \'1990-01-01\', \'other\', \'Not provided\', \'active\', \'walkin\', \'2025-11-19 14:05:25\', \'2025-11-19 14:05:25\')')
 4 SYSTEMPATH\Database\BaseBuilder.php(2345): CodeIgniter\Database\BaseConnection->query('INSERT INTO `patients` (`first_name`, `last_name`, `email`, `phone`, `date_of_birth`, `gender`, `address`, `status`, `type`, `created_at`, `updated_at`) VALUES (:first_name:, :last_name:, :email:, :phone:, :date_of_birth:, :gender:, :address:, :status:, :type:, :created_at:, :updated_at:)', [...], false)
 5 APPPATH\Controllers\Pharmacy.php(470): CodeIgniter\Database\BaseBuilder->insert([...])
 6 SYSTEMPATH\CodeIgniter.php(933): App\Controllers\Pharmacy->createTransaction()
 7 SYSTEMPATH\CodeIgniter.php(507): CodeIgniter\CodeIgniter->runController(Object(App\Controllers\Pharmacy))
 8 SYSTEMPATH\CodeIgniter.php(354): CodeIgniter\CodeIgniter->handleRequest(null, Object(Config\Cache), false)
 9 SYSTEMPATH\Boot.php(363): CodeIgniter\CodeIgniter->run()
10 SYSTEMPATH\Boot.php(68): CodeIgniter\Boot::runCodeIgniter(Object(CodeIgniter\CodeIgniter))
11 FCPATH\index.php(59): CodeIgniter\Boot::bootWeb(Object(Config\Paths))
ERROR - 2025-11-19 14:05:30 --> mysqli_sql_exception: Duplicate entry '' for key 'PRIMARY' in C:\xampp\htdocs\WebSystemITE-G9\system\Database\MySQLi\Connection.php:327
Stack trace:
#0 C:\xampp\htdocs\WebSystemITE-G9\system\Database\MySQLi\Connection.php(327): mysqli->query('INSERT INTO `pa...', 0)
#1 C:\xampp\htdocs\WebSystemITE-G9\system\Database\BaseConnection.php(729): CodeIgniter\Database\MySQLi\Connection->execute('INSERT INTO `pa...')
#2 C:\xampp\htdocs\WebSystemITE-G9\system\Database\BaseConnection.php(646): CodeIgniter\Database\BaseConnection->simpleQuery('INSERT INTO `pa...')
#3 C:\xampp\htdocs\WebSystemITE-G9\system\Database\BaseBuilder.php(2345): CodeIgniter\Database\BaseConnection->query('INSERT INTO `pa...', Array, false)
#4 C:\xampp\htdocs\WebSystemITE-G9\app\Controllers\Pharmacy.php(470): CodeIgniter\Database\BaseBuilder->insert(Array)
#5 C:\xampp\htdocs\WebSystemITE-G9\system\CodeIgniter.php(933): App\Controllers\Pharmacy->createTransaction()
#6 C:\xampp\htdocs\WebSystemITE-G9\system\CodeIgniter.php(507): CodeIgniter\CodeIgniter->runController(Object(App\Controllers\Pharmacy))
#7 C:\xampp\htdocs\WebSystemITE-G9\system\CodeIgniter.php(354): CodeIgniter\CodeIgniter->handleRequest(NULL, Object(Config\Cache), false)
#8 C:\xampp\htdocs\WebSystemITE-G9\system\Boot.php(363): CodeIgniter\CodeIgniter->run()
#9 C:\xampp\htdocs\WebSystemITE-G9\system\Boot.php(68): CodeIgniter\Boot::runCodeIgniter(Object(CodeIgniter\CodeIgniter))
#10 C:\xampp\htdocs\WebSystemITE-G9\public\index.php(59): CodeIgniter\Boot::bootWeb(Object(Config\Paths))
#11 {main}
CRITICAL - 2025-11-19 14:05:30 --> CodeIgniter\Database\Exceptions\DatabaseException: Duplicate entry '' for key 'PRIMARY'
[Method: POST, Route: api/pharmacy/transaction/create]
in SYSTEMPATH\Database\BaseConnection.php on line 684.
 1 SYSTEMPATH\Database\BaseBuilder.php(2345): CodeIgniter\Database\BaseConnection->query('INSERT INTO `patients` (`first_name`, `last_name`, `email`, `phone`, `date_of_birth`, `gender`, `address`, `status`, `type`, `created_at`, `updated_at`) VALUES (:first_name:, :last_name:, :email:, :phone:, :date_of_birth:, :gender:, :address:, :status:, :type:, :created_at:, :updated_at:)', [...], false)
 2 APPPATH\Controllers\Pharmacy.php(470): CodeIgniter\Database\BaseBuilder->insert([...])
 3 SYSTEMPATH\CodeIgniter.php(933): App\Controllers\Pharmacy->createTransaction()
 4 SYSTEMPATH\CodeIgniter.php(507): CodeIgniter\CodeIgniter->runController(Object(App\Controllers\Pharmacy))
 5 SYSTEMPATH\CodeIgniter.php(354): CodeIgniter\CodeIgniter->handleRequest(null, Object(Config\Cache), false)
 6 SYSTEMPATH\Boot.php(363): CodeIgniter\CodeIgniter->run()
 7 SYSTEMPATH\Boot.php(68): CodeIgniter\Boot::runCodeIgniter(Object(CodeIgniter\CodeIgniter))
 8 FCPATH\index.php(59): CodeIgniter\Boot::bootWeb(Object(Config\Paths))
CRITICAL - 2025-11-19 14:05:30 --> [Caused by] CodeIgniter\Database\Exceptions\DatabaseException: Duplicate entry '' for key 'PRIMARY'
in SYSTEMPATH\Database\MySQLi\Connection.php on line 332.
 1 SYSTEMPATH\Database\BaseConnection.php(729): CodeIgniter\Database\MySQLi\Connection->execute('INSERT INTO `patients` (`first_name`, `last_name`, `email`, `phone`, `date_of_birth`, `gender`, `address`, `status`, `type`, `created_at`, `updated_at`) VALUES (\'jjkhk\', \'Unknown\', \'jjkhk.unknown6514@temp.com\', \'09301107432\', \'1990-01-01\', \'other\', \'Not provided\', \'active\', \'walkin\', \'2025-11-19 14:05:30\', \'2025-11-19 14:05:30\')')
 2 SYSTEMPATH\Database\BaseConnection.php(646): CodeIgniter\Database\BaseConnection->simpleQuery('INSERT INTO `patients` (`first_name`, `last_name`, `email`, `phone`, `date_of_birth`, `gender`, `address`, `status`, `type`, `created_at`, `updated_at`) VALUES (\'jjkhk\', \'Unknown\', \'jjkhk.unknown6514@temp.com\', \'09301107432\', \'1990-01-01\', \'other\', \'Not provided\', \'active\', \'walkin\', \'2025-11-19 14:05:30\', \'2025-11-19 14:05:30\')')
 3 SYSTEMPATH\Database\BaseBuilder.php(2345): CodeIgniter\Database\BaseConnection->query('INSERT INTO `patients` (`first_name`, `last_name`, `email`, `phone`, `date_of_birth`, `gender`, `address`, `status`, `type`, `created_at`, `updated_at`) VALUES (:first_name:, :last_name:, :email:, :phone:, :date_of_birth:, :gender:, :address:, :status:, :type:, :created_at:, :updated_at:)', [...], false)
 4 APPPATH\Controllers\Pharmacy.php(470): CodeIgniter\Database\BaseBuilder->insert([...])
 5 SYSTEMPATH\CodeIgniter.php(933): App\Controllers\Pharmacy->createTransaction()
 6 SYSTEMPATH\CodeIgniter.php(507): CodeIgniter\CodeIgniter->runController(Object(App\Controllers\Pharmacy))
 7 SYSTEMPATH\CodeIgniter.php(354): CodeIgniter\CodeIgniter->handleRequest(null, Object(Config\Cache), false)
 8 SYSTEMPATH\Boot.php(363): CodeIgniter\CodeIgniter->run()
 9 SYSTEMPATH\Boot.php(68): CodeIgniter\Boot::runCodeIgniter(Object(CodeIgniter\CodeIgniter))
10 FCPATH\index.php(59): CodeIgniter\Boot::bootWeb(Object(Config\Paths))
CRITICAL - 2025-11-19 14:05:30 --> [Caused by] mysqli_sql_exception: Duplicate entry '' for key 'PRIMARY'
in SYSTEMPATH\Database\MySQLi\Connection.php on line 327.
 1 SYSTEMPATH\Database\MySQLi\Connection.php(327): mysqli->query('INSERT INTO `patients` (`first_name`, `last_name`, `email`, `phone`, `date_of_birth`, `gender`, `address`, `status`, `type`, `created_at`, `updated_at`) VALUES (\'jjkhk\', \'Unknown\', \'jjkhk.unknown6514@temp.com\', \'09301107432\', \'1990-01-01\', \'other\', \'Not provided\', \'active\', \'walkin\', \'2025-11-19 14:05:30\', \'2025-11-19 14:05:30\')', 0)
 2 SYSTEMPATH\Database\BaseConnection.php(729): CodeIgniter\Database\MySQLi\Connection->execute('INSERT INTO `patients` (`first_name`, `last_name`, `email`, `phone`, `date_of_birth`, `gender`, `address`, `status`, `type`, `created_at`, `updated_at`) VALUES (\'jjkhk\', \'Unknown\', \'jjkhk.unknown6514@temp.com\', \'09301107432\', \'1990-01-01\', \'other\', \'Not provided\', \'active\', \'walkin\', \'2025-11-19 14:05:30\', \'2025-11-19 14:05:30\')')
 3 SYSTEMPATH\Database\BaseConnection.php(646): CodeIgniter\Database\BaseConnection->simpleQuery('INSERT INTO `patients` (`first_name`, `last_name`, `email`, `phone`, `date_of_birth`, `gender`, `address`, `status`, `type`, `created_at`, `updated_at`) VALUES (\'jjkhk\', \'Unknown\', \'jjkhk.unknown6514@temp.com\', \'09301107432\', \'1990-01-01\', \'other\', \'Not provided\', \'active\', \'walkin\', \'2025-11-19 14:05:30\', \'2025-11-19 14:05:30\')')
 4 SYSTEMPATH\Database\BaseBuilder.php(2345): CodeIgniter\Database\BaseConnection->query('INSERT INTO `patients` (`first_name`, `last_name`, `email`, `phone`, `date_of_birth`, `gender`, `address`, `status`, `type`, `created_at`, `updated_at`) VALUES (:first_name:, :last_name:, :email:, :phone:, :date_of_birth:, :gender:, :address:, :status:, :type:, :created_at:, :updated_at:)', [...], false)
 5 APPPATH\Controllers\Pharmacy.php(470): CodeIgniter\Database\BaseBuilder->insert([...])
 6 SYSTEMPATH\CodeIgniter.php(933): App\Controllers\Pharmacy->createTransaction()
 7 SYSTEMPATH\CodeIgniter.php(507): CodeIgniter\CodeIgniter->runController(Object(App\Controllers\Pharmacy))
 8 SYSTEMPATH\CodeIgniter.php(354): CodeIgniter\CodeIgniter->handleRequest(null, Object(Config\Cache), false)
 9 SYSTEMPATH\Boot.php(363): CodeIgniter\CodeIgniter->run()
10 SYSTEMPATH\Boot.php(68): CodeIgniter\Boot::runCodeIgniter(Object(CodeIgniter\CodeIgniter))
11 FCPATH\index.php(59): CodeIgniter\Boot::bootWeb(Object(Config\Paths))
ERROR - 2025-11-19 14:05:54 --> mysqli_sql_exception: Duplicate entry '' for key 'PRIMARY' in C:\xampp\htdocs\WebSystemITE-G9\system\Database\MySQLi\Connection.php:327
Stack trace:
#0 C:\xampp\htdocs\WebSystemITE-G9\system\Database\MySQLi\Connection.php(327): mysqli->query('INSERT INTO `pa...', 0)
#1 C:\xampp\htdocs\WebSystemITE-G9\system\Database\BaseConnection.php(729): CodeIgniter\Database\MySQLi\Connection->execute('INSERT INTO `pa...')
#2 C:\xampp\htdocs\WebSystemITE-G9\system\Database\BaseConnection.php(646): CodeIgniter\Database\BaseConnection->simpleQuery('INSERT INTO `pa...')
#3 C:\xampp\htdocs\WebSystemITE-G9\system\Database\BaseBuilder.php(2345): CodeIgniter\Database\BaseConnection->query('INSERT INTO `pa...', Array, false)
#4 C:\xampp\htdocs\WebSystemITE-G9\app\Controllers\Pharmacy.php(470): CodeIgniter\Database\BaseBuilder->insert(Array)
#5 C:\xampp\htdocs\WebSystemITE-G9\system\CodeIgniter.php(933): App\Controllers\Pharmacy->createTransaction()
#6 C:\xampp\htdocs\WebSystemITE-G9\system\CodeIgniter.php(507): CodeIgniter\CodeIgniter->runController(Object(App\Controllers\Pharmacy))
#7 C:\xampp\htdocs\WebSystemITE-G9\system\CodeIgniter.php(354): CodeIgniter\CodeIgniter->handleRequest(NULL, Object(Config\Cache), false)
#8 C:\xampp\htdocs\WebSystemITE-G9\system\Boot.php(363): CodeIgniter\CodeIgniter->run()
#9 C:\xampp\htdocs\WebSystemITE-G9\system\Boot.php(68): CodeIgniter\Boot::runCodeIgniter(Object(CodeIgniter\CodeIgniter))
#10 C:\xampp\htdocs\WebSystemITE-G9\public\index.php(59): CodeIgniter\Boot::bootWeb(Object(Config\Paths))
#11 {main}
CRITICAL - 2025-11-19 14:05:54 --> CodeIgniter\Database\Exceptions\DatabaseException: Duplicate entry '' for key 'PRIMARY'
[Method: POST, Route: api/pharmacy/transaction/create]
in SYSTEMPATH\Database\BaseConnection.php on line 684.
 1 SYSTEMPATH\Database\BaseBuilder.php(2345): CodeIgniter\Database\BaseConnection->query('INSERT INTO `patients` (`first_name`, `last_name`, `email`, `phone`, `date_of_birth`, `gender`, `address`, `status`, `type`, `created_at`, `updated_at`) VALUES (:first_name:, :last_name:, :email:, :phone:, :date_of_birth:, :gender:, :address:, :status:, :type:, :created_at:, :updated_at:)', [...], false)
 2 APPPATH\Controllers\Pharmacy.php(470): CodeIgniter\Database\BaseBuilder->insert([...])
 3 SYSTEMPATH\CodeIgniter.php(933): App\Controllers\Pharmacy->createTransaction()
 4 SYSTEMPATH\CodeIgniter.php(507): CodeIgniter\CodeIgniter->runController(Object(App\Controllers\Pharmacy))
 5 SYSTEMPATH\CodeIgniter.php(354): CodeIgniter\CodeIgniter->handleRequest(null, Object(Config\Cache), false)
 6 SYSTEMPATH\Boot.php(363): CodeIgniter\CodeIgniter->run()
 7 SYSTEMPATH\Boot.php(68): CodeIgniter\Boot::runCodeIgniter(Object(CodeIgniter\CodeIgniter))
 8 FCPATH\index.php(59): CodeIgniter\Boot::bootWeb(Object(Config\Paths))
CRITICAL - 2025-11-19 14:05:54 --> [Caused by] CodeIgniter\Database\Exceptions\DatabaseException: Duplicate entry '' for key 'PRIMARY'
in SYSTEMPATH\Database\MySQLi\Connection.php on line 332.
 1 SYSTEMPATH\Database\BaseConnection.php(729): CodeIgniter\Database\MySQLi\Connection->execute('INSERT INTO `patients` (`first_name`, `last_name`, `email`, `phone`, `date_of_birth`, `gender`, `address`, `status`, `type`, `created_at`, `updated_at`) VALUES (\'jjkhk\', \'Unknown\', \'jjkhk.unknown3652@temp.com\', \'09602367644\', \'1990-01-01\', \'other\', \'Not provided\', \'active\', \'walkin\', \'2025-11-19 14:05:54\', \'2025-11-19 14:05:54\')')
 2 SYSTEMPATH\Database\BaseConnection.php(646): CodeIgniter\Database\BaseConnection->simpleQuery('INSERT INTO `patients` (`first_name`, `last_name`, `email`, `phone`, `date_of_birth`, `gender`, `address`, `status`, `type`, `created_at`, `updated_at`) VALUES (\'jjkhk\', \'Unknown\', \'jjkhk.unknown3652@temp.com\', \'09602367644\', \'1990-01-01\', \'other\', \'Not provided\', \'active\', \'walkin\', \'2025-11-19 14:05:54\', \'2025-11-19 14:05:54\')')
 3 SYSTEMPATH\Database\BaseBuilder.php(2345): CodeIgniter\Database\BaseConnection->query('INSERT INTO `patients` (`first_name`, `last_name`, `email`, `phone`, `date_of_birth`, `gender`, `address`, `status`, `type`, `created_at`, `updated_at`) VALUES (:first_name:, :last_name:, :email:, :phone:, :date_of_birth:, :gender:, :address:, :status:, :type:, :created_at:, :updated_at:)', [...], false)
 4 APPPATH\Controllers\Pharmacy.php(470): CodeIgniter\Database\BaseBuilder->insert([...])
 5 SYSTEMPATH\CodeIgniter.php(933): App\Controllers\Pharmacy->createTransaction()
 6 SYSTEMPATH\CodeIgniter.php(507): CodeIgniter\CodeIgniter->runController(Object(App\Controllers\Pharmacy))
 7 SYSTEMPATH\CodeIgniter.php(354): CodeIgniter\CodeIgniter->handleRequest(null, Object(Config\Cache), false)
 8 SYSTEMPATH\Boot.php(363): CodeIgniter\CodeIgniter->run()
 9 SYSTEMPATH\Boot.php(68): CodeIgniter\Boot::runCodeIgniter(Object(CodeIgniter\CodeIgniter))
10 FCPATH\index.php(59): CodeIgniter\Boot::bootWeb(Object(Config\Paths))
CRITICAL - 2025-11-19 14:05:54 --> [Caused by] mysqli_sql_exception: Duplicate entry '' for key 'PRIMARY'
in SYSTEMPATH\Database\MySQLi\Connection.php on line 327.
 1 SYSTEMPATH\Database\MySQLi\Connection.php(327): mysqli->query('INSERT INTO `patients` (`first_name`, `last_name`, `email`, `phone`, `date_of_birth`, `gender`, `address`, `status`, `type`, `created_at`, `updated_at`) VALUES (\'jjkhk\', \'Unknown\', \'jjkhk.unknown3652@temp.com\', \'09602367644\', \'1990-01-01\', \'other\', \'Not provided\', \'active\', \'walkin\', \'2025-11-19 14:05:54\', \'2025-11-19 14:05:54\')', 0)
 2 SYSTEMPATH\Database\BaseConnection.php(729): CodeIgniter\Database\MySQLi\Connection->execute('INSERT INTO `patients` (`first_name`, `last_name`, `email`, `phone`, `date_of_birth`, `gender`, `address`, `status`, `type`, `created_at`, `updated_at`) VALUES (\'jjkhk\', \'Unknown\', \'jjkhk.unknown3652@temp.com\', \'09602367644\', \'1990-01-01\', \'other\', \'Not provided\', \'active\', \'walkin\', \'2025-11-19 14:05:54\', \'2025-11-19 14:05:54\')')
 3 SYSTEMPATH\Database\BaseConnection.php(646): CodeIgniter\Database\BaseConnection->simpleQuery('INSERT INTO `patients` (`first_name`, `last_name`, `email`, `phone`, `date_of_birth`, `gender`, `address`, `status`, `type`, `created_at`, `updated_at`) VALUES (\'jjkhk\', \'Unknown\', \'jjkhk.unknown3652@temp.com\', \'09602367644\', \'1990-01-01\', \'other\', \'Not provided\', \'active\', \'walkin\', \'2025-11-19 14:05:54\', \'2025-11-19 14:05:54\')')
 4 SYSTEMPATH\Database\BaseBuilder.php(2345): CodeIgniter\Database\BaseConnection->query('INSERT INTO `patients` (`first_name`, `last_name`, `email`, `phone`, `date_of_birth`, `gender`, `address`, `status`, `type`, `created_at`, `updated_at`) VALUES (:first_name:, :last_name:, :email:, :phone:, :date_of_birth:, :gender:, :address:, :status:, :type:, :created_at:, :updated_at:)', [...], false)
 5 APPPATH\Controllers\Pharmacy.php(470): CodeIgniter\Database\BaseBuilder->insert([...])
 6 SYSTEMPATH\CodeIgniter.php(933): App\Controllers\Pharmacy->createTransaction()
 7 SYSTEMPATH\CodeIgniter.php(507): CodeIgniter\CodeIgniter->runController(Object(App\Controllers\Pharmacy))
 8 SYSTEMPATH\CodeIgniter.php(354): CodeIgniter\CodeIgniter->handleRequest(null, Object(Config\Cache), false)
 9 SYSTEMPATH\Boot.php(363): CodeIgniter\CodeIgniter->run()
10 SYSTEMPATH\Boot.php(68): CodeIgniter\Boot::runCodeIgniter(Object(CodeIgniter\CodeIgniter))
11 FCPATH\index.php(59): CodeIgniter\Boot::bootWeb(Object(Config\Paths))
ERROR - 2025-11-19 14:27:24 --> mysqli_sql_exception: Column 'patient_id' cannot be null in C:\xampp\htdocs\WebSystemITE-G9\system\Database\MySQLi\Connection.php:327
Stack trace:
#0 C:\xampp\htdocs\WebSystemITE-G9\system\Database\MySQLi\Connection.php(327): mysqli->query('INSERT INTO `ph...', 0)
#1 C:\xampp\htdocs\WebSystemITE-G9\system\Database\BaseConnection.php(729): CodeIgniter\Database\MySQLi\Connection->execute('INSERT INTO `ph...')
#2 C:\xampp\htdocs\WebSystemITE-G9\system\Database\BaseConnection.php(646): CodeIgniter\Database\BaseConnection->simpleQuery('INSERT INTO `ph...')
#3 C:\xampp\htdocs\WebSystemITE-G9\system\Database\BaseBuilder.php(2345): CodeIgniter\Database\BaseConnection->query('INSERT INTO `ph...', Array, false)
#4 C:\xampp\htdocs\WebSystemITE-G9\app\Controllers\Pharmacy.php(568): CodeIgniter\Database\BaseBuilder->insert(Array)
#5 C:\xampp\htdocs\WebSystemITE-G9\system\CodeIgniter.php(933): App\Controllers\Pharmacy->createTransaction()
#6 C:\xampp\htdocs\WebSystemITE-G9\system\CodeIgniter.php(507): CodeIgniter\CodeIgniter->runController(Object(App\Controllers\Pharmacy))
#7 C:\xampp\htdocs\WebSystemITE-G9\system\CodeIgniter.php(354): CodeIgniter\CodeIgniter->handleRequest(NULL, Object(Config\Cache), false)
#8 C:\xampp\htdocs\WebSystemITE-G9\system\Boot.php(363): CodeIgniter\CodeIgniter->run()
#9 C:\xampp\htdocs\WebSystemITE-G9\system\Boot.php(68): CodeIgniter\Boot::runCodeIgniter(Object(CodeIgniter\CodeIgniter))
#10 C:\xampp\htdocs\WebSystemITE-G9\public\index.php(59): CodeIgniter\Boot::bootWeb(Object(Config\Paths))
#11 {main}
ERROR - 2025-11-19 18:09:35 --> mysqli_sql_exception: Can't DROP COLUMN `image`; check that it exists in C:\xampp\htdocs\WebSystemITE-G9\system\Database\MySQLi\Connection.php:327
Stack trace:
#0 C:\xampp\htdocs\WebSystemITE-G9\system\Database\MySQLi\Connection.php(327): mysqli->query('ALTER TABLE `me...', 0)
#1 C:\xampp\htdocs\WebSystemITE-G9\system\Database\BaseConnection.php(729): CodeIgniter\Database\MySQLi\Connection->execute('ALTER TABLE `me...')
#2 C:\xampp\htdocs\WebSystemITE-G9\system\Database\BaseConnection.php(646): CodeIgniter\Database\BaseConnection->simpleQuery('ALTER TABLE `me...')
#3 C:\xampp\htdocs\WebSystemITE-G9\system\Database\Forge.php(799): CodeIgniter\Database\BaseConnection->query('ALTER TABLE `me...')
#4 C:\xampp\htdocs\WebSystemITE-G9\app\Database\Migrations\2025-11-19-180849_AddImageColumnToMedicines.php(24): CodeIgniter\Database\Forge->dropColumn('medicines', 'image')
#5 C:\xampp\htdocs\WebSystemITE-G9\system\Database\MigrationRunner.php(876): App\Database\Migrations\AddImageColumnToMedicines->down()
#6 C:\xampp\htdocs\WebSystemITE-G9\system\Database\MigrationRunner.php(289): CodeIgniter\Database\MigrationRunner->migrate('down', Object(stdClass))
#7 C:\xampp\htdocs\WebSystemITE-G9\system\Commands\Database\MigrateRollback.php(101): CodeIgniter\Database\MigrationRunner->regress(1)
#8 C:\xampp\htdocs\WebSystemITE-G9\system\CLI\Commands.php(74): CodeIgniter\Commands\Database\MigrateRollback->run(Array)
#9 C:\xampp\htdocs\WebSystemITE-G9\system\CLI\Console.php(47): CodeIgniter\CLI\Commands->run('migrate:rollbac...', Array)
#10 C:\xampp\htdocs\WebSystemITE-G9\system\Boot.php(388): CodeIgniter\CLI\Console->run()
#11 C:\xampp\htdocs\WebSystemITE-G9\system\Boot.php(133): CodeIgniter\Boot::runCommand(Object(CodeIgniter\CLI\Console))
#12 C:\xampp\htdocs\WebSystemITE-G9\spark(87): CodeIgniter\Boot::bootSpark(Object(Config\Paths))
#13 {main}
