ERROR - 2025-11-04 11:46:10 --> mysqli_sql_exception: Can't create table `hms_g9`.`nurses` (errno: 150 "Foreign key constraint is incorrectly formed") in C:\xampp\htdocs\WebSystemITE-G9\system\Database\MySQLi\Connection.php:327
Stack trace:
#0 C:\xampp\htdocs\WebSystemITE-G9\system\Database\MySQLi\Connection.php(327): mysqli->query('CREATE TABLE `n...', 0)
#1 C:\xampp\htdocs\WebSystemITE-G9\system\Database\BaseConnection.php(729): CodeIgniter\Database\MySQLi\Connection->execute('CREATE TABLE `n...')
#2 C:\xampp\htdocs\WebSystemITE-G9\system\Database\BaseConnection.php(646): CodeIgniter\Database\BaseConnection->simpleQuery('CREATE TABLE `n...')
#3 C:\xampp\htdocs\WebSystemITE-G9\system\Database\Forge.php(570): CodeIgniter\Database\BaseConnection->query('CREATE TABLE `n...')
#4 C:\xampp\htdocs\WebSystemITE-G9\app\Database\Migrations\2025-10-21-144602_CreateNurseTable.php(68): CodeIgniter\Database\Forge->createTable('nurses', true)
#5 C:\xampp\htdocs\WebSystemITE-G9\system\Database\MigrationRunner.php(876): App\Database\Migrations\CreateNursesTable->up()
#6 C:\xampp\htdocs\WebSystemITE-G9\system\Database\MigrationRunner.php(182): CodeIgniter\Database\MigrationRunner->migrate('up', Object(stdClass))
#7 C:\xampp\htdocs\WebSystemITE-G9\system\Commands\Database\Migrate.php(85): CodeIgniter\Database\MigrationRunner->latest(NULL)
#8 C:\xampp\htdocs\WebSystemITE-G9\system\CLI\Commands.php(74): CodeIgniter\Commands\Database\Migrate->run(Array)
#9 C:\xampp\htdocs\WebSystemITE-G9\system\CLI\Console.php(47): CodeIgniter\CLI\Commands->run('migrate', Array)
#10 C:\xampp\htdocs\WebSystemITE-G9\system\Boot.php(388): CodeIgniter\CLI\Console->run()
#11 C:\xampp\htdocs\WebSystemITE-G9\system\Boot.php(133): CodeIgniter\Boot::runCommand(Object(CodeIgniter\CLI\Console))
#12 C:\xampp\htdocs\WebSystemITE-G9\spark(87): CodeIgniter\Boot::bootSpark(Object(Config\Paths))
#13 {main}
ERROR - 2025-11-04 12:00:54 --> mysqli_sql_exception: Table 'hms_g9.services' doesn't exist in C:\xampp\htdocs\WebSystemITE-G9\system\Database\MySQLi\Connection.php:327
Stack trace:
#0 C:\xampp\htdocs\WebSystemITE-G9\system\Database\MySQLi\Connection.php(327): mysqli->query('SHOW COLUMNS FR...', 0)
#1 C:\xampp\htdocs\WebSystemITE-G9\system\Database\BaseConnection.php(729): CodeIgniter\Database\MySQLi\Connection->execute('SHOW COLUMNS FR...')
#2 C:\xampp\htdocs\WebSystemITE-G9\system\Database\BaseConnection.php(646): CodeIgniter\Database\BaseConnection->simpleQuery('SHOW COLUMNS FR...')
#3 C:\xampp\htdocs\WebSystemITE-G9\system\Database\BaseConnection.php(1606): CodeIgniter\Database\BaseConnection->query('SHOW COLUMNS FR...')
#4 C:\xampp\htdocs\WebSystemITE-G9\app\Models\BillingModel.php(20): CodeIgniter\Database\BaseConnection->getFieldNames('services')
#5 C:\xampp\htdocs\WebSystemITE-G9\app\Models\BillingModel.php(64): App\Models\BillingModel->tableHas('services')
#6 C:\xampp\htdocs\WebSystemITE-G9\app\Models\BillingModel.php(76): App\Models\BillingModel->withRelations()
#7 C:\xampp\htdocs\WebSystemITE-G9\app\Models\BillingModel.php(93): App\Models\BillingModel->search(NULL)
#8 C:\xampp\htdocs\WebSystemITE-G9\app\Controllers\Billing.php(49): App\Models\BillingModel->getList(NULL)
#9 C:\xampp\htdocs\WebSystemITE-G9\system\CodeIgniter.php(933): App\Controllers\Billing->index()
#10 C:\xampp\htdocs\WebSystemITE-G9\system\CodeIgniter.php(507): CodeIgniter\CodeIgniter->runController(Object(App\Controllers\Billing))
#11 C:\xampp\htdocs\WebSystemITE-G9\system\CodeIgniter.php(354): CodeIgniter\CodeIgniter->handleRequest(NULL, Object(Config\Cache), false)
#12 C:\xampp\htdocs\WebSystemITE-G9\system\Boot.php(363): CodeIgniter\CodeIgniter->run()
#13 C:\xampp\htdocs\WebSystemITE-G9\system\Boot.php(68): CodeIgniter\Boot::runCodeIgniter(Object(CodeIgniter\CodeIgniter))
#14 C:\xampp\htdocs\WebSystemITE-G9\public\index.php(59): CodeIgniter\Boot::bootWeb(Object(Config\Paths))
#15 {main}
ERROR - 2025-11-04 12:01:24 --> mysqli_sql_exception: Table 'hms_g9.services' doesn't exist in C:\xampp\htdocs\WebSystemITE-G9\system\Database\MySQLi\Connection.php:327
Stack trace:
#0 C:\xampp\htdocs\WebSystemITE-G9\system\Database\MySQLi\Connection.php(327): mysqli->query('SHOW COLUMNS FR...', 0)
#1 C:\xampp\htdocs\WebSystemITE-G9\system\Database\BaseConnection.php(729): CodeIgniter\Database\MySQLi\Connection->execute('SHOW COLUMNS FR...')
#2 C:\xampp\htdocs\WebSystemITE-G9\system\Database\BaseConnection.php(646): CodeIgniter\Database\BaseConnection->simpleQuery('SHOW COLUMNS FR...')
#3 C:\xampp\htdocs\WebSystemITE-G9\system\Database\BaseConnection.php(1606): CodeIgniter\Database\BaseConnection->query('SHOW COLUMNS FR...')
#4 C:\xampp\htdocs\WebSystemITE-G9\app\Models\BillingModel.php(20): CodeIgniter\Database\BaseConnection->getFieldNames('services')
#5 C:\xampp\htdocs\WebSystemITE-G9\app\Models\BillingModel.php(64): App\Models\BillingModel->tableHas('services')
#6 C:\xampp\htdocs\WebSystemITE-G9\app\Models\BillingModel.php(76): App\Models\BillingModel->withRelations()
#7 C:\xampp\htdocs\WebSystemITE-G9\app\Models\BillingModel.php(93): App\Models\BillingModel->search(NULL)
#8 C:\xampp\htdocs\WebSystemITE-G9\app\Controllers\Billing.php(49): App\Models\BillingModel->getList(NULL)
#9 C:\xampp\htdocs\WebSystemITE-G9\system\CodeIgniter.php(933): App\Controllers\Billing->index()
#10 C:\xampp\htdocs\WebSystemITE-G9\system\CodeIgniter.php(507): CodeIgniter\CodeIgniter->runController(Object(App\Controllers\Billing))
#11 C:\xampp\htdocs\WebSystemITE-G9\system\CodeIgniter.php(354): CodeIgniter\CodeIgniter->handleRequest(NULL, Object(Config\Cache), false)
#12 C:\xampp\htdocs\WebSystemITE-G9\system\Boot.php(363): CodeIgniter\CodeIgniter->run()
#13 C:\xampp\htdocs\WebSystemITE-G9\system\Boot.php(68): CodeIgniter\Boot::runCodeIgniter(Object(CodeIgniter\CodeIgniter))
#14 C:\xampp\htdocs\WebSystemITE-G9\public\index.php(59): CodeIgniter\Boot::bootWeb(Object(Config\Paths))
#15 {main}
ERROR - 2025-11-04 12:01:46 --> mysqli_sql_exception: Table 'hms_g9.services' doesn't exist in C:\xampp\htdocs\WebSystemITE-G9\system\Database\MySQLi\Connection.php:327
Stack trace:
#0 C:\xampp\htdocs\WebSystemITE-G9\system\Database\MySQLi\Connection.php(327): mysqli->query('SHOW COLUMNS FR...', 0)
#1 C:\xampp\htdocs\WebSystemITE-G9\system\Database\BaseConnection.php(729): CodeIgniter\Database\MySQLi\Connection->execute('SHOW COLUMNS FR...')
#2 C:\xampp\htdocs\WebSystemITE-G9\system\Database\BaseConnection.php(646): CodeIgniter\Database\BaseConnection->simpleQuery('SHOW COLUMNS FR...')
#3 C:\xampp\htdocs\WebSystemITE-G9\system\Database\BaseConnection.php(1606): CodeIgniter\Database\BaseConnection->query('SHOW COLUMNS FR...')
#4 C:\xampp\htdocs\WebSystemITE-G9\app\Models\BillingModel.php(20): CodeIgniter\Database\BaseConnection->getFieldNames('services')
#5 C:\xampp\htdocs\WebSystemITE-G9\app\Models\BillingModel.php(64): App\Models\BillingModel->tableHas('services')
#6 C:\xampp\htdocs\WebSystemITE-G9\app\Models\BillingModel.php(76): App\Models\BillingModel->withRelations()
#7 C:\xampp\htdocs\WebSystemITE-G9\app\Models\BillingModel.php(93): App\Models\BillingModel->search(NULL)
#8 C:\xampp\htdocs\WebSystemITE-G9\app\Controllers\Billing.php(49): App\Models\BillingModel->getList(NULL)
#9 C:\xampp\htdocs\WebSystemITE-G9\system\CodeIgniter.php(933): App\Controllers\Billing->index()
#10 C:\xampp\htdocs\WebSystemITE-G9\system\CodeIgniter.php(507): CodeIgniter\CodeIgniter->runController(Object(App\Controllers\Billing))
#11 C:\xampp\htdocs\WebSystemITE-G9\system\CodeIgniter.php(354): CodeIgniter\CodeIgniter->handleRequest(NULL, Object(Config\Cache), false)
#12 C:\xampp\htdocs\WebSystemITE-G9\system\Boot.php(363): CodeIgniter\CodeIgniter->run()
#13 C:\xampp\htdocs\WebSystemITE-G9\system\Boot.php(68): CodeIgniter\Boot::runCodeIgniter(Object(CodeIgniter\CodeIgniter))
#14 C:\xampp\htdocs\WebSystemITE-G9\public\index.php(59): CodeIgniter\Boot::bootWeb(Object(Config\Paths))
#15 {main}
ERROR - 2025-11-04 12:03:49 --> mysqli_sql_exception: Table 'hms_g9.services' doesn't exist in C:\xampp\htdocs\WebSystemITE-G9\system\Database\MySQLi\Connection.php:327
Stack trace:
#0 C:\xampp\htdocs\WebSystemITE-G9\system\Database\MySQLi\Connection.php(327): mysqli->query('SHOW COLUMNS FR...', 0)
#1 C:\xampp\htdocs\WebSystemITE-G9\system\Database\BaseConnection.php(729): CodeIgniter\Database\MySQLi\Connection->execute('SHOW COLUMNS FR...')
#2 C:\xampp\htdocs\WebSystemITE-G9\system\Database\BaseConnection.php(646): CodeIgniter\Database\BaseConnection->simpleQuery('SHOW COLUMNS FR...')
#3 C:\xampp\htdocs\WebSystemITE-G9\system\Database\BaseConnection.php(1606): CodeIgniter\Database\BaseConnection->query('SHOW COLUMNS FR...')
#4 C:\xampp\htdocs\WebSystemITE-G9\app\Models\BillingModel.php(20): CodeIgniter\Database\BaseConnection->getFieldNames('services')
#5 C:\xampp\htdocs\WebSystemITE-G9\app\Models\BillingModel.php(64): App\Models\BillingModel->tableHas('services')
#6 C:\xampp\htdocs\WebSystemITE-G9\app\Models\BillingModel.php(101): App\Models\BillingModel->withRelations()
#7 C:\xampp\htdocs\WebSystemITE-G9\app\Controllers\Billing.php(142): App\Models\BillingModel->findWithRelations(1)
#8 C:\xampp\htdocs\WebSystemITE-G9\system\CodeIgniter.php(933): App\Controllers\Billing->show('1')
#9 C:\xampp\htdocs\WebSystemITE-G9\system\CodeIgniter.php(507): CodeIgniter\CodeIgniter->runController(Object(App\Controllers\Billing))
#10 C:\xampp\htdocs\WebSystemITE-G9\system\CodeIgniter.php(354): CodeIgniter\CodeIgniter->handleRequest(NULL, Object(Config\Cache), false)
#11 C:\xampp\htdocs\WebSystemITE-G9\system\Boot.php(363): CodeIgniter\CodeIgniter->run()
#12 C:\xampp\htdocs\WebSystemITE-G9\system\Boot.php(68): CodeIgniter\Boot::runCodeIgniter(Object(CodeIgniter\CodeIgniter))
#13 C:\xampp\htdocs\WebSystemITE-G9\public\index.php(59): CodeIgniter\Boot::bootWeb(Object(Config\Paths))
#14 {main}
ERROR - 2025-11-04 12:03:53 --> mysqli_sql_exception: Table 'hms_g9.services' doesn't exist in C:\xampp\htdocs\WebSystemITE-G9\system\Database\MySQLi\Connection.php:327
Stack trace:
#0 C:\xampp\htdocs\WebSystemITE-G9\system\Database\MySQLi\Connection.php(327): mysqli->query('SHOW COLUMNS FR...', 0)
#1 C:\xampp\htdocs\WebSystemITE-G9\system\Database\BaseConnection.php(729): CodeIgniter\Database\MySQLi\Connection->execute('SHOW COLUMNS FR...')
#2 C:\xampp\htdocs\WebSystemITE-G9\system\Database\BaseConnection.php(646): CodeIgniter\Database\BaseConnection->simpleQuery('SHOW COLUMNS FR...')
#3 C:\xampp\htdocs\WebSystemITE-G9\system\Database\BaseConnection.php(1606): CodeIgniter\Database\BaseConnection->query('SHOW COLUMNS FR...')
#4 C:\xampp\htdocs\WebSystemITE-G9\app\Models\BillingModel.php(20): CodeIgniter\Database\BaseConnection->getFieldNames('services')
#5 C:\xampp\htdocs\WebSystemITE-G9\app\Models\BillingModel.php(64): App\Models\BillingModel->tableHas('services')
#6 C:\xampp\htdocs\WebSystemITE-G9\app\Models\BillingModel.php(76): App\Models\BillingModel->withRelations()
#7 C:\xampp\htdocs\WebSystemITE-G9\app\Models\BillingModel.php(93): App\Models\BillingModel->search(NULL)
#8 C:\xampp\htdocs\WebSystemITE-G9\app\Controllers\Billing.php(49): App\Models\BillingModel->getList(NULL)
#9 C:\xampp\htdocs\WebSystemITE-G9\system\CodeIgniter.php(933): App\Controllers\Billing->index()
#10 C:\xampp\htdocs\WebSystemITE-G9\system\CodeIgniter.php(507): CodeIgniter\CodeIgniter->runController(Object(App\Controllers\Billing))
#11 C:\xampp\htdocs\WebSystemITE-G9\system\CodeIgniter.php(354): CodeIgniter\CodeIgniter->handleRequest(NULL, Object(Config\Cache), false)
#12 C:\xampp\htdocs\WebSystemITE-G9\system\Boot.php(363): CodeIgniter\CodeIgniter->run()
#13 C:\xampp\htdocs\WebSystemITE-G9\system\Boot.php(68): CodeIgniter\Boot::runCodeIgniter(Object(CodeIgniter\CodeIgniter))
#14 C:\xampp\htdocs\WebSystemITE-G9\public\index.php(59): CodeIgniter\Boot::bootWeb(Object(Config\Paths))
#15 {main}
ERROR - 2025-11-04 12:03:55 --> mysqli_sql_exception: Table 'hms_g9.services' doesn't exist in C:\xampp\htdocs\WebSystemITE-G9\system\Database\MySQLi\Connection.php:327
Stack trace:
#0 C:\xampp\htdocs\WebSystemITE-G9\system\Database\MySQLi\Connection.php(327): mysqli->query('SHOW COLUMNS FR...', 0)
#1 C:\xampp\htdocs\WebSystemITE-G9\system\Database\BaseConnection.php(729): CodeIgniter\Database\MySQLi\Connection->execute('SHOW COLUMNS FR...')
#2 C:\xampp\htdocs\WebSystemITE-G9\system\Database\BaseConnection.php(646): CodeIgniter\Database\BaseConnection->simpleQuery('SHOW COLUMNS FR...')
#3 C:\xampp\htdocs\WebSystemITE-G9\system\Database\BaseConnection.php(1606): CodeIgniter\Database\BaseConnection->query('SHOW COLUMNS FR...')
#4 C:\xampp\htdocs\WebSystemITE-G9\app\Models\BillingModel.php(20): CodeIgniter\Database\BaseConnection->getFieldNames('services')
#5 C:\xampp\htdocs\WebSystemITE-G9\app\Models\BillingModel.php(64): App\Models\BillingModel->tableHas('services')
#6 C:\xampp\htdocs\WebSystemITE-G9\app\Models\BillingModel.php(101): App\Models\BillingModel->withRelations()
#7 C:\xampp\htdocs\WebSystemITE-G9\app\Controllers\Billing.php(213): App\Models\BillingModel->findWithRelations(1)
#8 C:\xampp\htdocs\WebSystemITE-G9\system\CodeIgniter.php(933): App\Controllers\Billing->edit('1')
#9 C:\xampp\htdocs\WebSystemITE-G9\system\CodeIgniter.php(507): CodeIgniter\CodeIgniter->runController(Object(App\Controllers\Billing))
#10 C:\xampp\htdocs\WebSystemITE-G9\system\CodeIgniter.php(354): CodeIgniter\CodeIgniter->handleRequest(NULL, Object(Config\Cache), false)
#11 C:\xampp\htdocs\WebSystemITE-G9\system\Boot.php(363): CodeIgniter\CodeIgniter->run()
#12 C:\xampp\htdocs\WebSystemITE-G9\system\Boot.php(68): CodeIgniter\Boot::runCodeIgniter(Object(CodeIgniter\CodeIgniter))
#13 C:\xampp\htdocs\WebSystemITE-G9\public\index.php(59): CodeIgniter\Boot::bootWeb(Object(Config\Paths))
#14 {main}
ERROR - 2025-11-04 12:04:05 --> mysqli_sql_exception: Table 'hms_g9.services' doesn't exist in C:\xampp\htdocs\WebSystemITE-G9\system\Database\MySQLi\Connection.php:327
Stack trace:
#0 C:\xampp\htdocs\WebSystemITE-G9\system\Database\MySQLi\Connection.php(327): mysqli->query('SHOW COLUMNS FR...', 0)
#1 C:\xampp\htdocs\WebSystemITE-G9\system\Database\BaseConnection.php(729): CodeIgniter\Database\MySQLi\Connection->execute('SHOW COLUMNS FR...')
#2 C:\xampp\htdocs\WebSystemITE-G9\system\Database\BaseConnection.php(646): CodeIgniter\Database\BaseConnection->simpleQuery('SHOW COLUMNS FR...')
#3 C:\xampp\htdocs\WebSystemITE-G9\system\Database\BaseConnection.php(1606): CodeIgniter\Database\BaseConnection->query('SHOW COLUMNS FR...')
#4 C:\xampp\htdocs\WebSystemITE-G9\app\Models\BillingModel.php(20): CodeIgniter\Database\BaseConnection->getFieldNames('services')
#5 C:\xampp\htdocs\WebSystemITE-G9\app\Models\BillingModel.php(64): App\Models\BillingModel->tableHas('services')
#6 C:\xampp\htdocs\WebSystemITE-G9\app\Models\BillingModel.php(76): App\Models\BillingModel->withRelations()
#7 C:\xampp\htdocs\WebSystemITE-G9\app\Models\BillingModel.php(93): App\Models\BillingModel->search(NULL)
#8 C:\xampp\htdocs\WebSystemITE-G9\app\Controllers\Billing.php(49): App\Models\BillingModel->getList(NULL)
#9 C:\xampp\htdocs\WebSystemITE-G9\system\CodeIgniter.php(933): App\Controllers\Billing->index()
#10 C:\xampp\htdocs\WebSystemITE-G9\system\CodeIgniter.php(507): CodeIgniter\CodeIgniter->runController(Object(App\Controllers\Billing))
#11 C:\xampp\htdocs\WebSystemITE-G9\system\CodeIgniter.php(354): CodeIgniter\CodeIgniter->handleRequest(NULL, Object(Config\Cache), false)
#12 C:\xampp\htdocs\WebSystemITE-G9\system\Boot.php(363): CodeIgniter\CodeIgniter->run()
#13 C:\xampp\htdocs\WebSystemITE-G9\system\Boot.php(68): CodeIgniter\Boot::runCodeIgniter(Object(CodeIgniter\CodeIgniter))
#14 C:\xampp\htdocs\WebSystemITE-G9\public\index.php(59): CodeIgniter\Boot::bootWeb(Object(Config\Paths))
#15 {main}
ERROR - 2025-11-04 12:04:09 --> mysqli_sql_exception: Table 'hms_g9.services' doesn't exist in C:\xampp\htdocs\WebSystemITE-G9\system\Database\MySQLi\Connection.php:327
Stack trace:
#0 C:\xampp\htdocs\WebSystemITE-G9\system\Database\MySQLi\Connection.php(327): mysqli->query('SHOW COLUMNS FR...', 0)
#1 C:\xampp\htdocs\WebSystemITE-G9\system\Database\BaseConnection.php(729): CodeIgniter\Database\MySQLi\Connection->execute('SHOW COLUMNS FR...')
#2 C:\xampp\htdocs\WebSystemITE-G9\system\Database\BaseConnection.php(646): CodeIgniter\Database\BaseConnection->simpleQuery('SHOW COLUMNS FR...')
#3 C:\xampp\htdocs\WebSystemITE-G9\system\Database\BaseConnection.php(1606): CodeIgniter\Database\BaseConnection->query('SHOW COLUMNS FR...')
#4 C:\xampp\htdocs\WebSystemITE-G9\app\Models\BillingModel.php(20): CodeIgniter\Database\BaseConnection->getFieldNames('services')
#5 C:\xampp\htdocs\WebSystemITE-G9\app\Models\BillingModel.php(64): App\Models\BillingModel->tableHas('services')
#6 C:\xampp\htdocs\WebSystemITE-G9\app\Models\BillingModel.php(101): App\Models\BillingModel->withRelations()
#7 C:\xampp\htdocs\WebSystemITE-G9\app\Controllers\Billing.php(142): App\Models\BillingModel->findWithRelations(1)
#8 C:\xampp\htdocs\WebSystemITE-G9\system\CodeIgniter.php(933): App\Controllers\Billing->show('1')
#9 C:\xampp\htdocs\WebSystemITE-G9\system\CodeIgniter.php(507): CodeIgniter\CodeIgniter->runController(Object(App\Controllers\Billing))
#10 C:\xampp\htdocs\WebSystemITE-G9\system\CodeIgniter.php(354): CodeIgniter\CodeIgniter->handleRequest(NULL, Object(Config\Cache), false)
#11 C:\xampp\htdocs\WebSystemITE-G9\system\Boot.php(363): CodeIgniter\CodeIgniter->run()
#12 C:\xampp\htdocs\WebSystemITE-G9\system\Boot.php(68): CodeIgniter\Boot::runCodeIgniter(Object(CodeIgniter\CodeIgniter))
#13 C:\xampp\htdocs\WebSystemITE-G9\public\index.php(59): CodeIgniter\Boot::bootWeb(Object(Config\Paths))
#14 {main}
ERROR - 2025-11-04 12:04:14 --> mysqli_sql_exception: Table 'hms_g9.services' doesn't exist in C:\xampp\htdocs\WebSystemITE-G9\system\Database\MySQLi\Connection.php:327
Stack trace:
#0 C:\xampp\htdocs\WebSystemITE-G9\system\Database\MySQLi\Connection.php(327): mysqli->query('SHOW COLUMNS FR...', 0)
#1 C:\xampp\htdocs\WebSystemITE-G9\system\Database\BaseConnection.php(729): CodeIgniter\Database\MySQLi\Connection->execute('SHOW COLUMNS FR...')
#2 C:\xampp\htdocs\WebSystemITE-G9\system\Database\BaseConnection.php(646): CodeIgniter\Database\BaseConnection->simpleQuery('SHOW COLUMNS FR...')
#3 C:\xampp\htdocs\WebSystemITE-G9\system\Database\BaseConnection.php(1606): CodeIgniter\Database\BaseConnection->query('SHOW COLUMNS FR...')
#4 C:\xampp\htdocs\WebSystemITE-G9\app\Models\BillingModel.php(20): CodeIgniter\Database\BaseConnection->getFieldNames('services')
#5 C:\xampp\htdocs\WebSystemITE-G9\app\Models\BillingModel.php(64): App\Models\BillingModel->tableHas('services')
#6 C:\xampp\htdocs\WebSystemITE-G9\app\Models\BillingModel.php(76): App\Models\BillingModel->withRelations()
#7 C:\xampp\htdocs\WebSystemITE-G9\app\Models\BillingModel.php(93): App\Models\BillingModel->search(NULL)
#8 C:\xampp\htdocs\WebSystemITE-G9\app\Controllers\Billing.php(49): App\Models\BillingModel->getList(NULL)
#9 C:\xampp\htdocs\WebSystemITE-G9\system\CodeIgniter.php(933): App\Controllers\Billing->index()
#10 C:\xampp\htdocs\WebSystemITE-G9\system\CodeIgniter.php(507): CodeIgniter\CodeIgniter->runController(Object(App\Controllers\Billing))
#11 C:\xampp\htdocs\WebSystemITE-G9\system\CodeIgniter.php(354): CodeIgniter\CodeIgniter->handleRequest(NULL, Object(Config\Cache), false)
#12 C:\xampp\htdocs\WebSystemITE-G9\system\Boot.php(363): CodeIgniter\CodeIgniter->run()
#13 C:\xampp\htdocs\WebSystemITE-G9\system\Boot.php(68): CodeIgniter\Boot::runCodeIgniter(Object(CodeIgniter\CodeIgniter))
#14 C:\xampp\htdocs\WebSystemITE-G9\public\index.php(59): CodeIgniter\Boot::bootWeb(Object(Config\Paths))
#15 {main}
ERROR - 2025-11-04 12:19:15 --> Add Schedule Error: There is no primary key defined when trying to make insert.
ERROR - 2025-11-04 12:19:35 --> Add Schedule Error: There is no primary key defined when trying to make insert.
ERROR - 2025-11-04 12:37:23 --> mysqli_sql_exception: Table 'hms_g9.services' doesn't exist in C:\xampp\htdocs\WebSystemITE-G9\system\Database\MySQLi\Connection.php:327
Stack trace:
#0 C:\xampp\htdocs\WebSystemITE-G9\system\Database\MySQLi\Connection.php(327): mysqli->query('SHOW COLUMNS FR...', 0)
#1 C:\xampp\htdocs\WebSystemITE-G9\system\Database\BaseConnection.php(729): CodeIgniter\Database\MySQLi\Connection->execute('SHOW COLUMNS FR...')
#2 C:\xampp\htdocs\WebSystemITE-G9\system\Database\BaseConnection.php(646): CodeIgniter\Database\BaseConnection->simpleQuery('SHOW COLUMNS FR...')
#3 C:\xampp\htdocs\WebSystemITE-G9\system\Database\BaseConnection.php(1606): CodeIgniter\Database\BaseConnection->query('SHOW COLUMNS FR...')
#4 C:\xampp\htdocs\WebSystemITE-G9\app\Models\BillingModel.php(20): CodeIgniter\Database\BaseConnection->getFieldNames('services')
#5 C:\xampp\htdocs\WebSystemITE-G9\app\Models\BillingModel.php(64): App\Models\BillingModel->tableHas('services')
#6 C:\xampp\htdocs\WebSystemITE-G9\app\Models\BillingModel.php(76): App\Models\BillingModel->withRelations()
#7 C:\xampp\htdocs\WebSystemITE-G9\app\Models\BillingModel.php(93): App\Models\BillingModel->search(NULL)
#8 C:\xampp\htdocs\WebSystemITE-G9\app\Controllers\Billing.php(49): App\Models\BillingModel->getList(NULL)
#9 C:\xampp\htdocs\WebSystemITE-G9\system\CodeIgniter.php(933): App\Controllers\Billing->index()
#10 C:\xampp\htdocs\WebSystemITE-G9\system\CodeIgniter.php(507): CodeIgniter\CodeIgniter->runController(Object(App\Controllers\Billing))
#11 C:\xampp\htdocs\WebSystemITE-G9\system\CodeIgniter.php(354): CodeIgniter\CodeIgniter->handleRequest(NULL, Object(Config\Cache), false)
#12 C:\xampp\htdocs\WebSystemITE-G9\system\Boot.php(363): CodeIgniter\CodeIgniter->run()
#13 C:\xampp\htdocs\WebSystemITE-G9\system\Boot.php(68): CodeIgniter\Boot::runCodeIgniter(Object(CodeIgniter\CodeIgniter))
#14 C:\xampp\htdocs\WebSystemITE-G9\public\index.php(59): CodeIgniter\Boot::bootWeb(Object(Config\Paths))
#15 {main}
ERROR - 2025-11-04 12:37:33 --> mysqli_sql_exception: Table 'hms_g9.services' doesn't exist in C:\xampp\htdocs\WebSystemITE-G9\system\Database\MySQLi\Connection.php:327
Stack trace:
#0 C:\xampp\htdocs\WebSystemITE-G9\system\Database\MySQLi\Connection.php(327): mysqli->query('SHOW COLUMNS FR...', 0)
#1 C:\xampp\htdocs\WebSystemITE-G9\system\Database\BaseConnection.php(729): CodeIgniter\Database\MySQLi\Connection->execute('SHOW COLUMNS FR...')
#2 C:\xampp\htdocs\WebSystemITE-G9\system\Database\BaseConnection.php(646): CodeIgniter\Database\BaseConnection->simpleQuery('SHOW COLUMNS FR...')
#3 C:\xampp\htdocs\WebSystemITE-G9\system\Database\BaseConnection.php(1606): CodeIgniter\Database\BaseConnection->query('SHOW COLUMNS FR...')
#4 C:\xampp\htdocs\WebSystemITE-G9\app\Models\BillingModel.php(20): CodeIgniter\Database\BaseConnection->getFieldNames('services')
#5 C:\xampp\htdocs\WebSystemITE-G9\app\Models\BillingModel.php(64): App\Models\BillingModel->tableHas('services')
#6 C:\xampp\htdocs\WebSystemITE-G9\app\Models\BillingModel.php(76): App\Models\BillingModel->withRelations()
#7 C:\xampp\htdocs\WebSystemITE-G9\app\Models\BillingModel.php(93): App\Models\BillingModel->search(NULL)
#8 C:\xampp\htdocs\WebSystemITE-G9\app\Controllers\Billing.php(49): App\Models\BillingModel->getList(NULL)
#9 C:\xampp\htdocs\WebSystemITE-G9\system\CodeIgniter.php(933): App\Controllers\Billing->index()
#10 C:\xampp\htdocs\WebSystemITE-G9\system\CodeIgniter.php(507): CodeIgniter\CodeIgniter->runController(Object(App\Controllers\Billing))
#11 C:\xampp\htdocs\WebSystemITE-G9\system\CodeIgniter.php(354): CodeIgniter\CodeIgniter->handleRequest(NULL, Object(Config\Cache), false)
#12 C:\xampp\htdocs\WebSystemITE-G9\system\Boot.php(363): CodeIgniter\CodeIgniter->run()
#13 C:\xampp\htdocs\WebSystemITE-G9\system\Boot.php(68): CodeIgniter\Boot::runCodeIgniter(Object(CodeIgniter\CodeIgniter))
#14 C:\xampp\htdocs\WebSystemITE-G9\public\index.php(59): CodeIgniter\Boot::bootWeb(Object(Config\Paths))
#15 {main}
ERROR - 2025-11-04 12:40:24 --> mysqli_sql_exception: Table 'hms_g9.services' doesn't exist in C:\xampp\htdocs\WebSystemITE-G9\system\Database\MySQLi\Connection.php:327
Stack trace:
#0 C:\xampp\htdocs\WebSystemITE-G9\system\Database\MySQLi\Connection.php(327): mysqli->query('SHOW COLUMNS FR...', 0)
#1 C:\xampp\htdocs\WebSystemITE-G9\system\Database\BaseConnection.php(729): CodeIgniter\Database\MySQLi\Connection->execute('SHOW COLUMNS FR...')
#2 C:\xampp\htdocs\WebSystemITE-G9\system\Database\BaseConnection.php(646): CodeIgniter\Database\BaseConnection->simpleQuery('SHOW COLUMNS FR...')
#3 C:\xampp\htdocs\WebSystemITE-G9\system\Database\BaseConnection.php(1606): CodeIgniter\Database\BaseConnection->query('SHOW COLUMNS FR...')
#4 C:\xampp\htdocs\WebSystemITE-G9\app\Models\BillingModel.php(20): CodeIgniter\Database\BaseConnection->getFieldNames('services')
#5 C:\xampp\htdocs\WebSystemITE-G9\app\Models\BillingModel.php(64): App\Models\BillingModel->tableHas('services')
#6 C:\xampp\htdocs\WebSystemITE-G9\app\Models\BillingModel.php(76): App\Models\BillingModel->withRelations()
#7 C:\xampp\htdocs\WebSystemITE-G9\app\Models\BillingModel.php(93): App\Models\BillingModel->search(NULL)
#8 C:\xampp\htdocs\WebSystemITE-G9\app\Controllers\Billing.php(49): App\Models\BillingModel->getList(NULL)
#9 C:\xampp\htdocs\WebSystemITE-G9\system\CodeIgniter.php(933): App\Controllers\Billing->index()
#10 C:\xampp\htdocs\WebSystemITE-G9\system\CodeIgniter.php(507): CodeIgniter\CodeIgniter->runController(Object(App\Controllers\Billing))
#11 C:\xampp\htdocs\WebSystemITE-G9\system\CodeIgniter.php(354): CodeIgniter\CodeIgniter->handleRequest(NULL, Object(Config\Cache), false)
#12 C:\xampp\htdocs\WebSystemITE-G9\system\Boot.php(363): CodeIgniter\CodeIgniter->run()
#13 C:\xampp\htdocs\WebSystemITE-G9\system\Boot.php(68): CodeIgniter\Boot::runCodeIgniter(Object(CodeIgniter\CodeIgniter))
#14 C:\xampp\htdocs\WebSystemITE-G9\public\index.php(59): CodeIgniter\Boot::bootWeb(Object(Config\Paths))
#15 {main}
