ERROR - 2025-11-17 07:56:51 --> mysqli_sql_exception: Unknown column 'ward' in 'where clause' in C:\xampp\htdocs\WebSystemITE-G9\system\Database\MySQLi\Connection.php:327
Stack trace:
#0 C:\xampp\htdocs\WebSystemITE-G9\system\Database\MySQLi\Connection.php(327): mysqli->query('SELECT *\nFROM `...', 0)
#1 C:\xampp\htdocs\WebSystemITE-G9\system\Database\BaseConnection.php(729): CodeIgniter\Database\MySQLi\Connection->execute('SELECT *\nFROM `...')
#2 C:\xampp\htdocs\WebSystemITE-G9\system\Database\BaseConnection.php(646): CodeIgniter\Database\BaseConnection->simpleQuery('SELECT *\nFROM `...')
#3 C:\xampp\htdocs\WebSystemITE-G9\system\Database\BaseBuilder.php(1649): CodeIgniter\Database\BaseConnection->query('SELECT *\nFROM `...', Array, false)
#4 C:\xampp\htdocs\WebSystemITE-G9\system\Model.php(286): CodeIgniter\Database\BaseBuilder->get()
#5 C:\xampp\htdocs\WebSystemITE-G9\system\BaseModel.php(677): CodeIgniter\Model->doFindAll(0, 0)
#6 C:\xampp\htdocs\WebSystemITE-G9\app\Controllers\Api\Rooms.php(117): CodeIgniter\BaseModel->findAll()
#7 C:\xampp\htdocs\WebSystemITE-G9\app\Controllers\Api\Rooms.php(25): App\Controllers\Api\Rooms->getAvailableBedsBySlot()
#8 C:\xampp\htdocs\WebSystemITE-G9\system\CodeIgniter.php(933): App\Controllers\Api\Rooms->wards()
#9 C:\xampp\htdocs\WebSystemITE-G9\system\CodeIgniter.php(507): CodeIgniter\CodeIgniter->runController(Object(App\Controllers\Api\Rooms))
#10 C:\xampp\htdocs\WebSystemITE-G9\system\CodeIgniter.php(354): CodeIgniter\CodeIgniter->handleRequest(NULL, Object(Config\Cache), false)
#11 C:\xampp\htdocs\WebSystemITE-G9\system\Boot.php(363): CodeIgniter\CodeIgniter->run()
#12 C:\xampp\htdocs\WebSystemITE-G9\system\Boot.php(68): CodeIgniter\Boot::runCodeIgniter(Object(CodeIgniter\CodeIgniter))
#13 C:\xampp\htdocs\WebSystemITE-G9\public\index.php(59): CodeIgniter\Boot::bootWeb(Object(Config\Paths))
#14 {main}
CRITICAL - 2025-11-17 07:56:51 --> CodeIgniter\Database\Exceptions\DatabaseException: Unknown column 'ward' in 'where clause'
[Method: GET, Route: api/rooms/wards]
in SYSTEMPATH\Database\BaseConnection.php on line 684.
 1 SYSTEMPATH\Database\BaseBuilder.php(1649): CodeIgniter\Database\BaseConnection->query('SELECT *
FROM `patients`
WHERE `type` = :type:
AND `ward` IS NOT NULL
AND `room` IS NOT NULL
AND `bed` IS NOT NULL', [...], false)
 2 SYSTEMPATH\Model.php(286): CodeIgniter\Database\BaseBuilder->get()
 3 SYSTEMPATH\BaseModel.php(677): CodeIgniter\Model->doFindAll(0, 0)
 4 APPPATH\Controllers\Api\Rooms.php(117): CodeIgniter\BaseModel->findAll()
 5 APPPATH\Controllers\Api\Rooms.php(25): App\Controllers\Api\Rooms->getAvailableBedsBySlot()
 6 SYSTEMPATH\CodeIgniter.php(933): App\Controllers\Api\Rooms->wards()
 7 SYSTEMPATH\CodeIgniter.php(507): CodeIgniter\CodeIgniter->runController(Object(App\Controllers\Api\Rooms))
 8 SYSTEMPATH\CodeIgniter.php(354): CodeIgniter\CodeIgniter->handleRequest(null, Object(Config\Cache), false)
 9 SYSTEMPATH\Boot.php(363): CodeIgniter\CodeIgniter->run()
10 SYSTEMPATH\Boot.php(68): CodeIgniter\Boot::runCodeIgniter(Object(CodeIgniter\CodeIgniter))
11 FCPATH\index.php(59): CodeIgniter\Boot::bootWeb(Object(Config\Paths))
CRITICAL - 2025-11-17 07:56:51 --> [Caused by] CodeIgniter\Database\Exceptions\DatabaseException: Unknown column 'ward' in 'where clause'
in SYSTEMPATH\Database\MySQLi\Connection.php on line 332.
 1 SYSTEMPATH\Database\BaseConnection.php(729): CodeIgniter\Database\MySQLi\Connection->execute('SELECT *
FROM `patients`
WHERE `type` = \'inpatient\'
AND `ward` IS NOT NULL
AND `room` IS NOT NULL
AND `bed` IS NOT NULL')
 2 SYSTEMPATH\Database\BaseConnection.php(646): CodeIgniter\Database\BaseConnection->simpleQuery('SELECT *
FROM `patients`
WHERE `type` = \'inpatient\'
AND `ward` IS NOT NULL
AND `room` IS NOT NULL
AND `bed` IS NOT NULL')
 3 SYSTEMPATH\Database\BaseBuilder.php(1649): CodeIgniter\Database\BaseConnection->query('SELECT *
FROM `patients`
WHERE `type` = :type:
AND `ward` IS NOT NULL
AND `room` IS NOT NULL
AND `bed` IS NOT NULL', [...], false)
 4 SYSTEMPATH\Model.php(286): CodeIgniter\Database\BaseBuilder->get()
 5 SYSTEMPATH\BaseModel.php(677): CodeIgniter\Model->doFindAll(0, 0)
 6 APPPATH\Controllers\Api\Rooms.php(117): CodeIgniter\BaseModel->findAll()
 7 APPPATH\Controllers\Api\Rooms.php(25): App\Controllers\Api\Rooms->getAvailableBedsBySlot()
 8 SYSTEMPATH\CodeIgniter.php(933): App\Controllers\Api\Rooms->wards()
 9 SYSTEMPATH\CodeIgniter.php(507): CodeIgniter\CodeIgniter->runController(Object(App\Controllers\Api\Rooms))
10 SYSTEMPATH\CodeIgniter.php(354): CodeIgniter\CodeIgniter->handleRequest(null, Object(Config\Cache), false)
11 SYSTEMPATH\Boot.php(363): CodeIgniter\CodeIgniter->run()
12 SYSTEMPATH\Boot.php(68): CodeIgniter\Boot::runCodeIgniter(Object(CodeIgniter\CodeIgniter))
13 FCPATH\index.php(59): CodeIgniter\Boot::bootWeb(Object(Config\Paths))
CRITICAL - 2025-11-17 07:56:51 --> [Caused by] mysqli_sql_exception: Unknown column 'ward' in 'where clause'
in SYSTEMPATH\Database\MySQLi\Connection.php on line 327.
 1 SYSTEMPATH\Database\MySQLi\Connection.php(327): mysqli->query('SELECT *
FROM `patients`
WHERE `type` = \'inpatient\'
AND `ward` IS NOT NULL
AND `room` IS NOT NULL
AND `bed` IS NOT NULL', 0)
 2 SYSTEMPATH\Database\BaseConnection.php(729): CodeIgniter\Database\MySQLi\Connection->execute('SELECT *
FROM `patients`
WHERE `type` = \'inpatient\'
AND `ward` IS NOT NULL
AND `room` IS NOT NULL
AND `bed` IS NOT NULL')
 3 SYSTEMPATH\Database\BaseConnection.php(646): CodeIgniter\Database\BaseConnection->simpleQuery('SELECT *
FROM `patients`
WHERE `type` = \'inpatient\'
AND `ward` IS NOT NULL
AND `room` IS NOT NULL
AND `bed` IS NOT NULL')
 4 SYSTEMPATH\Database\BaseBuilder.php(1649): CodeIgniter\Database\BaseConnection->query('SELECT *
FROM `patients`
WHERE `type` = :type:
AND `ward` IS NOT NULL
AND `room` IS NOT NULL
AND `bed` IS NOT NULL', [...], false)
 5 SYSTEMPATH\Model.php(286): CodeIgniter\Database\BaseBuilder->get()
 6 SYSTEMPATH\BaseModel.php(677): CodeIgniter\Model->doFindAll(0, 0)
 7 APPPATH\Controllers\Api\Rooms.php(117): CodeIgniter\BaseModel->findAll()
 8 APPPATH\Controllers\Api\Rooms.php(25): App\Controllers\Api\Rooms->getAvailableBedsBySlot()
 9 SYSTEMPATH\CodeIgniter.php(933): App\Controllers\Api\Rooms->wards()
10 SYSTEMPATH\CodeIgniter.php(507): CodeIgniter\CodeIgniter->runController(Object(App\Controllers\Api\Rooms))
11 SYSTEMPATH\CodeIgniter.php(354): CodeIgniter\CodeIgniter->handleRequest(null, Object(Config\Cache), false)
12 SYSTEMPATH\Boot.php(363): CodeIgniter\CodeIgniter->run()
13 SYSTEMPATH\Boot.php(68): CodeIgniter\Boot::runCodeIgniter(Object(CodeIgniter\CodeIgniter))
14 FCPATH\index.php(59): CodeIgniter\Boot::bootWeb(Object(Config\Paths))
ERROR - 2025-11-17 07:57:13 --> mysqli_sql_exception: Unknown column 'ward' in 'where clause' in C:\xampp\htdocs\WebSystemITE-G9\system\Database\MySQLi\Connection.php:327
Stack trace:
#0 C:\xampp\htdocs\WebSystemITE-G9\system\Database\MySQLi\Connection.php(327): mysqli->query('SELECT *\nFROM `...', 0)
#1 C:\xampp\htdocs\WebSystemITE-G9\system\Database\BaseConnection.php(729): CodeIgniter\Database\MySQLi\Connection->execute('SELECT *\nFROM `...')
#2 C:\xampp\htdocs\WebSystemITE-G9\system\Database\BaseConnection.php(646): CodeIgniter\Database\BaseConnection->simpleQuery('SELECT *\nFROM `...')
#3 C:\xampp\htdocs\WebSystemITE-G9\system\Database\BaseBuilder.php(1649): CodeIgniter\Database\BaseConnection->query('SELECT *\nFROM `...', Array, false)
#4 C:\xampp\htdocs\WebSystemITE-G9\system\Model.php(286): CodeIgniter\Database\BaseBuilder->get()
#5 C:\xampp\htdocs\WebSystemITE-G9\system\BaseModel.php(677): CodeIgniter\Model->doFindAll(0, 0)
#6 C:\xampp\htdocs\WebSystemITE-G9\app\Controllers\Api\Rooms.php(117): CodeIgniter\BaseModel->findAll()
#7 C:\xampp\htdocs\WebSystemITE-G9\app\Controllers\Api\Rooms.php(25): App\Controllers\Api\Rooms->getAvailableBedsBySlot()
#8 C:\xampp\htdocs\WebSystemITE-G9\system\CodeIgniter.php(933): App\Controllers\Api\Rooms->wards()
#9 C:\xampp\htdocs\WebSystemITE-G9\system\CodeIgniter.php(507): CodeIgniter\CodeIgniter->runController(Object(App\Controllers\Api\Rooms))
#10 C:\xampp\htdocs\WebSystemITE-G9\system\CodeIgniter.php(354): CodeIgniter\CodeIgniter->handleRequest(NULL, Object(Config\Cache), false)
#11 C:\xampp\htdocs\WebSystemITE-G9\system\Boot.php(363): CodeIgniter\CodeIgniter->run()
#12 C:\xampp\htdocs\WebSystemITE-G9\system\Boot.php(68): CodeIgniter\Boot::runCodeIgniter(Object(CodeIgniter\CodeIgniter))
#13 C:\xampp\htdocs\WebSystemITE-G9\public\index.php(59): CodeIgniter\Boot::bootWeb(Object(Config\Paths))
#14 {main}
CRITICAL - 2025-11-17 07:57:13 --> CodeIgniter\Database\Exceptions\DatabaseException: Unknown column 'ward' in 'where clause'
[Method: GET, Route: api/rooms/wards]
in SYSTEMPATH\Database\BaseConnection.php on line 684.
 1 SYSTEMPATH\Database\BaseBuilder.php(1649): CodeIgniter\Database\BaseConnection->query('SELECT *
FROM `patients`
WHERE `type` = :type:
AND `ward` IS NOT NULL
AND `room` IS NOT NULL
AND `bed` IS NOT NULL', [...], false)
 2 SYSTEMPATH\Model.php(286): CodeIgniter\Database\BaseBuilder->get()
 3 SYSTEMPATH\BaseModel.php(677): CodeIgniter\Model->doFindAll(0, 0)
 4 APPPATH\Controllers\Api\Rooms.php(117): CodeIgniter\BaseModel->findAll()
 5 APPPATH\Controllers\Api\Rooms.php(25): App\Controllers\Api\Rooms->getAvailableBedsBySlot()
 6 SYSTEMPATH\CodeIgniter.php(933): App\Controllers\Api\Rooms->wards()
 7 SYSTEMPATH\CodeIgniter.php(507): CodeIgniter\CodeIgniter->runController(Object(App\Controllers\Api\Rooms))
 8 SYSTEMPATH\CodeIgniter.php(354): CodeIgniter\CodeIgniter->handleRequest(null, Object(Config\Cache), false)
 9 SYSTEMPATH\Boot.php(363): CodeIgniter\CodeIgniter->run()
10 SYSTEMPATH\Boot.php(68): CodeIgniter\Boot::runCodeIgniter(Object(CodeIgniter\CodeIgniter))
11 FCPATH\index.php(59): CodeIgniter\Boot::bootWeb(Object(Config\Paths))
CRITICAL - 2025-11-17 07:57:13 --> [Caused by] CodeIgniter\Database\Exceptions\DatabaseException: Unknown column 'ward' in 'where clause'
in SYSTEMPATH\Database\MySQLi\Connection.php on line 332.
 1 SYSTEMPATH\Database\BaseConnection.php(729): CodeIgniter\Database\MySQLi\Connection->execute('SELECT *
FROM `patients`
WHERE `type` = \'inpatient\'
AND `ward` IS NOT NULL
AND `room` IS NOT NULL
AND `bed` IS NOT NULL')
 2 SYSTEMPATH\Database\BaseConnection.php(646): CodeIgniter\Database\BaseConnection->simpleQuery('SELECT *
FROM `patients`
WHERE `type` = \'inpatient\'
AND `ward` IS NOT NULL
AND `room` IS NOT NULL
AND `bed` IS NOT NULL')
 3 SYSTEMPATH\Database\BaseBuilder.php(1649): CodeIgniter\Database\BaseConnection->query('SELECT *
FROM `patients`
WHERE `type` = :type:
AND `ward` IS NOT NULL
AND `room` IS NOT NULL
AND `bed` IS NOT NULL', [...], false)
 4 SYSTEMPATH\Model.php(286): CodeIgniter\Database\BaseBuilder->get()
 5 SYSTEMPATH\BaseModel.php(677): CodeIgniter\Model->doFindAll(0, 0)
 6 APPPATH\Controllers\Api\Rooms.php(117): CodeIgniter\BaseModel->findAll()
 7 APPPATH\Controllers\Api\Rooms.php(25): App\Controllers\Api\Rooms->getAvailableBedsBySlot()
 8 SYSTEMPATH\CodeIgniter.php(933): App\Controllers\Api\Rooms->wards()
 9 SYSTEMPATH\CodeIgniter.php(507): CodeIgniter\CodeIgniter->runController(Object(App\Controllers\Api\Rooms))
10 SYSTEMPATH\CodeIgniter.php(354): CodeIgniter\CodeIgniter->handleRequest(null, Object(Config\Cache), false)
11 SYSTEMPATH\Boot.php(363): CodeIgniter\CodeIgniter->run()
12 SYSTEMPATH\Boot.php(68): CodeIgniter\Boot::runCodeIgniter(Object(CodeIgniter\CodeIgniter))
13 FCPATH\index.php(59): CodeIgniter\Boot::bootWeb(Object(Config\Paths))
CRITICAL - 2025-11-17 07:57:13 --> [Caused by] mysqli_sql_exception: Unknown column 'ward' in 'where clause'
in SYSTEMPATH\Database\MySQLi\Connection.php on line 327.
 1 SYSTEMPATH\Database\MySQLi\Connection.php(327): mysqli->query('SELECT *
FROM `patients`
WHERE `type` = \'inpatient\'
AND `ward` IS NOT NULL
AND `room` IS NOT NULL
AND `bed` IS NOT NULL', 0)
 2 SYSTEMPATH\Database\BaseConnection.php(729): CodeIgniter\Database\MySQLi\Connection->execute('SELECT *
FROM `patients`
WHERE `type` = \'inpatient\'
AND `ward` IS NOT NULL
AND `room` IS NOT NULL
AND `bed` IS NOT NULL')
 3 SYSTEMPATH\Database\BaseConnection.php(646): CodeIgniter\Database\BaseConnection->simpleQuery('SELECT *
FROM `patients`
WHERE `type` = \'inpatient\'
AND `ward` IS NOT NULL
AND `room` IS NOT NULL
AND `bed` IS NOT NULL')
 4 SYSTEMPATH\Database\BaseBuilder.php(1649): CodeIgniter\Database\BaseConnection->query('SELECT *
FROM `patients`
WHERE `type` = :type:
AND `ward` IS NOT NULL
AND `room` IS NOT NULL
AND `bed` IS NOT NULL', [...], false)
 5 SYSTEMPATH\Model.php(286): CodeIgniter\Database\BaseBuilder->get()
 6 SYSTEMPATH\BaseModel.php(677): CodeIgniter\Model->doFindAll(0, 0)
 7 APPPATH\Controllers\Api\Rooms.php(117): CodeIgniter\BaseModel->findAll()
 8 APPPATH\Controllers\Api\Rooms.php(25): App\Controllers\Api\Rooms->getAvailableBedsBySlot()
 9 SYSTEMPATH\CodeIgniter.php(933): App\Controllers\Api\Rooms->wards()
10 SYSTEMPATH\CodeIgniter.php(507): CodeIgniter\CodeIgniter->runController(Object(App\Controllers\Api\Rooms))
11 SYSTEMPATH\CodeIgniter.php(354): CodeIgniter\CodeIgniter->handleRequest(null, Object(Config\Cache), false)
12 SYSTEMPATH\Boot.php(363): CodeIgniter\CodeIgniter->run()
13 SYSTEMPATH\Boot.php(68): CodeIgniter\Boot::runCodeIgniter(Object(CodeIgniter\CodeIgniter))
14 FCPATH\index.php(59): CodeIgniter\Boot::bootWeb(Object(Config\Paths))
CRITICAL - 2025-11-17 08:21:00 --> CodeIgniter\View\Exceptions\ViewException: Invalid file: "Roles/admin/rooms/Specialized.php"
[Method: GET, Route: admin/rooms/specialized]
in SYSTEMPATH\Exceptions\FrameworkException.php on line 39.
 1 SYSTEMPATH\View\View.php(214): CodeIgniter\Exceptions\FrameworkException::forInvalidFile('Roles/admin/rooms/Specialized.php')
 2 SYSTEMPATH\Common.php(1167): CodeIgniter\View\View->render('Roles/admin/rooms/Specialized', [], true)
 3 APPPATH\Controllers\Admin\Rooms.php(407): view('Roles/admin/rooms/Specialized', [...])
 4 SYSTEMPATH\CodeIgniter.php(933): App\Controllers\Admin\Rooms->specialized()
 5 SYSTEMPATH\CodeIgniter.php(507): CodeIgniter\CodeIgniter->runController(Object(App\Controllers\Admin\Rooms))
 6 SYSTEMPATH\CodeIgniter.php(354): CodeIgniter\CodeIgniter->handleRequest(null, Object(Config\Cache), false)
 7 SYSTEMPATH\Boot.php(363): CodeIgniter\CodeIgniter->run()
 8 SYSTEMPATH\Boot.php(68): CodeIgniter\Boot::runCodeIgniter(Object(CodeIgniter\CodeIgniter))
 9 FCPATH\index.php(59): CodeIgniter\Boot::bootWeb(Object(Config\Paths))
CRITICAL - 2025-11-17 08:21:03 --> CodeIgniter\View\Exceptions\ViewException: Invalid file: "Roles/admin/rooms/Specialized.php"
[Method: GET, Route: admin/rooms/specialized]
in SYSTEMPATH\Exceptions\FrameworkException.php on line 39.
 1 SYSTEMPATH\View\View.php(214): CodeIgniter\Exceptions\FrameworkException::forInvalidFile('Roles/admin/rooms/Specialized.php')
 2 SYSTEMPATH\Common.php(1167): CodeIgniter\View\View->render('Roles/admin/rooms/Specialized', [], true)
 3 APPPATH\Controllers\Admin\Rooms.php(407): view('Roles/admin/rooms/Specialized', [...])
 4 SYSTEMPATH\CodeIgniter.php(933): App\Controllers\Admin\Rooms->specialized()
 5 SYSTEMPATH\CodeIgniter.php(507): CodeIgniter\CodeIgniter->runController(Object(App\Controllers\Admin\Rooms))
 6 SYSTEMPATH\CodeIgniter.php(354): CodeIgniter\CodeIgniter->handleRequest(null, Object(Config\Cache), false)
 7 SYSTEMPATH\Boot.php(363): CodeIgniter\CodeIgniter->run()
 8 SYSTEMPATH\Boot.php(68): CodeIgniter\Boot::runCodeIgniter(Object(CodeIgniter\CodeIgniter))
 9 FCPATH\index.php(59): CodeIgniter\Boot::bootWeb(Object(Config\Paths))
CRITICAL - 2025-11-17 08:28:24 --> CodeIgniter\View\Exceptions\ViewException: Invalid file: "Roles/admin/rooms/Specialized.php"
[Method: GET, Route: admin/rooms/specialized]
in SYSTEMPATH\Exceptions\FrameworkException.php on line 39.
 1 SYSTEMPATH\View\View.php(214): CodeIgniter\Exceptions\FrameworkException::forInvalidFile('Roles/admin/rooms/Specialized.php')
 2 SYSTEMPATH\Common.php(1167): CodeIgniter\View\View->render('Roles/admin/rooms/Specialized', [], true)
 3 APPPATH\Controllers\Admin\Rooms.php(407): view('Roles/admin/rooms/Specialized', [...])
 4 SYSTEMPATH\CodeIgniter.php(933): App\Controllers\Admin\Rooms->specialized()
 5 SYSTEMPATH\CodeIgniter.php(507): CodeIgniter\CodeIgniter->runController(Object(App\Controllers\Admin\Rooms))
 6 SYSTEMPATH\CodeIgniter.php(354): CodeIgniter\CodeIgniter->handleRequest(null, Object(Config\Cache), false)
 7 SYSTEMPATH\Boot.php(363): CodeIgniter\CodeIgniter->run()
 8 SYSTEMPATH\Boot.php(68): CodeIgniter\Boot::runCodeIgniter(Object(CodeIgniter\CodeIgniter))
 9 FCPATH\index.php(59): CodeIgniter\Boot::bootWeb(Object(Config\Paths))
CRITICAL - 2025-11-17 08:45:12 --> CodeIgniter\View\Exceptions\ViewException: Invalid file: "Roles/admin/rooms/Specialized.php"
[Method: GET, Route: admin/rooms/specialized]
in SYSTEMPATH\Exceptions\FrameworkException.php on line 39.
 1 SYSTEMPATH\View\View.php(214): CodeIgniter\Exceptions\FrameworkException::forInvalidFile('Roles/admin/rooms/Specialized.php')
 2 SYSTEMPATH\Common.php(1167): CodeIgniter\View\View->render('Roles/admin/rooms/Specialized', [], true)
 3 APPPATH\Controllers\Admin\Rooms.php(407): view('Roles/admin/rooms/Specialized', [...])
 4 SYSTEMPATH\CodeIgniter.php(933): App\Controllers\Admin\Rooms->specialized()
 5 SYSTEMPATH\CodeIgniter.php(507): CodeIgniter\CodeIgniter->runController(Object(App\Controllers\Admin\Rooms))
 6 SYSTEMPATH\CodeIgniter.php(354): CodeIgniter\CodeIgniter->handleRequest(null, Object(Config\Cache), false)
 7 SYSTEMPATH\Boot.php(363): CodeIgniter\CodeIgniter->run()
 8 SYSTEMPATH\Boot.php(68): CodeIgniter\Boot::runCodeIgniter(Object(CodeIgniter\CodeIgniter))
 9 FCPATH\index.php(59): CodeIgniter\Boot::bootWeb(Object(Config\Paths))
CRITICAL - 2025-11-17 09:11:56 --> CodeIgniter\View\Exceptions\ViewException: Invalid file: "Roles/admin/patients/index.php"
[Method: GET, Route: patients/view]
in SYSTEMPATH\Exceptions\FrameworkException.php on line 39.
 1 SYSTEMPATH\View\View.php(214): CodeIgniter\Exceptions\FrameworkException::forInvalidFile('Roles/admin/patients/index.php')
 2 SYSTEMPATH\Common.php(1167): CodeIgniter\View\View->render('Roles/admin/patients/index', [], true)
 3 APPPATH\Controllers\Admin\Patients.php(135): view('Roles/admin/patients/index', [...])
 4 SYSTEMPATH\CodeIgniter.php(933): App\Controllers\Admin\Patients->index()
 5 SYSTEMPATH\CodeIgniter.php(507): CodeIgniter\CodeIgniter->runController(Object(App\Controllers\Admin\Patients))
 6 SYSTEMPATH\CodeIgniter.php(354): CodeIgniter\CodeIgniter->handleRequest(null, Object(Config\Cache), false)
 7 SYSTEMPATH\Boot.php(363): CodeIgniter\CodeIgniter->run()
 8 SYSTEMPATH\Boot.php(68): CodeIgniter\Boot::runCodeIgniter(Object(CodeIgniter\CodeIgniter))
 9 FCPATH\index.php(59): CodeIgniter\Boot::bootWeb(Object(Config\Paths))
