ERROR - 2025-11-01 08:29:20 --> mysqli_sql_exception: Table 'hms_g9.services' doesn't exist in C:\xampp\htdocs\WebSystemITE-G9\system\Database\MySQLi\Connection.php:327
Stack trace:
#0 C:\xampp\htdocs\WebSystemITE-G9\system\Database\MySQLi\Connection.php(327): mysqli->query('SHOW COLUMNS FR...', 0)
#1 C:\xampp\htdocs\WebSystemITE-G9\system\Database\BaseConnection.php(729): CodeIgniter\Database\MySQLi\Connection->execute('SHOW COLUMNS FR...')
#2 C:\xampp\htdocs\WebSystemITE-G9\system\Database\BaseConnection.php(646): CodeIgniter\Database\BaseConnection->simpleQuery('SHOW COLUMNS FR...')
#3 C:\xampp\htdocs\WebSystemITE-G9\system\Database\BaseConnection.php(1606): CodeIgniter\Database\BaseConnection->query('SHOW COLUMNS FR...')
#4 C:\xampp\htdocs\WebSystemITE-G9\app\Models\BillingModel.php(20): CodeIgniter\Database\BaseConnection->getFieldNames('services')
#5 C:\xampp\htdocs\WebSystemITE-G9\app\Models\BillingModel.php(64): App\Models\BillingModel->tableHas('services')
#6 C:\xampp\htdocs\WebSystemITE-G9\app\Models\BillingModel.php(76): App\Models\BillingModel->withRelations()
#7 C:\xampp\htdocs\WebSystemITE-G9\app\Models\BillingModel.php(93): App\Models\BillingModel->search(NULL)
#8 C:\xampp\htdocs\WebSystemITE-G9\app\Controllers\Billing.php(49): App\Models\BillingModel->getList(NULL)
#9 C:\xampp\htdocs\WebSystemITE-G9\system\CodeIgniter.php(933): App\Controllers\Billing->index()
#10 C:\xampp\htdocs\WebSystemITE-G9\system\CodeIgniter.php(507): CodeIgniter\CodeIgniter->runController(Object(App\Controllers\Billing))
#11 C:\xampp\htdocs\WebSystemITE-G9\system\CodeIgniter.php(354): CodeIgniter\CodeIgniter->handleRequest(NULL, Object(Config\Cache), false)
#12 C:\xampp\htdocs\WebSystemITE-G9\system\Boot.php(363): CodeIgniter\CodeIgniter->run()
#13 C:\xampp\htdocs\WebSystemITE-G9\system\Boot.php(68): CodeIgniter\Boot::runCodeIgniter(Object(CodeIgniter\CodeIgniter))
#14 C:\xampp\htdocs\WebSystemITE-G9\public\index.php(59): CodeIgniter\Boot::bootWeb(Object(Config\Paths))
#15 {main}
ERROR - 2025-11-01 09:33:03 --> mysqli_sql_exception: Table 'hms_g9.services' doesn't exist in C:\xampp\htdocs\WebSystemITE-G9\system\Database\MySQLi\Connection.php:327
Stack trace:
#0 C:\xampp\htdocs\WebSystemITE-G9\system\Database\MySQLi\Connection.php(327): mysqli->query('SHOW COLUMNS FR...', 0)
#1 C:\xampp\htdocs\WebSystemITE-G9\system\Database\BaseConnection.php(729): CodeIgniter\Database\MySQLi\Connection->execute('SHOW COLUMNS FR...')
#2 C:\xampp\htdocs\WebSystemITE-G9\system\Database\BaseConnection.php(646): CodeIgniter\Database\BaseConnection->simpleQuery('SHOW COLUMNS FR...')
#3 C:\xampp\htdocs\WebSystemITE-G9\system\Database\BaseConnection.php(1606): CodeIgniter\Database\BaseConnection->query('SHOW COLUMNS FR...')
#4 C:\xampp\htdocs\WebSystemITE-G9\app\Models\BillingModel.php(20): CodeIgniter\Database\BaseConnection->getFieldNames('services')
#5 C:\xampp\htdocs\WebSystemITE-G9\app\Models\BillingModel.php(64): App\Models\BillingModel->tableHas('services')
#6 C:\xampp\htdocs\WebSystemITE-G9\app\Models\BillingModel.php(76): App\Models\BillingModel->withRelations()
#7 C:\xampp\htdocs\WebSystemITE-G9\app\Models\BillingModel.php(93): App\Models\BillingModel->search(NULL)
#8 C:\xampp\htdocs\WebSystemITE-G9\app\Controllers\Billing.php(49): App\Models\BillingModel->getList(NULL)
#9 C:\xampp\htdocs\WebSystemITE-G9\system\CodeIgniter.php(933): App\Controllers\Billing->index()
#10 C:\xampp\htdocs\WebSystemITE-G9\system\CodeIgniter.php(507): CodeIgniter\CodeIgniter->runController(Object(App\Controllers\Billing))
#11 C:\xampp\htdocs\WebSystemITE-G9\system\CodeIgniter.php(354): CodeIgniter\CodeIgniter->handleRequest(NULL, Object(Config\Cache), false)
#12 C:\xampp\htdocs\WebSystemITE-G9\system\Boot.php(363): CodeIgniter\CodeIgniter->run()
#13 C:\xampp\htdocs\WebSystemITE-G9\system\Boot.php(68): CodeIgniter\Boot::runCodeIgniter(Object(CodeIgniter\CodeIgniter))
#14 C:\xampp\htdocs\WebSystemITE-G9\public\index.php(59): CodeIgniter\Boot::bootWeb(Object(Config\Paths))
#15 {main}
ERROR - 2025-11-01 09:33:10 --> mysqli_sql_exception: Table 'hms_g9.services' doesn't exist in C:\xampp\htdocs\WebSystemITE-G9\system\Database\MySQLi\Connection.php:327
Stack trace:
#0 C:\xampp\htdocs\WebSystemITE-G9\system\Database\MySQLi\Connection.php(327): mysqli->query('SHOW COLUMNS FR...', 0)
#1 C:\xampp\htdocs\WebSystemITE-G9\system\Database\BaseConnection.php(729): CodeIgniter\Database\MySQLi\Connection->execute('SHOW COLUMNS FR...')
#2 C:\xampp\htdocs\WebSystemITE-G9\system\Database\BaseConnection.php(646): CodeIgniter\Database\BaseConnection->simpleQuery('SHOW COLUMNS FR...')
#3 C:\xampp\htdocs\WebSystemITE-G9\system\Database\BaseConnection.php(1606): CodeIgniter\Database\BaseConnection->query('SHOW COLUMNS FR...')
#4 C:\xampp\htdocs\WebSystemITE-G9\app\Models\BillingModel.php(20): CodeIgniter\Database\BaseConnection->getFieldNames('services')
#5 C:\xampp\htdocs\WebSystemITE-G9\app\Models\BillingModel.php(64): App\Models\BillingModel->tableHas('services')
#6 C:\xampp\htdocs\WebSystemITE-G9\app\Models\BillingModel.php(76): App\Models\BillingModel->withRelations()
#7 C:\xampp\htdocs\WebSystemITE-G9\app\Models\BillingModel.php(93): App\Models\BillingModel->search(NULL)
#8 C:\xampp\htdocs\WebSystemITE-G9\app\Controllers\Billing.php(49): App\Models\BillingModel->getList(NULL)
#9 C:\xampp\htdocs\WebSystemITE-G9\system\CodeIgniter.php(933): App\Controllers\Billing->index()
#10 C:\xampp\htdocs\WebSystemITE-G9\system\CodeIgniter.php(507): CodeIgniter\CodeIgniter->runController(Object(App\Controllers\Billing))
#11 C:\xampp\htdocs\WebSystemITE-G9\system\CodeIgniter.php(354): CodeIgniter\CodeIgniter->handleRequest(NULL, Object(Config\Cache), false)
#12 C:\xampp\htdocs\WebSystemITE-G9\system\Boot.php(363): CodeIgniter\CodeIgniter->run()
#13 C:\xampp\htdocs\WebSystemITE-G9\system\Boot.php(68): CodeIgniter\Boot::runCodeIgniter(Object(CodeIgniter\CodeIgniter))
#14 C:\xampp\htdocs\WebSystemITE-G9\public\index.php(59): CodeIgniter\Boot::bootWeb(Object(Config\Paths))
#15 {main}
ERROR - 2025-11-01 09:33:13 --> mysqli_sql_exception: Table 'hms_g9.services' doesn't exist in C:\xampp\htdocs\WebSystemITE-G9\system\Database\MySQLi\Connection.php:327
Stack trace:
#0 C:\xampp\htdocs\WebSystemITE-G9\system\Database\MySQLi\Connection.php(327): mysqli->query('SHOW COLUMNS FR...', 0)
#1 C:\xampp\htdocs\WebSystemITE-G9\system\Database\BaseConnection.php(729): CodeIgniter\Database\MySQLi\Connection->execute('SHOW COLUMNS FR...')
#2 C:\xampp\htdocs\WebSystemITE-G9\system\Database\BaseConnection.php(646): CodeIgniter\Database\BaseConnection->simpleQuery('SHOW COLUMNS FR...')
#3 C:\xampp\htdocs\WebSystemITE-G9\system\Database\BaseConnection.php(1606): CodeIgniter\Database\BaseConnection->query('SHOW COLUMNS FR...')
#4 C:\xampp\htdocs\WebSystemITE-G9\app\Models\BillingModel.php(20): CodeIgniter\Database\BaseConnection->getFieldNames('services')
#5 C:\xampp\htdocs\WebSystemITE-G9\app\Models\BillingModel.php(64): App\Models\BillingModel->tableHas('services')
#6 C:\xampp\htdocs\WebSystemITE-G9\app\Models\BillingModel.php(76): App\Models\BillingModel->withRelations()
#7 C:\xampp\htdocs\WebSystemITE-G9\app\Models\BillingModel.php(93): App\Models\BillingModel->search(NULL)
#8 C:\xampp\htdocs\WebSystemITE-G9\app\Controllers\Billing.php(49): App\Models\BillingModel->getList(NULL)
#9 C:\xampp\htdocs\WebSystemITE-G9\system\CodeIgniter.php(933): App\Controllers\Billing->index()
#10 C:\xampp\htdocs\WebSystemITE-G9\system\CodeIgniter.php(507): CodeIgniter\CodeIgniter->runController(Object(App\Controllers\Billing))
#11 C:\xampp\htdocs\WebSystemITE-G9\system\CodeIgniter.php(354): CodeIgniter\CodeIgniter->handleRequest(NULL, Object(Config\Cache), false)
#12 C:\xampp\htdocs\WebSystemITE-G9\system\Boot.php(363): CodeIgniter\CodeIgniter->run()
#13 C:\xampp\htdocs\WebSystemITE-G9\system\Boot.php(68): CodeIgniter\Boot::runCodeIgniter(Object(CodeIgniter\CodeIgniter))
#14 C:\xampp\htdocs\WebSystemITE-G9\public\index.php(59): CodeIgniter\Boot::bootWeb(Object(Config\Paths))
#15 {main}
CRITICAL - 2025-11-01 09:54:00 --> ParseError: syntax error, unexpected token "endif", expecting end of file
[Method: GET, Route: dashboard]
in APPPATH\Views\partials\sidebar.php on line 209.
 1 SYSTEMPATH\View\View.php(229): CodeIgniter\View\View->CodeIgniter\View\{closure}()
 2 SYSTEMPATH\View\View.php(475): CodeIgniter\View\View->render('partials/sidebar', null, true)
 3 APPPATH\Views\partials\header.php(13): CodeIgniter\View\View->include('partials/sidebar')
 4 SYSTEMPATH\View\View.php(226): include('C:\\xampp\\htdocs\\WebSystemITE-G9\\app\\Views\\partials\\header.php')
 5 SYSTEMPATH\View\View.php(229): CodeIgniter\View\View->CodeIgniter\View\{closure}()
 6 SYSTEMPATH\View\View.php(242): CodeIgniter\View\View->render('partials/header', [], true)
 7 SYSTEMPATH\Common.php(1167): CodeIgniter\View\View->render('auth/dashboard', [], true)
 8 APPPATH\Controllers\Dashboard.php(19): view('auth/dashboard', [...])
 9 SYSTEMPATH\CodeIgniter.php(933): App\Controllers\Dashboard->index()
10 SYSTEMPATH\CodeIgniter.php(507): CodeIgniter\CodeIgniter->runController(Object(App\Controllers\Dashboard))
11 SYSTEMPATH\CodeIgniter.php(354): CodeIgniter\CodeIgniter->handleRequest(null, Object(Config\Cache), false)
12 SYSTEMPATH\Boot.php(363): CodeIgniter\CodeIgniter->run()
13 SYSTEMPATH\Boot.php(68): CodeIgniter\Boot::runCodeIgniter(Object(CodeIgniter\CodeIgniter))
14 FCPATH\index.php(59): CodeIgniter\Boot::bootWeb(Object(Config\Paths))
CRITICAL - 2025-11-01 09:54:03 --> ParseError: syntax error, unexpected token "endif", expecting end of file
[Method: GET, Route: dashboard]
in APPPATH\Views\partials\sidebar.php on line 209.
 1 SYSTEMPATH\View\View.php(229): CodeIgniter\View\View->CodeIgniter\View\{closure}()
 2 SYSTEMPATH\View\View.php(475): CodeIgniter\View\View->render('partials/sidebar', null, true)
 3 APPPATH\Views\partials\header.php(13): CodeIgniter\View\View->include('partials/sidebar')
 4 SYSTEMPATH\View\View.php(226): include('C:\\xampp\\htdocs\\WebSystemITE-G9\\app\\Views\\partials\\header.php')
 5 SYSTEMPATH\View\View.php(229): CodeIgniter\View\View->CodeIgniter\View\{closure}()
 6 SYSTEMPATH\View\View.php(242): CodeIgniter\View\View->render('partials/header', [], true)
 7 SYSTEMPATH\Common.php(1167): CodeIgniter\View\View->render('auth/dashboard', [], true)
 8 APPPATH\Controllers\Dashboard.php(19): view('auth/dashboard', [...])
 9 SYSTEMPATH\CodeIgniter.php(933): App\Controllers\Dashboard->index()
10 SYSTEMPATH\CodeIgniter.php(507): CodeIgniter\CodeIgniter->runController(Object(App\Controllers\Dashboard))
11 SYSTEMPATH\CodeIgniter.php(354): CodeIgniter\CodeIgniter->handleRequest(null, Object(Config\Cache), false)
12 SYSTEMPATH\Boot.php(363): CodeIgniter\CodeIgniter->run()
13 SYSTEMPATH\Boot.php(68): CodeIgniter\Boot::runCodeIgniter(Object(CodeIgniter\CodeIgniter))
14 FCPATH\index.php(59): CodeIgniter\Boot::bootWeb(Object(Config\Paths))
CRITICAL - 2025-11-01 09:54:04 --> ParseError: syntax error, unexpected token "endif", expecting end of file
[Method: GET, Route: dashboard]
in APPPATH\Views\partials\sidebar.php on line 209.
 1 SYSTEMPATH\View\View.php(229): CodeIgniter\View\View->CodeIgniter\View\{closure}()
 2 SYSTEMPATH\View\View.php(475): CodeIgniter\View\View->render('partials/sidebar', null, true)
 3 APPPATH\Views\partials\header.php(13): CodeIgniter\View\View->include('partials/sidebar')
 4 SYSTEMPATH\View\View.php(226): include('C:\\xampp\\htdocs\\WebSystemITE-G9\\app\\Views\\partials\\header.php')
 5 SYSTEMPATH\View\View.php(229): CodeIgniter\View\View->CodeIgniter\View\{closure}()
 6 SYSTEMPATH\View\View.php(242): CodeIgniter\View\View->render('partials/header', [], true)
 7 SYSTEMPATH\Common.php(1167): CodeIgniter\View\View->render('auth/dashboard', [], true)
 8 APPPATH\Controllers\Dashboard.php(19): view('auth/dashboard', [...])
 9 SYSTEMPATH\CodeIgniter.php(933): App\Controllers\Dashboard->index()
10 SYSTEMPATH\CodeIgniter.php(507): CodeIgniter\CodeIgniter->runController(Object(App\Controllers\Dashboard))
11 SYSTEMPATH\CodeIgniter.php(354): CodeIgniter\CodeIgniter->handleRequest(null, Object(Config\Cache), false)
12 SYSTEMPATH\Boot.php(363): CodeIgniter\CodeIgniter->run()
13 SYSTEMPATH\Boot.php(68): CodeIgniter\Boot::runCodeIgniter(Object(CodeIgniter\CodeIgniter))
14 FCPATH\index.php(59): CodeIgniter\Boot::bootWeb(Object(Config\Paths))
CRITICAL - 2025-11-01 09:54:28 --> ParseError: syntax error, unexpected token "endif", expecting end of file
[Method: GET, Route: dashboard]
in APPPATH\Views\partials\sidebar.php on line 207.
 1 SYSTEMPATH\View\View.php(229): CodeIgniter\View\View->CodeIgniter\View\{closure}()
 2 SYSTEMPATH\View\View.php(475): CodeIgniter\View\View->render('partials/sidebar', null, true)
 3 APPPATH\Views\partials\header.php(13): CodeIgniter\View\View->include('partials/sidebar')
 4 SYSTEMPATH\View\View.php(226): include('C:\\xampp\\htdocs\\WebSystemITE-G9\\app\\Views\\partials\\header.php')
 5 SYSTEMPATH\View\View.php(229): CodeIgniter\View\View->CodeIgniter\View\{closure}()
 6 SYSTEMPATH\View\View.php(242): CodeIgniter\View\View->render('partials/header', [], true)
 7 SYSTEMPATH\Common.php(1167): CodeIgniter\View\View->render('auth/dashboard', [], true)
 8 APPPATH\Controllers\Dashboard.php(19): view('auth/dashboard', [...])
 9 SYSTEMPATH\CodeIgniter.php(933): App\Controllers\Dashboard->index()
10 SYSTEMPATH\CodeIgniter.php(507): CodeIgniter\CodeIgniter->runController(Object(App\Controllers\Dashboard))
11 SYSTEMPATH\CodeIgniter.php(354): CodeIgniter\CodeIgniter->handleRequest(null, Object(Config\Cache), false)
12 SYSTEMPATH\Boot.php(363): CodeIgniter\CodeIgniter->run()
13 SYSTEMPATH\Boot.php(68): CodeIgniter\Boot::runCodeIgniter(Object(CodeIgniter\CodeIgniter))
14 FCPATH\index.php(59): CodeIgniter\Boot::bootWeb(Object(Config\Paths))
CRITICAL - 2025-11-01 09:54:30 --> ParseError: syntax error, unexpected token "endif", expecting end of file
[Method: GET, Route: dashboard]
in APPPATH\Views\partials\sidebar.php on line 207.
 1 SYSTEMPATH\View\View.php(229): CodeIgniter\View\View->CodeIgniter\View\{closure}()
 2 SYSTEMPATH\View\View.php(475): CodeIgniter\View\View->render('partials/sidebar', null, true)
 3 APPPATH\Views\partials\header.php(13): CodeIgniter\View\View->include('partials/sidebar')
 4 SYSTEMPATH\View\View.php(226): include('C:\\xampp\\htdocs\\WebSystemITE-G9\\app\\Views\\partials\\header.php')
 5 SYSTEMPATH\View\View.php(229): CodeIgniter\View\View->CodeIgniter\View\{closure}()
 6 SYSTEMPATH\View\View.php(242): CodeIgniter\View\View->render('partials/header', [], true)
 7 SYSTEMPATH\Common.php(1167): CodeIgniter\View\View->render('auth/dashboard', [], true)
 8 APPPATH\Controllers\Dashboard.php(19): view('auth/dashboard', [...])
 9 SYSTEMPATH\CodeIgniter.php(933): App\Controllers\Dashboard->index()
10 SYSTEMPATH\CodeIgniter.php(507): CodeIgniter\CodeIgniter->runController(Object(App\Controllers\Dashboard))
11 SYSTEMPATH\CodeIgniter.php(354): CodeIgniter\CodeIgniter->handleRequest(null, Object(Config\Cache), false)
12 SYSTEMPATH\Boot.php(363): CodeIgniter\CodeIgniter->run()
13 SYSTEMPATH\Boot.php(68): CodeIgniter\Boot::runCodeIgniter(Object(CodeIgniter\CodeIgniter))
14 FCPATH\index.php(59): CodeIgniter\Boot::bootWeb(Object(Config\Paths))
CRITICAL - 2025-11-01 09:54:43 --> ParseError: syntax error, unexpected token "endif", expecting end of file
[Method: GET, Route: dashboard]
in APPPATH\Views\partials\sidebar.php on line 207.
 1 SYSTEMPATH\View\View.php(229): CodeIgniter\View\View->CodeIgniter\View\{closure}()
 2 SYSTEMPATH\View\View.php(475): CodeIgniter\View\View->render('partials/sidebar', null, true)
 3 APPPATH\Views\partials\header.php(13): CodeIgniter\View\View->include('partials/sidebar')
 4 SYSTEMPATH\View\View.php(226): include('C:\\xampp\\htdocs\\WebSystemITE-G9\\app\\Views\\partials\\header.php')
 5 SYSTEMPATH\View\View.php(229): CodeIgniter\View\View->CodeIgniter\View\{closure}()
 6 SYSTEMPATH\View\View.php(242): CodeIgniter\View\View->render('partials/header', [], true)
 7 SYSTEMPATH\Common.php(1167): CodeIgniter\View\View->render('auth/dashboard', [], true)
 8 APPPATH\Controllers\Dashboard.php(19): view('auth/dashboard', [...])
 9 SYSTEMPATH\CodeIgniter.php(933): App\Controllers\Dashboard->index()
10 SYSTEMPATH\CodeIgniter.php(507): CodeIgniter\CodeIgniter->runController(Object(App\Controllers\Dashboard))
11 SYSTEMPATH\CodeIgniter.php(354): CodeIgniter\CodeIgniter->handleRequest(null, Object(Config\Cache), false)
12 SYSTEMPATH\Boot.php(363): CodeIgniter\CodeIgniter->run()
13 SYSTEMPATH\Boot.php(68): CodeIgniter\Boot::runCodeIgniter(Object(CodeIgniter\CodeIgniter))
14 FCPATH\index.php(59): CodeIgniter\Boot::bootWeb(Object(Config\Paths))
CRITICAL - 2025-11-01 10:00:06 --> Error: Class "App\Models\PaymentModel" not found
[Method: GET, Route: accountant/dashboard]
in APPPATH\Controllers\Accountant\Accountant.php on line 17.
 1 SYSTEMPATH\CodeIgniter.php(903): App\Controllers\Accountant\Accountant->__construct()
 2 SYSTEMPATH\CodeIgniter.php(498): CodeIgniter\CodeIgniter->createController()
 3 SYSTEMPATH\CodeIgniter.php(354): CodeIgniter\CodeIgniter->handleRequest(null, Object(Config\Cache), false)
 4 SYSTEMPATH\Boot.php(363): CodeIgniter\CodeIgniter->run()
 5 SYSTEMPATH\Boot.php(68): CodeIgniter\Boot::runCodeIgniter(Object(CodeIgniter\CodeIgniter))
 6 FCPATH\index.php(59): CodeIgniter\Boot::bootWeb(Object(Config\Paths))
ERROR - 2025-11-01 10:00:30 --> mysqli_sql_exception: Table 'hms_g9.payments' doesn't exist in C:\xampp\htdocs\WebSystemITE-G9\system\Database\MySQLi\Connection.php:327
Stack trace:
#0 C:\xampp\htdocs\WebSystemITE-G9\system\Database\MySQLi\Connection.php(327): mysqli->query('SELECT SUM(`amo...', 0)
#1 C:\xampp\htdocs\WebSystemITE-G9\system\Database\BaseConnection.php(729): CodeIgniter\Database\MySQLi\Connection->execute('SELECT SUM(`amo...')
#2 C:\xampp\htdocs\WebSystemITE-G9\system\Database\BaseConnection.php(646): CodeIgniter\Database\BaseConnection->simpleQuery('SELECT SUM(`amo...')
#3 C:\xampp\htdocs\WebSystemITE-G9\system\Database\BaseBuilder.php(1649): CodeIgniter\Database\BaseConnection->query('SELECT SUM(`amo...', Array, false)
#4 C:\xampp\htdocs\WebSystemITE-G9\system\Model.php(925): CodeIgniter\Database\BaseBuilder->get()
#5 C:\xampp\htdocs\WebSystemITE-G9\app\Models\PaymentModel.php(33): CodeIgniter\Model->__call('get', Array)
#6 C:\xampp\htdocs\WebSystemITE-G9\app\Controllers\Accountant\Accountant.php(35): App\Models\PaymentModel->getTotalPayments('2025-11-01')
#7 C:\xampp\htdocs\WebSystemITE-G9\system\CodeIgniter.php(933): App\Controllers\Accountant\Accountant->index()
#8 C:\xampp\htdocs\WebSystemITE-G9\system\CodeIgniter.php(507): CodeIgniter\CodeIgniter->runController(Object(App\Controllers\Accountant\Accountant))
#9 C:\xampp\htdocs\WebSystemITE-G9\system\CodeIgniter.php(354): CodeIgniter\CodeIgniter->handleRequest(NULL, Object(Config\Cache), false)
#10 C:\xampp\htdocs\WebSystemITE-G9\system\Boot.php(363): CodeIgniter\CodeIgniter->run()
#11 C:\xampp\htdocs\WebSystemITE-G9\system\Boot.php(68): CodeIgniter\Boot::runCodeIgniter(Object(CodeIgniter\CodeIgniter))
#12 C:\xampp\htdocs\WebSystemITE-G9\public\index.php(59): CodeIgniter\Boot::bootWeb(Object(Config\Paths))
#13 {main}
CRITICAL - 2025-11-01 10:00:30 --> CodeIgniter\Database\Exceptions\DatabaseException: Table 'hms_g9.payments' doesn't exist
[Method: GET, Route: accountant/dashboard]
in SYSTEMPATH\Database\BaseConnection.php on line 684.
 1 SYSTEMPATH\Database\BaseBuilder.php(1649): CodeIgniter\Database\BaseConnection->query('SELECT SUM(`amount`) AS `total`
FROM `payments`
WHERE DATE(payment_date) = :DATE(payment_date):
AND `status` = :status:', [...], false)
 2 SYSTEMPATH\Model.php(925): CodeIgniter\Database\BaseBuilder->get()
 3 APPPATH\Models\PaymentModel.php(33): CodeIgniter\Model->__call('get', [])
 4 APPPATH\Controllers\Accountant\Accountant.php(35): App\Models\PaymentModel->getTotalPayments('2025-11-01')
 5 SYSTEMPATH\CodeIgniter.php(933): App\Controllers\Accountant\Accountant->index()
 6 SYSTEMPATH\CodeIgniter.php(507): CodeIgniter\CodeIgniter->runController(Object(App\Controllers\Accountant\Accountant))
 7 SYSTEMPATH\CodeIgniter.php(354): CodeIgniter\CodeIgniter->handleRequest(null, Object(Config\Cache), false)
 8 SYSTEMPATH\Boot.php(363): CodeIgniter\CodeIgniter->run()
 9 SYSTEMPATH\Boot.php(68): CodeIgniter\Boot::runCodeIgniter(Object(CodeIgniter\CodeIgniter))
10 FCPATH\index.php(59): CodeIgniter\Boot::bootWeb(Object(Config\Paths))
CRITICAL - 2025-11-01 10:00:30 --> [Caused by] CodeIgniter\Database\Exceptions\DatabaseException: Table 'hms_g9.payments' doesn't exist
in SYSTEMPATH\Database\MySQLi\Connection.php on line 332.
 1 SYSTEMPATH\Database\BaseConnection.php(729): CodeIgniter\Database\MySQLi\Connection->execute('SELECT SUM(`amount`) AS `total`
FROM `payments`
WHERE DATE(payment_date) = \'2025-11-01\'
AND `status` = \'completed\'')
 2 SYSTEMPATH\Database\BaseConnection.php(646): CodeIgniter\Database\BaseConnection->simpleQuery('SELECT SUM(`amount`) AS `total`
FROM `payments`
WHERE DATE(payment_date) = \'2025-11-01\'
AND `status` = \'completed\'')
 3 SYSTEMPATH\Database\BaseBuilder.php(1649): CodeIgniter\Database\BaseConnection->query('SELECT SUM(`amount`) AS `total`
FROM `payments`
WHERE DATE(payment_date) = :DATE(payment_date):
AND `status` = :status:', [...], false)
 4 SYSTEMPATH\Model.php(925): CodeIgniter\Database\BaseBuilder->get()
 5 APPPATH\Models\PaymentModel.php(33): CodeIgniter\Model->__call('get', [])
 6 APPPATH\Controllers\Accountant\Accountant.php(35): App\Models\PaymentModel->getTotalPayments('2025-11-01')
 7 SYSTEMPATH\CodeIgniter.php(933): App\Controllers\Accountant\Accountant->index()
 8 SYSTEMPATH\CodeIgniter.php(507): CodeIgniter\CodeIgniter->runController(Object(App\Controllers\Accountant\Accountant))
 9 SYSTEMPATH\CodeIgniter.php(354): CodeIgniter\CodeIgniter->handleRequest(null, Object(Config\Cache), false)
10 SYSTEMPATH\Boot.php(363): CodeIgniter\CodeIgniter->run()
11 SYSTEMPATH\Boot.php(68): CodeIgniter\Boot::runCodeIgniter(Object(CodeIgniter\CodeIgniter))
12 FCPATH\index.php(59): CodeIgniter\Boot::bootWeb(Object(Config\Paths))
CRITICAL - 2025-11-01 10:00:30 --> [Caused by] mysqli_sql_exception: Table 'hms_g9.payments' doesn't exist
in SYSTEMPATH\Database\MySQLi\Connection.php on line 327.
 1 SYSTEMPATH\Database\MySQLi\Connection.php(327): mysqli->query('SELECT SUM(`amount`) AS `total`
FROM `payments`
WHERE DATE(payment_date) = \'2025-11-01\'
AND `status` = \'completed\'', 0)
 2 SYSTEMPATH\Database\BaseConnection.php(729): CodeIgniter\Database\MySQLi\Connection->execute('SELECT SUM(`amount`) AS `total`
FROM `payments`
WHERE DATE(payment_date) = \'2025-11-01\'
AND `status` = \'completed\'')
 3 SYSTEMPATH\Database\BaseConnection.php(646): CodeIgniter\Database\BaseConnection->simpleQuery('SELECT SUM(`amount`) AS `total`
FROM `payments`
WHERE DATE(payment_date) = \'2025-11-01\'
AND `status` = \'completed\'')
 4 SYSTEMPATH\Database\BaseBuilder.php(1649): CodeIgniter\Database\BaseConnection->query('SELECT SUM(`amount`) AS `total`
FROM `payments`
WHERE DATE(payment_date) = :DATE(payment_date):
AND `status` = :status:', [...], false)
 5 SYSTEMPATH\Model.php(925): CodeIgniter\Database\BaseBuilder->get()
 6 APPPATH\Models\PaymentModel.php(33): CodeIgniter\Model->__call('get', [])
 7 APPPATH\Controllers\Accountant\Accountant.php(35): App\Models\PaymentModel->getTotalPayments('2025-11-01')
 8 SYSTEMPATH\CodeIgniter.php(933): App\Controllers\Accountant\Accountant->index()
 9 SYSTEMPATH\CodeIgniter.php(507): CodeIgniter\CodeIgniter->runController(Object(App\Controllers\Accountant\Accountant))
10 SYSTEMPATH\CodeIgniter.php(354): CodeIgniter\CodeIgniter->handleRequest(null, Object(Config\Cache), false)
11 SYSTEMPATH\Boot.php(363): CodeIgniter\CodeIgniter->run()
12 SYSTEMPATH\Boot.php(68): CodeIgniter\Boot::runCodeIgniter(Object(CodeIgniter\CodeIgniter))
13 FCPATH\index.php(59): CodeIgniter\Boot::bootWeb(Object(Config\Paths))
CRITICAL - 2025-11-01 10:01:49 --> ErrorException: Undefined variable $insuranceClaims
[Method: GET, Route: accountant/dashboard]
in APPPATH\Views\Roles\Accountant\dashboard.php on line 28.
 1 APPPATH\Views\Roles\Accountant\dashboard.php(28): CodeIgniter\Debug\Exceptions->errorHandler(2, 'Undefined variable $insuranceClaims', 'C:\\xampp\\htdocs\\WebSystemITE-G9\\app\\Views\\Roles\\Accountant\\dashboard.php', 28)
 2 SYSTEMPATH\View\View.php(226): include('C:\\xampp\\htdocs\\WebSystemITE-G9\\app\\Views\\Roles\\Accountant\\dashboard.php')
 3 SYSTEMPATH\View\View.php(229): CodeIgniter\View\View->CodeIgniter\View\{closure}()
 4 SYSTEMPATH\Common.php(1167): CodeIgniter\View\View->render('Roles/Accountant/dashboard', [], true)
 5 APPPATH\Controllers\Dashboard.php(41): view('Roles/Accountant/dashboard', [...])
 6 SYSTEMPATH\CodeIgniter.php(933): App\Controllers\Dashboard->accountant()
 7 SYSTEMPATH\CodeIgniter.php(507): CodeIgniter\CodeIgniter->runController(Object(App\Controllers\Dashboard))
 8 SYSTEMPATH\CodeIgniter.php(354): CodeIgniter\CodeIgniter->handleRequest(null, Object(Config\Cache), false)
 9 SYSTEMPATH\Boot.php(363): CodeIgniter\CodeIgniter->run()
10 SYSTEMPATH\Boot.php(68): CodeIgniter\Boot::runCodeIgniter(Object(CodeIgniter\CodeIgniter))
11 FCPATH\index.php(59): CodeIgniter\Boot::bootWeb(Object(Config\Paths))
CRITICAL - 2025-11-01 10:05:20 --> CodeIgniter\HTTP\Exceptions\BadRequestException: The URI you submitted has disallowed characters: "Billing & payment"
[Method: GET, Route: Accountant/Billing%20&%20payment/bill_process]
in SYSTEMPATH\Router\Router.php on line 741.
 1 SYSTEMPATH\Router\Router.php(207): CodeIgniter\Router\Router->checkDisallowedChars('Accountant/Billing & payment/bill_process')
 2 SYSTEMPATH\CodeIgniter.php(832): CodeIgniter\Router\Router->handle('Accountant/Billing & payment/bill_process')
 3 SYSTEMPATH\CodeIgniter.php(455): CodeIgniter\CodeIgniter->tryToRouteIt(Object(CodeIgniter\Router\RouteCollection))
 4 SYSTEMPATH\CodeIgniter.php(354): CodeIgniter\CodeIgniter->handleRequest(null, Object(Config\Cache), false)
 5 SYSTEMPATH\Boot.php(363): CodeIgniter\CodeIgniter->run()
 6 SYSTEMPATH\Boot.php(68): CodeIgniter\Boot::runCodeIgniter(Object(CodeIgniter\CodeIgniter))
 7 FCPATH\index.php(59): CodeIgniter\Boot::bootWeb(Object(Config\Paths))
CRITICAL - 2025-11-01 10:06:17 --> CodeIgniter\HTTP\Exceptions\BadRequestException: The URI you submitted has disallowed characters: "Billing & payment"
[Method: GET, Route: Accountant/Billing%20&%20payment/bill_process]
in SYSTEMPATH\Router\Router.php on line 741.
 1 SYSTEMPATH\Router\Router.php(207): CodeIgniter\Router\Router->checkDisallowedChars('Accountant/Billing & payment/bill_process')
 2 SYSTEMPATH\CodeIgniter.php(832): CodeIgniter\Router\Router->handle('Accountant/Billing & payment/bill_process')
 3 SYSTEMPATH\CodeIgniter.php(455): CodeIgniter\CodeIgniter->tryToRouteIt(Object(CodeIgniter\Router\RouteCollection))
 4 SYSTEMPATH\CodeIgniter.php(354): CodeIgniter\CodeIgniter->handleRequest(null, Object(Config\Cache), false)
 5 SYSTEMPATH\Boot.php(363): CodeIgniter\CodeIgniter->run()
 6 SYSTEMPATH\Boot.php(68): CodeIgniter\Boot::runCodeIgniter(Object(CodeIgniter\CodeIgniter))
 7 FCPATH\index.php(59): CodeIgniter\Boot::bootWeb(Object(Config\Paths))
CRITICAL - 2025-11-01 10:25:24 --> CodeIgniter\View\Exceptions\ViewException: Invalid file: "Roles/Pharmacist/dashboard.php"
[Method: GET, Route: pharmacist/dashboard]
in SYSTEMPATH\Exceptions\FrameworkException.php on line 39.
 1 SYSTEMPATH\View\View.php(214): CodeIgniter\Exceptions\FrameworkException::forInvalidFile('Roles/Pharmacist/dashboard.php')
 2 SYSTEMPATH\Common.php(1167): CodeIgniter\View\View->render('Roles/Pharmacist/dashboard', [], true)
 3 APPPATH\Controllers\Pharmacist\Pharmacist.php(17): view('Roles/Pharmacist/dashboard', [...])
 4 SYSTEMPATH\CodeIgniter.php(933): App\Controllers\Pharmacist\Pharmacist->index()
 5 SYSTEMPATH\CodeIgniter.php(507): CodeIgniter\CodeIgniter->runController(Object(App\Controllers\Pharmacist\Pharmacist))
 6 SYSTEMPATH\CodeIgniter.php(354): CodeIgniter\CodeIgniter->handleRequest(null, Object(Config\Cache), false)
 7 SYSTEMPATH\Boot.php(363): CodeIgniter\CodeIgniter->run()
 8 SYSTEMPATH\Boot.php(68): CodeIgniter\Boot::runCodeIgniter(Object(CodeIgniter\CodeIgniter))
 9 FCPATH\index.php(59): CodeIgniter\Boot::bootWeb(Object(Config\Paths))
CRITICAL - 2025-11-01 10:25:26 --> CodeIgniter\View\Exceptions\ViewException: Invalid file: "Roles/Pharmacist/dashboard.php"
[Method: GET, Route: pharmacist/dashboard]
in SYSTEMPATH\Exceptions\FrameworkException.php on line 39.
 1 SYSTEMPATH\View\View.php(214): CodeIgniter\Exceptions\FrameworkException::forInvalidFile('Roles/Pharmacist/dashboard.php')
 2 SYSTEMPATH\Common.php(1167): CodeIgniter\View\View->render('Roles/Pharmacist/dashboard', [], true)
 3 APPPATH\Controllers\Pharmacist\Pharmacist.php(17): view('Roles/Pharmacist/dashboard', [...])
 4 SYSTEMPATH\CodeIgniter.php(933): App\Controllers\Pharmacist\Pharmacist->index()
 5 SYSTEMPATH\CodeIgniter.php(507): CodeIgniter\CodeIgniter->runController(Object(App\Controllers\Pharmacist\Pharmacist))
 6 SYSTEMPATH\CodeIgniter.php(354): CodeIgniter\CodeIgniter->handleRequest(null, Object(Config\Cache), false)
 7 SYSTEMPATH\Boot.php(363): CodeIgniter\CodeIgniter->run()
 8 SYSTEMPATH\Boot.php(68): CodeIgniter\Boot::runCodeIgniter(Object(CodeIgniter\CodeIgniter))
 9 FCPATH\index.php(59): CodeIgniter\Boot::bootWeb(Object(Config\Paths))
CRITICAL - 2025-11-01 10:25:27 --> CodeIgniter\View\Exceptions\ViewException: Invalid file: "Roles/Pharmacist/dashboard.php"
[Method: GET, Route: pharmacist/dashboard]
in SYSTEMPATH\Exceptions\FrameworkException.php on line 39.
 1 SYSTEMPATH\View\View.php(214): CodeIgniter\Exceptions\FrameworkException::forInvalidFile('Roles/Pharmacist/dashboard.php')
 2 SYSTEMPATH\Common.php(1167): CodeIgniter\View\View->render('Roles/Pharmacist/dashboard', [], true)
 3 APPPATH\Controllers\Pharmacist\Pharmacist.php(17): view('Roles/Pharmacist/dashboard', [...])
 4 SYSTEMPATH\CodeIgniter.php(933): App\Controllers\Pharmacist\Pharmacist->index()
 5 SYSTEMPATH\CodeIgniter.php(507): CodeIgniter\CodeIgniter->runController(Object(App\Controllers\Pharmacist\Pharmacist))
 6 SYSTEMPATH\CodeIgniter.php(354): CodeIgniter\CodeIgniter->handleRequest(null, Object(Config\Cache), false)
 7 SYSTEMPATH\Boot.php(363): CodeIgniter\CodeIgniter->run()
 8 SYSTEMPATH\Boot.php(68): CodeIgniter\Boot::runCodeIgniter(Object(CodeIgniter\CodeIgniter))
 9 FCPATH\index.php(59): CodeIgniter\Boot::bootWeb(Object(Config\Paths))
CRITICAL - 2025-11-01 10:26:29 --> CodeIgniter\View\Exceptions\ViewException: Invalid file: "templates/main.php"
[Method: GET, Route: pharmacist/dashboard]
in SYSTEMPATH\Exceptions\FrameworkException.php on line 39.
 1 SYSTEMPATH\View\View.php(214): CodeIgniter\Exceptions\FrameworkException::forInvalidFile('templates/main.php')
 2 SYSTEMPATH\View\View.php(242): CodeIgniter\View\View->render('templates/main', [], true)
 3 SYSTEMPATH\Common.php(1167): CodeIgniter\View\View->render('Roles/Pharmacist/dashboard', [], true)
 4 APPPATH\Controllers\Pharmacist\Pharmacist.php(17): view('Roles/Pharmacist/dashboard', [...])
 5 SYSTEMPATH\CodeIgniter.php(933): App\Controllers\Pharmacist\Pharmacist->index()
 6 SYSTEMPATH\CodeIgniter.php(507): CodeIgniter\CodeIgniter->runController(Object(App\Controllers\Pharmacist\Pharmacist))
 7 SYSTEMPATH\CodeIgniter.php(354): CodeIgniter\CodeIgniter->handleRequest(null, Object(Config\Cache), false)
 8 SYSTEMPATH\Boot.php(363): CodeIgniter\CodeIgniter->run()
 9 SYSTEMPATH\Boot.php(68): CodeIgniter\Boot::runCodeIgniter(Object(CodeIgniter\CodeIgniter))
10 FCPATH\index.php(59): CodeIgniter\Boot::bootWeb(Object(Config\Paths))
CRITICAL - 2025-11-01 10:26:30 --> CodeIgniter\View\Exceptions\ViewException: Invalid file: "templates/main.php"
[Method: GET, Route: pharmacist/dashboard]
in SYSTEMPATH\Exceptions\FrameworkException.php on line 39.
 1 SYSTEMPATH\View\View.php(214): CodeIgniter\Exceptions\FrameworkException::forInvalidFile('templates/main.php')
 2 SYSTEMPATH\View\View.php(242): CodeIgniter\View\View->render('templates/main', [], true)
 3 SYSTEMPATH\Common.php(1167): CodeIgniter\View\View->render('Roles/Pharmacist/dashboard', [], true)
 4 APPPATH\Controllers\Pharmacist\Pharmacist.php(17): view('Roles/Pharmacist/dashboard', [...])
 5 SYSTEMPATH\CodeIgniter.php(933): App\Controllers\Pharmacist\Pharmacist->index()
 6 SYSTEMPATH\CodeIgniter.php(507): CodeIgniter\CodeIgniter->runController(Object(App\Controllers\Pharmacist\Pharmacist))
 7 SYSTEMPATH\CodeIgniter.php(354): CodeIgniter\CodeIgniter->handleRequest(null, Object(Config\Cache), false)
 8 SYSTEMPATH\Boot.php(363): CodeIgniter\CodeIgniter->run()
 9 SYSTEMPATH\Boot.php(68): CodeIgniter\Boot::runCodeIgniter(Object(CodeIgniter\CodeIgniter))
10 FCPATH\index.php(59): CodeIgniter\Boot::bootWeb(Object(Config\Paths))
CRITICAL - 2025-11-01 10:28:17 --> CodeIgniter\View\Exceptions\ViewException: Invalid file: "templates/main.php"
[Method: GET, Route: pharmacist/dashboard]
in SYSTEMPATH\Exceptions\FrameworkException.php on line 39.
 1 SYSTEMPATH\View\View.php(214): CodeIgniter\Exceptions\FrameworkException::forInvalidFile('templates/main.php')
 2 SYSTEMPATH\View\View.php(242): CodeIgniter\View\View->render('templates/main', [], true)
 3 SYSTEMPATH\Common.php(1167): CodeIgniter\View\View->render('Roles/Pharmacist/dashboard', [], true)
 4 APPPATH\Controllers\Pharmacist.php(19): view('Roles/Pharmacist/dashboard', [...])
 5 SYSTEMPATH\CodeIgniter.php(933): App\Controllers\Pharmacist->index()
 6 SYSTEMPATH\CodeIgniter.php(507): CodeIgniter\CodeIgniter->runController(Object(App\Controllers\Pharmacist))
 7 SYSTEMPATH\CodeIgniter.php(354): CodeIgniter\CodeIgniter->handleRequest(null, Object(Config\Cache), false)
 8 SYSTEMPATH\Boot.php(363): CodeIgniter\CodeIgniter->run()
 9 SYSTEMPATH\Boot.php(68): CodeIgniter\Boot::runCodeIgniter(Object(CodeIgniter\CodeIgniter))
10 FCPATH\index.php(59): CodeIgniter\Boot::bootWeb(Object(Config\Paths))
CRITICAL - 2025-11-01 10:36:18 --> CodeIgniter\View\Exceptions\ViewException: Invalid file: "admin/InventoryMan/PharmacyInventory.php"
[Method: GET, Route: admin/pharmacy/inventory]
in SYSTEMPATH\Exceptions\FrameworkException.php on line 39.
 1 SYSTEMPATH\View\View.php(214): CodeIgniter\Exceptions\FrameworkException::forInvalidFile('admin/InventoryMan/PharmacyInventory.php')
 2 SYSTEMPATH\Common.php(1167): CodeIgniter\View\View->render('admin/InventoryMan/PharmacyInventory', [], true)
 3 APPPATH\Controllers\Pharmacy.php(100): view('admin/InventoryMan/PharmacyInventory', [...])
 4 SYSTEMPATH\CodeIgniter.php(933): App\Controllers\Pharmacy->inventory()
 5 SYSTEMPATH\CodeIgniter.php(507): CodeIgniter\CodeIgniter->runController(Object(App\Controllers\Pharmacy))
 6 SYSTEMPATH\CodeIgniter.php(354): CodeIgniter\CodeIgniter->handleRequest(null, Object(Config\Cache), false)
 7 SYSTEMPATH\Boot.php(363): CodeIgniter\CodeIgniter->run()
 8 SYSTEMPATH\Boot.php(68): CodeIgniter\Boot::runCodeIgniter(Object(CodeIgniter\CodeIgniter))
 9 FCPATH\index.php(59): CodeIgniter\Boot::bootWeb(Object(Config\Paths))
CRITICAL - 2025-11-01 10:37:23 --> CodeIgniter\View\Exceptions\ViewException: Invalid file: "admin/InventoryMan/PharmacyInventory.php"
[Method: GET, Route: pharmacist/inventory]
in SYSTEMPATH\Exceptions\FrameworkException.php on line 39.
 1 SYSTEMPATH\View\View.php(214): CodeIgniter\Exceptions\FrameworkException::forInvalidFile('admin/InventoryMan/PharmacyInventory.php')
 2 SYSTEMPATH\Common.php(1167): CodeIgniter\View\View->render('admin/InventoryMan/PharmacyInventory', [], true)
 3 APPPATH\Controllers\Pharmacy.php(100): view('admin/InventoryMan/PharmacyInventory', [...])
 4 SYSTEMPATH\CodeIgniter.php(933): App\Controllers\Pharmacy->inventory()
 5 SYSTEMPATH\CodeIgniter.php(507): CodeIgniter\CodeIgniter->runController(Object(App\Controllers\Pharmacy))
 6 SYSTEMPATH\CodeIgniter.php(354): CodeIgniter\CodeIgniter->handleRequest(null, Object(Config\Cache), false)
 7 SYSTEMPATH\Boot.php(363): CodeIgniter\CodeIgniter->run()
 8 SYSTEMPATH\Boot.php(68): CodeIgniter\Boot::runCodeIgniter(Object(CodeIgniter\CodeIgniter))
 9 FCPATH\index.php(59): CodeIgniter\Boot::bootWeb(Object(Config\Paths))
CRITICAL - 2025-11-01 10:37:55 --> CodeIgniter\View\Exceptions\ViewException: Invalid file: "admin/InventoryMan/PharmacyInventory.php"
[Method: GET, Route: pharmacist/inventory]
in SYSTEMPATH\Exceptions\FrameworkException.php on line 39.
 1 SYSTEMPATH\View\View.php(214): CodeIgniter\Exceptions\FrameworkException::forInvalidFile('admin/InventoryMan/PharmacyInventory.php')
 2 SYSTEMPATH\Common.php(1167): CodeIgniter\View\View->render('admin/InventoryMan/PharmacyInventory', [], true)
 3 APPPATH\Controllers\Pharmacy.php(100): view('admin/InventoryMan/PharmacyInventory', [...])
 4 SYSTEMPATH\CodeIgniter.php(933): App\Controllers\Pharmacy->inventory()
 5 SYSTEMPATH\CodeIgniter.php(507): CodeIgniter\CodeIgniter->runController(Object(App\Controllers\Pharmacy))
 6 SYSTEMPATH\CodeIgniter.php(354): CodeIgniter\CodeIgniter->handleRequest(null, Object(Config\Cache), false)
 7 SYSTEMPATH\Boot.php(363): CodeIgniter\CodeIgniter->run()
 8 SYSTEMPATH\Boot.php(68): CodeIgniter\Boot::runCodeIgniter(Object(CodeIgniter\CodeIgniter))
 9 FCPATH\index.php(59): CodeIgniter\Boot::bootWeb(Object(Config\Paths))
CRITICAL - 2025-11-01 10:37:56 --> CodeIgniter\View\Exceptions\ViewException: Invalid file: "admin/InventoryMan/PharmacyInventory.php"
[Method: GET, Route: pharmacist/inventory]
in SYSTEMPATH\Exceptions\FrameworkException.php on line 39.
 1 SYSTEMPATH\View\View.php(214): CodeIgniter\Exceptions\FrameworkException::forInvalidFile('admin/InventoryMan/PharmacyInventory.php')
 2 SYSTEMPATH\Common.php(1167): CodeIgniter\View\View->render('admin/InventoryMan/PharmacyInventory', [], true)
 3 APPPATH\Controllers\Pharmacy.php(100): view('admin/InventoryMan/PharmacyInventory', [...])
 4 SYSTEMPATH\CodeIgniter.php(933): App\Controllers\Pharmacy->inventory()
 5 SYSTEMPATH\CodeIgniter.php(507): CodeIgniter\CodeIgniter->runController(Object(App\Controllers\Pharmacy))
 6 SYSTEMPATH\CodeIgniter.php(354): CodeIgniter\CodeIgniter->handleRequest(null, Object(Config\Cache), false)
 7 SYSTEMPATH\Boot.php(363): CodeIgniter\CodeIgniter->run()
 8 SYSTEMPATH\Boot.php(68): CodeIgniter\Boot::runCodeIgniter(Object(CodeIgniter\CodeIgniter))
 9 FCPATH\index.php(59): CodeIgniter\Boot::bootWeb(Object(Config\Paths))
CRITICAL - 2025-11-01 10:37:58 --> CodeIgniter\View\Exceptions\ViewException: Invalid file: "admin/InventoryMan/PharmacyInventory.php"
[Method: GET, Route: pharmacist/inventory]
in SYSTEMPATH\Exceptions\FrameworkException.php on line 39.
 1 SYSTEMPATH\View\View.php(214): CodeIgniter\Exceptions\FrameworkException::forInvalidFile('admin/InventoryMan/PharmacyInventory.php')
 2 SYSTEMPATH\Common.php(1167): CodeIgniter\View\View->render('admin/InventoryMan/PharmacyInventory', [], true)
 3 APPPATH\Controllers\Pharmacy.php(100): view('admin/InventoryMan/PharmacyInventory', [...])
 4 SYSTEMPATH\CodeIgniter.php(933): App\Controllers\Pharmacy->inventory()
 5 SYSTEMPATH\CodeIgniter.php(507): CodeIgniter\CodeIgniter->runController(Object(App\Controllers\Pharmacy))
 6 SYSTEMPATH\CodeIgniter.php(354): CodeIgniter\CodeIgniter->handleRequest(null, Object(Config\Cache), false)
 7 SYSTEMPATH\Boot.php(363): CodeIgniter\CodeIgniter->run()
 8 SYSTEMPATH\Boot.php(68): CodeIgniter\Boot::runCodeIgniter(Object(CodeIgniter\CodeIgniter))
 9 FCPATH\index.php(59): CodeIgniter\Boot::bootWeb(Object(Config\Paths))
CRITICAL - 2025-11-01 10:43:28 --> ErrorException: Undefined array key "reorder_level"
[Method: GET, Route: pharmacist/inventory]
in APPPATH\Controllers\Pharmacy.php on line 60.
 1 APPPATH\Controllers\Pharmacy.php(60): CodeIgniter\Debug\Exceptions->errorHandler(2, 'Undefined array key "reorder_level"', 'C:\\xampp\\htdocs\\WebSystemITE-G9\\app\\Controllers\\Pharmacy.php', 60)
 2 SYSTEMPATH\CodeIgniter.php(933): App\Controllers\Pharmacy->medicine()
 3 SYSTEMPATH\CodeIgniter.php(507): CodeIgniter\CodeIgniter->runController(Object(App\Controllers\Pharmacy))
 4 SYSTEMPATH\CodeIgniter.php(354): CodeIgniter\CodeIgniter->handleRequest(null, Object(Config\Cache), false)
 5 SYSTEMPATH\Boot.php(363): CodeIgniter\CodeIgniter->run()
 6 SYSTEMPATH\Boot.php(68): CodeIgniter\Boot::runCodeIgniter(Object(CodeIgniter\CodeIgniter))
 7 FCPATH\index.php(59): CodeIgniter\Boot::bootWeb(Object(Config\Paths))
CRITICAL - 2025-11-01 10:43:33 --> ErrorException: Undefined array key "reorder_level"
[Method: GET, Route: pharmacist/inventory]
in APPPATH\Controllers\Pharmacy.php on line 60.
 1 APPPATH\Controllers\Pharmacy.php(60): CodeIgniter\Debug\Exceptions->errorHandler(2, 'Undefined array key "reorder_level"', 'C:\\xampp\\htdocs\\WebSystemITE-G9\\app\\Controllers\\Pharmacy.php', 60)
 2 SYSTEMPATH\CodeIgniter.php(933): App\Controllers\Pharmacy->medicine()
 3 SYSTEMPATH\CodeIgniter.php(507): CodeIgniter\CodeIgniter->runController(Object(App\Controllers\Pharmacy))
 4 SYSTEMPATH\CodeIgniter.php(354): CodeIgniter\CodeIgniter->handleRequest(null, Object(Config\Cache), false)
 5 SYSTEMPATH\Boot.php(363): CodeIgniter\CodeIgniter->run()
 6 SYSTEMPATH\Boot.php(68): CodeIgniter\Boot::runCodeIgniter(Object(CodeIgniter\CodeIgniter))
 7 FCPATH\index.php(59): CodeIgniter\Boot::bootWeb(Object(Config\Paths))
CRITICAL - 2025-11-01 10:43:33 --> ErrorException: Undefined array key "reorder_level"
[Method: GET, Route: pharmacist/inventory]
in APPPATH\Controllers\Pharmacy.php on line 60.
 1 APPPATH\Controllers\Pharmacy.php(60): CodeIgniter\Debug\Exceptions->errorHandler(2, 'Undefined array key "reorder_level"', 'C:\\xampp\\htdocs\\WebSystemITE-G9\\app\\Controllers\\Pharmacy.php', 60)
 2 SYSTEMPATH\CodeIgniter.php(933): App\Controllers\Pharmacy->medicine()
 3 SYSTEMPATH\CodeIgniter.php(507): CodeIgniter\CodeIgniter->runController(Object(App\Controllers\Pharmacy))
 4 SYSTEMPATH\CodeIgniter.php(354): CodeIgniter\CodeIgniter->handleRequest(null, Object(Config\Cache), false)
 5 SYSTEMPATH\Boot.php(363): CodeIgniter\CodeIgniter->run()
 6 SYSTEMPATH\Boot.php(68): CodeIgniter\Boot::runCodeIgniter(Object(CodeIgniter\CodeIgniter))
 7 FCPATH\index.php(59): CodeIgniter\Boot::bootWeb(Object(Config\Paths))
ERROR - 2025-11-01 10:45:49 --> mysqli_sql_exception: Table 'hms_g9.services' doesn't exist in C:\xampp\htdocs\WebSystemITE-G9\system\Database\MySQLi\Connection.php:327
Stack trace:
#0 C:\xampp\htdocs\WebSystemITE-G9\system\Database\MySQLi\Connection.php(327): mysqli->query('SHOW COLUMNS FR...', 0)
#1 C:\xampp\htdocs\WebSystemITE-G9\system\Database\BaseConnection.php(729): CodeIgniter\Database\MySQLi\Connection->execute('SHOW COLUMNS FR...')
#2 C:\xampp\htdocs\WebSystemITE-G9\system\Database\BaseConnection.php(646): CodeIgniter\Database\BaseConnection->simpleQuery('SHOW COLUMNS FR...')
#3 C:\xampp\htdocs\WebSystemITE-G9\system\Database\BaseConnection.php(1606): CodeIgniter\Database\BaseConnection->query('SHOW COLUMNS FR...')
#4 C:\xampp\htdocs\WebSystemITE-G9\app\Models\BillingModel.php(20): CodeIgniter\Database\BaseConnection->getFieldNames('services')
#5 C:\xampp\htdocs\WebSystemITE-G9\app\Models\BillingModel.php(64): App\Models\BillingModel->tableHas('services')
#6 C:\xampp\htdocs\WebSystemITE-G9\app\Models\BillingModel.php(76): App\Models\BillingModel->withRelations()
#7 C:\xampp\htdocs\WebSystemITE-G9\app\Models\BillingModel.php(93): App\Models\BillingModel->search(NULL)
#8 C:\xampp\htdocs\WebSystemITE-G9\app\Controllers\Billing.php(49): App\Models\BillingModel->getList(NULL)
#9 C:\xampp\htdocs\WebSystemITE-G9\system\CodeIgniter.php(933): App\Controllers\Billing->index()
#10 C:\xampp\htdocs\WebSystemITE-G9\system\CodeIgniter.php(507): CodeIgniter\CodeIgniter->runController(Object(App\Controllers\Billing))
#11 C:\xampp\htdocs\WebSystemITE-G9\system\CodeIgniter.php(354): CodeIgniter\CodeIgniter->handleRequest(NULL, Object(Config\Cache), false)
#12 C:\xampp\htdocs\WebSystemITE-G9\system\Boot.php(363): CodeIgniter\CodeIgniter->run()
#13 C:\xampp\htdocs\WebSystemITE-G9\system\Boot.php(68): CodeIgniter\Boot::runCodeIgniter(Object(CodeIgniter\CodeIgniter))
#14 C:\xampp\htdocs\WebSystemITE-G9\public\index.php(59): CodeIgniter\Boot::bootWeb(Object(Config\Paths))
#15 {main}
CRITICAL - 2025-11-01 13:49:01 --> ParseError: syntax error, unexpected token ";", expecting "]"
[Method: GET, Route: dashboard]
in APPPATH\Controllers\Dashboard.php on line 49.
 1 SYSTEMPATH\Autoloader\Autoloader.php(295): CodeIgniter\Autoloader\Autoloader->includeFile('C:\\xampp\\htdocs\\WebSystemITE-G9\\app\\Controllers\\Dashboard.php')
 2 SYSTEMPATH\Autoloader\Autoloader.php(271): CodeIgniter\Autoloader\Autoloader->loadInNamespace('App\\Controllers\\Dashboard')
 3 [internal function]: CodeIgniter\Autoloader\Autoloader->loadClass('App\\Controllers\\Dashboard')
 4 SYSTEMPATH\CodeIgniter.php(885): class_exists('\\App\\Controllers\\Dashboard', true)
 5 SYSTEMPATH\CodeIgniter.php(494): CodeIgniter\CodeIgniter->startController()
 6 SYSTEMPATH\CodeIgniter.php(354): CodeIgniter\CodeIgniter->handleRequest(null, Object(Config\Cache), false)
 7 SYSTEMPATH\Boot.php(363): CodeIgniter\CodeIgniter->run()
 8 SYSTEMPATH\Boot.php(68): CodeIgniter\Boot::runCodeIgniter(Object(CodeIgniter\CodeIgniter))
 9 FCPATH\index.php(59): CodeIgniter\Boot::bootWeb(Object(Config\Paths))
CRITICAL - 2025-11-01 13:49:06 --> ParseError: syntax error, unexpected token ";", expecting "]"
[Method: GET, Route: dashboard]
in APPPATH\Controllers\Dashboard.php on line 49.
 1 SYSTEMPATH\Autoloader\Autoloader.php(295): CodeIgniter\Autoloader\Autoloader->includeFile('C:\\xampp\\htdocs\\WebSystemITE-G9\\app\\Controllers\\Dashboard.php')
 2 SYSTEMPATH\Autoloader\Autoloader.php(271): CodeIgniter\Autoloader\Autoloader->loadInNamespace('App\\Controllers\\Dashboard')
 3 [internal function]: CodeIgniter\Autoloader\Autoloader->loadClass('App\\Controllers\\Dashboard')
 4 SYSTEMPATH\CodeIgniter.php(885): class_exists('\\App\\Controllers\\Dashboard', true)
 5 SYSTEMPATH\CodeIgniter.php(494): CodeIgniter\CodeIgniter->startController()
 6 SYSTEMPATH\CodeIgniter.php(354): CodeIgniter\CodeIgniter->handleRequest(null, Object(Config\Cache), false)
 7 SYSTEMPATH\Boot.php(363): CodeIgniter\CodeIgniter->run()
 8 SYSTEMPATH\Boot.php(68): CodeIgniter\Boot::runCodeIgniter(Object(CodeIgniter\CodeIgniter))
 9 FCPATH\index.php(59): CodeIgniter\Boot::bootWeb(Object(Config\Paths))
ERROR - 2025-11-01 13:49:19 --> mysqli_sql_exception: Table 'hms_g9.services' doesn't exist in C:\xampp\htdocs\WebSystemITE-G9\system\Database\MySQLi\Connection.php:327
Stack trace:
#0 C:\xampp\htdocs\WebSystemITE-G9\system\Database\MySQLi\Connection.php(327): mysqli->query('SHOW COLUMNS FR...', 0)
#1 C:\xampp\htdocs\WebSystemITE-G9\system\Database\BaseConnection.php(729): CodeIgniter\Database\MySQLi\Connection->execute('SHOW COLUMNS FR...')
#2 C:\xampp\htdocs\WebSystemITE-G9\system\Database\BaseConnection.php(646): CodeIgniter\Database\BaseConnection->simpleQuery('SHOW COLUMNS FR...')
#3 C:\xampp\htdocs\WebSystemITE-G9\system\Database\BaseConnection.php(1606): CodeIgniter\Database\BaseConnection->query('SHOW COLUMNS FR...')
#4 C:\xampp\htdocs\WebSystemITE-G9\app\Models\BillingModel.php(20): CodeIgniter\Database\BaseConnection->getFieldNames('services')
#5 C:\xampp\htdocs\WebSystemITE-G9\app\Models\BillingModel.php(64): App\Models\BillingModel->tableHas('services')
#6 C:\xampp\htdocs\WebSystemITE-G9\app\Models\BillingModel.php(76): App\Models\BillingModel->withRelations()
#7 C:\xampp\htdocs\WebSystemITE-G9\app\Models\BillingModel.php(93): App\Models\BillingModel->search(NULL)
#8 C:\xampp\htdocs\WebSystemITE-G9\app\Controllers\Billing.php(49): App\Models\BillingModel->getList(NULL)
#9 C:\xampp\htdocs\WebSystemITE-G9\system\CodeIgniter.php(933): App\Controllers\Billing->index()
#10 C:\xampp\htdocs\WebSystemITE-G9\system\CodeIgniter.php(507): CodeIgniter\CodeIgniter->runController(Object(App\Controllers\Billing))
#11 C:\xampp\htdocs\WebSystemITE-G9\system\CodeIgniter.php(354): CodeIgniter\CodeIgniter->handleRequest(NULL, Object(Config\Cache), false)
#12 C:\xampp\htdocs\WebSystemITE-G9\system\Boot.php(363): CodeIgniter\CodeIgniter->run()
#13 C:\xampp\htdocs\WebSystemITE-G9\system\Boot.php(68): CodeIgniter\Boot::runCodeIgniter(Object(CodeIgniter\CodeIgniter))
#14 C:\xampp\htdocs\WebSystemITE-G9\public\index.php(59): CodeIgniter\Boot::bootWeb(Object(Config\Paths))
#15 {main}
ERROR - 2025-11-01 13:57:43 --> mysqli_sql_exception: Table 'hms_g9.services' doesn't exist in C:\xampp\htdocs\WebSystemITE-G9\system\Database\MySQLi\Connection.php:327
Stack trace:
#0 C:\xampp\htdocs\WebSystemITE-G9\system\Database\MySQLi\Connection.php(327): mysqli->query('SHOW COLUMNS FR...', 0)
#1 C:\xampp\htdocs\WebSystemITE-G9\system\Database\BaseConnection.php(729): CodeIgniter\Database\MySQLi\Connection->execute('SHOW COLUMNS FR...')
#2 C:\xampp\htdocs\WebSystemITE-G9\system\Database\BaseConnection.php(646): CodeIgniter\Database\BaseConnection->simpleQuery('SHOW COLUMNS FR...')
#3 C:\xampp\htdocs\WebSystemITE-G9\system\Database\BaseConnection.php(1606): CodeIgniter\Database\BaseConnection->query('SHOW COLUMNS FR...')
#4 C:\xampp\htdocs\WebSystemITE-G9\app\Models\BillingModel.php(20): CodeIgniter\Database\BaseConnection->getFieldNames('services')
#5 C:\xampp\htdocs\WebSystemITE-G9\app\Models\BillingModel.php(64): App\Models\BillingModel->tableHas('services')
#6 C:\xampp\htdocs\WebSystemITE-G9\app\Models\BillingModel.php(76): App\Models\BillingModel->withRelations()
#7 C:\xampp\htdocs\WebSystemITE-G9\app\Models\BillingModel.php(93): App\Models\BillingModel->search(NULL)
#8 C:\xampp\htdocs\WebSystemITE-G9\app\Controllers\Billing.php(49): App\Models\BillingModel->getList(NULL)
#9 C:\xampp\htdocs\WebSystemITE-G9\system\CodeIgniter.php(933): App\Controllers\Billing->index()
#10 C:\xampp\htdocs\WebSystemITE-G9\system\CodeIgniter.php(507): CodeIgniter\CodeIgniter->runController(Object(App\Controllers\Billing))
#11 C:\xampp\htdocs\WebSystemITE-G9\system\CodeIgniter.php(354): CodeIgniter\CodeIgniter->handleRequest(NULL, Object(Config\Cache), false)
#12 C:\xampp\htdocs\WebSystemITE-G9\system\Boot.php(363): CodeIgniter\CodeIgniter->run()
#13 C:\xampp\htdocs\WebSystemITE-G9\system\Boot.php(68): CodeIgniter\Boot::runCodeIgniter(Object(CodeIgniter\CodeIgniter))
#14 C:\xampp\htdocs\WebSystemITE-G9\public\index.php(59): CodeIgniter\Boot::bootWeb(Object(Config\Paths))
#15 {main}
ERROR - 2025-11-01 13:57:44 --> mysqli_sql_exception: Unknown column 'amount' in 'field list' in C:\xampp\htdocs\WebSystemITE-G9\system\Database\MySQLi\Connection.php:327
Stack trace:
#0 C:\xampp\htdocs\WebSystemITE-G9\system\Database\MySQLi\Connection.php(327): mysqli->query('SELECT SUM(`amo...', 0)
#1 C:\xampp\htdocs\WebSystemITE-G9\system\Database\BaseConnection.php(729): CodeIgniter\Database\MySQLi\Connection->execute('SELECT SUM(`amo...')
#2 C:\xampp\htdocs\WebSystemITE-G9\system\Database\BaseConnection.php(646): CodeIgniter\Database\BaseConnection->simpleQuery('SELECT SUM(`amo...')
#3 C:\xampp\htdocs\WebSystemITE-G9\system\Database\BaseBuilder.php(1649): CodeIgniter\Database\BaseConnection->query('SELECT SUM(`amo...', Array, false)
#4 C:\xampp\htdocs\WebSystemITE-G9\system\Model.php(925): CodeIgniter\Database\BaseBuilder->get()
#5 C:\xampp\htdocs\WebSystemITE-G9\app\Controllers\Dashboard.php(79): CodeIgniter\Model->__call('get', Array)
#6 C:\xampp\htdocs\WebSystemITE-G9\app\Controllers\Dashboard.php(29): App\Controllers\Dashboard->getDashboardData('admin', 'admin')
#7 C:\xampp\htdocs\WebSystemITE-G9\system\CodeIgniter.php(933): App\Controllers\Dashboard->index()
#8 C:\xampp\htdocs\WebSystemITE-G9\system\CodeIgniter.php(507): CodeIgniter\CodeIgniter->runController(Object(App\Controllers\Dashboard))
#9 C:\xampp\htdocs\WebSystemITE-G9\system\CodeIgniter.php(354): CodeIgniter\CodeIgniter->handleRequest(NULL, Object(Config\Cache), false)
#10 C:\xampp\htdocs\WebSystemITE-G9\system\Boot.php(363): CodeIgniter\CodeIgniter->run()
#11 C:\xampp\htdocs\WebSystemITE-G9\system\Boot.php(68): CodeIgniter\Boot::runCodeIgniter(Object(CodeIgniter\CodeIgniter))
#12 C:\xampp\htdocs\WebSystemITE-G9\public\index.php(59): CodeIgniter\Boot::bootWeb(Object(Config\Paths))
#13 {main}
CRITICAL - 2025-11-01 13:57:44 --> CodeIgniter\Database\Exceptions\DatabaseException: Unknown column 'amount' in 'field list'
[Method: GET, Route: dashboard]
in SYSTEMPATH\Database\BaseConnection.php on line 684.
 1 SYSTEMPATH\Database\BaseBuilder.php(1649): CodeIgniter\Database\BaseConnection->query('SELECT SUM(`amount`) AS `amount`
FROM `billing`
WHERE DATE(created_at) = :DATE(created_at):
AND `status` = :status:', [...], false)
 2 SYSTEMPATH\Model.php(925): CodeIgniter\Database\BaseBuilder->get()
 3 APPPATH\Controllers\Dashboard.php(79): CodeIgniter\Model->__call('get', [])
 4 APPPATH\Controllers\Dashboard.php(29): App\Controllers\Dashboard->getDashboardData('admin', 'admin')
 5 SYSTEMPATH\CodeIgniter.php(933): App\Controllers\Dashboard->index()
 6 SYSTEMPATH\CodeIgniter.php(507): CodeIgniter\CodeIgniter->runController(Object(App\Controllers\Dashboard))
 7 SYSTEMPATH\CodeIgniter.php(354): CodeIgniter\CodeIgniter->handleRequest(null, Object(Config\Cache), false)
 8 SYSTEMPATH\Boot.php(363): CodeIgniter\CodeIgniter->run()
 9 SYSTEMPATH\Boot.php(68): CodeIgniter\Boot::runCodeIgniter(Object(CodeIgniter\CodeIgniter))
10 FCPATH\index.php(59): CodeIgniter\Boot::bootWeb(Object(Config\Paths))
CRITICAL - 2025-11-01 13:57:44 --> [Caused by] CodeIgniter\Database\Exceptions\DatabaseException: Unknown column 'amount' in 'field list'
in SYSTEMPATH\Database\MySQLi\Connection.php on line 332.
 1 SYSTEMPATH\Database\BaseConnection.php(729): CodeIgniter\Database\MySQLi\Connection->execute('SELECT SUM(`amount`) AS `amount`
FROM `billing`
WHERE DATE(created_at) = \'2025-11-01\'
AND `status` = \'paid\'')
 2 SYSTEMPATH\Database\BaseConnection.php(646): CodeIgniter\Database\BaseConnection->simpleQuery('SELECT SUM(`amount`) AS `amount`
FROM `billing`
WHERE DATE(created_at) = \'2025-11-01\'
AND `status` = \'paid\'')
 3 SYSTEMPATH\Database\BaseBuilder.php(1649): CodeIgniter\Database\BaseConnection->query('SELECT SUM(`amount`) AS `amount`
FROM `billing`
WHERE DATE(created_at) = :DATE(created_at):
AND `status` = :status:', [...], false)
 4 SYSTEMPATH\Model.php(925): CodeIgniter\Database\BaseBuilder->get()
 5 APPPATH\Controllers\Dashboard.php(79): CodeIgniter\Model->__call('get', [])
 6 APPPATH\Controllers\Dashboard.php(29): App\Controllers\Dashboard->getDashboardData('admin', 'admin')
 7 SYSTEMPATH\CodeIgniter.php(933): App\Controllers\Dashboard->index()
 8 SYSTEMPATH\CodeIgniter.php(507): CodeIgniter\CodeIgniter->runController(Object(App\Controllers\Dashboard))
 9 SYSTEMPATH\CodeIgniter.php(354): CodeIgniter\CodeIgniter->handleRequest(null, Object(Config\Cache), false)
10 SYSTEMPATH\Boot.php(363): CodeIgniter\CodeIgniter->run()
11 SYSTEMPATH\Boot.php(68): CodeIgniter\Boot::runCodeIgniter(Object(CodeIgniter\CodeIgniter))
12 FCPATH\index.php(59): CodeIgniter\Boot::bootWeb(Object(Config\Paths))
CRITICAL - 2025-11-01 13:57:44 --> [Caused by] mysqli_sql_exception: Unknown column 'amount' in 'field list'
in SYSTEMPATH\Database\MySQLi\Connection.php on line 327.
 1 SYSTEMPATH\Database\MySQLi\Connection.php(327): mysqli->query('SELECT SUM(`amount`) AS `amount`
FROM `billing`
WHERE DATE(created_at) = \'2025-11-01\'
AND `status` = \'paid\'', 0)
 2 SYSTEMPATH\Database\BaseConnection.php(729): CodeIgniter\Database\MySQLi\Connection->execute('SELECT SUM(`amount`) AS `amount`
FROM `billing`
WHERE DATE(created_at) = \'2025-11-01\'
AND `status` = \'paid\'')
 3 SYSTEMPATH\Database\BaseConnection.php(646): CodeIgniter\Database\BaseConnection->simpleQuery('SELECT SUM(`amount`) AS `amount`
FROM `billing`
WHERE DATE(created_at) = \'2025-11-01\'
AND `status` = \'paid\'')
 4 SYSTEMPATH\Database\BaseBuilder.php(1649): CodeIgniter\Database\BaseConnection->query('SELECT SUM(`amount`) AS `amount`
FROM `billing`
WHERE DATE(created_at) = :DATE(created_at):
AND `status` = :status:', [...], false)
 5 SYSTEMPATH\Model.php(925): CodeIgniter\Database\BaseBuilder->get()
 6 APPPATH\Controllers\Dashboard.php(79): CodeIgniter\Model->__call('get', [])
 7 APPPATH\Controllers\Dashboard.php(29): App\Controllers\Dashboard->getDashboardData('admin', 'admin')
 8 SYSTEMPATH\CodeIgniter.php(933): App\Controllers\Dashboard->index()
 9 SYSTEMPATH\CodeIgniter.php(507): CodeIgniter\CodeIgniter->runController(Object(App\Controllers\Dashboard))
10 SYSTEMPATH\CodeIgniter.php(354): CodeIgniter\CodeIgniter->handleRequest(null, Object(Config\Cache), false)
11 SYSTEMPATH\Boot.php(363): CodeIgniter\CodeIgniter->run()
12 SYSTEMPATH\Boot.php(68): CodeIgniter\Boot::runCodeIgniter(Object(CodeIgniter\CodeIgniter))
13 FCPATH\index.php(59): CodeIgniter\Boot::bootWeb(Object(Config\Paths))
ERROR - 2025-11-01 13:57:46 --> mysqli_sql_exception: Unknown column 'amount' in 'field list' in C:\xampp\htdocs\WebSystemITE-G9\system\Database\MySQLi\Connection.php:327
Stack trace:
#0 C:\xampp\htdocs\WebSystemITE-G9\system\Database\MySQLi\Connection.php(327): mysqli->query('SELECT SUM(`amo...', 0)
#1 C:\xampp\htdocs\WebSystemITE-G9\system\Database\BaseConnection.php(729): CodeIgniter\Database\MySQLi\Connection->execute('SELECT SUM(`amo...')
#2 C:\xampp\htdocs\WebSystemITE-G9\system\Database\BaseConnection.php(646): CodeIgniter\Database\BaseConnection->simpleQuery('SELECT SUM(`amo...')
#3 C:\xampp\htdocs\WebSystemITE-G9\system\Database\BaseBuilder.php(1649): CodeIgniter\Database\BaseConnection->query('SELECT SUM(`amo...', Array, false)
#4 C:\xampp\htdocs\WebSystemITE-G9\system\Model.php(925): CodeIgniter\Database\BaseBuilder->get()
#5 C:\xampp\htdocs\WebSystemITE-G9\app\Controllers\Dashboard.php(79): CodeIgniter\Model->__call('get', Array)
#6 C:\xampp\htdocs\WebSystemITE-G9\app\Controllers\Dashboard.php(29): App\Controllers\Dashboard->getDashboardData('admin', 'admin')
#7 C:\xampp\htdocs\WebSystemITE-G9\system\CodeIgniter.php(933): App\Controllers\Dashboard->index()
#8 C:\xampp\htdocs\WebSystemITE-G9\system\CodeIgniter.php(507): CodeIgniter\CodeIgniter->runController(Object(App\Controllers\Dashboard))
#9 C:\xampp\htdocs\WebSystemITE-G9\system\CodeIgniter.php(354): CodeIgniter\CodeIgniter->handleRequest(NULL, Object(Config\Cache), false)
#10 C:\xampp\htdocs\WebSystemITE-G9\system\Boot.php(363): CodeIgniter\CodeIgniter->run()
#11 C:\xampp\htdocs\WebSystemITE-G9\system\Boot.php(68): CodeIgniter\Boot::runCodeIgniter(Object(CodeIgniter\CodeIgniter))
#12 C:\xampp\htdocs\WebSystemITE-G9\public\index.php(59): CodeIgniter\Boot::bootWeb(Object(Config\Paths))
#13 {main}
CRITICAL - 2025-11-01 13:57:46 --> CodeIgniter\Database\Exceptions\DatabaseException: Unknown column 'amount' in 'field list'
[Method: GET, Route: dashboard]
in SYSTEMPATH\Database\BaseConnection.php on line 684.
 1 SYSTEMPATH\Database\BaseBuilder.php(1649): CodeIgniter\Database\BaseConnection->query('SELECT SUM(`amount`) AS `amount`
FROM `billing`
WHERE DATE(created_at) = :DATE(created_at):
AND `status` = :status:', [...], false)
 2 SYSTEMPATH\Model.php(925): CodeIgniter\Database\BaseBuilder->get()
 3 APPPATH\Controllers\Dashboard.php(79): CodeIgniter\Model->__call('get', [])
 4 APPPATH\Controllers\Dashboard.php(29): App\Controllers\Dashboard->getDashboardData('admin', 'admin')
 5 SYSTEMPATH\CodeIgniter.php(933): App\Controllers\Dashboard->index()
 6 SYSTEMPATH\CodeIgniter.php(507): CodeIgniter\CodeIgniter->runController(Object(App\Controllers\Dashboard))
 7 SYSTEMPATH\CodeIgniter.php(354): CodeIgniter\CodeIgniter->handleRequest(null, Object(Config\Cache), false)
 8 SYSTEMPATH\Boot.php(363): CodeIgniter\CodeIgniter->run()
 9 SYSTEMPATH\Boot.php(68): CodeIgniter\Boot::runCodeIgniter(Object(CodeIgniter\CodeIgniter))
10 FCPATH\index.php(59): CodeIgniter\Boot::bootWeb(Object(Config\Paths))
CRITICAL - 2025-11-01 13:57:46 --> [Caused by] CodeIgniter\Database\Exceptions\DatabaseException: Unknown column 'amount' in 'field list'
in SYSTEMPATH\Database\MySQLi\Connection.php on line 332.
 1 SYSTEMPATH\Database\BaseConnection.php(729): CodeIgniter\Database\MySQLi\Connection->execute('SELECT SUM(`amount`) AS `amount`
FROM `billing`
WHERE DATE(created_at) = \'2025-11-01\'
AND `status` = \'paid\'')
 2 SYSTEMPATH\Database\BaseConnection.php(646): CodeIgniter\Database\BaseConnection->simpleQuery('SELECT SUM(`amount`) AS `amount`
FROM `billing`
WHERE DATE(created_at) = \'2025-11-01\'
AND `status` = \'paid\'')
 3 SYSTEMPATH\Database\BaseBuilder.php(1649): CodeIgniter\Database\BaseConnection->query('SELECT SUM(`amount`) AS `amount`
FROM `billing`
WHERE DATE(created_at) = :DATE(created_at):
AND `status` = :status:', [...], false)
 4 SYSTEMPATH\Model.php(925): CodeIgniter\Database\BaseBuilder->get()
 5 APPPATH\Controllers\Dashboard.php(79): CodeIgniter\Model->__call('get', [])
 6 APPPATH\Controllers\Dashboard.php(29): App\Controllers\Dashboard->getDashboardData('admin', 'admin')
 7 SYSTEMPATH\CodeIgniter.php(933): App\Controllers\Dashboard->index()
 8 SYSTEMPATH\CodeIgniter.php(507): CodeIgniter\CodeIgniter->runController(Object(App\Controllers\Dashboard))
 9 SYSTEMPATH\CodeIgniter.php(354): CodeIgniter\CodeIgniter->handleRequest(null, Object(Config\Cache), false)
10 SYSTEMPATH\Boot.php(363): CodeIgniter\CodeIgniter->run()
11 SYSTEMPATH\Boot.php(68): CodeIgniter\Boot::runCodeIgniter(Object(CodeIgniter\CodeIgniter))
12 FCPATH\index.php(59): CodeIgniter\Boot::bootWeb(Object(Config\Paths))
CRITICAL - 2025-11-01 13:57:46 --> [Caused by] mysqli_sql_exception: Unknown column 'amount' in 'field list'
in SYSTEMPATH\Database\MySQLi\Connection.php on line 327.
 1 SYSTEMPATH\Database\MySQLi\Connection.php(327): mysqli->query('SELECT SUM(`amount`) AS `amount`
FROM `billing`
WHERE DATE(created_at) = \'2025-11-01\'
AND `status` = \'paid\'', 0)
 2 SYSTEMPATH\Database\BaseConnection.php(729): CodeIgniter\Database\MySQLi\Connection->execute('SELECT SUM(`amount`) AS `amount`
FROM `billing`
WHERE DATE(created_at) = \'2025-11-01\'
AND `status` = \'paid\'')
 3 SYSTEMPATH\Database\BaseConnection.php(646): CodeIgniter\Database\BaseConnection->simpleQuery('SELECT SUM(`amount`) AS `amount`
FROM `billing`
WHERE DATE(created_at) = \'2025-11-01\'
AND `status` = \'paid\'')
 4 SYSTEMPATH\Database\BaseBuilder.php(1649): CodeIgniter\Database\BaseConnection->query('SELECT SUM(`amount`) AS `amount`
FROM `billing`
WHERE DATE(created_at) = :DATE(created_at):
AND `status` = :status:', [...], false)
 5 SYSTEMPATH\Model.php(925): CodeIgniter\Database\BaseBuilder->get()
 6 APPPATH\Controllers\Dashboard.php(79): CodeIgniter\Model->__call('get', [])
 7 APPPATH\Controllers\Dashboard.php(29): App\Controllers\Dashboard->getDashboardData('admin', 'admin')
 8 SYSTEMPATH\CodeIgniter.php(933): App\Controllers\Dashboard->index()
 9 SYSTEMPATH\CodeIgniter.php(507): CodeIgniter\CodeIgniter->runController(Object(App\Controllers\Dashboard))
10 SYSTEMPATH\CodeIgniter.php(354): CodeIgniter\CodeIgniter->handleRequest(null, Object(Config\Cache), false)
11 SYSTEMPATH\Boot.php(363): CodeIgniter\CodeIgniter->run()
12 SYSTEMPATH\Boot.php(68): CodeIgniter\Boot::runCodeIgniter(Object(CodeIgniter\CodeIgniter))
13 FCPATH\index.php(59): CodeIgniter\Boot::bootWeb(Object(Config\Paths))
ERROR - 2025-11-01 14:00:48 --> mysqli_sql_exception: Table 'hms_g9.services' doesn't exist in C:\xampp\htdocs\WebSystemITE-G9\system\Database\MySQLi\Connection.php:327
Stack trace:
#0 C:\xampp\htdocs\WebSystemITE-G9\system\Database\MySQLi\Connection.php(327): mysqli->query('SHOW COLUMNS FR...', 0)
#1 C:\xampp\htdocs\WebSystemITE-G9\system\Database\BaseConnection.php(729): CodeIgniter\Database\MySQLi\Connection->execute('SHOW COLUMNS FR...')
#2 C:\xampp\htdocs\WebSystemITE-G9\system\Database\BaseConnection.php(646): CodeIgniter\Database\BaseConnection->simpleQuery('SHOW COLUMNS FR...')
#3 C:\xampp\htdocs\WebSystemITE-G9\system\Database\BaseConnection.php(1606): CodeIgniter\Database\BaseConnection->query('SHOW COLUMNS FR...')
#4 C:\xampp\htdocs\WebSystemITE-G9\app\Models\BillingModel.php(20): CodeIgniter\Database\BaseConnection->getFieldNames('services')
#5 C:\xampp\htdocs\WebSystemITE-G9\app\Models\BillingModel.php(64): App\Models\BillingModel->tableHas('services')
#6 C:\xampp\htdocs\WebSystemITE-G9\app\Models\BillingModel.php(76): App\Models\BillingModel->withRelations()
#7 C:\xampp\htdocs\WebSystemITE-G9\app\Models\BillingModel.php(93): App\Models\BillingModel->search(NULL)
#8 C:\xampp\htdocs\WebSystemITE-G9\app\Controllers\Billing.php(49): App\Models\BillingModel->getList(NULL)
#9 C:\xampp\htdocs\WebSystemITE-G9\system\CodeIgniter.php(933): App\Controllers\Billing->index()
#10 C:\xampp\htdocs\WebSystemITE-G9\system\CodeIgniter.php(507): CodeIgniter\CodeIgniter->runController(Object(App\Controllers\Billing))
#11 C:\xampp\htdocs\WebSystemITE-G9\system\CodeIgniter.php(354): CodeIgniter\CodeIgniter->handleRequest(NULL, Object(Config\Cache), false)
#12 C:\xampp\htdocs\WebSystemITE-G9\system\Boot.php(363): CodeIgniter\CodeIgniter->run()
#13 C:\xampp\htdocs\WebSystemITE-G9\system\Boot.php(68): CodeIgniter\Boot::runCodeIgniter(Object(CodeIgniter\CodeIgniter))
#14 C:\xampp\htdocs\WebSystemITE-G9\public\index.php(59): CodeIgniter\Boot::bootWeb(Object(Config\Paths))
#15 {main}
