CRITICAL - 2025-11-13 14:04:02 --> ParseError: syntax error, unexpected token ","
[Method: GET, Route: billing/process]
in APPPATH\Controllers\Billing.php on line 412.
 1 SYSTEMPATH\Autoloader\Autoloader.php(295): CodeIgniter\Autoloader\Autoloader->includeFile('C:\\xampp\\htdocs\\WebSystemITE-G9\\app\\Controllers\\Billing.php')
 2 SYSTEMPATH\Autoloader\Autoloader.php(271): CodeIgniter\Autoloader\Autoloader->loadInNamespace('App\\Controllers\\Billing')
 3 [internal function]: CodeIgniter\Autoloader\Autoloader->loadClass('App\\Controllers\\Billing')
 4 SYSTEMPATH\CodeIgniter.php(885): class_exists('\\App\\Controllers\\Billing', true)
 5 SYSTEMPATH\CodeIgniter.php(494): CodeIgniter\CodeIgniter->startController()
 6 SYSTEMPATH\CodeIgniter.php(354): CodeIgniter\CodeIgniter->handleRequest(null, Object(Config\Cache), false)
 7 SYSTEMPATH\Boot.php(363): CodeIgniter\CodeIgniter->run()
 8 SYSTEMPATH\Boot.php(68): CodeIgniter\Boot::runCodeIgniter(Object(CodeIgniter\CodeIgniter))
 9 FCPATH\index.php(59): CodeIgniter\Boot::bootWeb(Object(Config\Paths))
CRITICAL - 2025-11-13 14:04:22 --> ParseError: syntax error, unexpected token ","
[Method: GET, Route: billing/process]
in APPPATH\Controllers\Billing.php on line 412.
 1 SYSTEMPATH\Autoloader\Autoloader.php(295): CodeIgniter\Autoloader\Autoloader->includeFile('C:\\xampp\\htdocs\\WebSystemITE-G9\\app\\Controllers\\Billing.php')
 2 SYSTEMPATH\Autoloader\Autoloader.php(271): CodeIgniter\Autoloader\Autoloader->loadInNamespace('App\\Controllers\\Billing')
 3 [internal function]: CodeIgniter\Autoloader\Autoloader->loadClass('App\\Controllers\\Billing')
 4 SYSTEMPATH\CodeIgniter.php(885): class_exists('\\App\\Controllers\\Billing', true)
 5 SYSTEMPATH\CodeIgniter.php(494): CodeIgniter\CodeIgniter->startController()
 6 SYSTEMPATH\CodeIgniter.php(354): CodeIgniter\CodeIgniter->handleRequest(null, Object(Config\Cache), false)
 7 SYSTEMPATH\Boot.php(363): CodeIgniter\CodeIgniter->run()
 8 SYSTEMPATH\Boot.php(68): CodeIgniter\Boot::runCodeIgniter(Object(CodeIgniter\CodeIgniter))
 9 FCPATH\index.php(59): CodeIgniter\Boot::bootWeb(Object(Config\Paths))
CRITICAL - 2025-11-13 14:04:28 --> ParseError: syntax error, unexpected token ","
[Method: GET, Route: billing]
in APPPATH\Controllers\Billing.php on line 412.
 1 SYSTEMPATH\Autoloader\Autoloader.php(295): CodeIgniter\Autoloader\Autoloader->includeFile('C:\\xampp\\htdocs\\WebSystemITE-G9\\app\\Controllers\\Billing.php')
 2 SYSTEMPATH\Autoloader\Autoloader.php(271): CodeIgniter\Autoloader\Autoloader->loadInNamespace('App\\Controllers\\Billing')
 3 [internal function]: CodeIgniter\Autoloader\Autoloader->loadClass('App\\Controllers\\Billing')
 4 SYSTEMPATH\CodeIgniter.php(885): class_exists('\\App\\Controllers\\Billing', true)
 5 SYSTEMPATH\CodeIgniter.php(494): CodeIgniter\CodeIgniter->startController()
 6 SYSTEMPATH\CodeIgniter.php(354): CodeIgniter\CodeIgniter->handleRequest(null, Object(Config\Cache), false)
 7 SYSTEMPATH\Boot.php(363): CodeIgniter\CodeIgniter->run()
 8 SYSTEMPATH\Boot.php(68): CodeIgniter\Boot::runCodeIgniter(Object(CodeIgniter\CodeIgniter))
 9 FCPATH\index.php(59): CodeIgniter\Boot::bootWeb(Object(Config\Paths))
ERROR - 2025-11-13 14:05:57 --> mysqli_sql_exception: Unknown column 's.price' in 'field list' in C:\xampp\htdocs\WebSystemITE-G9\system\Database\MySQLi\Connection.php:327
Stack trace:
#0 C:\xampp\htdocs\WebSystemITE-G9\system\Database\MySQLi\Connection.php(327): mysqli->query('SELECT `b`.*, C...', 0)
#1 C:\xampp\htdocs\WebSystemITE-G9\system\Database\BaseConnection.php(729): CodeIgniter\Database\MySQLi\Connection->execute('SELECT `b`.*, C...')
#2 C:\xampp\htdocs\WebSystemITE-G9\system\Database\BaseConnection.php(646): CodeIgniter\Database\BaseConnection->simpleQuery('SELECT `b`.*, C...')
#3 C:\xampp\htdocs\WebSystemITE-G9\system\Database\BaseBuilder.php(1649): CodeIgniter\Database\BaseConnection->query('SELECT `b`.*, C...', Array, false)
#4 C:\xampp\htdocs\WebSystemITE-G9\app\Models\BillingModel.php(85): CodeIgniter\Database\BaseBuilder->get()
#5 C:\xampp\htdocs\WebSystemITE-G9\app\Models\BillingModel.php(93): App\Models\BillingModel->search(NULL)
#6 C:\xampp\htdocs\WebSystemITE-G9\app\Controllers\Billing.php(51): App\Models\BillingModel->getList(NULL)
#7 C:\xampp\htdocs\WebSystemITE-G9\system\CodeIgniter.php(933): App\Controllers\Billing->index()
#8 C:\xampp\htdocs\WebSystemITE-G9\system\CodeIgniter.php(507): CodeIgniter\CodeIgniter->runController(Object(App\Controllers\Billing))
#9 C:\xampp\htdocs\WebSystemITE-G9\system\CodeIgniter.php(354): CodeIgniter\CodeIgniter->handleRequest(NULL, Object(Config\Cache), false)
#10 C:\xampp\htdocs\WebSystemITE-G9\system\Boot.php(363): CodeIgniter\CodeIgniter->run()
#11 C:\xampp\htdocs\WebSystemITE-G9\system\Boot.php(68): CodeIgniter\Boot::runCodeIgniter(Object(CodeIgniter\CodeIgniter))
#12 C:\xampp\htdocs\WebSystemITE-G9\public\index.php(59): CodeIgniter\Boot::bootWeb(Object(Config\Paths))
#13 {main}
CRITICAL - 2025-11-13 14:05:57 --> CodeIgniter\Database\Exceptions\DatabaseException: Unknown column 's.price' in 'field list'
[Method: GET, Route: billing]
in SYSTEMPATH\Database\BaseConnection.php on line 684.
 1 SYSTEMPATH\Database\BaseBuilder.php(1649): CodeIgniter\Database\BaseConnection->query('SELECT `b`.*, CONCAT(p.first_name, \' \', p.last_name) AS patient_name, `p`.`address` AS `patient_address`, `p`.`phone` AS `patient_phone`, `s`.`name` AS `service_name`, `s`.`price` AS `service_price`
FROM `billing` `b`
LEFT JOIN `patients` `p` ON `p`.`id` = `b`.`patient_id`
LEFT JOIN `services` `s` ON `s`.`id` = `b`.`service_id`
ORDER BY `b`.`created_at` DESC', [], false)
 2 APPPATH\Models\BillingModel.php(85): CodeIgniter\Database\BaseBuilder->get()
 3 APPPATH\Models\BillingModel.php(93): App\Models\BillingModel->search(null)
 4 APPPATH\Controllers\Billing.php(51): App\Models\BillingModel->getList(null)
 5 SYSTEMPATH\CodeIgniter.php(933): App\Controllers\Billing->index()
 6 SYSTEMPATH\CodeIgniter.php(507): CodeIgniter\CodeIgniter->runController(Object(App\Controllers\Billing))
 7 SYSTEMPATH\CodeIgniter.php(354): CodeIgniter\CodeIgniter->handleRequest(null, Object(Config\Cache), false)
 8 SYSTEMPATH\Boot.php(363): CodeIgniter\CodeIgniter->run()
 9 SYSTEMPATH\Boot.php(68): CodeIgniter\Boot::runCodeIgniter(Object(CodeIgniter\CodeIgniter))
10 FCPATH\index.php(59): CodeIgniter\Boot::bootWeb(Object(Config\Paths))
CRITICAL - 2025-11-13 14:05:57 --> [Caused by] CodeIgniter\Database\Exceptions\DatabaseException: Unknown column 's.price' in 'field list'
in SYSTEMPATH\Database\MySQLi\Connection.php on line 332.
 1 SYSTEMPATH\Database\BaseConnection.php(729): CodeIgniter\Database\MySQLi\Connection->execute('SELECT `b`.*, CONCAT(p.first_name, \' \', p.last_name) AS patient_name, `p`.`address` AS `patient_address`, `p`.`phone` AS `patient_phone`, `s`.`name` AS `service_name`, `s`.`price` AS `service_price`
FROM `billing` `b`
LEFT JOIN `patients` `p` ON `p`.`id` = `b`.`patient_id`
LEFT JOIN `services` `s` ON `s`.`id` = `b`.`service_id`
ORDER BY `b`.`created_at` DESC')
 2 SYSTEMPATH\Database\BaseConnection.php(646): CodeIgniter\Database\BaseConnection->simpleQuery('SELECT `b`.*, CONCAT(p.first_name, \' \', p.last_name) AS patient_name, `p`.`address` AS `patient_address`, `p`.`phone` AS `patient_phone`, `s`.`name` AS `service_name`, `s`.`price` AS `service_price`
FROM `billing` `b`
LEFT JOIN `patients` `p` ON `p`.`id` = `b`.`patient_id`
LEFT JOIN `services` `s` ON `s`.`id` = `b`.`service_id`
ORDER BY `b`.`created_at` DESC')
 3 SYSTEMPATH\Database\BaseBuilder.php(1649): CodeIgniter\Database\BaseConnection->query('SELECT `b`.*, CONCAT(p.first_name, \' \', p.last_name) AS patient_name, `p`.`address` AS `patient_address`, `p`.`phone` AS `patient_phone`, `s`.`name` AS `service_name`, `s`.`price` AS `service_price`
FROM `billing` `b`
LEFT JOIN `patients` `p` ON `p`.`id` = `b`.`patient_id`
LEFT JOIN `services` `s` ON `s`.`id` = `b`.`service_id`
ORDER BY `b`.`created_at` DESC', [], false)
 4 APPPATH\Models\BillingModel.php(85): CodeIgniter\Database\BaseBuilder->get()
 5 APPPATH\Models\BillingModel.php(93): App\Models\BillingModel->search(null)
 6 APPPATH\Controllers\Billing.php(51): App\Models\BillingModel->getList(null)
 7 SYSTEMPATH\CodeIgniter.php(933): App\Controllers\Billing->index()
 8 SYSTEMPATH\CodeIgniter.php(507): CodeIgniter\CodeIgniter->runController(Object(App\Controllers\Billing))
 9 SYSTEMPATH\CodeIgniter.php(354): CodeIgniter\CodeIgniter->handleRequest(null, Object(Config\Cache), false)
10 SYSTEMPATH\Boot.php(363): CodeIgniter\CodeIgniter->run()
11 SYSTEMPATH\Boot.php(68): CodeIgniter\Boot::runCodeIgniter(Object(CodeIgniter\CodeIgniter))
12 FCPATH\index.php(59): CodeIgniter\Boot::bootWeb(Object(Config\Paths))
CRITICAL - 2025-11-13 14:05:57 --> [Caused by] mysqli_sql_exception: Unknown column 's.price' in 'field list'
in SYSTEMPATH\Database\MySQLi\Connection.php on line 327.
 1 SYSTEMPATH\Database\MySQLi\Connection.php(327): mysqli->query('SELECT `b`.*, CONCAT(p.first_name, \' \', p.last_name) AS patient_name, `p`.`address` AS `patient_address`, `p`.`phone` AS `patient_phone`, `s`.`name` AS `service_name`, `s`.`price` AS `service_price`
FROM `billing` `b`
LEFT JOIN `patients` `p` ON `p`.`id` = `b`.`patient_id`
LEFT JOIN `services` `s` ON `s`.`id` = `b`.`service_id`
ORDER BY `b`.`created_at` DESC', 0)
 2 SYSTEMPATH\Database\BaseConnection.php(729): CodeIgniter\Database\MySQLi\Connection->execute('SELECT `b`.*, CONCAT(p.first_name, \' \', p.last_name) AS patient_name, `p`.`address` AS `patient_address`, `p`.`phone` AS `patient_phone`, `s`.`name` AS `service_name`, `s`.`price` AS `service_price`
FROM `billing` `b`
LEFT JOIN `patients` `p` ON `p`.`id` = `b`.`patient_id`
LEFT JOIN `services` `s` ON `s`.`id` = `b`.`service_id`
ORDER BY `b`.`created_at` DESC')
 3 SYSTEMPATH\Database\BaseConnection.php(646): CodeIgniter\Database\BaseConnection->simpleQuery('SELECT `b`.*, CONCAT(p.first_name, \' \', p.last_name) AS patient_name, `p`.`address` AS `patient_address`, `p`.`phone` AS `patient_phone`, `s`.`name` AS `service_name`, `s`.`price` AS `service_price`
FROM `billing` `b`
LEFT JOIN `patients` `p` ON `p`.`id` = `b`.`patient_id`
LEFT JOIN `services` `s` ON `s`.`id` = `b`.`service_id`
ORDER BY `b`.`created_at` DESC')
 4 SYSTEMPATH\Database\BaseBuilder.php(1649): CodeIgniter\Database\BaseConnection->query('SELECT `b`.*, CONCAT(p.first_name, \' \', p.last_name) AS patient_name, `p`.`address` AS `patient_address`, `p`.`phone` AS `patient_phone`, `s`.`name` AS `service_name`, `s`.`price` AS `service_price`
FROM `billing` `b`
LEFT JOIN `patients` `p` ON `p`.`id` = `b`.`patient_id`
LEFT JOIN `services` `s` ON `s`.`id` = `b`.`service_id`
ORDER BY `b`.`created_at` DESC', [], false)
 5 APPPATH\Models\BillingModel.php(85): CodeIgniter\Database\BaseBuilder->get()
 6 APPPATH\Models\BillingModel.php(93): App\Models\BillingModel->search(null)
 7 APPPATH\Controllers\Billing.php(51): App\Models\BillingModel->getList(null)
 8 SYSTEMPATH\CodeIgniter.php(933): App\Controllers\Billing->index()
 9 SYSTEMPATH\CodeIgniter.php(507): CodeIgniter\CodeIgniter->runController(Object(App\Controllers\Billing))
10 SYSTEMPATH\CodeIgniter.php(354): CodeIgniter\CodeIgniter->handleRequest(null, Object(Config\Cache), false)
11 SYSTEMPATH\Boot.php(363): CodeIgniter\CodeIgniter->run()
12 SYSTEMPATH\Boot.php(68): CodeIgniter\Boot::runCodeIgniter(Object(CodeIgniter\CodeIgniter))
13 FCPATH\index.php(59): CodeIgniter\Boot::bootWeb(Object(Config\Paths))
ERROR - 2025-11-13 14:34:43 --> mysqli_sql_exception: Unknown column 'billed' in 'where clause' in C:\xampp\htdocs\WebSystemITE-G9\system\Database\MySQLi\Connection.php:327
Stack trace:
#0 C:\xampp\htdocs\WebSystemITE-G9\system\Database\MySQLi\Connection.php(327): mysqli->query('SELECT *\nFROM `...', 0)
#1 C:\xampp\htdocs\WebSystemITE-G9\system\Database\BaseConnection.php(729): CodeIgniter\Database\MySQLi\Connection->execute('SELECT *\nFROM `...')
#2 C:\xampp\htdocs\WebSystemITE-G9\system\Database\BaseConnection.php(646): CodeIgniter\Database\BaseConnection->simpleQuery('SELECT *\nFROM `...')
#3 C:\xampp\htdocs\WebSystemITE-G9\system\Database\BaseBuilder.php(1649): CodeIgniter\Database\BaseConnection->query('SELECT *\nFROM `...', Array, false)
#4 C:\xampp\htdocs\WebSystemITE-G9\app\Controllers\Billing.php(473): CodeIgniter\Database\BaseBuilder->get()
#5 C:\xampp\htdocs\WebSystemITE-G9\system\CodeIgniter.php(933): App\Controllers\Billing->patientServices()
#6 C:\xampp\htdocs\WebSystemITE-G9\system\CodeIgniter.php(507): CodeIgniter\CodeIgniter->runController(Object(App\Controllers\Billing))
#7 C:\xampp\htdocs\WebSystemITE-G9\system\CodeIgniter.php(354): CodeIgniter\CodeIgniter->handleRequest(NULL, Object(Config\Cache), false)
#8 C:\xampp\htdocs\WebSystemITE-G9\system\Boot.php(363): CodeIgniter\CodeIgniter->run()
#9 C:\xampp\htdocs\WebSystemITE-G9\system\Boot.php(68): CodeIgniter\Boot::runCodeIgniter(Object(CodeIgniter\CodeIgniter))
#10 C:\xampp\htdocs\WebSystemITE-G9\public\index.php(59): CodeIgniter\Boot::bootWeb(Object(Config\Paths))
#11 {main}
CRITICAL - 2025-11-13 14:34:44 --> CodeIgniter\Database\Exceptions\DatabaseException: Unknown column 'billed' in 'where clause'
[Method: GET, Route: billing/patient-services]
in SYSTEMPATH\Database\BaseConnection.php on line 684.
 1 SYSTEMPATH\Database\BaseBuilder.php(1649): CodeIgniter\Database\BaseConnection->query('SELECT *
FROM `laboratory`
WHERE   (
`status` = :status:
OR `status` = :status.1:
 )
AND   (
`patient_id` = :patient_id:
OR  `test_name` LIKE :test_name: ESCAPE \'!\'
OR  `test_name` LIKE :test_name.1: ESCAPE \'!\'
OR  `test_name` LIKE :test_name.2: ESCAPE \'!\'
 )
AND (`billed` = 0 OR `billed` IS NULL)
ORDER BY `test_date` DESC', [...], false)
 2 APPPATH\Controllers\Billing.php(473): CodeIgniter\Database\BaseBuilder->get()
 3 SYSTEMPATH\CodeIgniter.php(933): App\Controllers\Billing->patientServices()
 4 SYSTEMPATH\CodeIgniter.php(507): CodeIgniter\CodeIgniter->runController(Object(App\Controllers\Billing))
 5 SYSTEMPATH\CodeIgniter.php(354): CodeIgniter\CodeIgniter->handleRequest(null, Object(Config\Cache), false)
 6 SYSTEMPATH\Boot.php(363): CodeIgniter\CodeIgniter->run()
 7 SYSTEMPATH\Boot.php(68): CodeIgniter\Boot::runCodeIgniter(Object(CodeIgniter\CodeIgniter))
 8 FCPATH\index.php(59): CodeIgniter\Boot::bootWeb(Object(Config\Paths))
CRITICAL - 2025-11-13 14:34:44 --> [Caused by] CodeIgniter\Database\Exceptions\DatabaseException: Unknown column 'billed' in 'where clause'
in SYSTEMPATH\Database\MySQLi\Connection.php on line 332.
 1 SYSTEMPATH\Database\BaseConnection.php(729): CodeIgniter\Database\MySQLi\Connection->execute('SELECT *
FROM `laboratory`
WHERE   (
`status` = \'completed\'
OR `status` = \'in_progress\'
 )
AND   (
`patient_id` = \'PAT-251113-0001\'
OR  `test_name` LIKE \'%Precious Autida%\' ESCAPE \'!\'
OR  `test_name` LIKE \'%Precious%\' ESCAPE \'!\'
OR  `test_name` LIKE \'%Autida%\' ESCAPE \'!\'
 )
AND (`billed` = 0 OR `billed` IS NULL)
ORDER BY `test_date` DESC')
 2 SYSTEMPATH\Database\BaseConnection.php(646): CodeIgniter\Database\BaseConnection->simpleQuery('SELECT *
FROM `laboratory`
WHERE   (
`status` = \'completed\'
OR `status` = \'in_progress\'
 )
AND   (
`patient_id` = \'PAT-251113-0001\'
OR  `test_name` LIKE \'%Precious Autida%\' ESCAPE \'!\'
OR  `test_name` LIKE \'%Precious%\' ESCAPE \'!\'
OR  `test_name` LIKE \'%Autida%\' ESCAPE \'!\'
 )
AND (`billed` = 0 OR `billed` IS NULL)
ORDER BY `test_date` DESC')
 3 SYSTEMPATH\Database\BaseBuilder.php(1649): CodeIgniter\Database\BaseConnection->query('SELECT *
FROM `laboratory`
WHERE   (
`status` = :status:
OR `status` = :status.1:
 )
AND   (
`patient_id` = :patient_id:
OR  `test_name` LIKE :test_name: ESCAPE \'!\'
OR  `test_name` LIKE :test_name.1: ESCAPE \'!\'
OR  `test_name` LIKE :test_name.2: ESCAPE \'!\'
 )
AND (`billed` = 0 OR `billed` IS NULL)
ORDER BY `test_date` DESC', [...], false)
 4 APPPATH\Controllers\Billing.php(473): CodeIgniter\Database\BaseBuilder->get()
 5 SYSTEMPATH\CodeIgniter.php(933): App\Controllers\Billing->patientServices()
 6 SYSTEMPATH\CodeIgniter.php(507): CodeIgniter\CodeIgniter->runController(Object(App\Controllers\Billing))
 7 SYSTEMPATH\CodeIgniter.php(354): CodeIgniter\CodeIgniter->handleRequest(null, Object(Config\Cache), false)
 8 SYSTEMPATH\Boot.php(363): CodeIgniter\CodeIgniter->run()
 9 SYSTEMPATH\Boot.php(68): CodeIgniter\Boot::runCodeIgniter(Object(CodeIgniter\CodeIgniter))
10 FCPATH\index.php(59): CodeIgniter\Boot::bootWeb(Object(Config\Paths))
CRITICAL - 2025-11-13 14:34:44 --> [Caused by] mysqli_sql_exception: Unknown column 'billed' in 'where clause'
in SYSTEMPATH\Database\MySQLi\Connection.php on line 327.
 1 SYSTEMPATH\Database\MySQLi\Connection.php(327): mysqli->query('SELECT *
FROM `laboratory`
WHERE   (
`status` = \'completed\'
OR `status` = \'in_progress\'
 )
AND   (
`patient_id` = \'PAT-251113-0001\'
OR  `test_name` LIKE \'%Precious Autida%\' ESCAPE \'!\'
OR  `test_name` LIKE \'%Precious%\' ESCAPE \'!\'
OR  `test_name` LIKE \'%Autida%\' ESCAPE \'!\'
 )
AND (`billed` = 0 OR `billed` IS NULL)
ORDER BY `test_date` DESC', 0)
 2 SYSTEMPATH\Database\BaseConnection.php(729): CodeIgniter\Database\MySQLi\Connection->execute('SELECT *
FROM `laboratory`
WHERE   (
`status` = \'completed\'
OR `status` = \'in_progress\'
 )
AND   (
`patient_id` = \'PAT-251113-0001\'
OR  `test_name` LIKE \'%Precious Autida%\' ESCAPE \'!\'
OR  `test_name` LIKE \'%Precious%\' ESCAPE \'!\'
OR  `test_name` LIKE \'%Autida%\' ESCAPE \'!\'
 )
AND (`billed` = 0 OR `billed` IS NULL)
ORDER BY `test_date` DESC')
 3 SYSTEMPATH\Database\BaseConnection.php(646): CodeIgniter\Database\BaseConnection->simpleQuery('SELECT *
FROM `laboratory`
WHERE   (
`status` = \'completed\'
OR `status` = \'in_progress\'
 )
AND   (
`patient_id` = \'PAT-251113-0001\'
OR  `test_name` LIKE \'%Precious Autida%\' ESCAPE \'!\'
OR  `test_name` LIKE \'%Precious%\' ESCAPE \'!\'
OR  `test_name` LIKE \'%Autida%\' ESCAPE \'!\'
 )
AND (`billed` = 0 OR `billed` IS NULL)
ORDER BY `test_date` DESC')
 4 SYSTEMPATH\Database\BaseBuilder.php(1649): CodeIgniter\Database\BaseConnection->query('SELECT *
FROM `laboratory`
WHERE   (
`status` = :status:
OR `status` = :status.1:
 )
AND   (
`patient_id` = :patient_id:
OR  `test_name` LIKE :test_name: ESCAPE \'!\'
OR  `test_name` LIKE :test_name.1: ESCAPE \'!\'
OR  `test_name` LIKE :test_name.2: ESCAPE \'!\'
 )
AND (`billed` = 0 OR `billed` IS NULL)
ORDER BY `test_date` DESC', [...], false)
 5 APPPATH\Controllers\Billing.php(473): CodeIgniter\Database\BaseBuilder->get()
 6 SYSTEMPATH\CodeIgniter.php(933): App\Controllers\Billing->patientServices()
 7 SYSTEMPATH\CodeIgniter.php(507): CodeIgniter\CodeIgniter->runController(Object(App\Controllers\Billing))
 8 SYSTEMPATH\CodeIgniter.php(354): CodeIgniter\CodeIgniter->handleRequest(null, Object(Config\Cache), false)
 9 SYSTEMPATH\Boot.php(363): CodeIgniter\CodeIgniter->run()
10 SYSTEMPATH\Boot.php(68): CodeIgniter\Boot::runCodeIgniter(Object(CodeIgniter\CodeIgniter))
11 FCPATH\index.php(59): CodeIgniter\Boot::bootWeb(Object(Config\Paths))
ERROR - 2025-11-13 14:35:14 --> mysqli_sql_exception: Unknown column 'billed' in 'where clause' in C:\xampp\htdocs\WebSystemITE-G9\system\Database\MySQLi\Connection.php:327
Stack trace:
#0 C:\xampp\htdocs\WebSystemITE-G9\system\Database\MySQLi\Connection.php(327): mysqli->query('SELECT *\nFROM `...', 0)
#1 C:\xampp\htdocs\WebSystemITE-G9\system\Database\BaseConnection.php(729): CodeIgniter\Database\MySQLi\Connection->execute('SELECT *\nFROM `...')
#2 C:\xampp\htdocs\WebSystemITE-G9\system\Database\BaseConnection.php(646): CodeIgniter\Database\BaseConnection->simpleQuery('SELECT *\nFROM `...')
#3 C:\xampp\htdocs\WebSystemITE-G9\system\Database\BaseBuilder.php(1649): CodeIgniter\Database\BaseConnection->query('SELECT *\nFROM `...', Array, false)
#4 C:\xampp\htdocs\WebSystemITE-G9\app\Controllers\Billing.php(473): CodeIgniter\Database\BaseBuilder->get()
#5 C:\xampp\htdocs\WebSystemITE-G9\system\CodeIgniter.php(933): App\Controllers\Billing->patientServices()
#6 C:\xampp\htdocs\WebSystemITE-G9\system\CodeIgniter.php(507): CodeIgniter\CodeIgniter->runController(Object(App\Controllers\Billing))
#7 C:\xampp\htdocs\WebSystemITE-G9\system\CodeIgniter.php(354): CodeIgniter\CodeIgniter->handleRequest(NULL, Object(Config\Cache), false)
#8 C:\xampp\htdocs\WebSystemITE-G9\system\Boot.php(363): CodeIgniter\CodeIgniter->run()
#9 C:\xampp\htdocs\WebSystemITE-G9\system\Boot.php(68): CodeIgniter\Boot::runCodeIgniter(Object(CodeIgniter\CodeIgniter))
#10 C:\xampp\htdocs\WebSystemITE-G9\public\index.php(59): CodeIgniter\Boot::bootWeb(Object(Config\Paths))
#11 {main}
CRITICAL - 2025-11-13 14:35:14 --> CodeIgniter\Database\Exceptions\DatabaseException: Unknown column 'billed' in 'where clause'
[Method: GET, Route: billing/patient-services]
in SYSTEMPATH\Database\BaseConnection.php on line 684.
 1 SYSTEMPATH\Database\BaseBuilder.php(1649): CodeIgniter\Database\BaseConnection->query('SELECT *
FROM `laboratory`
WHERE   (
`status` = :status:
OR `status` = :status.1:
 )
AND   (
`patient_id` = :patient_id:
OR  `test_name` LIKE :test_name: ESCAPE \'!\'
OR  `test_name` LIKE :test_name.1: ESCAPE \'!\'
OR  `test_name` LIKE :test_name.2: ESCAPE \'!\'
 )
AND (`billed` = 0 OR `billed` IS NULL)
ORDER BY `test_date` DESC', [...], false)
 2 APPPATH\Controllers\Billing.php(473): CodeIgniter\Database\BaseBuilder->get()
 3 SYSTEMPATH\CodeIgniter.php(933): App\Controllers\Billing->patientServices()
 4 SYSTEMPATH\CodeIgniter.php(507): CodeIgniter\CodeIgniter->runController(Object(App\Controllers\Billing))
 5 SYSTEMPATH\CodeIgniter.php(354): CodeIgniter\CodeIgniter->handleRequest(null, Object(Config\Cache), false)
 6 SYSTEMPATH\Boot.php(363): CodeIgniter\CodeIgniter->run()
 7 SYSTEMPATH\Boot.php(68): CodeIgniter\Boot::runCodeIgniter(Object(CodeIgniter\CodeIgniter))
 8 FCPATH\index.php(59): CodeIgniter\Boot::bootWeb(Object(Config\Paths))
CRITICAL - 2025-11-13 14:35:14 --> [Caused by] CodeIgniter\Database\Exceptions\DatabaseException: Unknown column 'billed' in 'where clause'
in SYSTEMPATH\Database\MySQLi\Connection.php on line 332.
 1 SYSTEMPATH\Database\BaseConnection.php(729): CodeIgniter\Database\MySQLi\Connection->execute('SELECT *
FROM `laboratory`
WHERE   (
`status` = \'completed\'
OR `status` = \'in_progress\'
 )
AND   (
`patient_id` = \'PAT-251113-0001\'
OR  `test_name` LIKE \'%Precious Autida%\' ESCAPE \'!\'
OR  `test_name` LIKE \'%Precious%\' ESCAPE \'!\'
OR  `test_name` LIKE \'%Autida%\' ESCAPE \'!\'
 )
AND (`billed` = 0 OR `billed` IS NULL)
ORDER BY `test_date` DESC')
 2 SYSTEMPATH\Database\BaseConnection.php(646): CodeIgniter\Database\BaseConnection->simpleQuery('SELECT *
FROM `laboratory`
WHERE   (
`status` = \'completed\'
OR `status` = \'in_progress\'
 )
AND   (
`patient_id` = \'PAT-251113-0001\'
OR  `test_name` LIKE \'%Precious Autida%\' ESCAPE \'!\'
OR  `test_name` LIKE \'%Precious%\' ESCAPE \'!\'
OR  `test_name` LIKE \'%Autida%\' ESCAPE \'!\'
 )
AND (`billed` = 0 OR `billed` IS NULL)
ORDER BY `test_date` DESC')
 3 SYSTEMPATH\Database\BaseBuilder.php(1649): CodeIgniter\Database\BaseConnection->query('SELECT *
FROM `laboratory`
WHERE   (
`status` = :status:
OR `status` = :status.1:
 )
AND   (
`patient_id` = :patient_id:
OR  `test_name` LIKE :test_name: ESCAPE \'!\'
OR  `test_name` LIKE :test_name.1: ESCAPE \'!\'
OR  `test_name` LIKE :test_name.2: ESCAPE \'!\'
 )
AND (`billed` = 0 OR `billed` IS NULL)
ORDER BY `test_date` DESC', [...], false)
 4 APPPATH\Controllers\Billing.php(473): CodeIgniter\Database\BaseBuilder->get()
 5 SYSTEMPATH\CodeIgniter.php(933): App\Controllers\Billing->patientServices()
 6 SYSTEMPATH\CodeIgniter.php(507): CodeIgniter\CodeIgniter->runController(Object(App\Controllers\Billing))
 7 SYSTEMPATH\CodeIgniter.php(354): CodeIgniter\CodeIgniter->handleRequest(null, Object(Config\Cache), false)
 8 SYSTEMPATH\Boot.php(363): CodeIgniter\CodeIgniter->run()
 9 SYSTEMPATH\Boot.php(68): CodeIgniter\Boot::runCodeIgniter(Object(CodeIgniter\CodeIgniter))
10 FCPATH\index.php(59): CodeIgniter\Boot::bootWeb(Object(Config\Paths))
CRITICAL - 2025-11-13 14:35:14 --> [Caused by] mysqli_sql_exception: Unknown column 'billed' in 'where clause'
in SYSTEMPATH\Database\MySQLi\Connection.php on line 327.
 1 SYSTEMPATH\Database\MySQLi\Connection.php(327): mysqli->query('SELECT *
FROM `laboratory`
WHERE   (
`status` = \'completed\'
OR `status` = \'in_progress\'
 )
AND   (
`patient_id` = \'PAT-251113-0001\'
OR  `test_name` LIKE \'%Precious Autida%\' ESCAPE \'!\'
OR  `test_name` LIKE \'%Precious%\' ESCAPE \'!\'
OR  `test_name` LIKE \'%Autida%\' ESCAPE \'!\'
 )
AND (`billed` = 0 OR `billed` IS NULL)
ORDER BY `test_date` DESC', 0)
 2 SYSTEMPATH\Database\BaseConnection.php(729): CodeIgniter\Database\MySQLi\Connection->execute('SELECT *
FROM `laboratory`
WHERE   (
`status` = \'completed\'
OR `status` = \'in_progress\'
 )
AND   (
`patient_id` = \'PAT-251113-0001\'
OR  `test_name` LIKE \'%Precious Autida%\' ESCAPE \'!\'
OR  `test_name` LIKE \'%Precious%\' ESCAPE \'!\'
OR  `test_name` LIKE \'%Autida%\' ESCAPE \'!\'
 )
AND (`billed` = 0 OR `billed` IS NULL)
ORDER BY `test_date` DESC')
 3 SYSTEMPATH\Database\BaseConnection.php(646): CodeIgniter\Database\BaseConnection->simpleQuery('SELECT *
FROM `laboratory`
WHERE   (
`status` = \'completed\'
OR `status` = \'in_progress\'
 )
AND   (
`patient_id` = \'PAT-251113-0001\'
OR  `test_name` LIKE \'%Precious Autida%\' ESCAPE \'!\'
OR  `test_name` LIKE \'%Precious%\' ESCAPE \'!\'
OR  `test_name` LIKE \'%Autida%\' ESCAPE \'!\'
 )
AND (`billed` = 0 OR `billed` IS NULL)
ORDER BY `test_date` DESC')
 4 SYSTEMPATH\Database\BaseBuilder.php(1649): CodeIgniter\Database\BaseConnection->query('SELECT *
FROM `laboratory`
WHERE   (
`status` = :status:
OR `status` = :status.1:
 )
AND   (
`patient_id` = :patient_id:
OR  `test_name` LIKE :test_name: ESCAPE \'!\'
OR  `test_name` LIKE :test_name.1: ESCAPE \'!\'
OR  `test_name` LIKE :test_name.2: ESCAPE \'!\'
 )
AND (`billed` = 0 OR `billed` IS NULL)
ORDER BY `test_date` DESC', [...], false)
 5 APPPATH\Controllers\Billing.php(473): CodeIgniter\Database\BaseBuilder->get()
 6 SYSTEMPATH\CodeIgniter.php(933): App\Controllers\Billing->patientServices()
 7 SYSTEMPATH\CodeIgniter.php(507): CodeIgniter\CodeIgniter->runController(Object(App\Controllers\Billing))
 8 SYSTEMPATH\CodeIgniter.php(354): CodeIgniter\CodeIgniter->handleRequest(null, Object(Config\Cache), false)
 9 SYSTEMPATH\Boot.php(363): CodeIgniter\CodeIgniter->run()
10 SYSTEMPATH\Boot.php(68): CodeIgniter\Boot::runCodeIgniter(Object(CodeIgniter\CodeIgniter))
11 FCPATH\index.php(59): CodeIgniter\Boot::bootWeb(Object(Config\Paths))
ERROR - 2025-11-13 14:35:24 --> mysqli_sql_exception: Unknown column 'billed' in 'where clause' in C:\xampp\htdocs\WebSystemITE-G9\system\Database\MySQLi\Connection.php:327
Stack trace:
#0 C:\xampp\htdocs\WebSystemITE-G9\system\Database\MySQLi\Connection.php(327): mysqli->query('SELECT *\nFROM `...', 0)
#1 C:\xampp\htdocs\WebSystemITE-G9\system\Database\BaseConnection.php(729): CodeIgniter\Database\MySQLi\Connection->execute('SELECT *\nFROM `...')
#2 C:\xampp\htdocs\WebSystemITE-G9\system\Database\BaseConnection.php(646): CodeIgniter\Database\BaseConnection->simpleQuery('SELECT *\nFROM `...')
#3 C:\xampp\htdocs\WebSystemITE-G9\system\Database\BaseBuilder.php(1649): CodeIgniter\Database\BaseConnection->query('SELECT *\nFROM `...', Array, false)
#4 C:\xampp\htdocs\WebSystemITE-G9\app\Controllers\Billing.php(473): CodeIgniter\Database\BaseBuilder->get()
#5 C:\xampp\htdocs\WebSystemITE-G9\system\CodeIgniter.php(933): App\Controllers\Billing->patientServices()
#6 C:\xampp\htdocs\WebSystemITE-G9\system\CodeIgniter.php(507): CodeIgniter\CodeIgniter->runController(Object(App\Controllers\Billing))
#7 C:\xampp\htdocs\WebSystemITE-G9\system\CodeIgniter.php(354): CodeIgniter\CodeIgniter->handleRequest(NULL, Object(Config\Cache), false)
#8 C:\xampp\htdocs\WebSystemITE-G9\system\Boot.php(363): CodeIgniter\CodeIgniter->run()
#9 C:\xampp\htdocs\WebSystemITE-G9\system\Boot.php(68): CodeIgniter\Boot::runCodeIgniter(Object(CodeIgniter\CodeIgniter))
#10 C:\xampp\htdocs\WebSystemITE-G9\public\index.php(59): CodeIgniter\Boot::bootWeb(Object(Config\Paths))
#11 {main}
CRITICAL - 2025-11-13 14:35:24 --> CodeIgniter\Database\Exceptions\DatabaseException: Unknown column 'billed' in 'where clause'
[Method: GET, Route: billing/patient-services]
in SYSTEMPATH\Database\BaseConnection.php on line 684.
 1 SYSTEMPATH\Database\BaseBuilder.php(1649): CodeIgniter\Database\BaseConnection->query('SELECT *
FROM `laboratory`
WHERE   (
`status` = :status:
OR `status` = :status.1:
 )
AND   (
`patient_id` = :patient_id:
OR  `test_name` LIKE :test_name: ESCAPE \'!\'
OR  `test_name` LIKE :test_name.1: ESCAPE \'!\'
OR  `test_name` LIKE :test_name.2: ESCAPE \'!\'
 )
AND (`billed` = 0 OR `billed` IS NULL)
ORDER BY `test_date` DESC', [...], false)
 2 APPPATH\Controllers\Billing.php(473): CodeIgniter\Database\BaseBuilder->get()
 3 SYSTEMPATH\CodeIgniter.php(933): App\Controllers\Billing->patientServices()
 4 SYSTEMPATH\CodeIgniter.php(507): CodeIgniter\CodeIgniter->runController(Object(App\Controllers\Billing))
 5 SYSTEMPATH\CodeIgniter.php(354): CodeIgniter\CodeIgniter->handleRequest(null, Object(Config\Cache), false)
 6 SYSTEMPATH\Boot.php(363): CodeIgniter\CodeIgniter->run()
 7 SYSTEMPATH\Boot.php(68): CodeIgniter\Boot::runCodeIgniter(Object(CodeIgniter\CodeIgniter))
 8 FCPATH\index.php(59): CodeIgniter\Boot::bootWeb(Object(Config\Paths))
CRITICAL - 2025-11-13 14:35:24 --> [Caused by] CodeIgniter\Database\Exceptions\DatabaseException: Unknown column 'billed' in 'where clause'
in SYSTEMPATH\Database\MySQLi\Connection.php on line 332.
 1 SYSTEMPATH\Database\BaseConnection.php(729): CodeIgniter\Database\MySQLi\Connection->execute('SELECT *
FROM `laboratory`
WHERE   (
`status` = \'completed\'
OR `status` = \'in_progress\'
 )
AND   (
`patient_id` = \'PAT-251113-0001\'
OR  `test_name` LIKE \'%Precious Autida%\' ESCAPE \'!\'
OR  `test_name` LIKE \'%Precious%\' ESCAPE \'!\'
OR  `test_name` LIKE \'%Autida%\' ESCAPE \'!\'
 )
AND (`billed` = 0 OR `billed` IS NULL)
ORDER BY `test_date` DESC')
 2 SYSTEMPATH\Database\BaseConnection.php(646): CodeIgniter\Database\BaseConnection->simpleQuery('SELECT *
FROM `laboratory`
WHERE   (
`status` = \'completed\'
OR `status` = \'in_progress\'
 )
AND   (
`patient_id` = \'PAT-251113-0001\'
OR  `test_name` LIKE \'%Precious Autida%\' ESCAPE \'!\'
OR  `test_name` LIKE \'%Precious%\' ESCAPE \'!\'
OR  `test_name` LIKE \'%Autida%\' ESCAPE \'!\'
 )
AND (`billed` = 0 OR `billed` IS NULL)
ORDER BY `test_date` DESC')
 3 SYSTEMPATH\Database\BaseBuilder.php(1649): CodeIgniter\Database\BaseConnection->query('SELECT *
FROM `laboratory`
WHERE   (
`status` = :status:
OR `status` = :status.1:
 )
AND   (
`patient_id` = :patient_id:
OR  `test_name` LIKE :test_name: ESCAPE \'!\'
OR  `test_name` LIKE :test_name.1: ESCAPE \'!\'
OR  `test_name` LIKE :test_name.2: ESCAPE \'!\'
 )
AND (`billed` = 0 OR `billed` IS NULL)
ORDER BY `test_date` DESC', [...], false)
 4 APPPATH\Controllers\Billing.php(473): CodeIgniter\Database\BaseBuilder->get()
 5 SYSTEMPATH\CodeIgniter.php(933): App\Controllers\Billing->patientServices()
 6 SYSTEMPATH\CodeIgniter.php(507): CodeIgniter\CodeIgniter->runController(Object(App\Controllers\Billing))
 7 SYSTEMPATH\CodeIgniter.php(354): CodeIgniter\CodeIgniter->handleRequest(null, Object(Config\Cache), false)
 8 SYSTEMPATH\Boot.php(363): CodeIgniter\CodeIgniter->run()
 9 SYSTEMPATH\Boot.php(68): CodeIgniter\Boot::runCodeIgniter(Object(CodeIgniter\CodeIgniter))
10 FCPATH\index.php(59): CodeIgniter\Boot::bootWeb(Object(Config\Paths))
CRITICAL - 2025-11-13 14:35:24 --> [Caused by] mysqli_sql_exception: Unknown column 'billed' in 'where clause'
in SYSTEMPATH\Database\MySQLi\Connection.php on line 327.
 1 SYSTEMPATH\Database\MySQLi\Connection.php(327): mysqli->query('SELECT *
FROM `laboratory`
WHERE   (
`status` = \'completed\'
OR `status` = \'in_progress\'
 )
AND   (
`patient_id` = \'PAT-251113-0001\'
OR  `test_name` LIKE \'%Precious Autida%\' ESCAPE \'!\'
OR  `test_name` LIKE \'%Precious%\' ESCAPE \'!\'
OR  `test_name` LIKE \'%Autida%\' ESCAPE \'!\'
 )
AND (`billed` = 0 OR `billed` IS NULL)
ORDER BY `test_date` DESC', 0)
 2 SYSTEMPATH\Database\BaseConnection.php(729): CodeIgniter\Database\MySQLi\Connection->execute('SELECT *
FROM `laboratory`
WHERE   (
`status` = \'completed\'
OR `status` = \'in_progress\'
 )
AND   (
`patient_id` = \'PAT-251113-0001\'
OR  `test_name` LIKE \'%Precious Autida%\' ESCAPE \'!\'
OR  `test_name` LIKE \'%Precious%\' ESCAPE \'!\'
OR  `test_name` LIKE \'%Autida%\' ESCAPE \'!\'
 )
AND (`billed` = 0 OR `billed` IS NULL)
ORDER BY `test_date` DESC')
 3 SYSTEMPATH\Database\BaseConnection.php(646): CodeIgniter\Database\BaseConnection->simpleQuery('SELECT *
FROM `laboratory`
WHERE   (
`status` = \'completed\'
OR `status` = \'in_progress\'
 )
AND   (
`patient_id` = \'PAT-251113-0001\'
OR  `test_name` LIKE \'%Precious Autida%\' ESCAPE \'!\'
OR  `test_name` LIKE \'%Precious%\' ESCAPE \'!\'
OR  `test_name` LIKE \'%Autida%\' ESCAPE \'!\'
 )
AND (`billed` = 0 OR `billed` IS NULL)
ORDER BY `test_date` DESC')
 4 SYSTEMPATH\Database\BaseBuilder.php(1649): CodeIgniter\Database\BaseConnection->query('SELECT *
FROM `laboratory`
WHERE   (
`status` = :status:
OR `status` = :status.1:
 )
AND   (
`patient_id` = :patient_id:
OR  `test_name` LIKE :test_name: ESCAPE \'!\'
OR  `test_name` LIKE :test_name.1: ESCAPE \'!\'
OR  `test_name` LIKE :test_name.2: ESCAPE \'!\'
 )
AND (`billed` = 0 OR `billed` IS NULL)
ORDER BY `test_date` DESC', [...], false)
 5 APPPATH\Controllers\Billing.php(473): CodeIgniter\Database\BaseBuilder->get()
 6 SYSTEMPATH\CodeIgniter.php(933): App\Controllers\Billing->patientServices()
 7 SYSTEMPATH\CodeIgniter.php(507): CodeIgniter\CodeIgniter->runController(Object(App\Controllers\Billing))
 8 SYSTEMPATH\CodeIgniter.php(354): CodeIgniter\CodeIgniter->handleRequest(null, Object(Config\Cache), false)
 9 SYSTEMPATH\Boot.php(363): CodeIgniter\CodeIgniter->run()
10 SYSTEMPATH\Boot.php(68): CodeIgniter\Boot::runCodeIgniter(Object(CodeIgniter\CodeIgniter))
11 FCPATH\index.php(59): CodeIgniter\Boot::bootWeb(Object(Config\Paths))
ERROR - 2025-11-13 14:36:16 --> mysqli_sql_exception: Unknown column 'billed' in 'where clause' in C:\xampp\htdocs\WebSystemITE-G9\system\Database\MySQLi\Connection.php:327
Stack trace:
#0 C:\xampp\htdocs\WebSystemITE-G9\system\Database\MySQLi\Connection.php(327): mysqli->query('SELECT *\nFROM `...', 0)
#1 C:\xampp\htdocs\WebSystemITE-G9\system\Database\BaseConnection.php(729): CodeIgniter\Database\MySQLi\Connection->execute('SELECT *\nFROM `...')
#2 C:\xampp\htdocs\WebSystemITE-G9\system\Database\BaseConnection.php(646): CodeIgniter\Database\BaseConnection->simpleQuery('SELECT *\nFROM `...')
#3 C:\xampp\htdocs\WebSystemITE-G9\system\Database\BaseBuilder.php(1649): CodeIgniter\Database\BaseConnection->query('SELECT *\nFROM `...', Array, false)
#4 C:\xampp\htdocs\WebSystemITE-G9\app\Controllers\Billing.php(473): CodeIgniter\Database\BaseBuilder->get()
#5 C:\xampp\htdocs\WebSystemITE-G9\system\CodeIgniter.php(933): App\Controllers\Billing->patientServices()
#6 C:\xampp\htdocs\WebSystemITE-G9\system\CodeIgniter.php(507): CodeIgniter\CodeIgniter->runController(Object(App\Controllers\Billing))
#7 C:\xampp\htdocs\WebSystemITE-G9\system\CodeIgniter.php(354): CodeIgniter\CodeIgniter->handleRequest(NULL, Object(Config\Cache), false)
#8 C:\xampp\htdocs\WebSystemITE-G9\system\Boot.php(363): CodeIgniter\CodeIgniter->run()
#9 C:\xampp\htdocs\WebSystemITE-G9\system\Boot.php(68): CodeIgniter\Boot::runCodeIgniter(Object(CodeIgniter\CodeIgniter))
#10 C:\xampp\htdocs\WebSystemITE-G9\public\index.php(59): CodeIgniter\Boot::bootWeb(Object(Config\Paths))
#11 {main}
CRITICAL - 2025-11-13 14:36:16 --> CodeIgniter\Database\Exceptions\DatabaseException: Unknown column 'billed' in 'where clause'
[Method: GET, Route: billing/patient-services]
in SYSTEMPATH\Database\BaseConnection.php on line 684.
 1 SYSTEMPATH\Database\BaseBuilder.php(1649): CodeIgniter\Database\BaseConnection->query('SELECT *
FROM `laboratory`
WHERE   (
`status` = :status:
OR `status` = :status.1:
 )
AND   (
`patient_id` = :patient_id:
OR  `test_name` LIKE :test_name: ESCAPE \'!\'
OR  `test_name` LIKE :test_name.1: ESCAPE \'!\'
OR  `test_name` LIKE :test_name.2: ESCAPE \'!\'
 )
AND (`billed` = 0 OR `billed` IS NULL)
ORDER BY `test_date` DESC', [...], false)
 2 APPPATH\Controllers\Billing.php(473): CodeIgniter\Database\BaseBuilder->get()
 3 SYSTEMPATH\CodeIgniter.php(933): App\Controllers\Billing->patientServices()
 4 SYSTEMPATH\CodeIgniter.php(507): CodeIgniter\CodeIgniter->runController(Object(App\Controllers\Billing))
 5 SYSTEMPATH\CodeIgniter.php(354): CodeIgniter\CodeIgniter->handleRequest(null, Object(Config\Cache), false)
 6 SYSTEMPATH\Boot.php(363): CodeIgniter\CodeIgniter->run()
 7 SYSTEMPATH\Boot.php(68): CodeIgniter\Boot::runCodeIgniter(Object(CodeIgniter\CodeIgniter))
 8 FCPATH\index.php(59): CodeIgniter\Boot::bootWeb(Object(Config\Paths))
CRITICAL - 2025-11-13 14:36:16 --> [Caused by] CodeIgniter\Database\Exceptions\DatabaseException: Unknown column 'billed' in 'where clause'
in SYSTEMPATH\Database\MySQLi\Connection.php on line 332.
 1 SYSTEMPATH\Database\BaseConnection.php(729): CodeIgniter\Database\MySQLi\Connection->execute('SELECT *
FROM `laboratory`
WHERE   (
`status` = \'completed\'
OR `status` = \'in_progress\'
 )
AND   (
`patient_id` = \'PAT-251113-0001\'
OR  `test_name` LIKE \'%Precious Autida%\' ESCAPE \'!\'
OR  `test_name` LIKE \'%Precious%\' ESCAPE \'!\'
OR  `test_name` LIKE \'%Autida%\' ESCAPE \'!\'
 )
AND (`billed` = 0 OR `billed` IS NULL)
ORDER BY `test_date` DESC')
 2 SYSTEMPATH\Database\BaseConnection.php(646): CodeIgniter\Database\BaseConnection->simpleQuery('SELECT *
FROM `laboratory`
WHERE   (
`status` = \'completed\'
OR `status` = \'in_progress\'
 )
AND   (
`patient_id` = \'PAT-251113-0001\'
OR  `test_name` LIKE \'%Precious Autida%\' ESCAPE \'!\'
OR  `test_name` LIKE \'%Precious%\' ESCAPE \'!\'
OR  `test_name` LIKE \'%Autida%\' ESCAPE \'!\'
 )
AND (`billed` = 0 OR `billed` IS NULL)
ORDER BY `test_date` DESC')
 3 SYSTEMPATH\Database\BaseBuilder.php(1649): CodeIgniter\Database\BaseConnection->query('SELECT *
FROM `laboratory`
WHERE   (
`status` = :status:
OR `status` = :status.1:
 )
AND   (
`patient_id` = :patient_id:
OR  `test_name` LIKE :test_name: ESCAPE \'!\'
OR  `test_name` LIKE :test_name.1: ESCAPE \'!\'
OR  `test_name` LIKE :test_name.2: ESCAPE \'!\'
 )
AND (`billed` = 0 OR `billed` IS NULL)
ORDER BY `test_date` DESC', [...], false)
 4 APPPATH\Controllers\Billing.php(473): CodeIgniter\Database\BaseBuilder->get()
 5 SYSTEMPATH\CodeIgniter.php(933): App\Controllers\Billing->patientServices()
 6 SYSTEMPATH\CodeIgniter.php(507): CodeIgniter\CodeIgniter->runController(Object(App\Controllers\Billing))
 7 SYSTEMPATH\CodeIgniter.php(354): CodeIgniter\CodeIgniter->handleRequest(null, Object(Config\Cache), false)
 8 SYSTEMPATH\Boot.php(363): CodeIgniter\CodeIgniter->run()
 9 SYSTEMPATH\Boot.php(68): CodeIgniter\Boot::runCodeIgniter(Object(CodeIgniter\CodeIgniter))
10 FCPATH\index.php(59): CodeIgniter\Boot::bootWeb(Object(Config\Paths))
CRITICAL - 2025-11-13 14:36:16 --> [Caused by] mysqli_sql_exception: Unknown column 'billed' in 'where clause'
in SYSTEMPATH\Database\MySQLi\Connection.php on line 327.
 1 SYSTEMPATH\Database\MySQLi\Connection.php(327): mysqli->query('SELECT *
FROM `laboratory`
WHERE   (
`status` = \'completed\'
OR `status` = \'in_progress\'
 )
AND   (
`patient_id` = \'PAT-251113-0001\'
OR  `test_name` LIKE \'%Precious Autida%\' ESCAPE \'!\'
OR  `test_name` LIKE \'%Precious%\' ESCAPE \'!\'
OR  `test_name` LIKE \'%Autida%\' ESCAPE \'!\'
 )
AND (`billed` = 0 OR `billed` IS NULL)
ORDER BY `test_date` DESC', 0)
 2 SYSTEMPATH\Database\BaseConnection.php(729): CodeIgniter\Database\MySQLi\Connection->execute('SELECT *
FROM `laboratory`
WHERE   (
`status` = \'completed\'
OR `status` = \'in_progress\'
 )
AND   (
`patient_id` = \'PAT-251113-0001\'
OR  `test_name` LIKE \'%Precious Autida%\' ESCAPE \'!\'
OR  `test_name` LIKE \'%Precious%\' ESCAPE \'!\'
OR  `test_name` LIKE \'%Autida%\' ESCAPE \'!\'
 )
AND (`billed` = 0 OR `billed` IS NULL)
ORDER BY `test_date` DESC')
 3 SYSTEMPATH\Database\BaseConnection.php(646): CodeIgniter\Database\BaseConnection->simpleQuery('SELECT *
FROM `laboratory`
WHERE   (
`status` = \'completed\'
OR `status` = \'in_progress\'
 )
AND   (
`patient_id` = \'PAT-251113-0001\'
OR  `test_name` LIKE \'%Precious Autida%\' ESCAPE \'!\'
OR  `test_name` LIKE \'%Precious%\' ESCAPE \'!\'
OR  `test_name` LIKE \'%Autida%\' ESCAPE \'!\'
 )
AND (`billed` = 0 OR `billed` IS NULL)
ORDER BY `test_date` DESC')
 4 SYSTEMPATH\Database\BaseBuilder.php(1649): CodeIgniter\Database\BaseConnection->query('SELECT *
FROM `laboratory`
WHERE   (
`status` = :status:
OR `status` = :status.1:
 )
AND   (
`patient_id` = :patient_id:
OR  `test_name` LIKE :test_name: ESCAPE \'!\'
OR  `test_name` LIKE :test_name.1: ESCAPE \'!\'
OR  `test_name` LIKE :test_name.2: ESCAPE \'!\'
 )
AND (`billed` = 0 OR `billed` IS NULL)
ORDER BY `test_date` DESC', [...], false)
 5 APPPATH\Controllers\Billing.php(473): CodeIgniter\Database\BaseBuilder->get()
 6 SYSTEMPATH\CodeIgniter.php(933): App\Controllers\Billing->patientServices()
 7 SYSTEMPATH\CodeIgniter.php(507): CodeIgniter\CodeIgniter->runController(Object(App\Controllers\Billing))
 8 SYSTEMPATH\CodeIgniter.php(354): CodeIgniter\CodeIgniter->handleRequest(null, Object(Config\Cache), false)
 9 SYSTEMPATH\Boot.php(363): CodeIgniter\CodeIgniter->run()
10 SYSTEMPATH\Boot.php(68): CodeIgniter\Boot::runCodeIgniter(Object(CodeIgniter\CodeIgniter))
11 FCPATH\index.php(59): CodeIgniter\Boot::bootWeb(Object(Config\Paths))
ERROR - 2025-11-13 14:36:25 --> mysqli_sql_exception: Unknown column 'billed' in 'where clause' in C:\xampp\htdocs\WebSystemITE-G9\system\Database\MySQLi\Connection.php:327
Stack trace:
#0 C:\xampp\htdocs\WebSystemITE-G9\system\Database\MySQLi\Connection.php(327): mysqli->query('SELECT *\nFROM `...', 0)
#1 C:\xampp\htdocs\WebSystemITE-G9\system\Database\BaseConnection.php(729): CodeIgniter\Database\MySQLi\Connection->execute('SELECT *\nFROM `...')
#2 C:\xampp\htdocs\WebSystemITE-G9\system\Database\BaseConnection.php(646): CodeIgniter\Database\BaseConnection->simpleQuery('SELECT *\nFROM `...')
#3 C:\xampp\htdocs\WebSystemITE-G9\system\Database\BaseBuilder.php(1649): CodeIgniter\Database\BaseConnection->query('SELECT *\nFROM `...', Array, false)
#4 C:\xampp\htdocs\WebSystemITE-G9\app\Controllers\Billing.php(473): CodeIgniter\Database\BaseBuilder->get()
#5 C:\xampp\htdocs\WebSystemITE-G9\system\CodeIgniter.php(933): App\Controllers\Billing->patientServices()
#6 C:\xampp\htdocs\WebSystemITE-G9\system\CodeIgniter.php(507): CodeIgniter\CodeIgniter->runController(Object(App\Controllers\Billing))
#7 C:\xampp\htdocs\WebSystemITE-G9\system\CodeIgniter.php(354): CodeIgniter\CodeIgniter->handleRequest(NULL, Object(Config\Cache), false)
#8 C:\xampp\htdocs\WebSystemITE-G9\system\Boot.php(363): CodeIgniter\CodeIgniter->run()
#9 C:\xampp\htdocs\WebSystemITE-G9\system\Boot.php(68): CodeIgniter\Boot::runCodeIgniter(Object(CodeIgniter\CodeIgniter))
#10 C:\xampp\htdocs\WebSystemITE-G9\public\index.php(59): CodeIgniter\Boot::bootWeb(Object(Config\Paths))
#11 {main}
CRITICAL - 2025-11-13 14:36:25 --> CodeIgniter\Database\Exceptions\DatabaseException: Unknown column 'billed' in 'where clause'
[Method: GET, Route: billing/patient-services]
in SYSTEMPATH\Database\BaseConnection.php on line 684.
 1 SYSTEMPATH\Database\BaseBuilder.php(1649): CodeIgniter\Database\BaseConnection->query('SELECT *
FROM `laboratory`
WHERE   (
`status` = :status:
OR `status` = :status.1:
 )
AND   (
`patient_id` = :patient_id:
OR  `test_name` LIKE :test_name: ESCAPE \'!\'
OR  `test_name` LIKE :test_name.1: ESCAPE \'!\'
OR  `test_name` LIKE :test_name.2: ESCAPE \'!\'
 )
AND (`billed` = 0 OR `billed` IS NULL)
ORDER BY `test_date` DESC', [...], false)
 2 APPPATH\Controllers\Billing.php(473): CodeIgniter\Database\BaseBuilder->get()
 3 SYSTEMPATH\CodeIgniter.php(933): App\Controllers\Billing->patientServices()
 4 SYSTEMPATH\CodeIgniter.php(507): CodeIgniter\CodeIgniter->runController(Object(App\Controllers\Billing))
 5 SYSTEMPATH\CodeIgniter.php(354): CodeIgniter\CodeIgniter->handleRequest(null, Object(Config\Cache), false)
 6 SYSTEMPATH\Boot.php(363): CodeIgniter\CodeIgniter->run()
 7 SYSTEMPATH\Boot.php(68): CodeIgniter\Boot::runCodeIgniter(Object(CodeIgniter\CodeIgniter))
 8 FCPATH\index.php(59): CodeIgniter\Boot::bootWeb(Object(Config\Paths))
CRITICAL - 2025-11-13 14:36:25 --> [Caused by] CodeIgniter\Database\Exceptions\DatabaseException: Unknown column 'billed' in 'where clause'
in SYSTEMPATH\Database\MySQLi\Connection.php on line 332.
 1 SYSTEMPATH\Database\BaseConnection.php(729): CodeIgniter\Database\MySQLi\Connection->execute('SELECT *
FROM `laboratory`
WHERE   (
`status` = \'completed\'
OR `status` = \'in_progress\'
 )
AND   (
`patient_id` = \'PAT-251113-0001\'
OR  `test_name` LIKE \'%Precious Autida%\' ESCAPE \'!\'
OR  `test_name` LIKE \'%Precious%\' ESCAPE \'!\'
OR  `test_name` LIKE \'%Autida%\' ESCAPE \'!\'
 )
AND (`billed` = 0 OR `billed` IS NULL)
ORDER BY `test_date` DESC')
 2 SYSTEMPATH\Database\BaseConnection.php(646): CodeIgniter\Database\BaseConnection->simpleQuery('SELECT *
FROM `laboratory`
WHERE   (
`status` = \'completed\'
OR `status` = \'in_progress\'
 )
AND   (
`patient_id` = \'PAT-251113-0001\'
OR  `test_name` LIKE \'%Precious Autida%\' ESCAPE \'!\'
OR  `test_name` LIKE \'%Precious%\' ESCAPE \'!\'
OR  `test_name` LIKE \'%Autida%\' ESCAPE \'!\'
 )
AND (`billed` = 0 OR `billed` IS NULL)
ORDER BY `test_date` DESC')
 3 SYSTEMPATH\Database\BaseBuilder.php(1649): CodeIgniter\Database\BaseConnection->query('SELECT *
FROM `laboratory`
WHERE   (
`status` = :status:
OR `status` = :status.1:
 )
AND   (
`patient_id` = :patient_id:
OR  `test_name` LIKE :test_name: ESCAPE \'!\'
OR  `test_name` LIKE :test_name.1: ESCAPE \'!\'
OR  `test_name` LIKE :test_name.2: ESCAPE \'!\'
 )
AND (`billed` = 0 OR `billed` IS NULL)
ORDER BY `test_date` DESC', [...], false)
 4 APPPATH\Controllers\Billing.php(473): CodeIgniter\Database\BaseBuilder->get()
 5 SYSTEMPATH\CodeIgniter.php(933): App\Controllers\Billing->patientServices()
 6 SYSTEMPATH\CodeIgniter.php(507): CodeIgniter\CodeIgniter->runController(Object(App\Controllers\Billing))
 7 SYSTEMPATH\CodeIgniter.php(354): CodeIgniter\CodeIgniter->handleRequest(null, Object(Config\Cache), false)
 8 SYSTEMPATH\Boot.php(363): CodeIgniter\CodeIgniter->run()
 9 SYSTEMPATH\Boot.php(68): CodeIgniter\Boot::runCodeIgniter(Object(CodeIgniter\CodeIgniter))
10 FCPATH\index.php(59): CodeIgniter\Boot::bootWeb(Object(Config\Paths))
CRITICAL - 2025-11-13 14:36:25 --> [Caused by] mysqli_sql_exception: Unknown column 'billed' in 'where clause'
in SYSTEMPATH\Database\MySQLi\Connection.php on line 327.
 1 SYSTEMPATH\Database\MySQLi\Connection.php(327): mysqli->query('SELECT *
FROM `laboratory`
WHERE   (
`status` = \'completed\'
OR `status` = \'in_progress\'
 )
AND   (
`patient_id` = \'PAT-251113-0001\'
OR  `test_name` LIKE \'%Precious Autida%\' ESCAPE \'!\'
OR  `test_name` LIKE \'%Precious%\' ESCAPE \'!\'
OR  `test_name` LIKE \'%Autida%\' ESCAPE \'!\'
 )
AND (`billed` = 0 OR `billed` IS NULL)
ORDER BY `test_date` DESC', 0)
 2 SYSTEMPATH\Database\BaseConnection.php(729): CodeIgniter\Database\MySQLi\Connection->execute('SELECT *
FROM `laboratory`
WHERE   (
`status` = \'completed\'
OR `status` = \'in_progress\'
 )
AND   (
`patient_id` = \'PAT-251113-0001\'
OR  `test_name` LIKE \'%Precious Autida%\' ESCAPE \'!\'
OR  `test_name` LIKE \'%Precious%\' ESCAPE \'!\'
OR  `test_name` LIKE \'%Autida%\' ESCAPE \'!\'
 )
AND (`billed` = 0 OR `billed` IS NULL)
ORDER BY `test_date` DESC')
 3 SYSTEMPATH\Database\BaseConnection.php(646): CodeIgniter\Database\BaseConnection->simpleQuery('SELECT *
FROM `laboratory`
WHERE   (
`status` = \'completed\'
OR `status` = \'in_progress\'
 )
AND   (
`patient_id` = \'PAT-251113-0001\'
OR  `test_name` LIKE \'%Precious Autida%\' ESCAPE \'!\'
OR  `test_name` LIKE \'%Precious%\' ESCAPE \'!\'
OR  `test_name` LIKE \'%Autida%\' ESCAPE \'!\'
 )
AND (`billed` = 0 OR `billed` IS NULL)
ORDER BY `test_date` DESC')
 4 SYSTEMPATH\Database\BaseBuilder.php(1649): CodeIgniter\Database\BaseConnection->query('SELECT *
FROM `laboratory`
WHERE   (
`status` = :status:
OR `status` = :status.1:
 )
AND   (
`patient_id` = :patient_id:
OR  `test_name` LIKE :test_name: ESCAPE \'!\'
OR  `test_name` LIKE :test_name.1: ESCAPE \'!\'
OR  `test_name` LIKE :test_name.2: ESCAPE \'!\'
 )
AND (`billed` = 0 OR `billed` IS NULL)
ORDER BY `test_date` DESC', [...], false)
 5 APPPATH\Controllers\Billing.php(473): CodeIgniter\Database\BaseBuilder->get()
 6 SYSTEMPATH\CodeIgniter.php(933): App\Controllers\Billing->patientServices()
 7 SYSTEMPATH\CodeIgniter.php(507): CodeIgniter\CodeIgniter->runController(Object(App\Controllers\Billing))
 8 SYSTEMPATH\CodeIgniter.php(354): CodeIgniter\CodeIgniter->handleRequest(null, Object(Config\Cache), false)
 9 SYSTEMPATH\Boot.php(363): CodeIgniter\CodeIgniter->run()
10 SYSTEMPATH\Boot.php(68): CodeIgniter\Boot::runCodeIgniter(Object(CodeIgniter\CodeIgniter))
11 FCPATH\index.php(59): CodeIgniter\Boot::bootWeb(Object(Config\Paths))
ERROR - 2025-11-13 14:39:06 --> mysqli_sql_exception: Unknown column 'billed' in 'field list' in C:\xampp\htdocs\WebSystemITE-G9\system\Database\MySQLi\Connection.php:327
Stack trace:
#0 C:\xampp\htdocs\WebSystemITE-G9\system\Database\MySQLi\Connection.php(327): mysqli->query('UPDATE `laborat...', 0)
#1 C:\xampp\htdocs\WebSystemITE-G9\system\Database\BaseConnection.php(729): CodeIgniter\Database\MySQLi\Connection->execute('UPDATE `laborat...')
#2 C:\xampp\htdocs\WebSystemITE-G9\system\Database\BaseConnection.php(646): CodeIgniter\Database\BaseConnection->simpleQuery('UPDATE `laborat...')
#3 C:\xampp\htdocs\WebSystemITE-G9\system\Database\BaseBuilder.php(2521): CodeIgniter\Database\BaseConnection->query('UPDATE `laborat...', Array, false)
#4 C:\xampp\htdocs\WebSystemITE-G9\app\Controllers\Billing.php(381): CodeIgniter\Database\BaseBuilder->update()
#5 C:\xampp\htdocs\WebSystemITE-G9\system\CodeIgniter.php(933): App\Controllers\Billing->storeWithItems()
#6 C:\xampp\htdocs\WebSystemITE-G9\system\CodeIgniter.php(507): CodeIgniter\CodeIgniter->runController(Object(App\Controllers\Billing))
#7 C:\xampp\htdocs\WebSystemITE-G9\system\CodeIgniter.php(354): CodeIgniter\CodeIgniter->handleRequest(NULL, Object(Config\Cache), false)
#8 C:\xampp\htdocs\WebSystemITE-G9\system\Boot.php(363): CodeIgniter\CodeIgniter->run()
#9 C:\xampp\htdocs\WebSystemITE-G9\system\Boot.php(68): CodeIgniter\Boot::runCodeIgniter(Object(CodeIgniter\CodeIgniter))
#10 C:\xampp\htdocs\WebSystemITE-G9\public\index.php(59): CodeIgniter\Boot::bootWeb(Object(Config\Paths))
#11 {main}
ERROR - 2025-11-13 14:43:29 --> mysqli_sql_exception: Unknown column 'billed' in 'field list' in C:\xampp\htdocs\WebSystemITE-G9\system\Database\MySQLi\Connection.php:327
Stack trace:
#0 C:\xampp\htdocs\WebSystemITE-G9\system\Database\MySQLi\Connection.php(327): mysqli->query('UPDATE `laborat...', 0)
#1 C:\xampp\htdocs\WebSystemITE-G9\system\Database\BaseConnection.php(729): CodeIgniter\Database\MySQLi\Connection->execute('UPDATE `laborat...')
#2 C:\xampp\htdocs\WebSystemITE-G9\system\Database\BaseConnection.php(646): CodeIgniter\Database\BaseConnection->simpleQuery('UPDATE `laborat...')
#3 C:\xampp\htdocs\WebSystemITE-G9\system\Database\BaseBuilder.php(2521): CodeIgniter\Database\BaseConnection->query('UPDATE `laborat...', Array, false)
#4 C:\xampp\htdocs\WebSystemITE-G9\app\Controllers\Billing.php(393): CodeIgniter\Database\BaseBuilder->update()
#5 C:\xampp\htdocs\WebSystemITE-G9\system\CodeIgniter.php(933): App\Controllers\Billing->storeWithItems()
#6 C:\xampp\htdocs\WebSystemITE-G9\system\CodeIgniter.php(507): CodeIgniter\CodeIgniter->runController(Object(App\Controllers\Billing))
#7 C:\xampp\htdocs\WebSystemITE-G9\system\CodeIgniter.php(354): CodeIgniter\CodeIgniter->handleRequest(NULL, Object(Config\Cache), false)
#8 C:\xampp\htdocs\WebSystemITE-G9\system\Boot.php(363): CodeIgniter\CodeIgniter->run()
#9 C:\xampp\htdocs\WebSystemITE-G9\system\Boot.php(68): CodeIgniter\Boot::runCodeIgniter(Object(CodeIgniter\CodeIgniter))
#10 C:\xampp\htdocs\WebSystemITE-G9\public\index.php(59): CodeIgniter\Boot::bootWeb(Object(Config\Paths))
#11 {main}
