ERROR - 2025-11-10 12:33:56 --> mysqli_sql_exception: Duplicate entry 'laboratory' for key 'username' in C:\xampp\htdocs\WebSystemITE-G9\system\Database\MySQLi\Connection.php:327
Stack trace:
#0 C:\xampp\htdocs\WebSystemITE-G9\system\Database\MySQLi\Connection.php(327): mysqli->query('UPDATE `users` ...', 0)
#1 C:\xampp\htdocs\WebSystemITE-G9\system\Database\BaseConnection.php(729): CodeIgniter\Database\MySQLi\Connection->execute('UPDATE `users` ...')
#2 C:\xampp\htdocs\WebSystemITE-G9\system\Database\BaseConnection.php(646): CodeIgniter\Database\BaseConnection->simpleQuery('UPDATE `users` ...')
#3 C:\xampp\htdocs\WebSystemITE-G9\system\Database\BaseBuilder.php(2521): CodeIgniter\Database\BaseConnection->query('UPDATE `users` ...', Array, false)
#4 C:\xampp\htdocs\WebSystemITE-G9\system\Model.php(461): CodeIgniter\Database\BaseBuilder->update()
#5 C:\xampp\htdocs\WebSystemITE-G9\system\BaseModel.php(1025): CodeIgniter\Model->doUpdate(Array, Array)
#6 C:\xampp\htdocs\WebSystemITE-G9\system\Model.php(860): CodeIgniter\BaseModel->update(Array, Array)
#7 C:\xampp\htdocs\WebSystemITE-G9\app\Controllers\Admin.php(127): CodeIgniter\Model->update(0, Array)
#8 C:\xampp\htdocs\WebSystemITE-G9\system\CodeIgniter.php(933): App\Controllers\Admin->updateUser('0')
#9 C:\xampp\htdocs\WebSystemITE-G9\system\CodeIgniter.php(507): CodeIgniter\CodeIgniter->runController(Object(App\Controllers\Admin))
#10 C:\xampp\htdocs\WebSystemITE-G9\system\CodeIgniter.php(354): CodeIgniter\CodeIgniter->handleRequest(NULL, Object(Config\Cache), false)
#11 C:\xampp\htdocs\WebSystemITE-G9\system\Boot.php(363): CodeIgniter\CodeIgniter->run()
#12 C:\xampp\htdocs\WebSystemITE-G9\system\Boot.php(68): CodeIgniter\Boot::runCodeIgniter(Object(CodeIgniter\CodeIgniter))
#13 C:\xampp\htdocs\WebSystemITE-G9\public\index.php(59): CodeIgniter\Boot::bootWeb(Object(Config\Paths))
#14 {main}
CRITICAL - 2025-11-10 12:33:56 --> CodeIgniter\Database\Exceptions\DatabaseException: Duplicate entry 'laboratory' for key 'username'
[Method: POST, Route: admin/users/update/0]
in SYSTEMPATH\Database\BaseConnection.php on line 684.
 1 SYSTEMPATH\Database\BaseBuilder.php(2521): CodeIgniter\Database\BaseConnection->query('UPDATE `users` SET `username` = :username:, `email` = :email:, `role_id` = :role_id:, `status` = :status:, `updated_at` = :updated_at:
WHERE `users`.`id` IN :users.id:', [...], false)
 2 SYSTEMPATH\Model.php(461): CodeIgniter\Database\BaseBuilder->update()
 3 SYSTEMPATH\BaseModel.php(1025): CodeIgniter\Model->doUpdate([...], [...])
 4 SYSTEMPATH\Model.php(860): CodeIgniter\BaseModel->update([...], [...])
 5 APPPATH\Controllers\Admin.php(127): CodeIgniter\Model->update(0, [...])
 6 SYSTEMPATH\CodeIgniter.php(933): App\Controllers\Admin->updateUser('0')
 7 SYSTEMPATH\CodeIgniter.php(507): CodeIgniter\CodeIgniter->runController(Object(App\Controllers\Admin))
 8 SYSTEMPATH\CodeIgniter.php(354): CodeIgniter\CodeIgniter->handleRequest(null, Object(Config\Cache), false)
 9 SYSTEMPATH\Boot.php(363): CodeIgniter\CodeIgniter->run()
10 SYSTEMPATH\Boot.php(68): CodeIgniter\Boot::runCodeIgniter(Object(CodeIgniter\CodeIgniter))
11 FCPATH\index.php(59): CodeIgniter\Boot::bootWeb(Object(Config\Paths))
CRITICAL - 2025-11-10 12:33:56 --> [Caused by] CodeIgniter\Database\Exceptions\DatabaseException: Duplicate entry 'laboratory' for key 'username'
in SYSTEMPATH\Database\MySQLi\Connection.php on line 332.
 1 SYSTEMPATH\Database\BaseConnection.php(729): CodeIgniter\Database\MySQLi\Connection->execute('UPDATE `users` SET `username` = \'laboratory\', `email` = \'labstaff@hms.com\', `role_id` = 7, `status` = \'active\', `updated_at` = \'2025-11-10 12:33:56\'
WHERE `users`.`id` IN (0)')
 2 SYSTEMPATH\Database\BaseConnection.php(646): CodeIgniter\Database\BaseConnection->simpleQuery('UPDATE `users` SET `username` = \'laboratory\', `email` = \'labstaff@hms.com\', `role_id` = 7, `status` = \'active\', `updated_at` = \'2025-11-10 12:33:56\'
WHERE `users`.`id` IN (0)')
 3 SYSTEMPATH\Database\BaseBuilder.php(2521): CodeIgniter\Database\BaseConnection->query('UPDATE `users` SET `username` = :username:, `email` = :email:, `role_id` = :role_id:, `status` = :status:, `updated_at` = :updated_at:
WHERE `users`.`id` IN :users.id:', [...], false)
 4 SYSTEMPATH\Model.php(461): CodeIgniter\Database\BaseBuilder->update()
 5 SYSTEMPATH\BaseModel.php(1025): CodeIgniter\Model->doUpdate([...], [...])
 6 SYSTEMPATH\Model.php(860): CodeIgniter\BaseModel->update([...], [...])
 7 APPPATH\Controllers\Admin.php(127): CodeIgniter\Model->update(0, [...])
 8 SYSTEMPATH\CodeIgniter.php(933): App\Controllers\Admin->updateUser('0')
 9 SYSTEMPATH\CodeIgniter.php(507): CodeIgniter\CodeIgniter->runController(Object(App\Controllers\Admin))
10 SYSTEMPATH\CodeIgniter.php(354): CodeIgniter\CodeIgniter->handleRequest(null, Object(Config\Cache), false)
11 SYSTEMPATH\Boot.php(363): CodeIgniter\CodeIgniter->run()
12 SYSTEMPATH\Boot.php(68): CodeIgniter\Boot::runCodeIgniter(Object(CodeIgniter\CodeIgniter))
13 FCPATH\index.php(59): CodeIgniter\Boot::bootWeb(Object(Config\Paths))
CRITICAL - 2025-11-10 12:33:56 --> [Caused by] mysqli_sql_exception: Duplicate entry 'laboratory' for key 'username'
in SYSTEMPATH\Database\MySQLi\Connection.php on line 327.
 1 SYSTEMPATH\Database\MySQLi\Connection.php(327): mysqli->query('UPDATE `users` SET `username` = \'laboratory\', `email` = \'labstaff@hms.com\', `role_id` = 7, `status` = \'active\', `updated_at` = \'2025-11-10 12:33:56\'
WHERE `users`.`id` IN (0)', 0)
 2 SYSTEMPATH\Database\BaseConnection.php(729): CodeIgniter\Database\MySQLi\Connection->execute('UPDATE `users` SET `username` = \'laboratory\', `email` = \'labstaff@hms.com\', `role_id` = 7, `status` = \'active\', `updated_at` = \'2025-11-10 12:33:56\'
WHERE `users`.`id` IN (0)')
 3 SYSTEMPATH\Database\BaseConnection.php(646): CodeIgniter\Database\BaseConnection->simpleQuery('UPDATE `users` SET `username` = \'laboratory\', `email` = \'labstaff@hms.com\', `role_id` = 7, `status` = \'active\', `updated_at` = \'2025-11-10 12:33:56\'
WHERE `users`.`id` IN (0)')
 4 SYSTEMPATH\Database\BaseBuilder.php(2521): CodeIgniter\Database\BaseConnection->query('UPDATE `users` SET `username` = :username:, `email` = :email:, `role_id` = :role_id:, `status` = :status:, `updated_at` = :updated_at:
WHERE `users`.`id` IN :users.id:', [...], false)
 5 SYSTEMPATH\Model.php(461): CodeIgniter\Database\BaseBuilder->update()
 6 SYSTEMPATH\BaseModel.php(1025): CodeIgniter\Model->doUpdate([...], [...])
 7 SYSTEMPATH\Model.php(860): CodeIgniter\BaseModel->update([...], [...])
 8 APPPATH\Controllers\Admin.php(127): CodeIgniter\Model->update(0, [...])
 9 SYSTEMPATH\CodeIgniter.php(933): App\Controllers\Admin->updateUser('0')
10 SYSTEMPATH\CodeIgniter.php(507): CodeIgniter\CodeIgniter->runController(Object(App\Controllers\Admin))
11 SYSTEMPATH\CodeIgniter.php(354): CodeIgniter\CodeIgniter->handleRequest(null, Object(Config\Cache), false)
12 SYSTEMPATH\Boot.php(363): CodeIgniter\CodeIgniter->run()
13 SYSTEMPATH\Boot.php(68): CodeIgniter\Boot::runCodeIgniter(Object(CodeIgniter\CodeIgniter))
14 FCPATH\index.php(59): CodeIgniter\Boot::bootWeb(Object(Config\Paths))
ERROR - 2025-11-10 12:37:43 --> mysqli_sql_exception: Duplicate entry 'laboratory' for key 'username' in C:\xampp\htdocs\WebSystemITE-G9\system\Database\MySQLi\Connection.php:327
Stack trace:
#0 C:\xampp\htdocs\WebSystemITE-G9\system\Database\MySQLi\Connection.php(327): mysqli->query('UPDATE `users` ...', 0)
#1 C:\xampp\htdocs\WebSystemITE-G9\system\Database\BaseConnection.php(729): CodeIgniter\Database\MySQLi\Connection->execute('UPDATE `users` ...')
#2 C:\xampp\htdocs\WebSystemITE-G9\system\Database\BaseConnection.php(646): CodeIgniter\Database\BaseConnection->simpleQuery('UPDATE `users` ...')
#3 C:\xampp\htdocs\WebSystemITE-G9\system\Database\BaseBuilder.php(2521): CodeIgniter\Database\BaseConnection->query('UPDATE `users` ...', Array, false)
#4 C:\xampp\htdocs\WebSystemITE-G9\system\Model.php(461): CodeIgniter\Database\BaseBuilder->update()
#5 C:\xampp\htdocs\WebSystemITE-G9\system\BaseModel.php(1025): CodeIgniter\Model->doUpdate(Array, Array)
#6 C:\xampp\htdocs\WebSystemITE-G9\system\Model.php(860): CodeIgniter\BaseModel->update(Array, Array)
#7 C:\xampp\htdocs\WebSystemITE-G9\app\Controllers\Admin.php(127): CodeIgniter\Model->update(0, Array)
#8 C:\xampp\htdocs\WebSystemITE-G9\system\CodeIgniter.php(933): App\Controllers\Admin->updateUser('0')
#9 C:\xampp\htdocs\WebSystemITE-G9\system\CodeIgniter.php(507): CodeIgniter\CodeIgniter->runController(Object(App\Controllers\Admin))
#10 C:\xampp\htdocs\WebSystemITE-G9\system\CodeIgniter.php(354): CodeIgniter\CodeIgniter->handleRequest(NULL, Object(Config\Cache), false)
#11 C:\xampp\htdocs\WebSystemITE-G9\system\Boot.php(363): CodeIgniter\CodeIgniter->run()
#12 C:\xampp\htdocs\WebSystemITE-G9\system\Boot.php(68): CodeIgniter\Boot::runCodeIgniter(Object(CodeIgniter\CodeIgniter))
#13 C:\xampp\htdocs\WebSystemITE-G9\public\index.php(59): CodeIgniter\Boot::bootWeb(Object(Config\Paths))
#14 {main}
CRITICAL - 2025-11-10 12:37:43 --> CodeIgniter\Database\Exceptions\DatabaseException: Duplicate entry 'laboratory' for key 'username'
[Method: POST, Route: admin/users/update/0]
in SYSTEMPATH\Database\BaseConnection.php on line 684.
 1 SYSTEMPATH\Database\BaseBuilder.php(2521): CodeIgniter\Database\BaseConnection->query('UPDATE `users` SET `username` = :username:, `email` = :email:, `role_id` = :role_id:, `status` = :status:, `updated_at` = :updated_at:
WHERE `users`.`id` IN :users.id:', [...], false)
 2 SYSTEMPATH\Model.php(461): CodeIgniter\Database\BaseBuilder->update()
 3 SYSTEMPATH\BaseModel.php(1025): CodeIgniter\Model->doUpdate([...], [...])
 4 SYSTEMPATH\Model.php(860): CodeIgniter\BaseModel->update([...], [...])
 5 APPPATH\Controllers\Admin.php(127): CodeIgniter\Model->update(0, [...])
 6 SYSTEMPATH\CodeIgniter.php(933): App\Controllers\Admin->updateUser('0')
 7 SYSTEMPATH\CodeIgniter.php(507): CodeIgniter\CodeIgniter->runController(Object(App\Controllers\Admin))
 8 SYSTEMPATH\CodeIgniter.php(354): CodeIgniter\CodeIgniter->handleRequest(null, Object(Config\Cache), false)
 9 SYSTEMPATH\Boot.php(363): CodeIgniter\CodeIgniter->run()
10 SYSTEMPATH\Boot.php(68): CodeIgniter\Boot::runCodeIgniter(Object(CodeIgniter\CodeIgniter))
11 FCPATH\index.php(59): CodeIgniter\Boot::bootWeb(Object(Config\Paths))
CRITICAL - 2025-11-10 12:37:43 --> [Caused by] CodeIgniter\Database\Exceptions\DatabaseException: Duplicate entry 'laboratory' for key 'username'
in SYSTEMPATH\Database\MySQLi\Connection.php on line 332.
 1 SYSTEMPATH\Database\BaseConnection.php(729): CodeIgniter\Database\MySQLi\Connection->execute('UPDATE `users` SET `username` = \'laboratory\', `email` = \'labstaff@hms.com\', `role_id` = 7, `status` = \'active\', `updated_at` = \'2025-11-10 12:37:42\'
WHERE `users`.`id` IN (0)')
 2 SYSTEMPATH\Database\BaseConnection.php(646): CodeIgniter\Database\BaseConnection->simpleQuery('UPDATE `users` SET `username` = \'laboratory\', `email` = \'labstaff@hms.com\', `role_id` = 7, `status` = \'active\', `updated_at` = \'2025-11-10 12:37:42\'
WHERE `users`.`id` IN (0)')
 3 SYSTEMPATH\Database\BaseBuilder.php(2521): CodeIgniter\Database\BaseConnection->query('UPDATE `users` SET `username` = :username:, `email` = :email:, `role_id` = :role_id:, `status` = :status:, `updated_at` = :updated_at:
WHERE `users`.`id` IN :users.id:', [...], false)
 4 SYSTEMPATH\Model.php(461): CodeIgniter\Database\BaseBuilder->update()
 5 SYSTEMPATH\BaseModel.php(1025): CodeIgniter\Model->doUpdate([...], [...])
 6 SYSTEMPATH\Model.php(860): CodeIgniter\BaseModel->update([...], [...])
 7 APPPATH\Controllers\Admin.php(127): CodeIgniter\Model->update(0, [...])
 8 SYSTEMPATH\CodeIgniter.php(933): App\Controllers\Admin->updateUser('0')
 9 SYSTEMPATH\CodeIgniter.php(507): CodeIgniter\CodeIgniter->runController(Object(App\Controllers\Admin))
10 SYSTEMPATH\CodeIgniter.php(354): CodeIgniter\CodeIgniter->handleRequest(null, Object(Config\Cache), false)
11 SYSTEMPATH\Boot.php(363): CodeIgniter\CodeIgniter->run()
12 SYSTEMPATH\Boot.php(68): CodeIgniter\Boot::runCodeIgniter(Object(CodeIgniter\CodeIgniter))
13 FCPATH\index.php(59): CodeIgniter\Boot::bootWeb(Object(Config\Paths))
CRITICAL - 2025-11-10 12:37:43 --> [Caused by] mysqli_sql_exception: Duplicate entry 'laboratory' for key 'username'
in SYSTEMPATH\Database\MySQLi\Connection.php on line 327.
 1 SYSTEMPATH\Database\MySQLi\Connection.php(327): mysqli->query('UPDATE `users` SET `username` = \'laboratory\', `email` = \'labstaff@hms.com\', `role_id` = 7, `status` = \'active\', `updated_at` = \'2025-11-10 12:37:42\'
WHERE `users`.`id` IN (0)', 0)
 2 SYSTEMPATH\Database\BaseConnection.php(729): CodeIgniter\Database\MySQLi\Connection->execute('UPDATE `users` SET `username` = \'laboratory\', `email` = \'labstaff@hms.com\', `role_id` = 7, `status` = \'active\', `updated_at` = \'2025-11-10 12:37:42\'
WHERE `users`.`id` IN (0)')
 3 SYSTEMPATH\Database\BaseConnection.php(646): CodeIgniter\Database\BaseConnection->simpleQuery('UPDATE `users` SET `username` = \'laboratory\', `email` = \'labstaff@hms.com\', `role_id` = 7, `status` = \'active\', `updated_at` = \'2025-11-10 12:37:42\'
WHERE `users`.`id` IN (0)')
 4 SYSTEMPATH\Database\BaseBuilder.php(2521): CodeIgniter\Database\BaseConnection->query('UPDATE `users` SET `username` = :username:, `email` = :email:, `role_id` = :role_id:, `status` = :status:, `updated_at` = :updated_at:
WHERE `users`.`id` IN :users.id:', [...], false)
 5 SYSTEMPATH\Model.php(461): CodeIgniter\Database\BaseBuilder->update()
 6 SYSTEMPATH\BaseModel.php(1025): CodeIgniter\Model->doUpdate([...], [...])
 7 SYSTEMPATH\Model.php(860): CodeIgniter\BaseModel->update([...], [...])
 8 APPPATH\Controllers\Admin.php(127): CodeIgniter\Model->update(0, [...])
 9 SYSTEMPATH\CodeIgniter.php(933): App\Controllers\Admin->updateUser('0')
10 SYSTEMPATH\CodeIgniter.php(507): CodeIgniter\CodeIgniter->runController(Object(App\Controllers\Admin))
11 SYSTEMPATH\CodeIgniter.php(354): CodeIgniter\CodeIgniter->handleRequest(null, Object(Config\Cache), false)
12 SYSTEMPATH\Boot.php(363): CodeIgniter\CodeIgniter->run()
13 SYSTEMPATH\Boot.php(68): CodeIgniter\Boot::runCodeIgniter(Object(CodeIgniter\CodeIgniter))
14 FCPATH\index.php(59): CodeIgniter\Boot::bootWeb(Object(Config\Paths))
ERROR - 2025-11-10 12:37:59 --> mysqli_sql_exception: Duplicate entry 'laboratory' for key 'username' in C:\xampp\htdocs\WebSystemITE-G9\system\Database\MySQLi\Connection.php:327
Stack trace:
#0 C:\xampp\htdocs\WebSystemITE-G9\system\Database\MySQLi\Connection.php(327): mysqli->query('UPDATE `users` ...', 0)
#1 C:\xampp\htdocs\WebSystemITE-G9\system\Database\BaseConnection.php(729): CodeIgniter\Database\MySQLi\Connection->execute('UPDATE `users` ...')
#2 C:\xampp\htdocs\WebSystemITE-G9\system\Database\BaseConnection.php(646): CodeIgniter\Database\BaseConnection->simpleQuery('UPDATE `users` ...')
#3 C:\xampp\htdocs\WebSystemITE-G9\system\Database\BaseBuilder.php(2521): CodeIgniter\Database\BaseConnection->query('UPDATE `users` ...', Array, false)
#4 C:\xampp\htdocs\WebSystemITE-G9\system\Model.php(461): CodeIgniter\Database\BaseBuilder->update()
#5 C:\xampp\htdocs\WebSystemITE-G9\system\BaseModel.php(1025): CodeIgniter\Model->doUpdate(Array, Array)
#6 C:\xampp\htdocs\WebSystemITE-G9\system\Model.php(860): CodeIgniter\BaseModel->update(Array, Array)
#7 C:\xampp\htdocs\WebSystemITE-G9\app\Controllers\Admin.php(127): CodeIgniter\Model->update(0, Array)
#8 C:\xampp\htdocs\WebSystemITE-G9\system\CodeIgniter.php(933): App\Controllers\Admin->updateUser('0')
#9 C:\xampp\htdocs\WebSystemITE-G9\system\CodeIgniter.php(507): CodeIgniter\CodeIgniter->runController(Object(App\Controllers\Admin))
#10 C:\xampp\htdocs\WebSystemITE-G9\system\CodeIgniter.php(354): CodeIgniter\CodeIgniter->handleRequest(NULL, Object(Config\Cache), false)
#11 C:\xampp\htdocs\WebSystemITE-G9\system\Boot.php(363): CodeIgniter\CodeIgniter->run()
#12 C:\xampp\htdocs\WebSystemITE-G9\system\Boot.php(68): CodeIgniter\Boot::runCodeIgniter(Object(CodeIgniter\CodeIgniter))
#13 C:\xampp\htdocs\WebSystemITE-G9\public\index.php(59): CodeIgniter\Boot::bootWeb(Object(Config\Paths))
#14 {main}
CRITICAL - 2025-11-10 12:37:59 --> CodeIgniter\Database\Exceptions\DatabaseException: Duplicate entry 'laboratory' for key 'username'
[Method: POST, Route: admin/users/update/0]
in SYSTEMPATH\Database\BaseConnection.php on line 684.
 1 SYSTEMPATH\Database\BaseBuilder.php(2521): CodeIgniter\Database\BaseConnection->query('UPDATE `users` SET `username` = :username:, `email` = :email:, `role_id` = :role_id:, `status` = :status:, `updated_at` = :updated_at:
WHERE `users`.`id` IN :users.id:', [...], false)
 2 SYSTEMPATH\Model.php(461): CodeIgniter\Database\BaseBuilder->update()
 3 SYSTEMPATH\BaseModel.php(1025): CodeIgniter\Model->doUpdate([...], [...])
 4 SYSTEMPATH\Model.php(860): CodeIgniter\BaseModel->update([...], [...])
 5 APPPATH\Controllers\Admin.php(127): CodeIgniter\Model->update(0, [...])
 6 SYSTEMPATH\CodeIgniter.php(933): App\Controllers\Admin->updateUser('0')
 7 SYSTEMPATH\CodeIgniter.php(507): CodeIgniter\CodeIgniter->runController(Object(App\Controllers\Admin))
 8 SYSTEMPATH\CodeIgniter.php(354): CodeIgniter\CodeIgniter->handleRequest(null, Object(Config\Cache), false)
 9 SYSTEMPATH\Boot.php(363): CodeIgniter\CodeIgniter->run()
10 SYSTEMPATH\Boot.php(68): CodeIgniter\Boot::runCodeIgniter(Object(CodeIgniter\CodeIgniter))
11 FCPATH\index.php(59): CodeIgniter\Boot::bootWeb(Object(Config\Paths))
CRITICAL - 2025-11-10 12:37:59 --> [Caused by] CodeIgniter\Database\Exceptions\DatabaseException: Duplicate entry 'laboratory' for key 'username'
in SYSTEMPATH\Database\MySQLi\Connection.php on line 332.
 1 SYSTEMPATH\Database\BaseConnection.php(729): CodeIgniter\Database\MySQLi\Connection->execute('UPDATE `users` SET `username` = \'laboratory\', `email` = \'labstaff@hms.com\', `role_id` = 7, `status` = \'active\', `updated_at` = \'2025-11-10 12:37:59\'
WHERE `users`.`id` IN (0)')
 2 SYSTEMPATH\Database\BaseConnection.php(646): CodeIgniter\Database\BaseConnection->simpleQuery('UPDATE `users` SET `username` = \'laboratory\', `email` = \'labstaff@hms.com\', `role_id` = 7, `status` = \'active\', `updated_at` = \'2025-11-10 12:37:59\'
WHERE `users`.`id` IN (0)')
 3 SYSTEMPATH\Database\BaseBuilder.php(2521): CodeIgniter\Database\BaseConnection->query('UPDATE `users` SET `username` = :username:, `email` = :email:, `role_id` = :role_id:, `status` = :status:, `updated_at` = :updated_at:
WHERE `users`.`id` IN :users.id:', [...], false)
 4 SYSTEMPATH\Model.php(461): CodeIgniter\Database\BaseBuilder->update()
 5 SYSTEMPATH\BaseModel.php(1025): CodeIgniter\Model->doUpdate([...], [...])
 6 SYSTEMPATH\Model.php(860): CodeIgniter\BaseModel->update([...], [...])
 7 APPPATH\Controllers\Admin.php(127): CodeIgniter\Model->update(0, [...])
 8 SYSTEMPATH\CodeIgniter.php(933): App\Controllers\Admin->updateUser('0')
 9 SYSTEMPATH\CodeIgniter.php(507): CodeIgniter\CodeIgniter->runController(Object(App\Controllers\Admin))
10 SYSTEMPATH\CodeIgniter.php(354): CodeIgniter\CodeIgniter->handleRequest(null, Object(Config\Cache), false)
11 SYSTEMPATH\Boot.php(363): CodeIgniter\CodeIgniter->run()
12 SYSTEMPATH\Boot.php(68): CodeIgniter\Boot::runCodeIgniter(Object(CodeIgniter\CodeIgniter))
13 FCPATH\index.php(59): CodeIgniter\Boot::bootWeb(Object(Config\Paths))
CRITICAL - 2025-11-10 12:37:59 --> [Caused by] mysqli_sql_exception: Duplicate entry 'laboratory' for key 'username'
in SYSTEMPATH\Database\MySQLi\Connection.php on line 327.
 1 SYSTEMPATH\Database\MySQLi\Connection.php(327): mysqli->query('UPDATE `users` SET `username` = \'laboratory\', `email` = \'labstaff@hms.com\', `role_id` = 7, `status` = \'active\', `updated_at` = \'2025-11-10 12:37:59\'
WHERE `users`.`id` IN (0)', 0)
 2 SYSTEMPATH\Database\BaseConnection.php(729): CodeIgniter\Database\MySQLi\Connection->execute('UPDATE `users` SET `username` = \'laboratory\', `email` = \'labstaff@hms.com\', `role_id` = 7, `status` = \'active\', `updated_at` = \'2025-11-10 12:37:59\'
WHERE `users`.`id` IN (0)')
 3 SYSTEMPATH\Database\BaseConnection.php(646): CodeIgniter\Database\BaseConnection->simpleQuery('UPDATE `users` SET `username` = \'laboratory\', `email` = \'labstaff@hms.com\', `role_id` = 7, `status` = \'active\', `updated_at` = \'2025-11-10 12:37:59\'
WHERE `users`.`id` IN (0)')
 4 SYSTEMPATH\Database\BaseBuilder.php(2521): CodeIgniter\Database\BaseConnection->query('UPDATE `users` SET `username` = :username:, `email` = :email:, `role_id` = :role_id:, `status` = :status:, `updated_at` = :updated_at:
WHERE `users`.`id` IN :users.id:', [...], false)
 5 SYSTEMPATH\Model.php(461): CodeIgniter\Database\BaseBuilder->update()
 6 SYSTEMPATH\BaseModel.php(1025): CodeIgniter\Model->doUpdate([...], [...])
 7 SYSTEMPATH\Model.php(860): CodeIgniter\BaseModel->update([...], [...])
 8 APPPATH\Controllers\Admin.php(127): CodeIgniter\Model->update(0, [...])
 9 SYSTEMPATH\CodeIgniter.php(933): App\Controllers\Admin->updateUser('0')
10 SYSTEMPATH\CodeIgniter.php(507): CodeIgniter\CodeIgniter->runController(Object(App\Controllers\Admin))
11 SYSTEMPATH\CodeIgniter.php(354): CodeIgniter\CodeIgniter->handleRequest(null, Object(Config\Cache), false)
12 SYSTEMPATH\Boot.php(363): CodeIgniter\CodeIgniter->run()
13 SYSTEMPATH\Boot.php(68): CodeIgniter\Boot::runCodeIgniter(Object(CodeIgniter\CodeIgniter))
14 FCPATH\index.php(59): CodeIgniter\Boot::bootWeb(Object(Config\Paths))
ERROR - 2025-11-10 12:38:55 --> mysqli_sql_exception: Duplicate entry 'itstaff' for key 'username' in C:\xampp\htdocs\WebSystemITE-G9\system\Database\MySQLi\Connection.php:327
Stack trace:
#0 C:\xampp\htdocs\WebSystemITE-G9\system\Database\MySQLi\Connection.php(327): mysqli->query('UPDATE `users` ...', 0)
#1 C:\xampp\htdocs\WebSystemITE-G9\system\Database\BaseConnection.php(729): CodeIgniter\Database\MySQLi\Connection->execute('UPDATE `users` ...')
#2 C:\xampp\htdocs\WebSystemITE-G9\system\Database\BaseConnection.php(646): CodeIgniter\Database\BaseConnection->simpleQuery('UPDATE `users` ...')
#3 C:\xampp\htdocs\WebSystemITE-G9\system\Database\BaseBuilder.php(2521): CodeIgniter\Database\BaseConnection->query('UPDATE `users` ...', Array, false)
#4 C:\xampp\htdocs\WebSystemITE-G9\system\Model.php(461): CodeIgniter\Database\BaseBuilder->update()
#5 C:\xampp\htdocs\WebSystemITE-G9\system\BaseModel.php(1025): CodeIgniter\Model->doUpdate(Array, Array)
#6 C:\xampp\htdocs\WebSystemITE-G9\system\Model.php(860): CodeIgniter\BaseModel->update(Array, Array)
#7 C:\xampp\htdocs\WebSystemITE-G9\app\Controllers\Admin.php(127): CodeIgniter\Model->update(0, Array)
#8 C:\xampp\htdocs\WebSystemITE-G9\system\CodeIgniter.php(933): App\Controllers\Admin->updateUser('0')
#9 C:\xampp\htdocs\WebSystemITE-G9\system\CodeIgniter.php(507): CodeIgniter\CodeIgniter->runController(Object(App\Controllers\Admin))
#10 C:\xampp\htdocs\WebSystemITE-G9\system\CodeIgniter.php(354): CodeIgniter\CodeIgniter->handleRequest(NULL, Object(Config\Cache), false)
#11 C:\xampp\htdocs\WebSystemITE-G9\system\Boot.php(363): CodeIgniter\CodeIgniter->run()
#12 C:\xampp\htdocs\WebSystemITE-G9\system\Boot.php(68): CodeIgniter\Boot::runCodeIgniter(Object(CodeIgniter\CodeIgniter))
#13 C:\xampp\htdocs\WebSystemITE-G9\public\index.php(59): CodeIgniter\Boot::bootWeb(Object(Config\Paths))
#14 {main}
CRITICAL - 2025-11-10 12:38:55 --> CodeIgniter\Database\Exceptions\DatabaseException: Duplicate entry 'itstaff' for key 'username'
[Method: POST, Route: admin/users/update/0]
in SYSTEMPATH\Database\BaseConnection.php on line 684.
 1 SYSTEMPATH\Database\BaseBuilder.php(2521): CodeIgniter\Database\BaseConnection->query('UPDATE `users` SET `username` = :username:, `email` = :email:, `role_id` = :role_id:, `status` = :status:, `updated_at` = :updated_at:, `password` = :password:
WHERE `users`.`id` IN :users.id:', [...], false)
 2 SYSTEMPATH\Model.php(461): CodeIgniter\Database\BaseBuilder->update()
 3 SYSTEMPATH\BaseModel.php(1025): CodeIgniter\Model->doUpdate([...], [...])
 4 SYSTEMPATH\Model.php(860): CodeIgniter\BaseModel->update([...], [...])
 5 APPPATH\Controllers\Admin.php(127): CodeIgniter\Model->update(0, [...])
 6 SYSTEMPATH\CodeIgniter.php(933): App\Controllers\Admin->updateUser('0')
 7 SYSTEMPATH\CodeIgniter.php(507): CodeIgniter\CodeIgniter->runController(Object(App\Controllers\Admin))
 8 SYSTEMPATH\CodeIgniter.php(354): CodeIgniter\CodeIgniter->handleRequest(null, Object(Config\Cache), false)
 9 SYSTEMPATH\Boot.php(363): CodeIgniter\CodeIgniter->run()
10 SYSTEMPATH\Boot.php(68): CodeIgniter\Boot::runCodeIgniter(Object(CodeIgniter\CodeIgniter))
11 FCPATH\index.php(59): CodeIgniter\Boot::bootWeb(Object(Config\Paths))
CRITICAL - 2025-11-10 12:38:55 --> [Caused by] CodeIgniter\Database\Exceptions\DatabaseException: Duplicate entry 'itstaff' for key 'username'
in SYSTEMPATH\Database\MySQLi\Connection.php on line 332.
 1 SYSTEMPATH\Database\BaseConnection.php(729): CodeIgniter\Database\MySQLi\Connection->execute('UPDATE `users` SET `username` = \'itstaff\', `email` = \'itstaff@hms.com\', `role_id` = 6, `status` = \'active\', `updated_at` = \'2025-11-10 12:38:55\', `password` = \'$2y$10$C32h7wSkDy0yrR9mGnWXW.4LRdYRdd/GaWh6P9qFNuX2NQ/ANiuUu\'
WHERE `users`.`id` IN (0)')
 2 SYSTEMPATH\Database\BaseConnection.php(646): CodeIgniter\Database\BaseConnection->simpleQuery('UPDATE `users` SET `username` = \'itstaff\', `email` = \'itstaff@hms.com\', `role_id` = 6, `status` = \'active\', `updated_at` = \'2025-11-10 12:38:55\', `password` = \'$2y$10$C32h7wSkDy0yrR9mGnWXW.4LRdYRdd/GaWh6P9qFNuX2NQ/ANiuUu\'
WHERE `users`.`id` IN (0)')
 3 SYSTEMPATH\Database\BaseBuilder.php(2521): CodeIgniter\Database\BaseConnection->query('UPDATE `users` SET `username` = :username:, `email` = :email:, `role_id` = :role_id:, `status` = :status:, `updated_at` = :updated_at:, `password` = :password:
WHERE `users`.`id` IN :users.id:', [...], false)
 4 SYSTEMPATH\Model.php(461): CodeIgniter\Database\BaseBuilder->update()
 5 SYSTEMPATH\BaseModel.php(1025): CodeIgniter\Model->doUpdate([...], [...])
 6 SYSTEMPATH\Model.php(860): CodeIgniter\BaseModel->update([...], [...])
 7 APPPATH\Controllers\Admin.php(127): CodeIgniter\Model->update(0, [...])
 8 SYSTEMPATH\CodeIgniter.php(933): App\Controllers\Admin->updateUser('0')
 9 SYSTEMPATH\CodeIgniter.php(507): CodeIgniter\CodeIgniter->runController(Object(App\Controllers\Admin))
10 SYSTEMPATH\CodeIgniter.php(354): CodeIgniter\CodeIgniter->handleRequest(null, Object(Config\Cache), false)
11 SYSTEMPATH\Boot.php(363): CodeIgniter\CodeIgniter->run()
12 SYSTEMPATH\Boot.php(68): CodeIgniter\Boot::runCodeIgniter(Object(CodeIgniter\CodeIgniter))
13 FCPATH\index.php(59): CodeIgniter\Boot::bootWeb(Object(Config\Paths))
CRITICAL - 2025-11-10 12:38:55 --> [Caused by] mysqli_sql_exception: Duplicate entry 'itstaff' for key 'username'
in SYSTEMPATH\Database\MySQLi\Connection.php on line 327.
 1 SYSTEMPATH\Database\MySQLi\Connection.php(327): mysqli->query('UPDATE `users` SET `username` = \'itstaff\', `email` = \'itstaff@hms.com\', `role_id` = 6, `status` = \'active\', `updated_at` = \'2025-11-10 12:38:55\', `password` = \'$2y$10$C32h7wSkDy0yrR9mGnWXW.4LRdYRdd/GaWh6P9qFNuX2NQ/ANiuUu\'
WHERE `users`.`id` IN (0)', 0)
 2 SYSTEMPATH\Database\BaseConnection.php(729): CodeIgniter\Database\MySQLi\Connection->execute('UPDATE `users` SET `username` = \'itstaff\', `email` = \'itstaff@hms.com\', `role_id` = 6, `status` = \'active\', `updated_at` = \'2025-11-10 12:38:55\', `password` = \'$2y$10$C32h7wSkDy0yrR9mGnWXW.4LRdYRdd/GaWh6P9qFNuX2NQ/ANiuUu\'
WHERE `users`.`id` IN (0)')
 3 SYSTEMPATH\Database\BaseConnection.php(646): CodeIgniter\Database\BaseConnection->simpleQuery('UPDATE `users` SET `username` = \'itstaff\', `email` = \'itstaff@hms.com\', `role_id` = 6, `status` = \'active\', `updated_at` = \'2025-11-10 12:38:55\', `password` = \'$2y$10$C32h7wSkDy0yrR9mGnWXW.4LRdYRdd/GaWh6P9qFNuX2NQ/ANiuUu\'
WHERE `users`.`id` IN (0)')
 4 SYSTEMPATH\Database\BaseBuilder.php(2521): CodeIgniter\Database\BaseConnection->query('UPDATE `users` SET `username` = :username:, `email` = :email:, `role_id` = :role_id:, `status` = :status:, `updated_at` = :updated_at:, `password` = :password:
WHERE `users`.`id` IN :users.id:', [...], false)
 5 SYSTEMPATH\Model.php(461): CodeIgniter\Database\BaseBuilder->update()
 6 SYSTEMPATH\BaseModel.php(1025): CodeIgniter\Model->doUpdate([...], [...])
 7 SYSTEMPATH\Model.php(860): CodeIgniter\BaseModel->update([...], [...])
 8 APPPATH\Controllers\Admin.php(127): CodeIgniter\Model->update(0, [...])
 9 SYSTEMPATH\CodeIgniter.php(933): App\Controllers\Admin->updateUser('0')
10 SYSTEMPATH\CodeIgniter.php(507): CodeIgniter\CodeIgniter->runController(Object(App\Controllers\Admin))
11 SYSTEMPATH\CodeIgniter.php(354): CodeIgniter\CodeIgniter->handleRequest(null, Object(Config\Cache), false)
12 SYSTEMPATH\Boot.php(363): CodeIgniter\CodeIgniter->run()
13 SYSTEMPATH\Boot.php(68): CodeIgniter\Boot::runCodeIgniter(Object(CodeIgniter\CodeIgniter))
14 FCPATH\index.php(59): CodeIgniter\Boot::bootWeb(Object(Config\Paths))
ERROR - 2025-11-10 12:44:27 --> mysqli_sql_exception: Duplicate entry 'laboratory' for key 'username' in C:\xampp\htdocs\WebSystemITE-G9\system\Database\MySQLi\Connection.php:327
Stack trace:
#0 C:\xampp\htdocs\WebSystemITE-G9\system\Database\MySQLi\Connection.php(327): mysqli->query('UPDATE `users` ...', 0)
#1 C:\xampp\htdocs\WebSystemITE-G9\system\Database\BaseConnection.php(729): CodeIgniter\Database\MySQLi\Connection->execute('UPDATE `users` ...')
#2 C:\xampp\htdocs\WebSystemITE-G9\system\Database\BaseConnection.php(646): CodeIgniter\Database\BaseConnection->simpleQuery('UPDATE `users` ...')
#3 C:\xampp\htdocs\WebSystemITE-G9\system\Database\BaseBuilder.php(2521): CodeIgniter\Database\BaseConnection->query('UPDATE `users` ...', Array, false)
#4 C:\xampp\htdocs\WebSystemITE-G9\system\Model.php(461): CodeIgniter\Database\BaseBuilder->update()
#5 C:\xampp\htdocs\WebSystemITE-G9\system\BaseModel.php(1025): CodeIgniter\Model->doUpdate(Array, Array)
#6 C:\xampp\htdocs\WebSystemITE-G9\system\Model.php(860): CodeIgniter\BaseModel->update(Array, Array)
#7 C:\xampp\htdocs\WebSystemITE-G9\app\Controllers\Admin.php(149): CodeIgniter\Model->update(0, Array)
#8 C:\xampp\htdocs\WebSystemITE-G9\system\CodeIgniter.php(933): App\Controllers\Admin->updateUser('0')
#9 C:\xampp\htdocs\WebSystemITE-G9\system\CodeIgniter.php(507): CodeIgniter\CodeIgniter->runController(Object(App\Controllers\Admin))
#10 C:\xampp\htdocs\WebSystemITE-G9\system\CodeIgniter.php(354): CodeIgniter\CodeIgniter->handleRequest(NULL, Object(Config\Cache), false)
#11 C:\xampp\htdocs\WebSystemITE-G9\system\Boot.php(363): CodeIgniter\CodeIgniter->run()
#12 C:\xampp\htdocs\WebSystemITE-G9\system\Boot.php(68): CodeIgniter\Boot::runCodeIgniter(Object(CodeIgniter\CodeIgniter))
#13 C:\xampp\htdocs\WebSystemITE-G9\public\index.php(59): CodeIgniter\Boot::bootWeb(Object(Config\Paths))
#14 {main}
ERROR - 2025-11-10 12:45:09 --> mysqli_sql_exception: Duplicate entry 'laboratory' for key 'username' in C:\xampp\htdocs\WebSystemITE-G9\system\Database\MySQLi\Connection.php:327
Stack trace:
#0 C:\xampp\htdocs\WebSystemITE-G9\system\Database\MySQLi\Connection.php(327): mysqli->query('UPDATE `users` ...', 0)
#1 C:\xampp\htdocs\WebSystemITE-G9\system\Database\BaseConnection.php(729): CodeIgniter\Database\MySQLi\Connection->execute('UPDATE `users` ...')
#2 C:\xampp\htdocs\WebSystemITE-G9\system\Database\BaseConnection.php(646): CodeIgniter\Database\BaseConnection->simpleQuery('UPDATE `users` ...')
#3 C:\xampp\htdocs\WebSystemITE-G9\system\Database\BaseBuilder.php(2521): CodeIgniter\Database\BaseConnection->query('UPDATE `users` ...', Array, false)
#4 C:\xampp\htdocs\WebSystemITE-G9\system\Model.php(461): CodeIgniter\Database\BaseBuilder->update()
#5 C:\xampp\htdocs\WebSystemITE-G9\system\BaseModel.php(1025): CodeIgniter\Model->doUpdate(Array, Array)
#6 C:\xampp\htdocs\WebSystemITE-G9\system\Model.php(860): CodeIgniter\BaseModel->update(Array, Array)
#7 C:\xampp\htdocs\WebSystemITE-G9\app\Controllers\Admin.php(149): CodeIgniter\Model->update(0, Array)
#8 C:\xampp\htdocs\WebSystemITE-G9\system\CodeIgniter.php(933): App\Controllers\Admin->updateUser('0')
#9 C:\xampp\htdocs\WebSystemITE-G9\system\CodeIgniter.php(507): CodeIgniter\CodeIgniter->runController(Object(App\Controllers\Admin))
#10 C:\xampp\htdocs\WebSystemITE-G9\system\CodeIgniter.php(354): CodeIgniter\CodeIgniter->handleRequest(NULL, Object(Config\Cache), false)
#11 C:\xampp\htdocs\WebSystemITE-G9\system\Boot.php(363): CodeIgniter\CodeIgniter->run()
#12 C:\xampp\htdocs\WebSystemITE-G9\system\Boot.php(68): CodeIgniter\Boot::runCodeIgniter(Object(CodeIgniter\CodeIgniter))
#13 C:\xampp\htdocs\WebSystemITE-G9\public\index.php(59): CodeIgniter\Boot::bootWeb(Object(Config\Paths))
#14 {main}
ERROR - 2025-11-10 12:45:24 --> mysqli_sql_exception: Duplicate entry 'laboratory' for key 'username' in C:\xampp\htdocs\WebSystemITE-G9\system\Database\MySQLi\Connection.php:327
Stack trace:
#0 C:\xampp\htdocs\WebSystemITE-G9\system\Database\MySQLi\Connection.php(327): mysqli->query('UPDATE `users` ...', 0)
#1 C:\xampp\htdocs\WebSystemITE-G9\system\Database\BaseConnection.php(729): CodeIgniter\Database\MySQLi\Connection->execute('UPDATE `users` ...')
#2 C:\xampp\htdocs\WebSystemITE-G9\system\Database\BaseConnection.php(646): CodeIgniter\Database\BaseConnection->simpleQuery('UPDATE `users` ...')
#3 C:\xampp\htdocs\WebSystemITE-G9\system\Database\BaseBuilder.php(2521): CodeIgniter\Database\BaseConnection->query('UPDATE `users` ...', Array, false)
#4 C:\xampp\htdocs\WebSystemITE-G9\system\Model.php(461): CodeIgniter\Database\BaseBuilder->update()
#5 C:\xampp\htdocs\WebSystemITE-G9\system\BaseModel.php(1025): CodeIgniter\Model->doUpdate(Array, Array)
#6 C:\xampp\htdocs\WebSystemITE-G9\system\Model.php(860): CodeIgniter\BaseModel->update(Array, Array)
#7 C:\xampp\htdocs\WebSystemITE-G9\app\Controllers\Admin.php(149): CodeIgniter\Model->update(0, Array)
#8 C:\xampp\htdocs\WebSystemITE-G9\system\CodeIgniter.php(933): App\Controllers\Admin->updateUser('0')
#9 C:\xampp\htdocs\WebSystemITE-G9\system\CodeIgniter.php(507): CodeIgniter\CodeIgniter->runController(Object(App\Controllers\Admin))
#10 C:\xampp\htdocs\WebSystemITE-G9\system\CodeIgniter.php(354): CodeIgniter\CodeIgniter->handleRequest(NULL, Object(Config\Cache), false)
#11 C:\xampp\htdocs\WebSystemITE-G9\system\Boot.php(363): CodeIgniter\CodeIgniter->run()
#12 C:\xampp\htdocs\WebSystemITE-G9\system\Boot.php(68): CodeIgniter\Boot::runCodeIgniter(Object(CodeIgniter\CodeIgniter))
#13 C:\xampp\htdocs\WebSystemITE-G9\public\index.php(59): CodeIgniter\Boot::bootWeb(Object(Config\Paths))
#14 {main}
ERROR - 2025-11-10 12:45:43 --> mysqli_sql_exception: Duplicate entry 'nurse' for key 'username' in C:\xampp\htdocs\WebSystemITE-G9\system\Database\MySQLi\Connection.php:327
Stack trace:
#0 C:\xampp\htdocs\WebSystemITE-G9\system\Database\MySQLi\Connection.php(327): mysqli->query('UPDATE `users` ...', 0)
#1 C:\xampp\htdocs\WebSystemITE-G9\system\Database\BaseConnection.php(729): CodeIgniter\Database\MySQLi\Connection->execute('UPDATE `users` ...')
#2 C:\xampp\htdocs\WebSystemITE-G9\system\Database\BaseConnection.php(646): CodeIgniter\Database\BaseConnection->simpleQuery('UPDATE `users` ...')
#3 C:\xampp\htdocs\WebSystemITE-G9\system\Database\BaseBuilder.php(2521): CodeIgniter\Database\BaseConnection->query('UPDATE `users` ...', Array, false)
#4 C:\xampp\htdocs\WebSystemITE-G9\system\Model.php(461): CodeIgniter\Database\BaseBuilder->update()
#5 C:\xampp\htdocs\WebSystemITE-G9\system\BaseModel.php(1025): CodeIgniter\Model->doUpdate(Array, Array)
#6 C:\xampp\htdocs\WebSystemITE-G9\system\Model.php(860): CodeIgniter\BaseModel->update(Array, Array)
#7 C:\xampp\htdocs\WebSystemITE-G9\app\Controllers\Admin.php(149): CodeIgniter\Model->update(0, Array)
#8 C:\xampp\htdocs\WebSystemITE-G9\system\CodeIgniter.php(933): App\Controllers\Admin->updateUser('0')
#9 C:\xampp\htdocs\WebSystemITE-G9\system\CodeIgniter.php(507): CodeIgniter\CodeIgniter->runController(Object(App\Controllers\Admin))
#10 C:\xampp\htdocs\WebSystemITE-G9\system\CodeIgniter.php(354): CodeIgniter\CodeIgniter->handleRequest(NULL, Object(Config\Cache), false)
#11 C:\xampp\htdocs\WebSystemITE-G9\system\Boot.php(363): CodeIgniter\CodeIgniter->run()
#12 C:\xampp\htdocs\WebSystemITE-G9\system\Boot.php(68): CodeIgniter\Boot::runCodeIgniter(Object(CodeIgniter\CodeIgniter))
#13 C:\xampp\htdocs\WebSystemITE-G9\public\index.php(59): CodeIgniter\Boot::bootWeb(Object(Config\Paths))
#14 {main}
ERROR - 2025-11-10 12:46:52 --> mysqli_sql_exception: Duplicate entry 'dr. plaida' for key 'username' in C:\xampp\htdocs\WebSystemITE-G9\system\Database\MySQLi\Connection.php:327
Stack trace:
#0 C:\xampp\htdocs\WebSystemITE-G9\system\Database\MySQLi\Connection.php(327): mysqli->query('UPDATE `users` ...', 0)
#1 C:\xampp\htdocs\WebSystemITE-G9\system\Database\BaseConnection.php(729): CodeIgniter\Database\MySQLi\Connection->execute('UPDATE `users` ...')
#2 C:\xampp\htdocs\WebSystemITE-G9\system\Database\BaseConnection.php(646): CodeIgniter\Database\BaseConnection->simpleQuery('UPDATE `users` ...')
#3 C:\xampp\htdocs\WebSystemITE-G9\system\Database\BaseBuilder.php(2521): CodeIgniter\Database\BaseConnection->query('UPDATE `users` ...', Array, false)
#4 C:\xampp\htdocs\WebSystemITE-G9\system\Model.php(461): CodeIgniter\Database\BaseBuilder->update()
#5 C:\xampp\htdocs\WebSystemITE-G9\system\BaseModel.php(1025): CodeIgniter\Model->doUpdate(Array, Array)
#6 C:\xampp\htdocs\WebSystemITE-G9\system\Model.php(860): CodeIgniter\BaseModel->update(Array, Array)
#7 C:\xampp\htdocs\WebSystemITE-G9\app\Controllers\Admin.php(149): CodeIgniter\Model->update(0, Array)
#8 C:\xampp\htdocs\WebSystemITE-G9\system\CodeIgniter.php(933): App\Controllers\Admin->updateUser('0')
#9 C:\xampp\htdocs\WebSystemITE-G9\system\CodeIgniter.php(507): CodeIgniter\CodeIgniter->runController(Object(App\Controllers\Admin))
#10 C:\xampp\htdocs\WebSystemITE-G9\system\CodeIgniter.php(354): CodeIgniter\CodeIgniter->handleRequest(NULL, Object(Config\Cache), false)
#11 C:\xampp\htdocs\WebSystemITE-G9\system\Boot.php(363): CodeIgniter\CodeIgniter->run()
#12 C:\xampp\htdocs\WebSystemITE-G9\system\Boot.php(68): CodeIgniter\Boot::runCodeIgniter(Object(CodeIgniter\CodeIgniter))
#13 C:\xampp\htdocs\WebSystemITE-G9\public\index.php(59): CodeIgniter\Boot::bootWeb(Object(Config\Paths))
#14 {main}
ERROR - 2025-11-10 12:47:04 --> mysqli_sql_exception: Duplicate entry 'dr. plaida' for key 'username' in C:\xampp\htdocs\WebSystemITE-G9\system\Database\MySQLi\Connection.php:327
Stack trace:
#0 C:\xampp\htdocs\WebSystemITE-G9\system\Database\MySQLi\Connection.php(327): mysqli->query('UPDATE `users` ...', 0)
#1 C:\xampp\htdocs\WebSystemITE-G9\system\Database\BaseConnection.php(729): CodeIgniter\Database\MySQLi\Connection->execute('UPDATE `users` ...')
#2 C:\xampp\htdocs\WebSystemITE-G9\system\Database\BaseConnection.php(646): CodeIgniter\Database\BaseConnection->simpleQuery('UPDATE `users` ...')
#3 C:\xampp\htdocs\WebSystemITE-G9\system\Database\BaseBuilder.php(2521): CodeIgniter\Database\BaseConnection->query('UPDATE `users` ...', Array, false)
#4 C:\xampp\htdocs\WebSystemITE-G9\system\Model.php(461): CodeIgniter\Database\BaseBuilder->update()
#5 C:\xampp\htdocs\WebSystemITE-G9\system\BaseModel.php(1025): CodeIgniter\Model->doUpdate(Array, Array)
#6 C:\xampp\htdocs\WebSystemITE-G9\system\Model.php(860): CodeIgniter\BaseModel->update(Array, Array)
#7 C:\xampp\htdocs\WebSystemITE-G9\app\Controllers\Admin.php(149): CodeIgniter\Model->update(0, Array)
#8 C:\xampp\htdocs\WebSystemITE-G9\system\CodeIgniter.php(933): App\Controllers\Admin->updateUser('0')
#9 C:\xampp\htdocs\WebSystemITE-G9\system\CodeIgniter.php(507): CodeIgniter\CodeIgniter->runController(Object(App\Controllers\Admin))
#10 C:\xampp\htdocs\WebSystemITE-G9\system\CodeIgniter.php(354): CodeIgniter\CodeIgniter->handleRequest(NULL, Object(Config\Cache), false)
#11 C:\xampp\htdocs\WebSystemITE-G9\system\Boot.php(363): CodeIgniter\CodeIgniter->run()
#12 C:\xampp\htdocs\WebSystemITE-G9\system\Boot.php(68): CodeIgniter\Boot::runCodeIgniter(Object(CodeIgniter\CodeIgniter))
#13 C:\xampp\htdocs\WebSystemITE-G9\public\index.php(59): CodeIgniter\Boot::bootWeb(Object(Config\Paths))
#14 {main}
ERROR - 2025-11-10 12:50:56 --> mysqli_sql_exception: Duplicate entry 'dr. plaida' for key 'username' in C:\xampp\htdocs\WebSystemITE-G9\system\Database\MySQLi\Connection.php:327
Stack trace:
#0 C:\xampp\htdocs\WebSystemITE-G9\system\Database\MySQLi\Connection.php(327): mysqli->query('UPDATE `users` ...', 0)
#1 C:\xampp\htdocs\WebSystemITE-G9\system\Database\BaseConnection.php(729): CodeIgniter\Database\MySQLi\Connection->execute('UPDATE `users` ...')
#2 C:\xampp\htdocs\WebSystemITE-G9\system\Database\BaseConnection.php(646): CodeIgniter\Database\BaseConnection->simpleQuery('UPDATE `users` ...')
#3 C:\xampp\htdocs\WebSystemITE-G9\system\Database\BaseBuilder.php(2521): CodeIgniter\Database\BaseConnection->query('UPDATE `users` ...', Array, false)
#4 C:\xampp\htdocs\WebSystemITE-G9\system\Model.php(461): CodeIgniter\Database\BaseBuilder->update()
#5 C:\xampp\htdocs\WebSystemITE-G9\system\BaseModel.php(1025): CodeIgniter\Model->doUpdate(Array, Array)
#6 C:\xampp\htdocs\WebSystemITE-G9\system\Model.php(860): CodeIgniter\BaseModel->update(Array, Array)
#7 C:\xampp\htdocs\WebSystemITE-G9\app\Controllers\Admin.php(156): CodeIgniter\Model->update(0, Array)
#8 C:\xampp\htdocs\WebSystemITE-G9\system\CodeIgniter.php(933): App\Controllers\Admin->updateUser('0')
#9 C:\xampp\htdocs\WebSystemITE-G9\system\CodeIgniter.php(507): CodeIgniter\CodeIgniter->runController(Object(App\Controllers\Admin))
#10 C:\xampp\htdocs\WebSystemITE-G9\system\CodeIgniter.php(354): CodeIgniter\CodeIgniter->handleRequest(NULL, Object(Config\Cache), false)
#11 C:\xampp\htdocs\WebSystemITE-G9\system\Boot.php(363): CodeIgniter\CodeIgniter->run()
#12 C:\xampp\htdocs\WebSystemITE-G9\system\Boot.php(68): CodeIgniter\Boot::runCodeIgniter(Object(CodeIgniter\CodeIgniter))
#13 C:\xampp\htdocs\WebSystemITE-G9\public\index.php(59): CodeIgniter\Boot::bootWeb(Object(Config\Paths))
#14 {main}
ERROR - 2025-11-10 12:51:16 --> mysqli_sql_exception: Duplicate entry 'dr. plaida' for key 'username' in C:\xampp\htdocs\WebSystemITE-G9\system\Database\MySQLi\Connection.php:327
Stack trace:
#0 C:\xampp\htdocs\WebSystemITE-G9\system\Database\MySQLi\Connection.php(327): mysqli->query('UPDATE `users` ...', 0)
#1 C:\xampp\htdocs\WebSystemITE-G9\system\Database\BaseConnection.php(729): CodeIgniter\Database\MySQLi\Connection->execute('UPDATE `users` ...')
#2 C:\xampp\htdocs\WebSystemITE-G9\system\Database\BaseConnection.php(646): CodeIgniter\Database\BaseConnection->simpleQuery('UPDATE `users` ...')
#3 C:\xampp\htdocs\WebSystemITE-G9\system\Database\BaseBuilder.php(2521): CodeIgniter\Database\BaseConnection->query('UPDATE `users` ...', Array, false)
#4 C:\xampp\htdocs\WebSystemITE-G9\system\Model.php(461): CodeIgniter\Database\BaseBuilder->update()
#5 C:\xampp\htdocs\WebSystemITE-G9\system\BaseModel.php(1025): CodeIgniter\Model->doUpdate(Array, Array)
#6 C:\xampp\htdocs\WebSystemITE-G9\system\Model.php(860): CodeIgniter\BaseModel->update(Array, Array)
#7 C:\xampp\htdocs\WebSystemITE-G9\app\Controllers\Admin.php(156): CodeIgniter\Model->update(0, Array)
#8 C:\xampp\htdocs\WebSystemITE-G9\system\CodeIgniter.php(933): App\Controllers\Admin->updateUser('0')
#9 C:\xampp\htdocs\WebSystemITE-G9\system\CodeIgniter.php(507): CodeIgniter\CodeIgniter->runController(Object(App\Controllers\Admin))
#10 C:\xampp\htdocs\WebSystemITE-G9\system\CodeIgniter.php(354): CodeIgniter\CodeIgniter->handleRequest(NULL, Object(Config\Cache), false)
#11 C:\xampp\htdocs\WebSystemITE-G9\system\Boot.php(363): CodeIgniter\CodeIgniter->run()
#12 C:\xampp\htdocs\WebSystemITE-G9\system\Boot.php(68): CodeIgniter\Boot::runCodeIgniter(Object(CodeIgniter\CodeIgniter))
#13 C:\xampp\htdocs\WebSystemITE-G9\public\index.php(59): CodeIgniter\Boot::bootWeb(Object(Config\Paths))
#14 {main}
