ERROR - 2025-11-22 15:23:19 --> mysqli_sql_exception: Unknown column 'barcode' in 'field list' in C:\xampp\htdocs\WebSystemITE-G9\system\Database\MySQLi\Connection.php:327
Stack trace:
#0 C:\xampp\htdocs\WebSystemITE-G9\system\Database\MySQLi\Connection.php(327): mysqli->query('INSERT INTO `me...', 0)
#1 C:\xampp\htdocs\WebSystemITE-G9\system\Database\BaseConnection.php(729): CodeIgniter\Database\MySQLi\Connection->execute('INSERT INTO `me...')
#2 C:\xampp\htdocs\WebSystemITE-G9\system\Database\BaseConnection.php(646): CodeIgniter\Database\BaseConnection->simpleQuery('INSERT INTO `me...')
#3 C:\xampp\htdocs\WebSystemITE-G9\system\Database\BaseBuilder.php(2345): CodeIgniter\Database\BaseConnection->query('INSERT INTO `me...', Array, false)
#4 C:\xampp\htdocs\WebSystemITE-G9\system\Model.php(394): CodeIgniter\Database\BaseBuilder->insert()
#5 C:\xampp\htdocs\WebSystemITE-G9\system\BaseModel.php(838): CodeIgniter\Model->doInsert(Array)
#6 C:\xampp\htdocs\WebSystemITE-G9\system\Model.php(797): CodeIgniter\BaseModel->insert(Array, true)
#7 C:\xampp\htdocs\WebSystemITE-G9\app\Controllers\Medicine.php(122): CodeIgniter\Model->insert(Array)
#8 C:\xampp\htdocs\WebSystemITE-G9\system\CodeIgniter.php(933): App\Controllers\Medicine->store()
#9 C:\xampp\htdocs\WebSystemITE-G9\system\CodeIgniter.php(507): CodeIgniter\CodeIgniter->runController(Object(App\Controllers\Medicine))
#10 C:\xampp\htdocs\WebSystemITE-G9\system\CodeIgniter.php(354): CodeIgniter\CodeIgniter->handleRequest(NULL, Object(Config\Cache), false)
#11 C:\xampp\htdocs\WebSystemITE-G9\system\Boot.php(363): CodeIgniter\CodeIgniter->run()
#12 C:\xampp\htdocs\WebSystemITE-G9\system\Boot.php(68): CodeIgniter\Boot::runCodeIgniter(Object(CodeIgniter\CodeIgniter))
#13 C:\xampp\htdocs\WebSystemITE-G9\public\index.php(59): CodeIgniter\Boot::bootWeb(Object(Config\Paths))
#14 {main}
CRITICAL - 2025-11-22 15:23:19 --> CodeIgniter\Database\Exceptions\DatabaseException: Unknown column 'barcode' in 'field list'
[Method: POST, Route: medicines/store]
in SYSTEMPATH\Database\BaseConnection.php on line 684.
 1 SYSTEMPATH\Database\BaseBuilder.php(2345): CodeIgniter\Database\BaseConnection->query('INSERT INTO `medicines` (`barcode`, `name`, `brand`, `category`, `stock`, `unit_price`, `retail_price`, `manufactured_date`, `expiry_date`, `image`, `id`) VALUES (:barcode:, :name:, :brand:, :category:, :stock:, :unit_price:, :retail_price:, :manufactured_date:, :expiry_date:, :image:, :id:)', [...], false)
 2 SYSTEMPATH\Model.php(394): CodeIgniter\Database\BaseBuilder->insert()
 3 SYSTEMPATH\BaseModel.php(838): CodeIgniter\Model->doInsert([...])
 4 SYSTEMPATH\Model.php(797): CodeIgniter\BaseModel->insert([...], true)
 5 APPPATH\Controllers\Medicine.php(122): CodeIgniter\Model->insert([...])
 6 SYSTEMPATH\CodeIgniter.php(933): App\Controllers\Medicine->store()
 7 SYSTEMPATH\CodeIgniter.php(507): CodeIgniter\CodeIgniter->runController(Object(App\Controllers\Medicine))
 8 SYSTEMPATH\CodeIgniter.php(354): CodeIgniter\CodeIgniter->handleRequest(null, Object(Config\Cache), false)
 9 SYSTEMPATH\Boot.php(363): CodeIgniter\CodeIgniter->run()
10 SYSTEMPATH\Boot.php(68): CodeIgniter\Boot::runCodeIgniter(Object(CodeIgniter\CodeIgniter))
11 FCPATH\index.php(59): CodeIgniter\Boot::bootWeb(Object(Config\Paths))
CRITICAL - 2025-11-22 15:23:19 --> [Caused by] CodeIgniter\Database\Exceptions\DatabaseException: Unknown column 'barcode' in 'field list'
in SYSTEMPATH\Database\MySQLi\Connection.php on line 332.
 1 SYSTEMPATH\Database\BaseConnection.php(729): CodeIgniter\Database\MySQLi\Connection->execute('INSERT INTO `medicines` (`barcode`, `name`, `brand`, `category`, `stock`, `unit_price`, `retail_price`, `manufactured_date`, `expiry_date`, `image`, `id`) VALUES (\'3214EER\', \'Ibuprofen 200mg\', \'Vitacare\', \'Antibiotics\', 44, 40, 50, \'2025-11-06\', \'2030-12-19\', \'1763824999_92b4450eb0bf59eb2ba5.png\', \'MED-002\')')
 2 SYSTEMPATH\Database\BaseConnection.php(646): CodeIgniter\Database\BaseConnection->simpleQuery('INSERT INTO `medicines` (`barcode`, `name`, `brand`, `category`, `stock`, `unit_price`, `retail_price`, `manufactured_date`, `expiry_date`, `image`, `id`) VALUES (\'3214EER\', \'Ibuprofen 200mg\', \'Vitacare\', \'Antibiotics\', 44, 40, 50, \'2025-11-06\', \'2030-12-19\', \'1763824999_92b4450eb0bf59eb2ba5.png\', \'MED-002\')')
 3 SYSTEMPATH\Database\BaseBuilder.php(2345): CodeIgniter\Database\BaseConnection->query('INSERT INTO `medicines` (`barcode`, `name`, `brand`, `category`, `stock`, `unit_price`, `retail_price`, `manufactured_date`, `expiry_date`, `image`, `id`) VALUES (:barcode:, :name:, :brand:, :category:, :stock:, :unit_price:, :retail_price:, :manufactured_date:, :expiry_date:, :image:, :id:)', [...], false)
 4 SYSTEMPATH\Model.php(394): CodeIgniter\Database\BaseBuilder->insert()
 5 SYSTEMPATH\BaseModel.php(838): CodeIgniter\Model->doInsert([...])
 6 SYSTEMPATH\Model.php(797): CodeIgniter\BaseModel->insert([...], true)
 7 APPPATH\Controllers\Medicine.php(122): CodeIgniter\Model->insert([...])
 8 SYSTEMPATH\CodeIgniter.php(933): App\Controllers\Medicine->store()
 9 SYSTEMPATH\CodeIgniter.php(507): CodeIgniter\CodeIgniter->runController(Object(App\Controllers\Medicine))
10 SYSTEMPATH\CodeIgniter.php(354): CodeIgniter\CodeIgniter->handleRequest(null, Object(Config\Cache), false)
11 SYSTEMPATH\Boot.php(363): CodeIgniter\CodeIgniter->run()
12 SYSTEMPATH\Boot.php(68): CodeIgniter\Boot::runCodeIgniter(Object(CodeIgniter\CodeIgniter))
13 FCPATH\index.php(59): CodeIgniter\Boot::bootWeb(Object(Config\Paths))
CRITICAL - 2025-11-22 15:23:19 --> [Caused by] mysqli_sql_exception: Unknown column 'barcode' in 'field list'
in SYSTEMPATH\Database\MySQLi\Connection.php on line 327.
 1 SYSTEMPATH\Database\MySQLi\Connection.php(327): mysqli->query('INSERT INTO `medicines` (`barcode`, `name`, `brand`, `category`, `stock`, `unit_price`, `retail_price`, `manufactured_date`, `expiry_date`, `image`, `id`) VALUES (\'3214EER\', \'Ibuprofen 200mg\', \'Vitacare\', \'Antibiotics\', 44, 40, 50, \'2025-11-06\', \'2030-12-19\', \'1763824999_92b4450eb0bf59eb2ba5.png\', \'MED-002\')', 0)
 2 SYSTEMPATH\Database\BaseConnection.php(729): CodeIgniter\Database\MySQLi\Connection->execute('INSERT INTO `medicines` (`barcode`, `name`, `brand`, `category`, `stock`, `unit_price`, `retail_price`, `manufactured_date`, `expiry_date`, `image`, `id`) VALUES (\'3214EER\', \'Ibuprofen 200mg\', \'Vitacare\', \'Antibiotics\', 44, 40, 50, \'2025-11-06\', \'2030-12-19\', \'1763824999_92b4450eb0bf59eb2ba5.png\', \'MED-002\')')
 3 SYSTEMPATH\Database\BaseConnection.php(646): CodeIgniter\Database\BaseConnection->simpleQuery('INSERT INTO `medicines` (`barcode`, `name`, `brand`, `category`, `stock`, `unit_price`, `retail_price`, `manufactured_date`, `expiry_date`, `image`, `id`) VALUES (\'3214EER\', \'Ibuprofen 200mg\', \'Vitacare\', \'Antibiotics\', 44, 40, 50, \'2025-11-06\', \'2030-12-19\', \'1763824999_92b4450eb0bf59eb2ba5.png\', \'MED-002\')')
 4 SYSTEMPATH\Database\BaseBuilder.php(2345): CodeIgniter\Database\BaseConnection->query('INSERT INTO `medicines` (`barcode`, `name`, `brand`, `category`, `stock`, `unit_price`, `retail_price`, `manufactured_date`, `expiry_date`, `image`, `id`) VALUES (:barcode:, :name:, :brand:, :category:, :stock:, :unit_price:, :retail_price:, :manufactured_date:, :expiry_date:, :image:, :id:)', [...], false)
 5 SYSTEMPATH\Model.php(394): CodeIgniter\Database\BaseBuilder->insert()
 6 SYSTEMPATH\BaseModel.php(838): CodeIgniter\Model->doInsert([...])
 7 SYSTEMPATH\Model.php(797): CodeIgniter\BaseModel->insert([...], true)
 8 APPPATH\Controllers\Medicine.php(122): CodeIgniter\Model->insert([...])
 9 SYSTEMPATH\CodeIgniter.php(933): App\Controllers\Medicine->store()
10 SYSTEMPATH\CodeIgniter.php(507): CodeIgniter\CodeIgniter->runController(Object(App\Controllers\Medicine))
11 SYSTEMPATH\CodeIgniter.php(354): CodeIgniter\CodeIgniter->handleRequest(null, Object(Config\Cache), false)
12 SYSTEMPATH\Boot.php(363): CodeIgniter\CodeIgniter->run()
13 SYSTEMPATH\Boot.php(68): CodeIgniter\Boot::runCodeIgniter(Object(CodeIgniter\CodeIgniter))
14 FCPATH\index.php(59): CodeIgniter\Boot::bootWeb(Object(Config\Paths))
