ERROR - 2025-11-20 05:26:22 --> mysqli_sql_exception: Unknown column 'middle_name' in 'field list' in C:\xampp\htdocs\WebSystemITE-G9\system\Database\MySQLi\Connection.php:327
Stack trace:
#0 C:\xampp\htdocs\WebSystemITE-G9\system\Database\MySQLi\Connection.php(327): mysqli->query('INSERT INTO `pa...', 0)
#1 C:\xampp\htdocs\WebSystemITE-G9\system\Database\BaseConnection.php(729): CodeIgniter\Database\MySQLi\Connection->execute('INSERT INTO `pa...')
#2 C:\xampp\htdocs\WebSystemITE-G9\system\Database\BaseConnection.php(646): CodeIgniter\Database\BaseConnection->simpleQuery('INSERT INTO `pa...')
#3 C:\xampp\htdocs\WebSystemITE-G9\system\Database\BaseBuilder.php(2345): CodeIgniter\Database\BaseConnection->query('INSERT INTO `pa...', Array, false)
#4 C:\xampp\htdocs\WebSystemITE-G9\system\Model.php(394): CodeIgniter\Database\BaseBuilder->insert()
#5 C:\xampp\htdocs\WebSystemITE-G9\system\BaseModel.php(838): CodeIgniter\Model->doInsert(Array)
#6 C:\xampp\htdocs\WebSystemITE-G9\system\Model.php(797): CodeIgniter\BaseModel->insert(Array, false)
#7 C:\xampp\htdocs\WebSystemITE-G9\system\BaseModel.php(751): CodeIgniter\Model->insert(Array, false)
#8 C:\xampp\htdocs\WebSystemITE-G9\app\Controllers\Admin\Patients.php(124): CodeIgniter\BaseModel->save(Array)
#9 C:\xampp\htdocs\WebSystemITE-G9\system\CodeIgniter.php(933): App\Controllers\Admin\Patients->processRegister()
#10 C:\xampp\htdocs\WebSystemITE-G9\system\CodeIgniter.php(507): CodeIgniter\CodeIgniter->runController(Object(App\Controllers\Admin\Patients))
#11 C:\xampp\htdocs\WebSystemITE-G9\system\CodeIgniter.php(354): CodeIgniter\CodeIgniter->handleRequest(NULL, Object(Config\Cache), false)
#12 C:\xampp\htdocs\WebSystemITE-G9\system\Boot.php(363): CodeIgniter\CodeIgniter->run()
#13 C:\xampp\htdocs\WebSystemITE-G9\system\Boot.php(68): CodeIgniter\Boot::runCodeIgniter(Object(CodeIgniter\CodeIgniter))
#14 C:\xampp\htdocs\WebSystemITE-G9\public\index.php(59): CodeIgniter\Boot::bootWeb(Object(Config\Paths))
#15 {main}
CRITICAL - 2025-11-20 05:26:22 --> CodeIgniter\Database\Exceptions\DatabaseException: Unknown column 'middle_name' in 'field list'
[Method: POST, Route: admin/patients/register]
in SYSTEMPATH\Database\BaseConnection.php on line 684.
 1 SYSTEMPATH\Database\BaseBuilder.php(2345): CodeIgniter\Database\BaseConnection->query('INSERT INTO `patients` (`first_name`, `middle_name`, `last_name`, `name_extension`, `email`, `phone`, `gender`, `date_of_birth`, `address`, `type`, `bed_id`, `blood_type`, `emergency_contact`, `insurance_provider`, `insurance_number`, `medical_history`, `status`, `created_at`, `emergency_contact_person`, `emergency_contact_relationship`, `emergency_contact_phone`, `updated_at`, `id`) VALUES (:first_name:, :middle_name:, :last_name:, :name_extension:, :email:, :phone:, :gender:, :date_of_birth:, :address:, :type:, :bed_id:, :blood_type:, :emergency_contact:, :insurance_provider:, :insurance_number:, :medical_history:, :status:, :created_at:, :emergency_contact_person:, :emergency_contact_relationship:, :emergency_contact_phone:, :updated_at:, :id:)', [...], false)
 2 SYSTEMPATH\Model.php(394): CodeIgniter\Database\BaseBuilder->insert()
 3 SYSTEMPATH\BaseModel.php(838): CodeIgniter\Model->doInsert([...])
 4 SYSTEMPATH\Model.php(797): CodeIgniter\BaseModel->insert([...], false)
 5 SYSTEMPATH\BaseModel.php(751): CodeIgniter\Model->insert([...], false)
 6 APPPATH\Controllers\Admin\Patients.php(124): CodeIgniter\BaseModel->save([...])
 7 SYSTEMPATH\CodeIgniter.php(933): App\Controllers\Admin\Patients->processRegister()
 8 SYSTEMPATH\CodeIgniter.php(507): CodeIgniter\CodeIgniter->runController(Object(App\Controllers\Admin\Patients))
 9 SYSTEMPATH\CodeIgniter.php(354): CodeIgniter\CodeIgniter->handleRequest(null, Object(Config\Cache), false)
10 SYSTEMPATH\Boot.php(363): CodeIgniter\CodeIgniter->run()
11 SYSTEMPATH\Boot.php(68): CodeIgniter\Boot::runCodeIgniter(Object(CodeIgniter\CodeIgniter))
12 FCPATH\index.php(59): CodeIgniter\Boot::bootWeb(Object(Config\Paths))
CRITICAL - 2025-11-20 05:26:22 --> [Caused by] CodeIgniter\Database\Exceptions\DatabaseException: Unknown column 'middle_name' in 'field list'
in SYSTEMPATH\Database\MySQLi\Connection.php on line 332.
 1 SYSTEMPATH\Database\BaseConnection.php(729): CodeIgniter\Database\MySQLi\Connection->execute('INSERT INTO `patients` (`first_name`, `middle_name`, `last_name`, `name_extension`, `email`, `phone`, `gender`, `date_of_birth`, `address`, `type`, `bed_id`, `blood_type`, `emergency_contact`, `insurance_provider`, `insurance_number`, `medical_history`, `status`, `created_at`, `emergency_contact_person`, `emergency_contact_relationship`, `emergency_contact_phone`, `updated_at`, `id`) VALUES (\'Erica\', \'B\', \'Buhisan\', \'Sr.\', \'erinq@gmail.com\', \'922 097 2838\', \'female\', \'2022-02-20\', \'test, Poblacion, Malapatan, Sarangani\', \'inpatient\', 31, \'AB-\', \'+639557748016\', \'Maxicare\', \'IN2334422\', \'test\', \'active\', \'2025-11-20 05:26:22\', \'cristine B plaida\', \'test\', \'+639557748016\', \'2025-11-20 05:26:22\', \'PAT-251120-0002\')')
 2 SYSTEMPATH\Database\BaseConnection.php(646): CodeIgniter\Database\BaseConnection->simpleQuery('INSERT INTO `patients` (`first_name`, `middle_name`, `last_name`, `name_extension`, `email`, `phone`, `gender`, `date_of_birth`, `address`, `type`, `bed_id`, `blood_type`, `emergency_contact`, `insurance_provider`, `insurance_number`, `medical_history`, `status`, `created_at`, `emergency_contact_person`, `emergency_contact_relationship`, `emergency_contact_phone`, `updated_at`, `id`) VALUES (\'Erica\', \'B\', \'Buhisan\', \'Sr.\', \'erinq@gmail.com\', \'922 097 2838\', \'female\', \'2022-02-20\', \'test, Poblacion, Malapatan, Sarangani\', \'inpatient\', 31, \'AB-\', \'+639557748016\', \'Maxicare\', \'IN2334422\', \'test\', \'active\', \'2025-11-20 05:26:22\', \'cristine B plaida\', \'test\', \'+639557748016\', \'2025-11-20 05:26:22\', \'PAT-251120-0002\')')
 3 SYSTEMPATH\Database\BaseBuilder.php(2345): CodeIgniter\Database\BaseConnection->query('INSERT INTO `patients` (`first_name`, `middle_name`, `last_name`, `name_extension`, `email`, `phone`, `gender`, `date_of_birth`, `address`, `type`, `bed_id`, `blood_type`, `emergency_contact`, `insurance_provider`, `insurance_number`, `medical_history`, `status`, `created_at`, `emergency_contact_person`, `emergency_contact_relationship`, `emergency_contact_phone`, `updated_at`, `id`) VALUES (:first_name:, :middle_name:, :last_name:, :name_extension:, :email:, :phone:, :gender:, :date_of_birth:, :address:, :type:, :bed_id:, :blood_type:, :emergency_contact:, :insurance_provider:, :insurance_number:, :medical_history:, :status:, :created_at:, :emergency_contact_person:, :emergency_contact_relationship:, :emergency_contact_phone:, :updated_at:, :id:)', [...], false)
 4 SYSTEMPATH\Model.php(394): CodeIgniter\Database\BaseBuilder->insert()
 5 SYSTEMPATH\BaseModel.php(838): CodeIgniter\Model->doInsert([...])
 6 SYSTEMPATH\Model.php(797): CodeIgniter\BaseModel->insert([...], false)
 7 SYSTEMPATH\BaseModel.php(751): CodeIgniter\Model->insert([...], false)
 8 APPPATH\Controllers\Admin\Patients.php(124): CodeIgniter\BaseModel->save([...])
 9 SYSTEMPATH\CodeIgniter.php(933): App\Controllers\Admin\Patients->processRegister()
10 SYSTEMPATH\CodeIgniter.php(507): CodeIgniter\CodeIgniter->runController(Object(App\Controllers\Admin\Patients))
11 SYSTEMPATH\CodeIgniter.php(354): CodeIgniter\CodeIgniter->handleRequest(null, Object(Config\Cache), false)
12 SYSTEMPATH\Boot.php(363): CodeIgniter\CodeIgniter->run()
13 SYSTEMPATH\Boot.php(68): CodeIgniter\Boot::runCodeIgniter(Object(CodeIgniter\CodeIgniter))
14 FCPATH\index.php(59): CodeIgniter\Boot::bootWeb(Object(Config\Paths))
CRITICAL - 2025-11-20 05:26:22 --> [Caused by] mysqli_sql_exception: Unknown column 'middle_name' in 'field list'
in SYSTEMPATH\Database\MySQLi\Connection.php on line 327.
 1 SYSTEMPATH\Database\MySQLi\Connection.php(327): mysqli->query('INSERT INTO `patients` (`first_name`, `middle_name`, `last_name`, `name_extension`, `email`, `phone`, `gender`, `date_of_birth`, `address`, `type`, `bed_id`, `blood_type`, `emergency_contact`, `insurance_provider`, `insurance_number`, `medical_history`, `status`, `created_at`, `emergency_contact_person`, `emergency_contact_relationship`, `emergency_contact_phone`, `updated_at`, `id`) VALUES (\'Erica\', \'B\', \'Buhisan\', \'Sr.\', \'erinq@gmail.com\', \'922 097 2838\', \'female\', \'2022-02-20\', \'test, Poblacion, Malapatan, Sarangani\', \'inpatient\', 31, \'AB-\', \'+639557748016\', \'Maxicare\', \'IN2334422\', \'test\', \'active\', \'2025-11-20 05:26:22\', \'cristine B plaida\', \'test\', \'+639557748016\', \'2025-11-20 05:26:22\', \'PAT-251120-0002\')', 0)
 2 SYSTEMPATH\Database\BaseConnection.php(729): CodeIgniter\Database\MySQLi\Connection->execute('INSERT INTO `patients` (`first_name`, `middle_name`, `last_name`, `name_extension`, `email`, `phone`, `gender`, `date_of_birth`, `address`, `type`, `bed_id`, `blood_type`, `emergency_contact`, `insurance_provider`, `insurance_number`, `medical_history`, `status`, `created_at`, `emergency_contact_person`, `emergency_contact_relationship`, `emergency_contact_phone`, `updated_at`, `id`) VALUES (\'Erica\', \'B\', \'Buhisan\', \'Sr.\', \'erinq@gmail.com\', \'922 097 2838\', \'female\', \'2022-02-20\', \'test, Poblacion, Malapatan, Sarangani\', \'inpatient\', 31, \'AB-\', \'+639557748016\', \'Maxicare\', \'IN2334422\', \'test\', \'active\', \'2025-11-20 05:26:22\', \'cristine B plaida\', \'test\', \'+639557748016\', \'2025-11-20 05:26:22\', \'PAT-251120-0002\')')
 3 SYSTEMPATH\Database\BaseConnection.php(646): CodeIgniter\Database\BaseConnection->simpleQuery('INSERT INTO `patients` (`first_name`, `middle_name`, `last_name`, `name_extension`, `email`, `phone`, `gender`, `date_of_birth`, `address`, `type`, `bed_id`, `blood_type`, `emergency_contact`, `insurance_provider`, `insurance_number`, `medical_history`, `status`, `created_at`, `emergency_contact_person`, `emergency_contact_relationship`, `emergency_contact_phone`, `updated_at`, `id`) VALUES (\'Erica\', \'B\', \'Buhisan\', \'Sr.\', \'erinq@gmail.com\', \'922 097 2838\', \'female\', \'2022-02-20\', \'test, Poblacion, Malapatan, Sarangani\', \'inpatient\', 31, \'AB-\', \'+639557748016\', \'Maxicare\', \'IN2334422\', \'test\', \'active\', \'2025-11-20 05:26:22\', \'cristine B plaida\', \'test\', \'+639557748016\', \'2025-11-20 05:26:22\', \'PAT-251120-0002\')')
 4 SYSTEMPATH\Database\BaseBuilder.php(2345): CodeIgniter\Database\BaseConnection->query('INSERT INTO `patients` (`first_name`, `middle_name`, `last_name`, `name_extension`, `email`, `phone`, `gender`, `date_of_birth`, `address`, `type`, `bed_id`, `blood_type`, `emergency_contact`, `insurance_provider`, `insurance_number`, `medical_history`, `status`, `created_at`, `emergency_contact_person`, `emergency_contact_relationship`, `emergency_contact_phone`, `updated_at`, `id`) VALUES (:first_name:, :middle_name:, :last_name:, :name_extension:, :email:, :phone:, :gender:, :date_of_birth:, :address:, :type:, :bed_id:, :blood_type:, :emergency_contact:, :insurance_provider:, :insurance_number:, :medical_history:, :status:, :created_at:, :emergency_contact_person:, :emergency_contact_relationship:, :emergency_contact_phone:, :updated_at:, :id:)', [...], false)
 5 SYSTEMPATH\Model.php(394): CodeIgniter\Database\BaseBuilder->insert()
 6 SYSTEMPATH\BaseModel.php(838): CodeIgniter\Model->doInsert([...])
 7 SYSTEMPATH\Model.php(797): CodeIgniter\BaseModel->insert([...], false)
 8 SYSTEMPATH\BaseModel.php(751): CodeIgniter\Model->insert([...], false)
 9 APPPATH\Controllers\Admin\Patients.php(124): CodeIgniter\BaseModel->save([...])
10 SYSTEMPATH\CodeIgniter.php(933): App\Controllers\Admin\Patients->processRegister()
11 SYSTEMPATH\CodeIgniter.php(507): CodeIgniter\CodeIgniter->runController(Object(App\Controllers\Admin\Patients))
12 SYSTEMPATH\CodeIgniter.php(354): CodeIgniter\CodeIgniter->handleRequest(null, Object(Config\Cache), false)
13 SYSTEMPATH\Boot.php(363): CodeIgniter\CodeIgniter->run()
14 SYSTEMPATH\Boot.php(68): CodeIgniter\Boot::runCodeIgniter(Object(CodeIgniter\CodeIgniter))
15 FCPATH\index.php(59): CodeIgniter\Boot::bootWeb(Object(Config\Paths))
ERROR - 2025-11-20 05:26:30 --> mysqli_sql_exception: Unknown column 'middle_name' in 'field list' in C:\xampp\htdocs\WebSystemITE-G9\system\Database\MySQLi\Connection.php:327
Stack trace:
#0 C:\xampp\htdocs\WebSystemITE-G9\system\Database\MySQLi\Connection.php(327): mysqli->query('INSERT INTO `pa...', 0)
#1 C:\xampp\htdocs\WebSystemITE-G9\system\Database\BaseConnection.php(729): CodeIgniter\Database\MySQLi\Connection->execute('INSERT INTO `pa...')
#2 C:\xampp\htdocs\WebSystemITE-G9\system\Database\BaseConnection.php(646): CodeIgniter\Database\BaseConnection->simpleQuery('INSERT INTO `pa...')
#3 C:\xampp\htdocs\WebSystemITE-G9\system\Database\BaseBuilder.php(2345): CodeIgniter\Database\BaseConnection->query('INSERT INTO `pa...', Array, false)
#4 C:\xampp\htdocs\WebSystemITE-G9\system\Model.php(394): CodeIgniter\Database\BaseBuilder->insert()
#5 C:\xampp\htdocs\WebSystemITE-G9\system\BaseModel.php(838): CodeIgniter\Model->doInsert(Array)
#6 C:\xampp\htdocs\WebSystemITE-G9\system\Model.php(797): CodeIgniter\BaseModel->insert(Array, false)
#7 C:\xampp\htdocs\WebSystemITE-G9\system\BaseModel.php(751): CodeIgniter\Model->insert(Array, false)
#8 C:\xampp\htdocs\WebSystemITE-G9\app\Controllers\Admin\Patients.php(124): CodeIgniter\BaseModel->save(Array)
#9 C:\xampp\htdocs\WebSystemITE-G9\system\CodeIgniter.php(933): App\Controllers\Admin\Patients->processRegister()
#10 C:\xampp\htdocs\WebSystemITE-G9\system\CodeIgniter.php(507): CodeIgniter\CodeIgniter->runController(Object(App\Controllers\Admin\Patients))
#11 C:\xampp\htdocs\WebSystemITE-G9\system\CodeIgniter.php(354): CodeIgniter\CodeIgniter->handleRequest(NULL, Object(Config\Cache), false)
#12 C:\xampp\htdocs\WebSystemITE-G9\system\Boot.php(363): CodeIgniter\CodeIgniter->run()
#13 C:\xampp\htdocs\WebSystemITE-G9\system\Boot.php(68): CodeIgniter\Boot::runCodeIgniter(Object(CodeIgniter\CodeIgniter))
#14 C:\xampp\htdocs\WebSystemITE-G9\public\index.php(59): CodeIgniter\Boot::bootWeb(Object(Config\Paths))
#15 {main}
CRITICAL - 2025-11-20 05:26:30 --> CodeIgniter\Database\Exceptions\DatabaseException: Unknown column 'middle_name' in 'field list'
[Method: POST, Route: admin/patients/register]
in SYSTEMPATH\Database\BaseConnection.php on line 684.
 1 SYSTEMPATH\Database\BaseBuilder.php(2345): CodeIgniter\Database\BaseConnection->query('INSERT INTO `patients` (`first_name`, `middle_name`, `last_name`, `name_extension`, `email`, `phone`, `gender`, `date_of_birth`, `address`, `type`, `bed_id`, `blood_type`, `emergency_contact`, `insurance_provider`, `insurance_number`, `medical_history`, `status`, `created_at`, `emergency_contact_person`, `emergency_contact_relationship`, `emergency_contact_phone`, `updated_at`, `id`) VALUES (:first_name:, :middle_name:, :last_name:, :name_extension:, :email:, :phone:, :gender:, :date_of_birth:, :address:, :type:, :bed_id:, :blood_type:, :emergency_contact:, :insurance_provider:, :insurance_number:, :medical_history:, :status:, :created_at:, :emergency_contact_person:, :emergency_contact_relationship:, :emergency_contact_phone:, :updated_at:, :id:)', [...], false)
 2 SYSTEMPATH\Model.php(394): CodeIgniter\Database\BaseBuilder->insert()
 3 SYSTEMPATH\BaseModel.php(838): CodeIgniter\Model->doInsert([...])
 4 SYSTEMPATH\Model.php(797): CodeIgniter\BaseModel->insert([...], false)
 5 SYSTEMPATH\BaseModel.php(751): CodeIgniter\Model->insert([...], false)
 6 APPPATH\Controllers\Admin\Patients.php(124): CodeIgniter\BaseModel->save([...])
 7 SYSTEMPATH\CodeIgniter.php(933): App\Controllers\Admin\Patients->processRegister()
 8 SYSTEMPATH\CodeIgniter.php(507): CodeIgniter\CodeIgniter->runController(Object(App\Controllers\Admin\Patients))
 9 SYSTEMPATH\CodeIgniter.php(354): CodeIgniter\CodeIgniter->handleRequest(null, Object(Config\Cache), false)
10 SYSTEMPATH\Boot.php(363): CodeIgniter\CodeIgniter->run()
11 SYSTEMPATH\Boot.php(68): CodeIgniter\Boot::runCodeIgniter(Object(CodeIgniter\CodeIgniter))
12 FCPATH\index.php(59): CodeIgniter\Boot::bootWeb(Object(Config\Paths))
CRITICAL - 2025-11-20 05:26:30 --> [Caused by] CodeIgniter\Database\Exceptions\DatabaseException: Unknown column 'middle_name' in 'field list'
in SYSTEMPATH\Database\MySQLi\Connection.php on line 332.
 1 SYSTEMPATH\Database\BaseConnection.php(729): CodeIgniter\Database\MySQLi\Connection->execute('INSERT INTO `patients` (`first_name`, `middle_name`, `last_name`, `name_extension`, `email`, `phone`, `gender`, `date_of_birth`, `address`, `type`, `bed_id`, `blood_type`, `emergency_contact`, `insurance_provider`, `insurance_number`, `medical_history`, `status`, `created_at`, `emergency_contact_person`, `emergency_contact_relationship`, `emergency_contact_phone`, `updated_at`, `id`) VALUES (\'Erica\', \'B.\', \'Buhisan\', \'Sr.\', \'erinq@gmail.com\', \'922 097 2838\', \'female\', \'2022-02-20\', \'test, Poblacion, Malapatan, Sarangani\', \'inpatient\', 31, \'AB-\', \'+639557748016\', \'Maxicare\', \'IN2334422\', \'test\', \'active\', \'2025-11-20 05:26:30\', \'cristine B plaida\', \'test\', \'+639557748016\', \'2025-11-20 05:26:30\', \'PAT-251120-0002\')')
 2 SYSTEMPATH\Database\BaseConnection.php(646): CodeIgniter\Database\BaseConnection->simpleQuery('INSERT INTO `patients` (`first_name`, `middle_name`, `last_name`, `name_extension`, `email`, `phone`, `gender`, `date_of_birth`, `address`, `type`, `bed_id`, `blood_type`, `emergency_contact`, `insurance_provider`, `insurance_number`, `medical_history`, `status`, `created_at`, `emergency_contact_person`, `emergency_contact_relationship`, `emergency_contact_phone`, `updated_at`, `id`) VALUES (\'Erica\', \'B.\', \'Buhisan\', \'Sr.\', \'erinq@gmail.com\', \'922 097 2838\', \'female\', \'2022-02-20\', \'test, Poblacion, Malapatan, Sarangani\', \'inpatient\', 31, \'AB-\', \'+639557748016\', \'Maxicare\', \'IN2334422\', \'test\', \'active\', \'2025-11-20 05:26:30\', \'cristine B plaida\', \'test\', \'+639557748016\', \'2025-11-20 05:26:30\', \'PAT-251120-0002\')')
 3 SYSTEMPATH\Database\BaseBuilder.php(2345): CodeIgniter\Database\BaseConnection->query('INSERT INTO `patients` (`first_name`, `middle_name`, `last_name`, `name_extension`, `email`, `phone`, `gender`, `date_of_birth`, `address`, `type`, `bed_id`, `blood_type`, `emergency_contact`, `insurance_provider`, `insurance_number`, `medical_history`, `status`, `created_at`, `emergency_contact_person`, `emergency_contact_relationship`, `emergency_contact_phone`, `updated_at`, `id`) VALUES (:first_name:, :middle_name:, :last_name:, :name_extension:, :email:, :phone:, :gender:, :date_of_birth:, :address:, :type:, :bed_id:, :blood_type:, :emergency_contact:, :insurance_provider:, :insurance_number:, :medical_history:, :status:, :created_at:, :emergency_contact_person:, :emergency_contact_relationship:, :emergency_contact_phone:, :updated_at:, :id:)', [...], false)
 4 SYSTEMPATH\Model.php(394): CodeIgniter\Database\BaseBuilder->insert()
 5 SYSTEMPATH\BaseModel.php(838): CodeIgniter\Model->doInsert([...])
 6 SYSTEMPATH\Model.php(797): CodeIgniter\BaseModel->insert([...], false)
 7 SYSTEMPATH\BaseModel.php(751): CodeIgniter\Model->insert([...], false)
 8 APPPATH\Controllers\Admin\Patients.php(124): CodeIgniter\BaseModel->save([...])
 9 SYSTEMPATH\CodeIgniter.php(933): App\Controllers\Admin\Patients->processRegister()
10 SYSTEMPATH\CodeIgniter.php(507): CodeIgniter\CodeIgniter->runController(Object(App\Controllers\Admin\Patients))
11 SYSTEMPATH\CodeIgniter.php(354): CodeIgniter\CodeIgniter->handleRequest(null, Object(Config\Cache), false)
12 SYSTEMPATH\Boot.php(363): CodeIgniter\CodeIgniter->run()
13 SYSTEMPATH\Boot.php(68): CodeIgniter\Boot::runCodeIgniter(Object(CodeIgniter\CodeIgniter))
14 FCPATH\index.php(59): CodeIgniter\Boot::bootWeb(Object(Config\Paths))
CRITICAL - 2025-11-20 05:26:30 --> [Caused by] mysqli_sql_exception: Unknown column 'middle_name' in 'field list'
in SYSTEMPATH\Database\MySQLi\Connection.php on line 327.
 1 SYSTEMPATH\Database\MySQLi\Connection.php(327): mysqli->query('INSERT INTO `patients` (`first_name`, `middle_name`, `last_name`, `name_extension`, `email`, `phone`, `gender`, `date_of_birth`, `address`, `type`, `bed_id`, `blood_type`, `emergency_contact`, `insurance_provider`, `insurance_number`, `medical_history`, `status`, `created_at`, `emergency_contact_person`, `emergency_contact_relationship`, `emergency_contact_phone`, `updated_at`, `id`) VALUES (\'Erica\', \'B.\', \'Buhisan\', \'Sr.\', \'erinq@gmail.com\', \'922 097 2838\', \'female\', \'2022-02-20\', \'test, Poblacion, Malapatan, Sarangani\', \'inpatient\', 31, \'AB-\', \'+639557748016\', \'Maxicare\', \'IN2334422\', \'test\', \'active\', \'2025-11-20 05:26:30\', \'cristine B plaida\', \'test\', \'+639557748016\', \'2025-11-20 05:26:30\', \'PAT-251120-0002\')', 0)
 2 SYSTEMPATH\Database\BaseConnection.php(729): CodeIgniter\Database\MySQLi\Connection->execute('INSERT INTO `patients` (`first_name`, `middle_name`, `last_name`, `name_extension`, `email`, `phone`, `gender`, `date_of_birth`, `address`, `type`, `bed_id`, `blood_type`, `emergency_contact`, `insurance_provider`, `insurance_number`, `medical_history`, `status`, `created_at`, `emergency_contact_person`, `emergency_contact_relationship`, `emergency_contact_phone`, `updated_at`, `id`) VALUES (\'Erica\', \'B.\', \'Buhisan\', \'Sr.\', \'erinq@gmail.com\', \'922 097 2838\', \'female\', \'2022-02-20\', \'test, Poblacion, Malapatan, Sarangani\', \'inpatient\', 31, \'AB-\', \'+639557748016\', \'Maxicare\', \'IN2334422\', \'test\', \'active\', \'2025-11-20 05:26:30\', \'cristine B plaida\', \'test\', \'+639557748016\', \'2025-11-20 05:26:30\', \'PAT-251120-0002\')')
 3 SYSTEMPATH\Database\BaseConnection.php(646): CodeIgniter\Database\BaseConnection->simpleQuery('INSERT INTO `patients` (`first_name`, `middle_name`, `last_name`, `name_extension`, `email`, `phone`, `gender`, `date_of_birth`, `address`, `type`, `bed_id`, `blood_type`, `emergency_contact`, `insurance_provider`, `insurance_number`, `medical_history`, `status`, `created_at`, `emergency_contact_person`, `emergency_contact_relationship`, `emergency_contact_phone`, `updated_at`, `id`) VALUES (\'Erica\', \'B.\', \'Buhisan\', \'Sr.\', \'erinq@gmail.com\', \'922 097 2838\', \'female\', \'2022-02-20\', \'test, Poblacion, Malapatan, Sarangani\', \'inpatient\', 31, \'AB-\', \'+639557748016\', \'Maxicare\', \'IN2334422\', \'test\', \'active\', \'2025-11-20 05:26:30\', \'cristine B plaida\', \'test\', \'+639557748016\', \'2025-11-20 05:26:30\', \'PAT-251120-0002\')')
 4 SYSTEMPATH\Database\BaseBuilder.php(2345): CodeIgniter\Database\BaseConnection->query('INSERT INTO `patients` (`first_name`, `middle_name`, `last_name`, `name_extension`, `email`, `phone`, `gender`, `date_of_birth`, `address`, `type`, `bed_id`, `blood_type`, `emergency_contact`, `insurance_provider`, `insurance_number`, `medical_history`, `status`, `created_at`, `emergency_contact_person`, `emergency_contact_relationship`, `emergency_contact_phone`, `updated_at`, `id`) VALUES (:first_name:, :middle_name:, :last_name:, :name_extension:, :email:, :phone:, :gender:, :date_of_birth:, :address:, :type:, :bed_id:, :blood_type:, :emergency_contact:, :insurance_provider:, :insurance_number:, :medical_history:, :status:, :created_at:, :emergency_contact_person:, :emergency_contact_relationship:, :emergency_contact_phone:, :updated_at:, :id:)', [...], false)
 5 SYSTEMPATH\Model.php(394): CodeIgniter\Database\BaseBuilder->insert()
 6 SYSTEMPATH\BaseModel.php(838): CodeIgniter\Model->doInsert([...])
 7 SYSTEMPATH\Model.php(797): CodeIgniter\BaseModel->insert([...], false)
 8 SYSTEMPATH\BaseModel.php(751): CodeIgniter\Model->insert([...], false)
 9 APPPATH\Controllers\Admin\Patients.php(124): CodeIgniter\BaseModel->save([...])
10 SYSTEMPATH\CodeIgniter.php(933): App\Controllers\Admin\Patients->processRegister()
11 SYSTEMPATH\CodeIgniter.php(507): CodeIgniter\CodeIgniter->runController(Object(App\Controllers\Admin\Patients))
12 SYSTEMPATH\CodeIgniter.php(354): CodeIgniter\CodeIgniter->handleRequest(null, Object(Config\Cache), false)
13 SYSTEMPATH\Boot.php(363): CodeIgniter\CodeIgniter->run()
14 SYSTEMPATH\Boot.php(68): CodeIgniter\Boot::runCodeIgniter(Object(CodeIgniter\CodeIgniter))
15 FCPATH\index.php(59): CodeIgniter\Boot::bootWeb(Object(Config\Paths))
ERROR - 2025-11-20 05:26:48 --> mysqli_sql_exception: Unknown column 'middle_name' in 'field list' in C:\xampp\htdocs\WebSystemITE-G9\system\Database\MySQLi\Connection.php:327
Stack trace:
#0 C:\xampp\htdocs\WebSystemITE-G9\system\Database\MySQLi\Connection.php(327): mysqli->query('INSERT INTO `pa...', 0)
#1 C:\xampp\htdocs\WebSystemITE-G9\system\Database\BaseConnection.php(729): CodeIgniter\Database\MySQLi\Connection->execute('INSERT INTO `pa...')
#2 C:\xampp\htdocs\WebSystemITE-G9\system\Database\BaseConnection.php(646): CodeIgniter\Database\BaseConnection->simpleQuery('INSERT INTO `pa...')
#3 C:\xampp\htdocs\WebSystemITE-G9\system\Database\BaseBuilder.php(2345): CodeIgniter\Database\BaseConnection->query('INSERT INTO `pa...', Array, false)
#4 C:\xampp\htdocs\WebSystemITE-G9\system\Model.php(394): CodeIgniter\Database\BaseBuilder->insert()
#5 C:\xampp\htdocs\WebSystemITE-G9\system\BaseModel.php(838): CodeIgniter\Model->doInsert(Array)
#6 C:\xampp\htdocs\WebSystemITE-G9\system\Model.php(797): CodeIgniter\BaseModel->insert(Array, false)
#7 C:\xampp\htdocs\WebSystemITE-G9\system\BaseModel.php(751): CodeIgniter\Model->insert(Array, false)
#8 C:\xampp\htdocs\WebSystemITE-G9\app\Controllers\Admin\Patients.php(124): CodeIgniter\BaseModel->save(Array)
#9 C:\xampp\htdocs\WebSystemITE-G9\system\CodeIgniter.php(933): App\Controllers\Admin\Patients->processRegister()
#10 C:\xampp\htdocs\WebSystemITE-G9\system\CodeIgniter.php(507): CodeIgniter\CodeIgniter->runController(Object(App\Controllers\Admin\Patients))
#11 C:\xampp\htdocs\WebSystemITE-G9\system\CodeIgniter.php(354): CodeIgniter\CodeIgniter->handleRequest(NULL, Object(Config\Cache), false)
#12 C:\xampp\htdocs\WebSystemITE-G9\system\Boot.php(363): CodeIgniter\CodeIgniter->run()
#13 C:\xampp\htdocs\WebSystemITE-G9\system\Boot.php(68): CodeIgniter\Boot::runCodeIgniter(Object(CodeIgniter\CodeIgniter))
#14 C:\xampp\htdocs\WebSystemITE-G9\public\index.php(59): CodeIgniter\Boot::bootWeb(Object(Config\Paths))
#15 {main}
CRITICAL - 2025-11-20 05:26:48 --> CodeIgniter\Database\Exceptions\DatabaseException: Unknown column 'middle_name' in 'field list'
[Method: POST, Route: admin/patients/register]
in SYSTEMPATH\Database\BaseConnection.php on line 684.
 1 SYSTEMPATH\Database\BaseBuilder.php(2345): CodeIgniter\Database\BaseConnection->query('INSERT INTO `patients` (`first_name`, `middle_name`, `last_name`, `name_extension`, `email`, `phone`, `gender`, `date_of_birth`, `address`, `type`, `bed_id`, `blood_type`, `emergency_contact`, `insurance_provider`, `insurance_number`, `medical_history`, `status`, `created_at`, `emergency_contact_person`, `emergency_contact_relationship`, `emergency_contact_phone`, `updated_at`, `id`) VALUES (:first_name:, :middle_name:, :last_name:, :name_extension:, :email:, :phone:, :gender:, :date_of_birth:, :address:, :type:, :bed_id:, :blood_type:, :emergency_contact:, :insurance_provider:, :insurance_number:, :medical_history:, :status:, :created_at:, :emergency_contact_person:, :emergency_contact_relationship:, :emergency_contact_phone:, :updated_at:, :id:)', [...], false)
 2 SYSTEMPATH\Model.php(394): CodeIgniter\Database\BaseBuilder->insert()
 3 SYSTEMPATH\BaseModel.php(838): CodeIgniter\Model->doInsert([...])
 4 SYSTEMPATH\Model.php(797): CodeIgniter\BaseModel->insert([...], false)
 5 SYSTEMPATH\BaseModel.php(751): CodeIgniter\Model->insert([...], false)
 6 APPPATH\Controllers\Admin\Patients.php(124): CodeIgniter\BaseModel->save([...])
 7 SYSTEMPATH\CodeIgniter.php(933): App\Controllers\Admin\Patients->processRegister()
 8 SYSTEMPATH\CodeIgniter.php(507): CodeIgniter\CodeIgniter->runController(Object(App\Controllers\Admin\Patients))
 9 SYSTEMPATH\CodeIgniter.php(354): CodeIgniter\CodeIgniter->handleRequest(null, Object(Config\Cache), false)
10 SYSTEMPATH\Boot.php(363): CodeIgniter\CodeIgniter->run()
11 SYSTEMPATH\Boot.php(68): CodeIgniter\Boot::runCodeIgniter(Object(CodeIgniter\CodeIgniter))
12 FCPATH\index.php(59): CodeIgniter\Boot::bootWeb(Object(Config\Paths))
CRITICAL - 2025-11-20 05:26:48 --> [Caused by] CodeIgniter\Database\Exceptions\DatabaseException: Unknown column 'middle_name' in 'field list'
in SYSTEMPATH\Database\MySQLi\Connection.php on line 332.
 1 SYSTEMPATH\Database\BaseConnection.php(729): CodeIgniter\Database\MySQLi\Connection->execute('INSERT INTO `patients` (`first_name`, `middle_name`, `last_name`, `name_extension`, `email`, `phone`, `gender`, `date_of_birth`, `address`, `type`, `bed_id`, `blood_type`, `emergency_contact`, `insurance_provider`, `insurance_number`, `medical_history`, `status`, `created_at`, `emergency_contact_person`, `emergency_contact_relationship`, `emergency_contact_phone`, `updated_at`, `id`) VALUES (\'Erica\', \'D.\', \'Buhisan\', \'Sr.\', \'erinq@gmail.com\', \'922 097 2838\', \'female\', \'2022-02-20\', \'test, Poblacion, Malapatan, Sarangani\', \'inpatient\', 31, \'AB-\', \'+639557748016\', \'Maxicare\', \'IN2334422\', \'test\', \'active\', \'2025-11-20 05:26:48\', \'cristine B plaida\', \'test\', \'+639557748016\', \'2025-11-20 05:26:48\', \'PAT-251120-0002\')')
 2 SYSTEMPATH\Database\BaseConnection.php(646): CodeIgniter\Database\BaseConnection->simpleQuery('INSERT INTO `patients` (`first_name`, `middle_name`, `last_name`, `name_extension`, `email`, `phone`, `gender`, `date_of_birth`, `address`, `type`, `bed_id`, `blood_type`, `emergency_contact`, `insurance_provider`, `insurance_number`, `medical_history`, `status`, `created_at`, `emergency_contact_person`, `emergency_contact_relationship`, `emergency_contact_phone`, `updated_at`, `id`) VALUES (\'Erica\', \'D.\', \'Buhisan\', \'Sr.\', \'erinq@gmail.com\', \'922 097 2838\', \'female\', \'2022-02-20\', \'test, Poblacion, Malapatan, Sarangani\', \'inpatient\', 31, \'AB-\', \'+639557748016\', \'Maxicare\', \'IN2334422\', \'test\', \'active\', \'2025-11-20 05:26:48\', \'cristine B plaida\', \'test\', \'+639557748016\', \'2025-11-20 05:26:48\', \'PAT-251120-0002\')')
 3 SYSTEMPATH\Database\BaseBuilder.php(2345): CodeIgniter\Database\BaseConnection->query('INSERT INTO `patients` (`first_name`, `middle_name`, `last_name`, `name_extension`, `email`, `phone`, `gender`, `date_of_birth`, `address`, `type`, `bed_id`, `blood_type`, `emergency_contact`, `insurance_provider`, `insurance_number`, `medical_history`, `status`, `created_at`, `emergency_contact_person`, `emergency_contact_relationship`, `emergency_contact_phone`, `updated_at`, `id`) VALUES (:first_name:, :middle_name:, :last_name:, :name_extension:, :email:, :phone:, :gender:, :date_of_birth:, :address:, :type:, :bed_id:, :blood_type:, :emergency_contact:, :insurance_provider:, :insurance_number:, :medical_history:, :status:, :created_at:, :emergency_contact_person:, :emergency_contact_relationship:, :emergency_contact_phone:, :updated_at:, :id:)', [...], false)
 4 SYSTEMPATH\Model.php(394): CodeIgniter\Database\BaseBuilder->insert()
 5 SYSTEMPATH\BaseModel.php(838): CodeIgniter\Model->doInsert([...])
 6 SYSTEMPATH\Model.php(797): CodeIgniter\BaseModel->insert([...], false)
 7 SYSTEMPATH\BaseModel.php(751): CodeIgniter\Model->insert([...], false)
 8 APPPATH\Controllers\Admin\Patients.php(124): CodeIgniter\BaseModel->save([...])
 9 SYSTEMPATH\CodeIgniter.php(933): App\Controllers\Admin\Patients->processRegister()
10 SYSTEMPATH\CodeIgniter.php(507): CodeIgniter\CodeIgniter->runController(Object(App\Controllers\Admin\Patients))
11 SYSTEMPATH\CodeIgniter.php(354): CodeIgniter\CodeIgniter->handleRequest(null, Object(Config\Cache), false)
12 SYSTEMPATH\Boot.php(363): CodeIgniter\CodeIgniter->run()
13 SYSTEMPATH\Boot.php(68): CodeIgniter\Boot::runCodeIgniter(Object(CodeIgniter\CodeIgniter))
14 FCPATH\index.php(59): CodeIgniter\Boot::bootWeb(Object(Config\Paths))
CRITICAL - 2025-11-20 05:26:48 --> [Caused by] mysqli_sql_exception: Unknown column 'middle_name' in 'field list'
in SYSTEMPATH\Database\MySQLi\Connection.php on line 327.
 1 SYSTEMPATH\Database\MySQLi\Connection.php(327): mysqli->query('INSERT INTO `patients` (`first_name`, `middle_name`, `last_name`, `name_extension`, `email`, `phone`, `gender`, `date_of_birth`, `address`, `type`, `bed_id`, `blood_type`, `emergency_contact`, `insurance_provider`, `insurance_number`, `medical_history`, `status`, `created_at`, `emergency_contact_person`, `emergency_contact_relationship`, `emergency_contact_phone`, `updated_at`, `id`) VALUES (\'Erica\', \'D.\', \'Buhisan\', \'Sr.\', \'erinq@gmail.com\', \'922 097 2838\', \'female\', \'2022-02-20\', \'test, Poblacion, Malapatan, Sarangani\', \'inpatient\', 31, \'AB-\', \'+639557748016\', \'Maxicare\', \'IN2334422\', \'test\', \'active\', \'2025-11-20 05:26:48\', \'cristine B plaida\', \'test\', \'+639557748016\', \'2025-11-20 05:26:48\', \'PAT-251120-0002\')', 0)
 2 SYSTEMPATH\Database\BaseConnection.php(729): CodeIgniter\Database\MySQLi\Connection->execute('INSERT INTO `patients` (`first_name`, `middle_name`, `last_name`, `name_extension`, `email`, `phone`, `gender`, `date_of_birth`, `address`, `type`, `bed_id`, `blood_type`, `emergency_contact`, `insurance_provider`, `insurance_number`, `medical_history`, `status`, `created_at`, `emergency_contact_person`, `emergency_contact_relationship`, `emergency_contact_phone`, `updated_at`, `id`) VALUES (\'Erica\', \'D.\', \'Buhisan\', \'Sr.\', \'erinq@gmail.com\', \'922 097 2838\', \'female\', \'2022-02-20\', \'test, Poblacion, Malapatan, Sarangani\', \'inpatient\', 31, \'AB-\', \'+639557748016\', \'Maxicare\', \'IN2334422\', \'test\', \'active\', \'2025-11-20 05:26:48\', \'cristine B plaida\', \'test\', \'+639557748016\', \'2025-11-20 05:26:48\', \'PAT-251120-0002\')')
 3 SYSTEMPATH\Database\BaseConnection.php(646): CodeIgniter\Database\BaseConnection->simpleQuery('INSERT INTO `patients` (`first_name`, `middle_name`, `last_name`, `name_extension`, `email`, `phone`, `gender`, `date_of_birth`, `address`, `type`, `bed_id`, `blood_type`, `emergency_contact`, `insurance_provider`, `insurance_number`, `medical_history`, `status`, `created_at`, `emergency_contact_person`, `emergency_contact_relationship`, `emergency_contact_phone`, `updated_at`, `id`) VALUES (\'Erica\', \'D.\', \'Buhisan\', \'Sr.\', \'erinq@gmail.com\', \'922 097 2838\', \'female\', \'2022-02-20\', \'test, Poblacion, Malapatan, Sarangani\', \'inpatient\', 31, \'AB-\', \'+639557748016\', \'Maxicare\', \'IN2334422\', \'test\', \'active\', \'2025-11-20 05:26:48\', \'cristine B plaida\', \'test\', \'+639557748016\', \'2025-11-20 05:26:48\', \'PAT-251120-0002\')')
 4 SYSTEMPATH\Database\BaseBuilder.php(2345): CodeIgniter\Database\BaseConnection->query('INSERT INTO `patients` (`first_name`, `middle_name`, `last_name`, `name_extension`, `email`, `phone`, `gender`, `date_of_birth`, `address`, `type`, `bed_id`, `blood_type`, `emergency_contact`, `insurance_provider`, `insurance_number`, `medical_history`, `status`, `created_at`, `emergency_contact_person`, `emergency_contact_relationship`, `emergency_contact_phone`, `updated_at`, `id`) VALUES (:first_name:, :middle_name:, :last_name:, :name_extension:, :email:, :phone:, :gender:, :date_of_birth:, :address:, :type:, :bed_id:, :blood_type:, :emergency_contact:, :insurance_provider:, :insurance_number:, :medical_history:, :status:, :created_at:, :emergency_contact_person:, :emergency_contact_relationship:, :emergency_contact_phone:, :updated_at:, :id:)', [...], false)
 5 SYSTEMPATH\Model.php(394): CodeIgniter\Database\BaseBuilder->insert()
 6 SYSTEMPATH\BaseModel.php(838): CodeIgniter\Model->doInsert([...])
 7 SYSTEMPATH\Model.php(797): CodeIgniter\BaseModel->insert([...], false)
 8 SYSTEMPATH\BaseModel.php(751): CodeIgniter\Model->insert([...], false)
 9 APPPATH\Controllers\Admin\Patients.php(124): CodeIgniter\BaseModel->save([...])
10 SYSTEMPATH\CodeIgniter.php(933): App\Controllers\Admin\Patients->processRegister()
11 SYSTEMPATH\CodeIgniter.php(507): CodeIgniter\CodeIgniter->runController(Object(App\Controllers\Admin\Patients))
12 SYSTEMPATH\CodeIgniter.php(354): CodeIgniter\CodeIgniter->handleRequest(null, Object(Config\Cache), false)
13 SYSTEMPATH\Boot.php(363): CodeIgniter\CodeIgniter->run()
14 SYSTEMPATH\Boot.php(68): CodeIgniter\Boot::runCodeIgniter(Object(CodeIgniter\CodeIgniter))
15 FCPATH\index.php(59): CodeIgniter\Boot::bootWeb(Object(Config\Paths))
ERROR - 2025-11-20 05:27:52 --> mysqli_sql_exception: Unknown column 'middle_name' in 'field list' in C:\xampp\htdocs\WebSystemITE-G9\system\Database\MySQLi\Connection.php:327
Stack trace:
#0 C:\xampp\htdocs\WebSystemITE-G9\system\Database\MySQLi\Connection.php(327): mysqli->query('INSERT INTO `pa...', 0)
#1 C:\xampp\htdocs\WebSystemITE-G9\system\Database\BaseConnection.php(729): CodeIgniter\Database\MySQLi\Connection->execute('INSERT INTO `pa...')
#2 C:\xampp\htdocs\WebSystemITE-G9\system\Database\BaseConnection.php(646): CodeIgniter\Database\BaseConnection->simpleQuery('INSERT INTO `pa...')
#3 C:\xampp\htdocs\WebSystemITE-G9\system\Database\BaseBuilder.php(2345): CodeIgniter\Database\BaseConnection->query('INSERT INTO `pa...', Array, false)
#4 C:\xampp\htdocs\WebSystemITE-G9\system\Model.php(394): CodeIgniter\Database\BaseBuilder->insert()
#5 C:\xampp\htdocs\WebSystemITE-G9\system\BaseModel.php(838): CodeIgniter\Model->doInsert(Array)
#6 C:\xampp\htdocs\WebSystemITE-G9\system\Model.php(797): CodeIgniter\BaseModel->insert(Array, false)
#7 C:\xampp\htdocs\WebSystemITE-G9\system\BaseModel.php(751): CodeIgniter\Model->insert(Array, false)
#8 C:\xampp\htdocs\WebSystemITE-G9\app\Controllers\Admin\Patients.php(124): CodeIgniter\BaseModel->save(Array)
#9 C:\xampp\htdocs\WebSystemITE-G9\system\CodeIgniter.php(933): App\Controllers\Admin\Patients->processRegister()
#10 C:\xampp\htdocs\WebSystemITE-G9\system\CodeIgniter.php(507): CodeIgniter\CodeIgniter->runController(Object(App\Controllers\Admin\Patients))
#11 C:\xampp\htdocs\WebSystemITE-G9\system\CodeIgniter.php(354): CodeIgniter\CodeIgniter->handleRequest(NULL, Object(Config\Cache), false)
#12 C:\xampp\htdocs\WebSystemITE-G9\system\Boot.php(363): CodeIgniter\CodeIgniter->run()
#13 C:\xampp\htdocs\WebSystemITE-G9\system\Boot.php(68): CodeIgniter\Boot::runCodeIgniter(Object(CodeIgniter\CodeIgniter))
#14 C:\xampp\htdocs\WebSystemITE-G9\public\index.php(59): CodeIgniter\Boot::bootWeb(Object(Config\Paths))
#15 {main}
CRITICAL - 2025-11-20 05:27:52 --> CodeIgniter\Database\Exceptions\DatabaseException: Unknown column 'middle_name' in 'field list'
[Method: POST, Route: admin/patients/register]
in SYSTEMPATH\Database\BaseConnection.php on line 684.
 1 SYSTEMPATH\Database\BaseBuilder.php(2345): CodeIgniter\Database\BaseConnection->query('INSERT INTO `patients` (`first_name`, `middle_name`, `last_name`, `name_extension`, `email`, `phone`, `gender`, `date_of_birth`, `address`, `type`, `bed_id`, `blood_type`, `emergency_contact`, `insurance_provider`, `insurance_number`, `medical_history`, `status`, `created_at`, `emergency_contact_person`, `emergency_contact_relationship`, `emergency_contact_phone`, `updated_at`, `id`) VALUES (:first_name:, :middle_name:, :last_name:, :name_extension:, :email:, :phone:, :gender:, :date_of_birth:, :address:, :type:, :bed_id:, :blood_type:, :emergency_contact:, :insurance_provider:, :insurance_number:, :medical_history:, :status:, :created_at:, :emergency_contact_person:, :emergency_contact_relationship:, :emergency_contact_phone:, :updated_at:, :id:)', [...], false)
 2 SYSTEMPATH\Model.php(394): CodeIgniter\Database\BaseBuilder->insert()
 3 SYSTEMPATH\BaseModel.php(838): CodeIgniter\Model->doInsert([...])
 4 SYSTEMPATH\Model.php(797): CodeIgniter\BaseModel->insert([...], false)
 5 SYSTEMPATH\BaseModel.php(751): CodeIgniter\Model->insert([...], false)
 6 APPPATH\Controllers\Admin\Patients.php(124): CodeIgniter\BaseModel->save([...])
 7 SYSTEMPATH\CodeIgniter.php(933): App\Controllers\Admin\Patients->processRegister()
 8 SYSTEMPATH\CodeIgniter.php(507): CodeIgniter\CodeIgniter->runController(Object(App\Controllers\Admin\Patients))
 9 SYSTEMPATH\CodeIgniter.php(354): CodeIgniter\CodeIgniter->handleRequest(null, Object(Config\Cache), false)
10 SYSTEMPATH\Boot.php(363): CodeIgniter\CodeIgniter->run()
11 SYSTEMPATH\Boot.php(68): CodeIgniter\Boot::runCodeIgniter(Object(CodeIgniter\CodeIgniter))
12 FCPATH\index.php(59): CodeIgniter\Boot::bootWeb(Object(Config\Paths))
CRITICAL - 2025-11-20 05:27:52 --> [Caused by] CodeIgniter\Database\Exceptions\DatabaseException: Unknown column 'middle_name' in 'field list'
in SYSTEMPATH\Database\MySQLi\Connection.php on line 332.
 1 SYSTEMPATH\Database\BaseConnection.php(729): CodeIgniter\Database\MySQLi\Connection->execute('INSERT INTO `patients` (`first_name`, `middle_name`, `last_name`, `name_extension`, `email`, `phone`, `gender`, `date_of_birth`, `address`, `type`, `bed_id`, `blood_type`, `emergency_contact`, `insurance_provider`, `insurance_number`, `medical_history`, `status`, `created_at`, `emergency_contact_person`, `emergency_contact_relationship`, `emergency_contact_phone`, `updated_at`, `id`) VALUES (\'Erica\', \'B.\', \'Buhisan\', \'Sr.\', \'erinqe@gmail.com\', \'220 972 838\', \'male\', \'2022-02-20\', \'test, Daan Suyan, Malapatan, Sarangani\', \'inpatient\', 85, \'B+\', \'+639557748016\', \'Maxicare\', \'IN2334422\', \'test\', \'active\', \'2025-11-20 05:27:52\', \'cristine B plaida\', \'test\', \'+639557748016\', \'2025-11-20 05:27:52\', \'PAT-251120-0002\')')
 2 SYSTEMPATH\Database\BaseConnection.php(646): CodeIgniter\Database\BaseConnection->simpleQuery('INSERT INTO `patients` (`first_name`, `middle_name`, `last_name`, `name_extension`, `email`, `phone`, `gender`, `date_of_birth`, `address`, `type`, `bed_id`, `blood_type`, `emergency_contact`, `insurance_provider`, `insurance_number`, `medical_history`, `status`, `created_at`, `emergency_contact_person`, `emergency_contact_relationship`, `emergency_contact_phone`, `updated_at`, `id`) VALUES (\'Erica\', \'B.\', \'Buhisan\', \'Sr.\', \'erinqe@gmail.com\', \'220 972 838\', \'male\', \'2022-02-20\', \'test, Daan Suyan, Malapatan, Sarangani\', \'inpatient\', 85, \'B+\', \'+639557748016\', \'Maxicare\', \'IN2334422\', \'test\', \'active\', \'2025-11-20 05:27:52\', \'cristine B plaida\', \'test\', \'+639557748016\', \'2025-11-20 05:27:52\', \'PAT-251120-0002\')')
 3 SYSTEMPATH\Database\BaseBuilder.php(2345): CodeIgniter\Database\BaseConnection->query('INSERT INTO `patients` (`first_name`, `middle_name`, `last_name`, `name_extension`, `email`, `phone`, `gender`, `date_of_birth`, `address`, `type`, `bed_id`, `blood_type`, `emergency_contact`, `insurance_provider`, `insurance_number`, `medical_history`, `status`, `created_at`, `emergency_contact_person`, `emergency_contact_relationship`, `emergency_contact_phone`, `updated_at`, `id`) VALUES (:first_name:, :middle_name:, :last_name:, :name_extension:, :email:, :phone:, :gender:, :date_of_birth:, :address:, :type:, :bed_id:, :blood_type:, :emergency_contact:, :insurance_provider:, :insurance_number:, :medical_history:, :status:, :created_at:, :emergency_contact_person:, :emergency_contact_relationship:, :emergency_contact_phone:, :updated_at:, :id:)', [...], false)
 4 SYSTEMPATH\Model.php(394): CodeIgniter\Database\BaseBuilder->insert()
 5 SYSTEMPATH\BaseModel.php(838): CodeIgniter\Model->doInsert([...])
 6 SYSTEMPATH\Model.php(797): CodeIgniter\BaseModel->insert([...], false)
 7 SYSTEMPATH\BaseModel.php(751): CodeIgniter\Model->insert([...], false)
 8 APPPATH\Controllers\Admin\Patients.php(124): CodeIgniter\BaseModel->save([...])
 9 SYSTEMPATH\CodeIgniter.php(933): App\Controllers\Admin\Patients->processRegister()
10 SYSTEMPATH\CodeIgniter.php(507): CodeIgniter\CodeIgniter->runController(Object(App\Controllers\Admin\Patients))
11 SYSTEMPATH\CodeIgniter.php(354): CodeIgniter\CodeIgniter->handleRequest(null, Object(Config\Cache), false)
12 SYSTEMPATH\Boot.php(363): CodeIgniter\CodeIgniter->run()
13 SYSTEMPATH\Boot.php(68): CodeIgniter\Boot::runCodeIgniter(Object(CodeIgniter\CodeIgniter))
14 FCPATH\index.php(59): CodeIgniter\Boot::bootWeb(Object(Config\Paths))
CRITICAL - 2025-11-20 05:27:52 --> [Caused by] mysqli_sql_exception: Unknown column 'middle_name' in 'field list'
in SYSTEMPATH\Database\MySQLi\Connection.php on line 327.
 1 SYSTEMPATH\Database\MySQLi\Connection.php(327): mysqli->query('INSERT INTO `patients` (`first_name`, `middle_name`, `last_name`, `name_extension`, `email`, `phone`, `gender`, `date_of_birth`, `address`, `type`, `bed_id`, `blood_type`, `emergency_contact`, `insurance_provider`, `insurance_number`, `medical_history`, `status`, `created_at`, `emergency_contact_person`, `emergency_contact_relationship`, `emergency_contact_phone`, `updated_at`, `id`) VALUES (\'Erica\', \'B.\', \'Buhisan\', \'Sr.\', \'erinqe@gmail.com\', \'220 972 838\', \'male\', \'2022-02-20\', \'test, Daan Suyan, Malapatan, Sarangani\', \'inpatient\', 85, \'B+\', \'+639557748016\', \'Maxicare\', \'IN2334422\', \'test\', \'active\', \'2025-11-20 05:27:52\', \'cristine B plaida\', \'test\', \'+639557748016\', \'2025-11-20 05:27:52\', \'PAT-251120-0002\')', 0)
 2 SYSTEMPATH\Database\BaseConnection.php(729): CodeIgniter\Database\MySQLi\Connection->execute('INSERT INTO `patients` (`first_name`, `middle_name`, `last_name`, `name_extension`, `email`, `phone`, `gender`, `date_of_birth`, `address`, `type`, `bed_id`, `blood_type`, `emergency_contact`, `insurance_provider`, `insurance_number`, `medical_history`, `status`, `created_at`, `emergency_contact_person`, `emergency_contact_relationship`, `emergency_contact_phone`, `updated_at`, `id`) VALUES (\'Erica\', \'B.\', \'Buhisan\', \'Sr.\', \'erinqe@gmail.com\', \'220 972 838\', \'male\', \'2022-02-20\', \'test, Daan Suyan, Malapatan, Sarangani\', \'inpatient\', 85, \'B+\', \'+639557748016\', \'Maxicare\', \'IN2334422\', \'test\', \'active\', \'2025-11-20 05:27:52\', \'cristine B plaida\', \'test\', \'+639557748016\', \'2025-11-20 05:27:52\', \'PAT-251120-0002\')')
 3 SYSTEMPATH\Database\BaseConnection.php(646): CodeIgniter\Database\BaseConnection->simpleQuery('INSERT INTO `patients` (`first_name`, `middle_name`, `last_name`, `name_extension`, `email`, `phone`, `gender`, `date_of_birth`, `address`, `type`, `bed_id`, `blood_type`, `emergency_contact`, `insurance_provider`, `insurance_number`, `medical_history`, `status`, `created_at`, `emergency_contact_person`, `emergency_contact_relationship`, `emergency_contact_phone`, `updated_at`, `id`) VALUES (\'Erica\', \'B.\', \'Buhisan\', \'Sr.\', \'erinqe@gmail.com\', \'220 972 838\', \'male\', \'2022-02-20\', \'test, Daan Suyan, Malapatan, Sarangani\', \'inpatient\', 85, \'B+\', \'+639557748016\', \'Maxicare\', \'IN2334422\', \'test\', \'active\', \'2025-11-20 05:27:52\', \'cristine B plaida\', \'test\', \'+639557748016\', \'2025-11-20 05:27:52\', \'PAT-251120-0002\')')
 4 SYSTEMPATH\Database\BaseBuilder.php(2345): CodeIgniter\Database\BaseConnection->query('INSERT INTO `patients` (`first_name`, `middle_name`, `last_name`, `name_extension`, `email`, `phone`, `gender`, `date_of_birth`, `address`, `type`, `bed_id`, `blood_type`, `emergency_contact`, `insurance_provider`, `insurance_number`, `medical_history`, `status`, `created_at`, `emergency_contact_person`, `emergency_contact_relationship`, `emergency_contact_phone`, `updated_at`, `id`) VALUES (:first_name:, :middle_name:, :last_name:, :name_extension:, :email:, :phone:, :gender:, :date_of_birth:, :address:, :type:, :bed_id:, :blood_type:, :emergency_contact:, :insurance_provider:, :insurance_number:, :medical_history:, :status:, :created_at:, :emergency_contact_person:, :emergency_contact_relationship:, :emergency_contact_phone:, :updated_at:, :id:)', [...], false)
 5 SYSTEMPATH\Model.php(394): CodeIgniter\Database\BaseBuilder->insert()
 6 SYSTEMPATH\BaseModel.php(838): CodeIgniter\Model->doInsert([...])
 7 SYSTEMPATH\Model.php(797): CodeIgniter\BaseModel->insert([...], false)
 8 SYSTEMPATH\BaseModel.php(751): CodeIgniter\Model->insert([...], false)
 9 APPPATH\Controllers\Admin\Patients.php(124): CodeIgniter\BaseModel->save([...])
10 SYSTEMPATH\CodeIgniter.php(933): App\Controllers\Admin\Patients->processRegister()
11 SYSTEMPATH\CodeIgniter.php(507): CodeIgniter\CodeIgniter->runController(Object(App\Controllers\Admin\Patients))
12 SYSTEMPATH\CodeIgniter.php(354): CodeIgniter\CodeIgniter->handleRequest(null, Object(Config\Cache), false)
13 SYSTEMPATH\Boot.php(363): CodeIgniter\CodeIgniter->run()
14 SYSTEMPATH\Boot.php(68): CodeIgniter\Boot::runCodeIgniter(Object(CodeIgniter\CodeIgniter))
15 FCPATH\index.php(59): CodeIgniter\Boot::bootWeb(Object(Config\Paths))
ERROR - 2025-11-20 05:33:34 --> mysqli_sql_exception: Unknown column 'middle_name' in 'field list' in C:\xampp\htdocs\WebSystemITE-G9\system\Database\MySQLi\Connection.php:327
Stack trace:
#0 C:\xampp\htdocs\WebSystemITE-G9\system\Database\MySQLi\Connection.php(327): mysqli->query('INSERT INTO `pa...', 0)
#1 C:\xampp\htdocs\WebSystemITE-G9\system\Database\BaseConnection.php(729): CodeIgniter\Database\MySQLi\Connection->execute('INSERT INTO `pa...')
#2 C:\xampp\htdocs\WebSystemITE-G9\system\Database\BaseConnection.php(646): CodeIgniter\Database\BaseConnection->simpleQuery('INSERT INTO `pa...')
#3 C:\xampp\htdocs\WebSystemITE-G9\system\Database\BaseBuilder.php(2345): CodeIgniter\Database\BaseConnection->query('INSERT INTO `pa...', Array, false)
#4 C:\xampp\htdocs\WebSystemITE-G9\system\Model.php(394): CodeIgniter\Database\BaseBuilder->insert()
#5 C:\xampp\htdocs\WebSystemITE-G9\system\BaseModel.php(838): CodeIgniter\Model->doInsert(Array)
#6 C:\xampp\htdocs\WebSystemITE-G9\system\Model.php(797): CodeIgniter\BaseModel->insert(Array, false)
#7 C:\xampp\htdocs\WebSystemITE-G9\system\BaseModel.php(751): CodeIgniter\Model->insert(Array, false)
#8 C:\xampp\htdocs\WebSystemITE-G9\app\Controllers\Admin\Patients.php(124): CodeIgniter\BaseModel->save(Array)
#9 C:\xampp\htdocs\WebSystemITE-G9\system\CodeIgniter.php(933): App\Controllers\Admin\Patients->processRegister()
#10 C:\xampp\htdocs\WebSystemITE-G9\system\CodeIgniter.php(507): CodeIgniter\CodeIgniter->runController(Object(App\Controllers\Admin\Patients))
#11 C:\xampp\htdocs\WebSystemITE-G9\system\CodeIgniter.php(354): CodeIgniter\CodeIgniter->handleRequest(NULL, Object(Config\Cache), false)
#12 C:\xampp\htdocs\WebSystemITE-G9\system\Boot.php(363): CodeIgniter\CodeIgniter->run()
#13 C:\xampp\htdocs\WebSystemITE-G9\system\Boot.php(68): CodeIgniter\Boot::runCodeIgniter(Object(CodeIgniter\CodeIgniter))
#14 C:\xampp\htdocs\WebSystemITE-G9\public\index.php(59): CodeIgniter\Boot::bootWeb(Object(Config\Paths))
#15 {main}
CRITICAL - 2025-11-20 05:33:34 --> CodeIgniter\Database\Exceptions\DatabaseException: Unknown column 'middle_name' in 'field list'
[Method: POST, Route: admin/patients/register]
in SYSTEMPATH\Database\BaseConnection.php on line 684.
 1 SYSTEMPATH\Database\BaseBuilder.php(2345): CodeIgniter\Database\BaseConnection->query('INSERT INTO `patients` (`first_name`, `middle_name`, `last_name`, `name_extension`, `email`, `phone`, `gender`, `date_of_birth`, `address`, `type`, `bed_id`, `blood_type`, `emergency_contact`, `insurance_provider`, `insurance_number`, `medical_history`, `status`, `created_at`, `emergency_contact_person`, `emergency_contact_relationship`, `emergency_contact_phone`, `updated_at`, `id`) VALUES (:first_name:, :middle_name:, :last_name:, :name_extension:, :email:, :phone:, :gender:, :date_of_birth:, :address:, :type:, :bed_id:, :blood_type:, :emergency_contact:, :insurance_provider:, :insurance_number:, :medical_history:, :status:, :created_at:, :emergency_contact_person:, :emergency_contact_relationship:, :emergency_contact_phone:, :updated_at:, :id:)', [...], false)
 2 SYSTEMPATH\Model.php(394): CodeIgniter\Database\BaseBuilder->insert()
 3 SYSTEMPATH\BaseModel.php(838): CodeIgniter\Model->doInsert([...])
 4 SYSTEMPATH\Model.php(797): CodeIgniter\BaseModel->insert([...], false)
 5 SYSTEMPATH\BaseModel.php(751): CodeIgniter\Model->insert([...], false)
 6 APPPATH\Controllers\Admin\Patients.php(124): CodeIgniter\BaseModel->save([...])
 7 SYSTEMPATH\CodeIgniter.php(933): App\Controllers\Admin\Patients->processRegister()
 8 SYSTEMPATH\CodeIgniter.php(507): CodeIgniter\CodeIgniter->runController(Object(App\Controllers\Admin\Patients))
 9 SYSTEMPATH\CodeIgniter.php(354): CodeIgniter\CodeIgniter->handleRequest(null, Object(Config\Cache), false)
10 SYSTEMPATH\Boot.php(363): CodeIgniter\CodeIgniter->run()
11 SYSTEMPATH\Boot.php(68): CodeIgniter\Boot::runCodeIgniter(Object(CodeIgniter\CodeIgniter))
12 FCPATH\index.php(59): CodeIgniter\Boot::bootWeb(Object(Config\Paths))
CRITICAL - 2025-11-20 05:33:34 --> [Caused by] CodeIgniter\Database\Exceptions\DatabaseException: Unknown column 'middle_name' in 'field list'
in SYSTEMPATH\Database\MySQLi\Connection.php on line 332.
 1 SYSTEMPATH\Database\BaseConnection.php(729): CodeIgniter\Database\MySQLi\Connection->execute('INSERT INTO `patients` (`first_name`, `middle_name`, `last_name`, `name_extension`, `email`, `phone`, `gender`, `date_of_birth`, `address`, `type`, `bed_id`, `blood_type`, `emergency_contact`, `insurance_provider`, `insurance_number`, `medical_history`, `status`, `created_at`, `emergency_contact_person`, `emergency_contact_relationship`, `emergency_contact_phone`, `updated_at`, `id`) VALUES (\'Criszel Joy \', \'B.\', \' Quinones\', \'Sr.\', \'dfsfs1@pageant.com\', \'695 577 4832\', \'male\', \'2013-02-20\', \'malapatan sarangani province, Poblacion, Malapatan, Sarangani\', \'outpatient\', NULL, \'A2-\', NULL, \'Kaiser\', \'IN2334422\', \'wew\', \'active\', \'2025-11-20 05:33:34\', \'cristine B plaida\', \'test\', \'9557748016\', \'2025-11-20 05:33:34\', \'PAT-251120-0002\')')
 2 SYSTEMPATH\Database\BaseConnection.php(646): CodeIgniter\Database\BaseConnection->simpleQuery('INSERT INTO `patients` (`first_name`, `middle_name`, `last_name`, `name_extension`, `email`, `phone`, `gender`, `date_of_birth`, `address`, `type`, `bed_id`, `blood_type`, `emergency_contact`, `insurance_provider`, `insurance_number`, `medical_history`, `status`, `created_at`, `emergency_contact_person`, `emergency_contact_relationship`, `emergency_contact_phone`, `updated_at`, `id`) VALUES (\'Criszel Joy \', \'B.\', \' Quinones\', \'Sr.\', \'dfsfs1@pageant.com\', \'695 577 4832\', \'male\', \'2013-02-20\', \'malapatan sarangani province, Poblacion, Malapatan, Sarangani\', \'outpatient\', NULL, \'A2-\', NULL, \'Kaiser\', \'IN2334422\', \'wew\', \'active\', \'2025-11-20 05:33:34\', \'cristine B plaida\', \'test\', \'9557748016\', \'2025-11-20 05:33:34\', \'PAT-251120-0002\')')
 3 SYSTEMPATH\Database\BaseBuilder.php(2345): CodeIgniter\Database\BaseConnection->query('INSERT INTO `patients` (`first_name`, `middle_name`, `last_name`, `name_extension`, `email`, `phone`, `gender`, `date_of_birth`, `address`, `type`, `bed_id`, `blood_type`, `emergency_contact`, `insurance_provider`, `insurance_number`, `medical_history`, `status`, `created_at`, `emergency_contact_person`, `emergency_contact_relationship`, `emergency_contact_phone`, `updated_at`, `id`) VALUES (:first_name:, :middle_name:, :last_name:, :name_extension:, :email:, :phone:, :gender:, :date_of_birth:, :address:, :type:, :bed_id:, :blood_type:, :emergency_contact:, :insurance_provider:, :insurance_number:, :medical_history:, :status:, :created_at:, :emergency_contact_person:, :emergency_contact_relationship:, :emergency_contact_phone:, :updated_at:, :id:)', [...], false)
 4 SYSTEMPATH\Model.php(394): CodeIgniter\Database\BaseBuilder->insert()
 5 SYSTEMPATH\BaseModel.php(838): CodeIgniter\Model->doInsert([...])
 6 SYSTEMPATH\Model.php(797): CodeIgniter\BaseModel->insert([...], false)
 7 SYSTEMPATH\BaseModel.php(751): CodeIgniter\Model->insert([...], false)
 8 APPPATH\Controllers\Admin\Patients.php(124): CodeIgniter\BaseModel->save([...])
 9 SYSTEMPATH\CodeIgniter.php(933): App\Controllers\Admin\Patients->processRegister()
10 SYSTEMPATH\CodeIgniter.php(507): CodeIgniter\CodeIgniter->runController(Object(App\Controllers\Admin\Patients))
11 SYSTEMPATH\CodeIgniter.php(354): CodeIgniter\CodeIgniter->handleRequest(null, Object(Config\Cache), false)
12 SYSTEMPATH\Boot.php(363): CodeIgniter\CodeIgniter->run()
13 SYSTEMPATH\Boot.php(68): CodeIgniter\Boot::runCodeIgniter(Object(CodeIgniter\CodeIgniter))
14 FCPATH\index.php(59): CodeIgniter\Boot::bootWeb(Object(Config\Paths))
CRITICAL - 2025-11-20 05:33:34 --> [Caused by] mysqli_sql_exception: Unknown column 'middle_name' in 'field list'
in SYSTEMPATH\Database\MySQLi\Connection.php on line 327.
 1 SYSTEMPATH\Database\MySQLi\Connection.php(327): mysqli->query('INSERT INTO `patients` (`first_name`, `middle_name`, `last_name`, `name_extension`, `email`, `phone`, `gender`, `date_of_birth`, `address`, `type`, `bed_id`, `blood_type`, `emergency_contact`, `insurance_provider`, `insurance_number`, `medical_history`, `status`, `created_at`, `emergency_contact_person`, `emergency_contact_relationship`, `emergency_contact_phone`, `updated_at`, `id`) VALUES (\'Criszel Joy \', \'B.\', \' Quinones\', \'Sr.\', \'dfsfs1@pageant.com\', \'695 577 4832\', \'male\', \'2013-02-20\', \'malapatan sarangani province, Poblacion, Malapatan, Sarangani\', \'outpatient\', NULL, \'A2-\', NULL, \'Kaiser\', \'IN2334422\', \'wew\', \'active\', \'2025-11-20 05:33:34\', \'cristine B plaida\', \'test\', \'9557748016\', \'2025-11-20 05:33:34\', \'PAT-251120-0002\')', 0)
 2 SYSTEMPATH\Database\BaseConnection.php(729): CodeIgniter\Database\MySQLi\Connection->execute('INSERT INTO `patients` (`first_name`, `middle_name`, `last_name`, `name_extension`, `email`, `phone`, `gender`, `date_of_birth`, `address`, `type`, `bed_id`, `blood_type`, `emergency_contact`, `insurance_provider`, `insurance_number`, `medical_history`, `status`, `created_at`, `emergency_contact_person`, `emergency_contact_relationship`, `emergency_contact_phone`, `updated_at`, `id`) VALUES (\'Criszel Joy \', \'B.\', \' Quinones\', \'Sr.\', \'dfsfs1@pageant.com\', \'695 577 4832\', \'male\', \'2013-02-20\', \'malapatan sarangani province, Poblacion, Malapatan, Sarangani\', \'outpatient\', NULL, \'A2-\', NULL, \'Kaiser\', \'IN2334422\', \'wew\', \'active\', \'2025-11-20 05:33:34\', \'cristine B plaida\', \'test\', \'9557748016\', \'2025-11-20 05:33:34\', \'PAT-251120-0002\')')
 3 SYSTEMPATH\Database\BaseConnection.php(646): CodeIgniter\Database\BaseConnection->simpleQuery('INSERT INTO `patients` (`first_name`, `middle_name`, `last_name`, `name_extension`, `email`, `phone`, `gender`, `date_of_birth`, `address`, `type`, `bed_id`, `blood_type`, `emergency_contact`, `insurance_provider`, `insurance_number`, `medical_history`, `status`, `created_at`, `emergency_contact_person`, `emergency_contact_relationship`, `emergency_contact_phone`, `updated_at`, `id`) VALUES (\'Criszel Joy \', \'B.\', \' Quinones\', \'Sr.\', \'dfsfs1@pageant.com\', \'695 577 4832\', \'male\', \'2013-02-20\', \'malapatan sarangani province, Poblacion, Malapatan, Sarangani\', \'outpatient\', NULL, \'A2-\', NULL, \'Kaiser\', \'IN2334422\', \'wew\', \'active\', \'2025-11-20 05:33:34\', \'cristine B plaida\', \'test\', \'9557748016\', \'2025-11-20 05:33:34\', \'PAT-251120-0002\')')
 4 SYSTEMPATH\Database\BaseBuilder.php(2345): CodeIgniter\Database\BaseConnection->query('INSERT INTO `patients` (`first_name`, `middle_name`, `last_name`, `name_extension`, `email`, `phone`, `gender`, `date_of_birth`, `address`, `type`, `bed_id`, `blood_type`, `emergency_contact`, `insurance_provider`, `insurance_number`, `medical_history`, `status`, `created_at`, `emergency_contact_person`, `emergency_contact_relationship`, `emergency_contact_phone`, `updated_at`, `id`) VALUES (:first_name:, :middle_name:, :last_name:, :name_extension:, :email:, :phone:, :gender:, :date_of_birth:, :address:, :type:, :bed_id:, :blood_type:, :emergency_contact:, :insurance_provider:, :insurance_number:, :medical_history:, :status:, :created_at:, :emergency_contact_person:, :emergency_contact_relationship:, :emergency_contact_phone:, :updated_at:, :id:)', [...], false)
 5 SYSTEMPATH\Model.php(394): CodeIgniter\Database\BaseBuilder->insert()
 6 SYSTEMPATH\BaseModel.php(838): CodeIgniter\Model->doInsert([...])
 7 SYSTEMPATH\Model.php(797): CodeIgniter\BaseModel->insert([...], false)
 8 SYSTEMPATH\BaseModel.php(751): CodeIgniter\Model->insert([...], false)
 9 APPPATH\Controllers\Admin\Patients.php(124): CodeIgniter\BaseModel->save([...])
10 SYSTEMPATH\CodeIgniter.php(933): App\Controllers\Admin\Patients->processRegister()
11 SYSTEMPATH\CodeIgniter.php(507): CodeIgniter\CodeIgniter->runController(Object(App\Controllers\Admin\Patients))
12 SYSTEMPATH\CodeIgniter.php(354): CodeIgniter\CodeIgniter->handleRequest(null, Object(Config\Cache), false)
13 SYSTEMPATH\Boot.php(363): CodeIgniter\CodeIgniter->run()
14 SYSTEMPATH\Boot.php(68): CodeIgniter\Boot::runCodeIgniter(Object(CodeIgniter\CodeIgniter))
15 FCPATH\index.php(59): CodeIgniter\Boot::bootWeb(Object(Config\Paths))
ERROR - 2025-11-20 06:12:14 --> mysqli_sql_exception: Cannot add or update a child row: a foreign key constraint fails (`hms_g9`.`laboratory`, CONSTRAINT `laboratory_patient_id_foreign` FOREIGN KEY (`patient_id`) REFERENCES `patients` (`id`) ON DELETE CASCADE ON UPDATE CASCADE) in C:\xampp\htdocs\WebSystemITE-G9\system\Database\MySQLi\Connection.php:327
Stack trace:
#0 C:\xampp\htdocs\WebSystemITE-G9\system\Database\MySQLi\Connection.php(327): mysqli->query('INSERT INTO `la...', 0)
#1 C:\xampp\htdocs\WebSystemITE-G9\system\Database\BaseConnection.php(729): CodeIgniter\Database\MySQLi\Connection->execute('INSERT INTO `la...')
#2 C:\xampp\htdocs\WebSystemITE-G9\system\Database\BaseConnection.php(646): CodeIgniter\Database\BaseConnection->simpleQuery('INSERT INTO `la...')
#3 C:\xampp\htdocs\WebSystemITE-G9\system\Database\BaseBuilder.php(2345): CodeIgniter\Database\BaseConnection->query('INSERT INTO `la...', Array, false)
#4 C:\xampp\htdocs\WebSystemITE-G9\system\Model.php(394): CodeIgniter\Database\BaseBuilder->insert()
#5 C:\xampp\htdocs\WebSystemITE-G9\system\BaseModel.php(838): CodeIgniter\Model->doInsert(Array)
#6 C:\xampp\htdocs\WebSystemITE-G9\system\Model.php(797): CodeIgniter\BaseModel->insert(Array, true)
#7 C:\xampp\htdocs\WebSystemITE-G9\app\Controllers\Laboratory.php(165): CodeIgniter\Model->insert(Array, true)
#8 C:\xampp\htdocs\WebSystemITE-G9\system\CodeIgniter.php(933): App\Controllers\Laboratory->submitRequest()
#9 C:\xampp\htdocs\WebSystemITE-G9\system\CodeIgniter.php(507): CodeIgniter\CodeIgniter->runController(Object(App\Controllers\Laboratory))
#10 C:\xampp\htdocs\WebSystemITE-G9\system\CodeIgniter.php(354): CodeIgniter\CodeIgniter->handleRequest(NULL, Object(Config\Cache), false)
#11 C:\xampp\htdocs\WebSystemITE-G9\system\Boot.php(363): CodeIgniter\CodeIgniter->run()
#12 C:\xampp\htdocs\WebSystemITE-G9\system\Boot.php(68): CodeIgniter\Boot::runCodeIgniter(Object(CodeIgniter\CodeIgniter))
#13 C:\xampp\htdocs\WebSystemITE-G9\public\index.php(59): CodeIgniter\Boot::bootWeb(Object(Config\Paths))
#14 {main}
ERROR - 2025-11-20 06:12:14 --> Lab request creation failed: Cannot add or update a child row: a foreign key constraint fails (`hms_g9`.`laboratory`, CONSTRAINT `laboratory_patient_id_foreign` FOREIGN KEY (`patient_id`) REFERENCES `patients` (`id`) ON DELETE CASCADE ON UPDATE CASCADE)
ERROR - 2025-11-20 13:43:39 --> mysqli_sql_exception: Table 'hms_g9.users' doesn't exist in C:\xampp\htdocs\WebSystemITE-G9\system\Database\MySQLi\Connection.php:327
Stack trace:
#0 C:\xampp\htdocs\WebSystemITE-G9\system\Database\MySQLi\Connection.php(327): mysqli->query('SELECT *\nFROM `...', 0)
#1 C:\xampp\htdocs\WebSystemITE-G9\system\Database\BaseConnection.php(729): CodeIgniter\Database\MySQLi\Connection->execute('SELECT *\nFROM `...')
#2 C:\xampp\htdocs\WebSystemITE-G9\system\Database\BaseConnection.php(646): CodeIgniter\Database\BaseConnection->simpleQuery('SELECT *\nFROM `...')
#3 C:\xampp\htdocs\WebSystemITE-G9\system\Database\BaseBuilder.php(1649): CodeIgniter\Database\BaseConnection->query('SELECT *\nFROM `...', Array, false)
#4 C:\xampp\htdocs\WebSystemITE-G9\system\Model.php(330): CodeIgniter\Database\BaseBuilder->get()
#5 C:\xampp\htdocs\WebSystemITE-G9\system\BaseModel.php(715): CodeIgniter\Model->doFirst()
#6 C:\xampp\htdocs\WebSystemITE-G9\app\Controllers\Auth.php(34): CodeIgniter\BaseModel->first()
#7 C:\xampp\htdocs\WebSystemITE-G9\system\CodeIgniter.php(933): App\Controllers\Auth->process_login()
#8 C:\xampp\htdocs\WebSystemITE-G9\system\CodeIgniter.php(507): CodeIgniter\CodeIgniter->runController(Object(App\Controllers\Auth))
#9 C:\xampp\htdocs\WebSystemITE-G9\system\CodeIgniter.php(354): CodeIgniter\CodeIgniter->handleRequest(NULL, Object(Config\Cache), false)
#10 C:\xampp\htdocs\WebSystemITE-G9\system\Boot.php(363): CodeIgniter\CodeIgniter->run()
#11 C:\xampp\htdocs\WebSystemITE-G9\system\Boot.php(68): CodeIgniter\Boot::runCodeIgniter(Object(CodeIgniter\CodeIgniter))
#12 C:\xampp\htdocs\WebSystemITE-G9\public\index.php(59): CodeIgniter\Boot::bootWeb(Object(Config\Paths))
#13 {main}
CRITICAL - 2025-11-20 13:43:39 --> CodeIgniter\Database\Exceptions\DatabaseException: Table 'hms_g9.users' doesn't exist
[Method: POST, Route: auth/process_login]
in SYSTEMPATH\Database\BaseConnection.php on line 684.
 1 SYSTEMPATH\Database\BaseBuilder.php(1649): CodeIgniter\Database\BaseConnection->query('SELECT *
FROM `users`
WHERE `email` = :email:
OR `username` = :username:
 LIMIT 1', [...], false)
 2 SYSTEMPATH\Model.php(330): CodeIgniter\Database\BaseBuilder->get()
 3 SYSTEMPATH\BaseModel.php(715): CodeIgniter\Model->doFirst()
 4 APPPATH\Controllers\Auth.php(34): CodeIgniter\BaseModel->first()
 5 SYSTEMPATH\CodeIgniter.php(933): App\Controllers\Auth->process_login()
 6 SYSTEMPATH\CodeIgniter.php(507): CodeIgniter\CodeIgniter->runController(Object(App\Controllers\Auth))
 7 SYSTEMPATH\CodeIgniter.php(354): CodeIgniter\CodeIgniter->handleRequest(null, Object(Config\Cache), false)
 8 SYSTEMPATH\Boot.php(363): CodeIgniter\CodeIgniter->run()
 9 SYSTEMPATH\Boot.php(68): CodeIgniter\Boot::runCodeIgniter(Object(CodeIgniter\CodeIgniter))
10 FCPATH\index.php(59): CodeIgniter\Boot::bootWeb(Object(Config\Paths))
CRITICAL - 2025-11-20 13:43:39 --> [Caused by] CodeIgniter\Database\Exceptions\DatabaseException: Table 'hms_g9.users' doesn't exist
in SYSTEMPATH\Database\MySQLi\Connection.php on line 332.
 1 SYSTEMPATH\Database\BaseConnection.php(729): CodeIgniter\Database\MySQLi\Connection->execute('SELECT *
FROM `users`
WHERE `email` = \'admin@hms.com\'
OR `username` = \'admin@hms.com\'
 LIMIT 1')
 2 SYSTEMPATH\Database\BaseConnection.php(646): CodeIgniter\Database\BaseConnection->simpleQuery('SELECT *
FROM `users`
WHERE `email` = \'admin@hms.com\'
OR `username` = \'admin@hms.com\'
 LIMIT 1')
 3 SYSTEMPATH\Database\BaseBuilder.php(1649): CodeIgniter\Database\BaseConnection->query('SELECT *
FROM `users`
WHERE `email` = :email:
OR `username` = :username:
 LIMIT 1', [...], false)
 4 SYSTEMPATH\Model.php(330): CodeIgniter\Database\BaseBuilder->get()
 5 SYSTEMPATH\BaseModel.php(715): CodeIgniter\Model->doFirst()
 6 APPPATH\Controllers\Auth.php(34): CodeIgniter\BaseModel->first()
 7 SYSTEMPATH\CodeIgniter.php(933): App\Controllers\Auth->process_login()
 8 SYSTEMPATH\CodeIgniter.php(507): CodeIgniter\CodeIgniter->runController(Object(App\Controllers\Auth))
 9 SYSTEMPATH\CodeIgniter.php(354): CodeIgniter\CodeIgniter->handleRequest(null, Object(Config\Cache), false)
10 SYSTEMPATH\Boot.php(363): CodeIgniter\CodeIgniter->run()
11 SYSTEMPATH\Boot.php(68): CodeIgniter\Boot::runCodeIgniter(Object(CodeIgniter\CodeIgniter))
12 FCPATH\index.php(59): CodeIgniter\Boot::bootWeb(Object(Config\Paths))
CRITICAL - 2025-11-20 13:43:39 --> [Caused by] mysqli_sql_exception: Table 'hms_g9.users' doesn't exist
in SYSTEMPATH\Database\MySQLi\Connection.php on line 327.
 1 SYSTEMPATH\Database\MySQLi\Connection.php(327): mysqli->query('SELECT *
FROM `users`
WHERE `email` = \'admin@hms.com\'
OR `username` = \'admin@hms.com\'
 LIMIT 1', 0)
 2 SYSTEMPATH\Database\BaseConnection.php(729): CodeIgniter\Database\MySQLi\Connection->execute('SELECT *
FROM `users`
WHERE `email` = \'admin@hms.com\'
OR `username` = \'admin@hms.com\'
 LIMIT 1')
 3 SYSTEMPATH\Database\BaseConnection.php(646): CodeIgniter\Database\BaseConnection->simpleQuery('SELECT *
FROM `users`
WHERE `email` = \'admin@hms.com\'
OR `username` = \'admin@hms.com\'
 LIMIT 1')
 4 SYSTEMPATH\Database\BaseBuilder.php(1649): CodeIgniter\Database\BaseConnection->query('SELECT *
FROM `users`
WHERE `email` = :email:
OR `username` = :username:
 LIMIT 1', [...], false)
 5 SYSTEMPATH\Model.php(330): CodeIgniter\Database\BaseBuilder->get()
 6 SYSTEMPATH\BaseModel.php(715): CodeIgniter\Model->doFirst()
 7 APPPATH\Controllers\Auth.php(34): CodeIgniter\BaseModel->first()
 8 SYSTEMPATH\CodeIgniter.php(933): App\Controllers\Auth->process_login()
 9 SYSTEMPATH\CodeIgniter.php(507): CodeIgniter\CodeIgniter->runController(Object(App\Controllers\Auth))
10 SYSTEMPATH\CodeIgniter.php(354): CodeIgniter\CodeIgniter->handleRequest(null, Object(Config\Cache), false)
11 SYSTEMPATH\Boot.php(363): CodeIgniter\CodeIgniter->run()
12 SYSTEMPATH\Boot.php(68): CodeIgniter\Boot::runCodeIgniter(Object(CodeIgniter\CodeIgniter))
13 FCPATH\index.php(59): CodeIgniter\Boot::bootWeb(Object(Config\Paths))
